#
# There is insufficient memory for the Java Runtime Environment to continue.
# Native memory allocation (malloc) failed to allocate 74576 bytes for Chunk::new
# Possible reasons:
#   The system is out of physical RAM or swap space
#   The process is running with CompressedOops enabled, and the Java Heap may be blocking the growth of the native heap
# Possible solutions:
#   Reduce memory load on the system
#   Increase physical memory or swap space
#   Check if swap backing store is full
#   Decrease Java heap size (-Xmx/-Xms)
#   Decrease number of Java threads
#   Decrease Java thread stack sizes (-Xss)
#   Set larger code cache with -XX:ReservedCodeCacheSize=
#   JVM is running with Zero Based Compressed Oops mode in which the Java heap is
#     placed in the first 32GB address space. The Java Heap base address is the
#     maximum limit for the native heap growth. Please use -XX:HeapBaseMinAddress
#     to set the Java Heap base and to place the Java Heap above 32GB virtual address.
# This output file may be truncated or incomplete.
#
#  Out of Memory Error (allocation.cpp:389), pid=17936, tid=0x000000000000402c
#
# JRE version: Java(TM) SE Runtime Environment (8.0_301-b09) (build 1.8.0_301-b09)
# Java VM: Java HotSpot(TM) 64-Bit Server VM (25.301-b09 mixed mode windows-amd64 compressed oops)
# Failed to write core dump. Minidumps are not enabled by default on client versions of Windows
#

---------------  T H R E A D  ---------------

Current thread (0x0000028a89d73000):  JavaThread "C2 CompilerThread7" daemon [_thread_in_native, id=16428, stack(0x000000de13d00000,0x000000de13e00000)]

Stack: [0x000000de13d00000,0x000000de13e00000]
Native frames: (J=compiled Java code, j=interpreted, Vv=VM code, C=native code)
V  [jvm.dll+0x32ed79]


Current CompileTask:
C2: 102021 11199   !   4       org.gradle.internal.logging.text.StreamBackedStandardOutputListener::onOutput (34 bytes)


---------------  P R O C E S S  ---------------

Java Threads: ( => current thread )
  0x0000028a8ecb4800 JavaThread "Cache worker for execution history cache (C:\Users\pablo\Documents\Proyectos\Mods Minecraft\LoL Mod\.gradle\7.1.1\executionHistory)" [_thread_blocked, id=14224, stack(0x000000de22e00000,0x000000de22f00000)]
  0x0000028a8ecb5000 JavaThread "Execution worker for ':' Thread 15" [_thread_blocked, id=6596, stack(0x000000de22c00000,0x000000de22d00000)]
  0x0000028a8ecb0000 JavaThread "Execution worker for ':' Thread 14" [_thread_blocked, id=23036, stack(0x000000de22b00000,0x000000de22c00000)]
  0x0000028a8ecad800 JavaThread "Execution worker for ':' Thread 13" [_thread_blocked, id=20524, stack(0x000000de22a00000,0x000000de22b00000)]
  0x0000028a8ecb3800 JavaThread "Execution worker for ':' Thread 12" [_thread_blocked, id=17164, stack(0x000000de22900000,0x000000de22a00000)]
  0x0000028a8ecb3000 JavaThread "Execution worker for ':' Thread 11" [_thread_blocked, id=3092, stack(0x000000de22800000,0x000000de22900000)]
  0x0000028a8ecaf000 JavaThread "Execution worker for ':' Thread 10" [_thread_blocked, id=21412, stack(0x000000de22700000,0x000000de22800000)]
  0x0000028a8ecb2000 JavaThread "Execution worker for ':' Thread 9" [_thread_blocked, id=22904, stack(0x000000de22600000,0x000000de22700000)]
  0x0000028a8ecb1800 JavaThread "Execution worker for ':' Thread 8" [_thread_blocked, id=11836, stack(0x000000de22500000,0x000000de22600000)]
  0x0000028a8c22f000 JavaThread "Execution worker for ':' Thread 7" [_thread_blocked, id=13640, stack(0x000000de22400000,0x000000de22500000)]
  0x0000028a8c22e800 JavaThread "Execution worker for ':' Thread 6" [_thread_blocked, id=4240, stack(0x000000de22300000,0x000000de22400000)]
  0x0000028a8c22d000 JavaThread "Execution worker for ':' Thread 5" [_thread_blocked, id=16752, stack(0x000000de22200000,0x000000de22300000)]
  0x0000028a8c22c000 JavaThread "Execution worker for ':' Thread 4" [_thread_blocked, id=17488, stack(0x000000de21f00000,0x000000de22000000)]
  0x0000028a8c22b800 JavaThread "Execution worker for ':' Thread 3" [_thread_blocked, id=18552, stack(0x000000de21e00000,0x000000de21f00000)]
  0x0000028a8c22d800 JavaThread "Execution worker for ':' Thread 2" [_thread_blocked, id=17672, stack(0x000000de21d00000,0x000000de21e00000)]
  0x0000028a8c22a800 JavaThread "Execution worker for ':'" [_thread_blocked, id=18372, stack(0x000000de21c00000,0x000000de21d00000)]
  0x0000028a8c223000 JavaThread "Unconstrained build operations Thread 160" [_thread_blocked, id=10456, stack(0x000000de21b00000,0x000000de21c00000)]
  0x0000028a8c22a000 JavaThread "Unconstrained build operations Thread 159" [_thread_blocked, id=8676, stack(0x000000de21a00000,0x000000de21b00000)]
  0x0000028a8c227800 JavaThread "Unconstrained build operations Thread 158" [_thread_blocked, id=20024, stack(0x000000de21900000,0x000000de21a00000)]
  0x0000028a8c227000 JavaThread "Unconstrained build operations Thread 157" [_thread_blocked, id=21760, stack(0x000000de21800000,0x000000de21900000)]
  0x0000028a8c226000 JavaThread "Unconstrained build operations Thread 156" [_thread_blocked, id=6776, stack(0x000000de21700000,0x000000de21800000)]
  0x0000028a8c225800 JavaThread "Unconstrained build operations Thread 155" [_thread_blocked, id=19324, stack(0x000000de21600000,0x000000de21700000)]
  0x0000028a8c222800 JavaThread "Unconstrained build operations Thread 154" [_thread_blocked, id=7172, stack(0x000000de21500000,0x000000de21600000)]
  0x0000028a8c224800 JavaThread "Unconstrained build operations Thread 153" [_thread_blocked, id=20528, stack(0x000000de21400000,0x000000de21500000)]
  0x0000028a8c229000 JavaThread "Unconstrained build operations Thread 152" [_thread_blocked, id=23064, stack(0x000000de21300000,0x000000de21400000)]
  0x0000028a8c221800 JavaThread "Unconstrained build operations Thread 151" [_thread_blocked, id=21856, stack(0x000000de21200000,0x000000de21300000)]
  0x0000028a8c228800 JavaThread "Unconstrained build operations Thread 150" [_thread_blocked, id=23316, stack(0x000000de21100000,0x000000de21200000)]
  0x0000028a8c224000 JavaThread "Unconstrained build operations Thread 149" [_thread_blocked, id=3812, stack(0x000000de21000000,0x000000de21100000)]
  0x0000028a8c21b800 JavaThread "Unconstrained build operations Thread 148" [_thread_blocked, id=9172, stack(0x000000de20f00000,0x000000de21000000)]
  0x0000028a8c21e000 JavaThread "Unconstrained build operations Thread 147" [_thread_blocked, id=13220, stack(0x000000de20e00000,0x000000de20f00000)]
  0x0000028a8c221000 JavaThread "Unconstrained build operations Thread 146" [_thread_blocked, id=16068, stack(0x000000de20d00000,0x000000de20e00000)]
  0x0000028a8c220000 JavaThread "Unconstrained build operations Thread 145" [_thread_blocked, id=17992, stack(0x000000de20c00000,0x000000de20d00000)]
  0x0000028a8c21d000 JavaThread "Unconstrained build operations Thread 144" [_thread_blocked, id=16788, stack(0x000000de20b00000,0x000000de20c00000)]
  0x0000028a8c21e800 JavaThread "Unconstrained build operations Thread 143" [_thread_blocked, id=23004, stack(0x000000de20a00000,0x000000de20b00000)]
  0x0000028a8c21b000 JavaThread "Unconstrained build operations Thread 142" [_thread_blocked, id=13200, stack(0x000000de20900000,0x000000de20a00000)]
  0x0000028a8c21f800 JavaThread "Unconstrained build operations Thread 141" [_thread_blocked, id=1608, stack(0x000000de20800000,0x000000de20900000)]
  0x0000028a8c21c800 JavaThread "Unconstrained build operations Thread 140" [_thread_blocked, id=6180, stack(0x000000de20700000,0x000000de20800000)]
  0x0000028a8c213800 JavaThread "Unconstrained build operations Thread 139" [_thread_blocked, id=1660, stack(0x000000de20600000,0x000000de20700000)]
  0x0000028a8c21a000 JavaThread "Unconstrained build operations Thread 138" [_thread_blocked, id=2012, stack(0x000000de20500000,0x000000de20600000)]
  0x0000028a8c218800 JavaThread "Unconstrained build operations Thread 137" [_thread_blocked, id=16856, stack(0x000000de20400000,0x000000de20500000)]
  0x0000028a8c219800 JavaThread "Unconstrained build operations Thread 136" [_thread_blocked, id=16052, stack(0x000000de20300000,0x000000de20400000)]
  0x0000028a8c211000 JavaThread "Unconstrained build operations Thread 135" [_thread_blocked, id=8296, stack(0x000000de20200000,0x000000de20300000)]
  0x0000028a8c215000 JavaThread "Unconstrained build operations Thread 134" [_thread_blocked, id=7816, stack(0x000000de20100000,0x000000de20200000)]
  0x0000028a8c217000 JavaThread "Unconstrained build operations Thread 133" [_thread_blocked, id=5160, stack(0x000000de20000000,0x000000de20100000)]
  0x0000028a8c212000 JavaThread "Unconstrained build operations Thread 132" [_thread_blocked, id=22144, stack(0x000000de1ff00000,0x000000de20000000)]
  0x0000028a8c216800 JavaThread "Unconstrained build operations Thread 131" [_thread_blocked, id=1400, stack(0x000000de1fe00000,0x000000de1ff00000)]
  0x0000028a8c215800 JavaThread "Unconstrained build operations Thread 130" [_thread_blocked, id=5088, stack(0x000000de1fd00000,0x000000de1fe00000)]
  0x0000028a8c214000 JavaThread "Unconstrained build operations Thread 129" [_thread_blocked, id=7004, stack(0x000000de1fc00000,0x000000de1fd00000)]
  0x0000028a8c218000 JavaThread "Unconstrained build operations Thread 128" [_thread_blocked, id=9828, stack(0x000000de1fb00000,0x000000de1fc00000)]
  0x0000028a8c212800 JavaThread "Unconstrained build operations Thread 127" [_thread_blocked, id=19940, stack(0x000000de1fa00000,0x000000de1fb00000)]
  0x0000028a8c210800 JavaThread "Unconstrained build operations Thread 126" [_thread_blocked, id=9708, stack(0x000000de1f900000,0x000000de1fa00000)]
  0x0000028a8a935000 JavaThread "Unconstrained build operations Thread 125" [_thread_blocked, id=18760, stack(0x000000de1f800000,0x000000de1f900000)]
  0x0000028a8a932800 JavaThread "Unconstrained build operations Thread 124" [_thread_blocked, id=21584, stack(0x000000de1f700000,0x000000de1f800000)]
  0x0000028a8a938000 JavaThread "Unconstrained build operations Thread 123" [_thread_blocked, id=20784, stack(0x000000de1f600000,0x000000de1f700000)]
  0x0000028a8a935800 JavaThread "Unconstrained build operations Thread 122" [_thread_blocked, id=16208, stack(0x000000de1f500000,0x000000de1f600000)]
  0x0000028a8a934000 JavaThread "Unconstrained build operations Thread 121" [_thread_blocked, id=3296, stack(0x000000de1f400000,0x000000de1f500000)]
  0x0000028a8a931800 JavaThread "Unconstrained build operations Thread 120" [_thread_blocked, id=22308, stack(0x000000de1f300000,0x000000de1f400000)]
  0x0000028a8a930000 JavaThread "Unconstrained build operations Thread 119" [_thread_blocked, id=4804, stack(0x000000de1f200000,0x000000de1f300000)]
  0x0000028a8a937000 JavaThread "Unconstrained build operations Thread 118" [_thread_blocked, id=18460, stack(0x000000de1f100000,0x000000de1f200000)]
  0x0000028a8a936800 JavaThread "Unconstrained build operations Thread 117" [_thread_blocked, id=10672, stack(0x000000de1f000000,0x000000de1f100000)]
  0x0000028a8a931000 JavaThread "Unconstrained build operations Thread 116" [_thread_blocked, id=6536, stack(0x000000de1ef00000,0x000000de1f000000)]
  0x0000028a8a933000 JavaThread "Unconstrained build operations Thread 115" [_thread_blocked, id=15104, stack(0x000000de1ee00000,0x000000de1ef00000)]
  0x0000028a8a928800 JavaThread "Unconstrained build operations Thread 114" [_thread_blocked, id=19352, stack(0x000000de1ed00000,0x000000de1ee00000)]
  0x0000028a8a92f800 JavaThread "Unconstrained build operations Thread 113" [_thread_blocked, id=9716, stack(0x000000de1ec00000,0x000000de1ed00000)]
  0x0000028a8a929800 JavaThread "Unconstrained build operations Thread 112" [_thread_blocked, id=5568, stack(0x000000de1eb00000,0x000000de1ec00000)]
  0x0000028a8a92e800 JavaThread "Unconstrained build operations Thread 111" [_thread_blocked, id=16176, stack(0x000000de1ea00000,0x000000de1eb00000)]
  0x0000028a8a92e000 JavaThread "Unconstrained build operations Thread 110" [_thread_blocked, id=22024, stack(0x000000de1e900000,0x000000de1ea00000)]
  0x0000028a8a92b800 JavaThread "Unconstrained build operations Thread 109" [_thread_blocked, id=6464, stack(0x000000de1e800000,0x000000de1e900000)]
  0x0000028a8a92a000 JavaThread "Unconstrained build operations Thread 108" [_thread_blocked, id=16836, stack(0x000000de1e700000,0x000000de1e800000)]
  0x0000028a8a92d000 JavaThread "Unconstrained build operations Thread 107" [_thread_blocked, id=12916, stack(0x000000de1e600000,0x000000de1e700000)]
  0x0000028a8a92b000 JavaThread "Unconstrained build operations Thread 106" [_thread_blocked, id=4268, stack(0x000000de1e500000,0x000000de1e600000)]
  0x0000028a8a92c800 JavaThread "Unconstrained build operations Thread 105" [_thread_blocked, id=19100, stack(0x000000de1e400000,0x000000de1e500000)]
  0x0000028a9092c800 JavaThread "Unconstrained build operations Thread 104" [_thread_blocked, id=4704, stack(0x000000de1e300000,0x000000de1e400000)]
  0x0000028a9092b000 JavaThread "Unconstrained build operations Thread 103" [_thread_blocked, id=2284, stack(0x000000de1e200000,0x000000de1e300000)]
  0x0000028a90929800 JavaThread "Unconstrained build operations Thread 102" [_thread_blocked, id=14492, stack(0x000000de1e100000,0x000000de1e200000)]
  0x0000028a9092b800 JavaThread "Unconstrained build operations Thread 101" [_thread_blocked, id=22596, stack(0x000000de1e000000,0x000000de1e100000)]
  0x0000028a9092e000 JavaThread "Unconstrained build operations Thread 100" [_thread_blocked, id=12544, stack(0x000000de1df00000,0x000000de1e000000)]
  0x0000028a9092a000 JavaThread "Unconstrained build operations Thread 99" [_thread_blocked, id=15000, stack(0x000000de1de00000,0x000000de1df00000)]
  0x0000028a9092e800 JavaThread "Unconstrained build operations Thread 98" [_thread_blocked, id=17452, stack(0x000000de1dd00000,0x000000de1de00000)]
  0x0000028a9092d000 JavaThread "Unconstrained build operations Thread 97" [_thread_blocked, id=17892, stack(0x000000de1dc00000,0x000000de1dd00000)]
  0x0000028a90928000 JavaThread "Unconstrained build operations Thread 96" [_thread_blocked, id=4472, stack(0x000000de1db00000,0x000000de1dc00000)]
  0x0000028a90928800 JavaThread "Unconstrained build operations Thread 95" [_thread_blocked, id=16660, stack(0x000000de1da00000,0x000000de1db00000)]
  0x0000028a90a64000 JavaThread "Unconstrained build operations Thread 94" [_thread_blocked, id=6948, stack(0x000000de1d900000,0x000000de1da00000)]
  0x0000028a90a63800 JavaThread "Unconstrained build operations Thread 93" [_thread_blocked, id=18648, stack(0x000000de1d800000,0x000000de1d900000)]
  0x0000028a90a62000 JavaThread "Unconstrained build operations Thread 92" [_thread_blocked, id=12056, stack(0x000000de1d700000,0x000000de1d800000)]
  0x0000028a90a61000 JavaThread "Unconstrained build operations Thread 91" [_thread_blocked, id=13244, stack(0x000000de1d600000,0x000000de1d700000)]
  0x0000028a90a62800 JavaThread "Unconstrained build operations Thread 90" [_thread_blocked, id=4868, stack(0x000000de1d500000,0x000000de1d600000)]
  0x0000028a90a5b000 JavaThread "Unconstrained build operations Thread 89" [_thread_blocked, id=14828, stack(0x000000de1d400000,0x000000de1d500000)]
  0x0000028a90a5f000 JavaThread "Unconstrained build operations Thread 88" [_thread_blocked, id=14808, stack(0x000000de1d300000,0x000000de1d400000)]
  0x0000028a90a60800 JavaThread "Unconstrained build operations Thread 87" [_thread_blocked, id=21224, stack(0x000000de1d200000,0x000000de1d300000)]
  0x0000028a90a5e000 JavaThread "Unconstrained build operations Thread 86" [_thread_blocked, id=6320, stack(0x000000de1d100000,0x000000de1d200000)]
  0x0000028a90a5f800 JavaThread "Unconstrained build operations Thread 85" [_thread_blocked, id=14840, stack(0x000000de1d000000,0x000000de1d100000)]
  0x0000028a90a56800 JavaThread "Unconstrained build operations Thread 84" [_thread_blocked, id=3252, stack(0x000000de1cf00000,0x000000de1d000000)]
  0x0000028a90a5a800 JavaThread "Unconstrained build operations Thread 83" [_thread_blocked, id=9448, stack(0x000000de1ce00000,0x000000de1cf00000)]
  0x0000028a90a5d800 JavaThread "Unconstrained build operations Thread 82" [_thread_blocked, id=5504, stack(0x000000de1cd00000,0x000000de1ce00000)]
  0x0000028a90a56000 JavaThread "Unconstrained build operations Thread 81" [_thread_blocked, id=9692, stack(0x000000de1cc00000,0x000000de1cd00000)]
  0x0000028a90a5c000 JavaThread "Unconstrained build operations Thread 80" [_thread_blocked, id=22888, stack(0x000000de1cb00000,0x000000de1cc00000)]
  0x0000028a90a5c800 JavaThread "Unconstrained build operations Thread 79" [_thread_blocked, id=14144, stack(0x000000de1ca00000,0x000000de1cb00000)]
  0x0000028a90a57800 JavaThread "Unconstrained build operations Thread 78" [_thread_blocked, id=17976, stack(0x000000de1c900000,0x000000de1ca00000)]
  0x0000028a90a55000 JavaThread "Unconstrained build operations Thread 77" [_thread_blocked, id=8728, stack(0x000000de1c800000,0x000000de1c900000)]
  0x0000028a90a59000 JavaThread "Unconstrained build operations Thread 76" [_thread_blocked, id=7012, stack(0x000000de1c700000,0x000000de1c800000)]
  0x0000028a90a59800 JavaThread "Unconstrained build operations Thread 75" [_thread_blocked, id=23080, stack(0x000000de1c600000,0x000000de1c700000)]
  0x0000028a90a58000 JavaThread "Unconstrained build operations Thread 74" [_thread_blocked, id=22644, stack(0x000000de1c500000,0x000000de1c600000)]
  0x0000028a8c492800 JavaThread "Unconstrained build operations Thread 73" [_thread_blocked, id=23488, stack(0x000000de1c400000,0x000000de1c500000)]
  0x0000028a8c48e000 JavaThread "Unconstrained build operations Thread 72" [_thread_blocked, id=20188, stack(0x000000de1c300000,0x000000de1c400000)]
  0x0000028a8c48e800 JavaThread "Unconstrained build operations Thread 71" [_thread_blocked, id=8924, stack(0x000000de1c200000,0x000000de1c300000)]
  0x0000028a8c491800 JavaThread "Unconstrained build operations Thread 70" [_thread_blocked, id=19792, stack(0x000000de1c100000,0x000000de1c200000)]
  0x0000028a8c491000 JavaThread "Unconstrained build operations Thread 69" [_thread_blocked, id=6056, stack(0x000000de1c000000,0x000000de1c100000)]
  0x0000028a8c494000 JavaThread "Unconstrained build operations Thread 68" [_thread_blocked, id=15908, stack(0x000000de1bf00000,0x000000de1c000000)]
  0x0000028a8c48f800 JavaThread "Unconstrained build operations Thread 67" [_thread_blocked, id=13344, stack(0x000000de1be00000,0x000000de1bf00000)]
  0x0000028a8c490000 JavaThread "Unconstrained build operations Thread 66" [_thread_blocked, id=15960, stack(0x000000de1bd00000,0x000000de1be00000)]
  0x0000028a8c493000 JavaThread "Unconstrained build operations Thread 65" [_thread_blocked, id=21600, stack(0x000000de1bc00000,0x000000de1bd00000)]
  0x0000028a8c486800 JavaThread "Unconstrained build operations Thread 64" [_thread_blocked, id=17840, stack(0x000000de1bb00000,0x000000de1bc00000)]
  0x0000028a8c48d000 JavaThread "Unconstrained build operations Thread 63" [_thread_blocked, id=22312, stack(0x000000de1ba00000,0x000000de1bb00000)]
  0x0000028a8c48c800 JavaThread "Unconstrained build operations Thread 62" [_thread_blocked, id=11096, stack(0x000000de1b900000,0x000000de1ba00000)]
  0x0000028a8c48b800 JavaThread "Unconstrained build operations Thread 61" [_thread_blocked, id=22620, stack(0x000000de1b800000,0x000000de1b900000)]
  0x0000028a8c485800 JavaThread "Unconstrained build operations Thread 60" [_thread_blocked, id=4656, stack(0x000000de1b700000,0x000000de1b800000)]
  0x0000028a8c48b000 JavaThread "Unconstrained build operations Thread 59" [_thread_blocked, id=20616, stack(0x000000de1b600000,0x000000de1b700000)]
  0x0000028a8c48a000 JavaThread "Unconstrained build operations Thread 58" [_thread_blocked, id=23208, stack(0x000000de1b500000,0x000000de1b600000)]
  0x0000028a8c489800 JavaThread "Unconstrained build operations Thread 57" [_thread_blocked, id=18692, stack(0x000000de1b400000,0x000000de1b500000)]
  0x0000028a8c485000 JavaThread "Unconstrained build operations Thread 56" [_thread_blocked, id=22436, stack(0x000000de1b300000,0x000000de1b400000)]
  0x0000028a8c488800 JavaThread "Unconstrained build operations Thread 55" [_thread_blocked, id=12516, stack(0x000000de1b200000,0x000000de1b300000)]
  0x0000028a8c487000 JavaThread "Unconstrained build operations Thread 54" [_thread_blocked, id=9376, stack(0x000000de1b100000,0x000000de1b200000)]
  0x0000028a8c488000 JavaThread "Unconstrained build operations Thread 53" [_thread_blocked, id=23224, stack(0x000000de1b000000,0x000000de1b100000)]
  0x0000028a89d7a800 JavaThread "Unconstrained build operations Thread 52" [_thread_blocked, id=20132, stack(0x000000de1af00000,0x000000de1b000000)]
  0x0000028a9091a800 JavaThread "Unconstrained build operations Thread 51" [_thread_blocked, id=6956, stack(0x000000de1ae00000,0x000000de1af00000)]
  0x0000028a90910000 JavaThread "Unconstrained build operations Thread 50" [_thread_blocked, id=12040, stack(0x000000de1ad00000,0x000000de1ae00000)]
  0x0000028a90913000 JavaThread "Unconstrained build operations Thread 49" [_thread_blocked, id=21932, stack(0x000000de1ac00000,0x000000de1ad00000)]
  0x0000028a8b42d000 JavaThread "Unconstrained build operations Thread 48" [_thread_blocked, id=16448, stack(0x000000de1ab00000,0x000000de1ac00000)]
  0x0000028a8b42c800 JavaThread "Unconstrained build operations Thread 47" [_thread_blocked, id=19216, stack(0x000000de1aa00000,0x000000de1ab00000)]
  0x0000028a8b425000 JavaThread "Unconstrained build operations Thread 46" [_thread_blocked, id=18412, stack(0x000000de1a900000,0x000000de1aa00000)]
  0x0000028a8b42b000 JavaThread "Unconstrained build operations Thread 45" [_thread_blocked, id=13292, stack(0x000000de1a800000,0x000000de1a900000)]
  0x0000028a8b42a000 JavaThread "Unconstrained build operations Thread 44" [_thread_blocked, id=19804, stack(0x000000de1a700000,0x000000de1a800000)]
  0x0000028a8b429800 JavaThread "Unconstrained build operations Thread 43" [_thread_blocked, id=1412, stack(0x000000de1a600000,0x000000de1a700000)]
  0x0000028a8b424000 JavaThread "Unconstrained build operations Thread 42" [_thread_blocked, id=2956, stack(0x000000de1a500000,0x000000de1a600000)]
  0x0000028a8b428800 JavaThread "Unconstrained build operations Thread 41" [_thread_blocked, id=18956, stack(0x000000de1a400000,0x000000de1a500000)]
  0x0000028a8b428000 JavaThread "Unconstrained build operations Thread 40" [_thread_blocked, id=15620, stack(0x000000de1a300000,0x000000de1a400000)]
  0x0000028a8b423800 JavaThread "Unconstrained build operations Thread 39" [_thread_blocked, id=9996, stack(0x000000de1a200000,0x000000de1a300000)]
  0x0000028a8b427000 JavaThread "Unconstrained build operations Thread 38" [_thread_blocked, id=21936, stack(0x000000de1a100000,0x000000de1a200000)]
  0x0000028a8b16b000 JavaThread "Unconstrained build operations Thread 37" [_thread_blocked, id=11736, stack(0x000000de1a000000,0x000000de1a100000)]
  0x0000028a8b16a000 JavaThread "Unconstrained build operations Thread 36" [_thread_blocked, id=22772, stack(0x000000de19f00000,0x000000de1a000000)]
  0x0000028a8b168800 JavaThread "Unconstrained build operations Thread 35" [_thread_blocked, id=3100, stack(0x000000de19e00000,0x000000de19f00000)]
  0x0000028a8b167800 JavaThread "Unconstrained build operations Thread 34" [_thread_blocked, id=17044, stack(0x000000de19d00000,0x000000de19e00000)]
  0x0000028a8b169000 JavaThread "Unconstrained build operations Thread 33" [_thread_blocked, id=7224, stack(0x000000de19c00000,0x000000de19d00000)]
  0x0000028a8b167000 JavaThread "Unconstrained build operations Thread 32" [_thread_blocked, id=18844, stack(0x000000de19b00000,0x000000de19c00000)]
  0x0000028a8b15f800 JavaThread "Unconstrained build operations Thread 31" [_thread_blocked, id=21656, stack(0x000000de19a00000,0x000000de19b00000)]
  0x0000028a8b166000 JavaThread "Unconstrained build operations Thread 30" [_thread_blocked, id=1720, stack(0x000000de19900000,0x000000de19a00000)]
  0x0000028a8b165800 JavaThread "Unconstrained build operations Thread 29" [_thread_blocked, id=20292, stack(0x000000de19800000,0x000000de19900000)]
  0x0000028a8b15e000 JavaThread "ForkJoinPool.commonPool-worker-12" daemon [_thread_blocked, id=20564, stack(0x000000de19700000,0x000000de19800000)]
  0x0000028a8b15c800 JavaThread "Unconstrained build operations Thread 28" [_thread_blocked, id=12252, stack(0x000000de17b00000,0x000000de17c00000)]
  0x0000028a90cf2000 JavaThread "Unconstrained build operations Thread 27" [_thread_blocked, id=9832, stack(0x000000de17a00000,0x000000de17b00000)]
  0x0000028a90cf3800 JavaThread "Unconstrained build operations Thread 26" [_thread_blocked, id=10188, stack(0x000000de17900000,0x000000de17a00000)]
  0x0000028a90cf1000 JavaThread "Unconstrained build operations Thread 25" [_thread_blocked, id=1256, stack(0x000000de17800000,0x000000de17900000)]
  0x0000028a90cf2800 JavaThread "Unconstrained build operations Thread 24" [_thread_blocked, id=10488, stack(0x000000de17700000,0x000000de17800000)]
  0x0000028a90ce9800 JavaThread "Unconstrained build operations Thread 23" [_thread_blocked, id=9056, stack(0x000000de17600000,0x000000de17700000)]
  0x0000028a90cf0800 JavaThread "Unconstrained build operations Thread 22" [_thread_blocked, id=21576, stack(0x000000de17500000,0x000000de17600000)]
  0x0000028a90ce8800 JavaThread "Unconstrained build operations Thread 21" [_thread_blocked, id=6636, stack(0x000000de17400000,0x000000de17500000)]
  0x0000028a90cec000 JavaThread "Unconstrained build operations Thread 20" [_thread_blocked, id=19304, stack(0x000000de17300000,0x000000de17400000)]
  0x0000028a90ceb000 JavaThread "Unconstrained build operations Thread 19" [_thread_blocked, id=6600, stack(0x000000de17200000,0x000000de17300000)]
  0x0000028a90cef800 JavaThread "Unconstrained build operations Thread 18" [_thread_blocked, id=21708, stack(0x000000de17100000,0x000000de17200000)]
  0x0000028a90cea000 JavaThread "Unconstrained build operations Thread 17" [_thread_blocked, id=20868, stack(0x000000de17000000,0x000000de17100000)]
  0x0000028a90ce8000 JavaThread "Unconstrained build operations Thread 16" [_thread_blocked, id=20428, stack(0x000000de16f00000,0x000000de17000000)]
  0x0000028a90cee000 JavaThread "Unconstrained build operations Thread 15" [_thread_blocked, id=21092, stack(0x000000de16e00000,0x000000de16f00000)]
  0x0000028a90cef000 JavaThread "Unconstrained build operations Thread 14" [_thread_blocked, id=12032, stack(0x000000de16d00000,0x000000de16e00000)]
  0x0000028a90ce7000 JavaThread "Unconstrained build operations Thread 13" [_thread_blocked, id=21280, stack(0x000000de16c00000,0x000000de16d00000)]
  0x0000028a90cdf800 JavaThread "Unconstrained build operations Thread 12" [_thread_blocked, id=22976, stack(0x000000de16b00000,0x000000de16c00000)]
  0x0000028a90ce5800 JavaThread "Unconstrained build operations Thread 11" [_thread_blocked, id=11908, stack(0x000000de16a00000,0x000000de16b00000)]
  0x0000028a90ce5000 JavaThread "Unconstrained build operations Thread 10" [_thread_blocked, id=20916, stack(0x000000de16900000,0x000000de16a00000)]
  0x0000028a90ce4000 JavaThread "Unconstrained build operations Thread 9" [_thread_blocked, id=22108, stack(0x000000de16800000,0x000000de16900000)]
  0x0000028a90cde000 JavaThread "Unconstrained build operations Thread 8" [_thread_blocked, id=22592, stack(0x000000de16700000,0x000000de16800000)]
  0x0000028a90cdc800 JavaThread "Unconstrained build operations Thread 7" [_thread_blocked, id=22928, stack(0x000000de16600000,0x000000de16700000)]
  0x0000028a90ce3800 JavaThread "Unconstrained build operations Thread 6" [_thread_blocked, id=8724, stack(0x000000de16500000,0x000000de16600000)]
  0x0000028a90ce2000 JavaThread "Unconstrained build operations Thread 5" [_thread_blocked, id=13704, stack(0x000000de16400000,0x000000de16500000)]
  0x0000028a90ce0800 JavaThread "Unconstrained build operations Thread 4" [_thread_blocked, id=6756, stack(0x000000de16300000,0x000000de16400000)]
  0x0000028a90cdf000 JavaThread "Unconstrained build operations Thread 3" [_thread_blocked, id=8088, stack(0x000000de16200000,0x000000de16300000)]
  0x0000028a90ce2800 JavaThread "Unconstrained build operations Thread 2" [_thread_blocked, id=21732, stack(0x000000de16100000,0x000000de16200000)]
  0x0000028a90cdd800 JavaThread "Unconstrained build operations" [_thread_blocked, id=14688, stack(0x000000de16000000,0x000000de16100000)]
  0x0000028a90cd5000 JavaThread "Cache worker for Build Output Cleanup Cache (C:\Users\pablo\Documents\Proyectos\Mods Minecraft\LoL Mod\.gradle\buildOutputCleanup)" [_thread_blocked, id=1572, stack(0x000000de15f00000,0x000000de16000000)]
  0x0000028a90cda800 JavaThread "Cache worker for dependencies-accessors (C:\Users\pablo\Documents\Proyectos\Mods Minecraft\LoL Mod\.gradle\7.1.1\dependencies-accessors)" [_thread_blocked, id=10520, stack(0x000000de15d00000,0x000000de15e00000)]
  0x0000028a90cd9800 JavaThread "Cache worker for cache directory md-rule (C:\Users\pablo\.gradle\caches\7.1.1\md-rule)" [_thread_blocked, id=21364, stack(0x000000de15600000,0x000000de15700000)]
  0x0000028a90cdc000 JavaThread "Cache worker for cache directory md-supplier (C:\Users\pablo\.gradle\caches\7.1.1\md-supplier)" [_thread_blocked, id=23200, stack(0x000000de15500000,0x000000de15600000)]
  0x0000028a90cd9000 JavaThread "Cache worker for checksums cache (C:\Users\pablo\Documents\Proyectos\Mods Minecraft\LoL Mod\.gradle\checksums)" [_thread_blocked, id=13952, stack(0x000000de15400000,0x000000de15500000)]
  0x0000028a90cd6000 JavaThread "Cache worker for file hash cache (C:\Users\pablo\Documents\Proyectos\Mods Minecraft\LoL Mod\.gradle\7.1.1\fileHashes)" [_thread_blocked, id=2720, stack(0x000000de15100000,0x000000de15200000)]
  0x0000028a90cd4800 JavaThread "Daemon client event forwarder" [_thread_blocked, id=22092, stack(0x000000de14d00000,0x000000de14e00000)]
  0x0000028a90cd7800 JavaThread "Stdin handler" [_thread_blocked, id=12672, stack(0x000000de14c00000,0x000000de14d00000)]
  0x0000028a90cd6800 JavaThread "Asynchronous log dispatcher for DefaultDaemonConnection: socket connection from /127.0.0.1:58174 to /127.0.0.1:58254" [_thread_blocked, id=5112, stack(0x000000de14b00000,0x000000de14c00000)]
  0x0000028a90cd8000 JavaThread "Cancel handler" [_thread_blocked, id=23456, stack(0x000000de14900000,0x000000de14a00000)]
  0x0000028a90cdb000 JavaThread "Handler for socket connection from /127.0.0.1:58174 to /127.0.0.1:58254" [_thread_in_native, id=16048, stack(0x000000de14800000,0x000000de14900000)]
  0x0000028a90ce1000 JavaThread "Cache worker for Java compile cache (C:\Users\pablo\.gradle\caches\7.1.1\javaCompile)" [_thread_blocked, id=18764, stack(0x000000de22d00000,0x000000de22e00000)]
  0x0000028a8b15b800 JavaThread "Exec process Thread 3" [_thread_in_native, id=3704, stack(0x000000de19600000,0x000000de19700000)]
  0x0000028a8b162800 JavaThread "Exec process Thread 2" [_thread_in_native, id=19592, stack(0x000000de19500000,0x000000de19600000)]
  0x0000028a8b15d000 JavaThread "Exec process" [_thread_in_native, id=15764, stack(0x000000de19400000,0x000000de19500000)]
  0x0000028a8b161800 JavaThread "ForkJoinPool.commonPool-worker-3" daemon [_thread_blocked, id=22704, stack(0x000000de19300000,0x000000de19400000)]
  0x0000028a8b161000 JavaThread "ForkJoinPool.commonPool-worker-10" daemon [_thread_blocked, id=6920, stack(0x000000de19200000,0x000000de19300000)]
  0x0000028a8b160000 JavaThread "ForkJoinPool.commonPool-worker-1" daemon [_thread_blocked, id=17384, stack(0x000000de19100000,0x000000de19200000)]
  0x0000028a9091d800 JavaThread "ForkJoinPool.commonPool-worker-4" daemon [_thread_blocked, id=13824, stack(0x000000de18c00000,0x000000de18d00000)]
  0x0000028a9091e000 JavaThread "ForkJoinPool.commonPool-worker-11" daemon [_thread_blocked, id=18996, stack(0x000000de18b00000,0x000000de18c00000)]
  0x0000028a9091c800 JavaThread "ForkJoinPool.commonPool-worker-9" daemon [_thread_blocked, id=3940, stack(0x000000de18900000,0x000000de18a00000)]
  0x0000028a9091f000 JavaThread "Memory manager" [_thread_blocked, id=7500, stack(0x000000de18800000,0x000000de18900000)]
  0x0000028a90913800 JavaThread "jar transforms Thread 16" [_thread_blocked, id=9980, stack(0x000000de18600000,0x000000de18700000)]
  0x0000028a90919000 JavaThread "jar transforms Thread 15" [_thread_blocked, id=9508, stack(0x000000de18500000,0x000000de18600000)]
  0x0000028a90918000 JavaThread "jar transforms Thread 14" [_thread_blocked, id=10236, stack(0x000000de18400000,0x000000de18500000)]
  0x0000028a90915000 JavaThread "jar transforms Thread 13" [_thread_blocked, id=3216, stack(0x000000de18300000,0x000000de18400000)]
  0x0000028a90912000 JavaThread "jar transforms Thread 12" [_thread_blocked, id=21916, stack(0x000000de18200000,0x000000de18300000)]
  0x0000028a90910800 JavaThread "jar transforms Thread 11" [_thread_blocked, id=6008, stack(0x000000de18100000,0x000000de18200000)]
  0x0000028a90914800 JavaThread "jar transforms Thread 10" [_thread_blocked, id=17008, stack(0x000000de18000000,0x000000de18100000)]
  0x0000028a90917800 JavaThread "jar transforms Thread 9" [_thread_blocked, id=16036, stack(0x000000de17f00000,0x000000de18000000)]
  0x0000028a90911800 JavaThread "jar transforms Thread 8" [_thread_blocked, id=4052, stack(0x000000de17e00000,0x000000de17f00000)]
  0x0000028a90916800 JavaThread "jar transforms Thread 7" [_thread_blocked, id=22768, stack(0x000000de17d00000,0x000000de17e00000)]
  0x0000028a90916000 JavaThread "jar transforms Thread 6" [_thread_blocked, id=21536, stack(0x000000de17c00000,0x000000de17d00000)]
  0x0000028a8b422800 JavaThread "jar transforms Thread 5" [_thread_blocked, id=21076, stack(0x000000de15e00000,0x000000de15f00000)]
  0x0000028a8b422000 JavaThread "jar transforms Thread 4" [_thread_blocked, id=22688, stack(0x000000de15c00000,0x000000de15d00000)]
  0x0000028a8b426800 JavaThread "jar transforms Thread 3" [_thread_blocked, id=10924, stack(0x000000de15b00000,0x000000de15c00000)]
  0x0000028a8b421000 JavaThread "Cache worker for file content cache (C:\Users\pablo\.gradle\caches\7.1.1\fileContent)" [_thread_blocked, id=6484, stack(0x000000de15a00000,0x000000de15b00000)]
  0x0000028a8b425800 JavaThread "jar transforms Thread 2" [_thread_blocked, id=22176, stack(0x000000de15900000,0x000000de15a00000)]
  0x0000028a8b41e000 JavaThread "jar transforms" [_thread_blocked, id=1452, stack(0x000000de15800000,0x000000de15900000)]
  0x0000028a8b420800 JavaThread "Cache worker for execution history cache (C:\Users\pablo\.gradle\caches\7.1.1\executionHistory)" [_thread_blocked, id=16824, stack(0x000000de15700000,0x000000de15800000)]
  0x0000028a8b41f800 JavaThread "File watcher consumer" daemon [_thread_blocked, id=22432, stack(0x000000de15300000,0x000000de15400000)]
  0x0000028a89d74800 JavaThread "File watcher server" daemon [_thread_in_native, id=23160, stack(0x000000de15200000,0x000000de15300000)]
  0x0000028a89d77000 JavaThread "Cache worker for file hash cache (C:\Users\pablo\.gradle\caches\7.1.1\fileHashes)" [_thread_blocked, id=17544, stack(0x000000de15000000,0x000000de15100000)]
  0x0000028a89d79000 JavaThread "File lock request listener" [_thread_in_native, id=13584, stack(0x000000de14f00000,0x000000de15000000)]
  0x0000028a89d77800 JavaThread "Cache worker for journal cache (C:\Users\pablo\.gradle\caches\journal-1)" [_thread_blocked, id=20984, stack(0x000000de14e00000,0x000000de14f00000)]
  0x0000028a8bb7d000 JavaThread "Daemon worker" [_thread_blocked, id=13748, stack(0x000000de14a00000,0x000000de14b00000)]
  0x0000028a8bcfe000 JavaThread "Daemon" [_thread_blocked, id=1448, stack(0x000000de14700000,0x000000de14800000)]
  0x0000028a8bb60800 JavaThread "Daemon periodic checks" [_thread_blocked, id=5132, stack(0x000000de14600000,0x000000de14700000)]
  0x0000028a8b9cd800 JavaThread "Incoming local TCP Connector on port 58174" [_thread_in_native, id=6076, stack(0x000000de14500000,0x000000de14600000)]
  0x0000028a8bc9d000 JavaThread "Daemon health stats" [_thread_blocked, id=6640, stack(0x000000de14400000,0x000000de14500000)]
  0x0000028a89de7000 JavaThread "Service Thread" daemon [_thread_blocked, id=6312, stack(0x000000de14200000,0x000000de14300000)]
  0x0000028a89d7a000 JavaThread "C1 CompilerThread11" daemon [_thread_blocked, id=17232, stack(0x000000de14100000,0x000000de14200000)]
  0x0000028a89d78800 JavaThread "C1 CompilerThread10" daemon [_thread_blocked, id=14928, stack(0x000000de14000000,0x000000de14100000)]
  0x0000028a89d76000 JavaThread "C1 CompilerThread9" daemon [_thread_blocked, id=17492, stack(0x000000de13f00000,0x000000de14000000)]
  0x0000028a89d74000 JavaThread "C1 CompilerThread8" daemon [_thread_blocked, id=20804, stack(0x000000de13e00000,0x000000de13f00000)]
=>0x0000028a89d73000 JavaThread "C2 CompilerThread7" daemon [_thread_in_native, id=16428, stack(0x000000de13d00000,0x000000de13e00000)]
  0x0000028a89d65800 JavaThread "C2 CompilerThread6" daemon [_thread_in_native, id=14264, stack(0x000000de13c00000,0x000000de13d00000)]
  0x0000028a89d44800 JavaThread "C2 CompilerThread5" daemon [_thread_in_native, id=4156, stack(0x000000de13b00000,0x000000de13c00000)]
  0x0000028a89d0d800 JavaThread "C2 CompilerThread4" daemon [_thread_blocked, id=8292, stack(0x000000de13a00000,0x000000de13b00000)]
  0x0000028a89cfa000 JavaThread "C2 CompilerThread3" daemon [_thread_blocked, id=20696, stack(0x000000de13900000,0x000000de13a00000)]
  0x0000028a89cf9800 JavaThread "C2 CompilerThread2" daemon [_thread_in_native, id=22440, stack(0x000000de13800000,0x000000de13900000)]
  0x0000028a89cf6800 JavaThread "C2 CompilerThread1" daemon [_thread_in_native, id=17240, stack(0x000000de13700000,0x000000de13800000)]
  0x0000028a89cef800 JavaThread "C2 CompilerThread0" daemon [_thread_blocked, id=16056, stack(0x000000de13600000,0x000000de13700000)]
  0x0000028a89cee800 JavaThread "Attach Listener" daemon [_thread_blocked, id=17720, stack(0x000000de13500000,0x000000de13600000)]
  0x0000028a89ce9800 JavaThread "Signal Dispatcher" daemon [_thread_blocked, id=4184, stack(0x000000de13400000,0x000000de13500000)]
  0x0000028a89cc6000 JavaThread "Finalizer" daemon [_thread_blocked, id=2508, stack(0x000000de13300000,0x000000de13400000)]
  0x0000028a86ffb800 JavaThread "Reference Handler" daemon [_thread_blocked, id=11188, stack(0x000000de13200000,0x000000de13300000)]
  0x0000028aee540000 JavaThread "main" [_thread_blocked, id=8332, stack(0x000000de12300000,0x000000de12400000)]

Other Threads:
  0x0000028a86fd4000 VMThread [stack: 0x000000de13100000,0x000000de13200000] [id=22356]
  0x0000028a89dd3800 WatcherThread [stack: 0x000000de14300000,0x000000de14400000] [id=808]

VM state:not at safepoint (normal execution)

VM Mutex/Monitor currently owned by a thread: None

heap address: 0x0000000700000000, size: 3072 MB, Compressed Oops mode: Zero based, Oop shift amount: 3
Narrow klass base: 0x0000000000000000, Narrow klass shift: 3
Compressed class space size: 1073741824 Address: 0x00000007c0000000

Heap:
 PSYoungGen      total 374784K, used 246911K [0x0000000780000000, 0x0000000799800000, 0x00000007c0000000)
  eden space 353280K, 63% used [0x0000000780000000,0x000000078dc241d8,0x0000000795900000)
  from space 21504K, 99% used [0x0000000797e80000,0x000000079937bb18,0x0000000799380000)
  to   space 32256K, 0% used [0x0000000795900000,0x0000000795900000,0x0000000797880000)
 ParOldGen       total 220160K, used 51432K [0x0000000700000000, 0x000000070d700000, 0x0000000780000000)
  object space 220160K, 23% used [0x0000000700000000,0x000000070323a1a0,0x000000070d700000)
 Metaspace       used 66296K, capacity 70736K, committed 70912K, reserved 1110016K
  class space    used 9148K, capacity 9895K, committed 9984K, reserved 1048576K

Card table byte_map: [0x0000028aff3b0000,0x0000028aff9c0000] byte_map_base: 0x0000028afbbb0000

Marking Bits: (ParMarkBitMap*) 0x0000000068e07fe0
 Begin Bits: [0x0000028a80000000, 0x0000028a83000000)
 End Bits:   [0x0000028a83000000, 0x0000028a86000000)

Polling page: 0x0000028aee7e0000

CodeCache: size=245760Kb used=33463Kb max_used=33475Kb free=212296Kb
 bounds [0x0000028aefff0000, 0x0000028af20d0000, 0x0000028afeff0000]
 total_blobs=10440 nmethods=9597 adapters=752
 compilation: enabled

Compilation events (10 events):
Event: 101.716 Thread 0x0000028a89cfa000 nmethod 11193 0x0000028af20c1b90 code [0x0000028af20c1d00, 0x0000028af20c24d8]
Event: 101.775 Thread 0x0000028a89d0d800 11194   !   4       java.nio.charset.Charset::defaultCharset (65 bytes)
Event: 101.776 Thread 0x0000028a89d0d800 nmethod 11194 0x0000028af1e5bb90 code [0x0000028af1e5bcc0, 0x0000028af1e5bd38]
Event: 101.991 Thread 0x0000028a89cf9800 11195   !   4       java.io.PrintStream::write (83 bytes)
Event: 101.992 Thread 0x0000028a89cef800 11196       4       java.io.FileOutputStream::write (12 bytes)
Event: 101.992 Thread 0x0000028a89cef800 nmethod 11196 0x0000028af1825910 code [0x0000028af1825a60, 0x0000028af1825ae8]
Event: 101.993 Thread 0x0000028a89cf6800 11197       4       java.io.PrintStream::print (13 bytes)
Event: 101.993 Thread 0x0000028a89d65800 11198       4       org.gradle.internal.logging.text.StreamingStyledTextOutput::doAppend (11 bytes)
Event: 101.994 Thread 0x0000028a89d73000 11199   !   4       org.gradle.internal.logging.text.StreamBackedStandardOutputListener::onOutput (34 bytes)
Event: 101.994 Thread 0x0000028a89d44800 11200       4       java.io.PrintStream::append (6 bytes)

GC Heap History (10 events):
Event: 5.656 GC heap before
{Heap before GC invocations=9 (full 2):
 PSYoungGen      total 222720K, used 207360K [0x0000000780000000, 0x000000078f200000, 0x00000007c0000000)
  eden space 207360K, 100% used [0x0000000780000000,0x000000078ca80000,0x000000078ca80000)
  from space 15360K, 0% used [0x000000078d900000,0x000000078d900000,0x000000078e800000)
  to   space 14848K, 0% used [0x000000078ca80000,0x000000078ca80000,0x000000078d900000)
 ParOldGen       total 153600K, used 14528K [0x0000000700000000, 0x0000000709600000, 0x0000000780000000)
  object space 153600K, 9% used [0x0000000700000000,0x0000000700e30138,0x0000000709600000)
 Metaspace       used 46850K, capacity 49376K, committed 49408K, reserved 1091584K
  class space    used 6626K, capacity 7136K, committed 7168K, reserved 1048576K
Event: 5.666 GC heap after
Heap after GC invocations=9 (full 2):
 PSYoungGen      total 222208K, used 14816K [0x0000000780000000, 0x0000000794900000, 0x00000007c0000000)
  eden space 207360K, 0% used [0x0000000780000000,0x0000000780000000,0x000000078ca80000)
  from space 14848K, 99% used [0x000000078ca80000,0x000000078d8f83f8,0x000000078d900000)
  to   space 17408K, 0% used [0x0000000793800000,0x0000000793800000,0x0000000794900000)
 ParOldGen       total 153600K, used 14837K [0x0000000700000000, 0x0000000709600000, 0x0000000780000000)
  object space 153600K, 9% used [0x0000000700000000,0x0000000700e7d618,0x0000000709600000)
 Metaspace       used 46850K, capacity 49376K, committed 49408K, reserved 1091584K
  class space    used 6626K, capacity 7136K, committed 7168K, reserved 1048576K
}
Event: 6.954 GC heap before
{Heap before GC invocations=10 (full 2):
 PSYoungGen      total 222208K, used 218249K [0x0000000780000000, 0x0000000794900000, 0x00000007c0000000)
  eden space 207360K, 98% used [0x0000000780000000,0x000000078c6aa0d0,0x000000078ca80000)
  from space 14848K, 99% used [0x000000078ca80000,0x000000078d8f83f8,0x000000078d900000)
  to   space 17408K, 0% used [0x0000000793800000,0x0000000793800000,0x0000000794900000)
 ParOldGen       total 153600K, used 14837K [0x0000000700000000, 0x0000000709600000, 0x0000000780000000)
  object space 153600K, 9% used [0x0000000700000000,0x0000000700e7d618,0x0000000709600000)
 Metaspace       used 53895K, capacity 57114K, committed 57344K, reserved 1097728K
  class space    used 7605K, capacity 8184K, committed 8192K, reserved 1048576K
Event: 6.963 GC heap after
Heap after GC invocations=10 (full 2):
 PSYoungGen      total 312832K, used 17385K [0x0000000780000000, 0x0000000794900000, 0x00000007c0000000)
  eden space 295424K, 0% used [0x0000000780000000,0x0000000780000000,0x0000000792080000)
  from space 17408K, 99% used [0x0000000793800000,0x00000007948fa480,0x0000000794900000)
  to   space 20480K, 0% used [0x0000000792100000,0x0000000792100000,0x0000000793500000)
 ParOldGen       total 153600K, used 16707K [0x0000000700000000, 0x0000000709600000, 0x0000000780000000)
  object space 153600K, 10% used [0x0000000700000000,0x0000000701050fa0,0x0000000709600000)
 Metaspace       used 53895K, capacity 57114K, committed 57344K, reserved 1097728K
  class space    used 7605K, capacity 8184K, committed 8192K, reserved 1048576K
}
Event: 7.641 GC heap before
{Heap before GC invocations=11 (full 2):
 PSYoungGen      total 312832K, used 177585K [0x0000000780000000, 0x0000000794900000, 0x00000007c0000000)
  eden space 295424K, 54% used [0x0000000780000000,0x0000000789c72188,0x0000000792080000)
  from space 17408K, 99% used [0x0000000793800000,0x00000007948fa480,0x0000000794900000)
  to   space 20480K, 0% used [0x0000000792100000,0x0000000792100000,0x0000000793500000)
 ParOldGen       total 153600K, used 16707K [0x0000000700000000, 0x0000000709600000, 0x0000000780000000)
  object space 153600K, 10% used [0x0000000700000000,0x0000000701050fa0,0x0000000709600000)
 Metaspace       used 55527K, capacity 58938K, committed 59028K, reserved 1099776K
  class space    used 7759K, capacity 8398K, committed 8448K, reserved 1048576K
Event: 7.650 GC heap after
Heap after GC invocations=11 (full 2):
 PSYoungGen      total 316416K, used 17082K [0x0000000780000000, 0x0000000799380000, 0x00000007c0000000)
  eden space 295936K, 0% used [0x0000000780000000,0x0000000780000000,0x0000000792100000)
  from space 20480K, 83% used [0x0000000792100000,0x00000007931aea20,0x0000000793500000)
  to   space 21504K, 0% used [0x0000000797e80000,0x0000000797e80000,0x0000000799380000)
 ParOldGen       total 153600K, used 16723K [0x0000000700000000, 0x0000000709600000, 0x0000000780000000)
  object space 153600K, 10% used [0x0000000700000000,0x0000000701054fa0,0x0000000709600000)
 Metaspace       used 55527K, capacity 58938K, committed 59028K, reserved 1099776K
  class space    used 7759K, capacity 8398K, committed 8448K, reserved 1048576K
}
Event: 7.650 GC heap before
{Heap before GC invocations=12 (full 3):
 PSYoungGen      total 316416K, used 17082K [0x0000000780000000, 0x0000000799380000, 0x00000007c0000000)
  eden space 295936K, 0% used [0x0000000780000000,0x0000000780000000,0x0000000792100000)
  from space 20480K, 83% used [0x0000000792100000,0x00000007931aea20,0x0000000793500000)
  to   space 21504K, 0% used [0x0000000797e80000,0x0000000797e80000,0x0000000799380000)
 ParOldGen       total 153600K, used 16723K [0x0000000700000000, 0x0000000709600000, 0x0000000780000000)
  object space 153600K, 10% used [0x0000000700000000,0x0000000701054fa0,0x0000000709600000)
 Metaspace       used 55527K, capacity 58938K, committed 59028K, reserved 1099776K
  class space    used 7759K, capacity 8398K, committed 8448K, reserved 1048576K
Event: 7.779 GC heap after
Heap after GC invocations=12 (full 3):
 PSYoungGen      total 316416K, used 0K [0x0000000780000000, 0x0000000799380000, 0x00000007c0000000)
  eden space 295936K, 0% used [0x0000000780000000,0x0000000780000000,0x0000000792100000)
  from space 20480K, 0% used [0x0000000792100000,0x0000000792100000,0x0000000793500000)
  to   space 21504K, 0% used [0x0000000797e80000,0x0000000797e80000,0x0000000799380000)
 ParOldGen       total 220160K, used 29704K [0x0000000700000000, 0x000000070d700000, 0x0000000780000000)
  object space 220160K, 13% used [0x0000000700000000,0x0000000701d02250,0x000000070d700000)
 Metaspace       used 55382K, capacity 58446K, committed 59028K, reserved 1099776K
  class space    used 7713K, capacity 8316K, committed 8448K, reserved 1048576K
}
Event: 43.973 GC heap before
{Heap before GC invocations=13 (full 3):
 PSYoungGen      total 316416K, used 295936K [0x0000000780000000, 0x0000000799380000, 0x00000007c0000000)
  eden space 295936K, 100% used [0x0000000780000000,0x0000000792100000,0x0000000792100000)
  from space 20480K, 0% used [0x0000000792100000,0x0000000792100000,0x0000000793500000)
  to   space 21504K, 0% used [0x0000000797e80000,0x0000000797e80000,0x0000000799380000)
 ParOldGen       total 220160K, used 29704K [0x0000000700000000, 0x000000070d700000, 0x0000000780000000)
  object space 220160K, 13% used [0x0000000700000000,0x0000000701d02250,0x000000070d700000)
 Metaspace       used 65644K, capacity 69880K, committed 70144K, reserved 1110016K
  class space    used 9124K, capacity 9861K, committed 9984K, reserved 1048576K
Event: 44.019 GC heap after
Heap after GC invocations=13 (full 3):
 PSYoungGen      total 374784K, used 21486K [0x0000000780000000, 0x0000000799800000, 0x00000007c0000000)
  eden space 353280K, 0% used [0x0000000780000000,0x0000000780000000,0x0000000795900000)
  from space 21504K, 99% used [0x0000000797e80000,0x000000079937bb18,0x0000000799380000)
  to   space 32256K, 0% used [0x0000000795900000,0x0000000795900000,0x0000000797880000)
 ParOldGen       total 220160K, used 51432K [0x0000000700000000, 0x000000070d700000, 0x0000000780000000)
  object space 220160K, 23% used [0x0000000700000000,0x000000070323a1a0,0x000000070d700000)
 Metaspace       used 65644K, capacity 69880K, committed 70144K, reserved 1110016K
  class space    used 9124K, capacity 9861K, committed 9984K, reserved 1048576K
}

Deoptimization events (10 events):
Event: 55.221 Thread 0x0000028a8bb7d000 Uncommon trap: reason=bimorphic action=maybe_recompile pc=0x0000028af09b7470 method=java.lang.reflect.Field.set(Ljava/lang/Object;Ljava/lang/Object;)V @ 46
Event: 55.221 Thread 0x0000028a8bb7d000 Uncommon trap: reason=bimorphic action=maybe_recompile pc=0x0000028af089b0e8 method=java.lang.reflect.Field.set(Ljava/lang/Object;Ljava/lang/Object;)V @ 46
Event: 55.234 Thread 0x0000028a8bb7d000 Uncommon trap: reason=bimorphic action=maybe_recompile pc=0x0000028af1dec660 method=java.util.function.Predicate.lambda$and$0(Ljava/util/function/Predicate;Ljava/lang/Object;)Z @ 2
Event: 55.234 Thread 0x0000028a8bb7d000 Uncommon trap: reason=bimorphic action=maybe_recompile pc=0x0000028af1dec660 method=java.util.function.Predicate.lambda$and$0(Ljava/util/function/Predicate;Ljava/lang/Object;)Z @ 2
Event: 55.234 Thread 0x0000028a8bb7d000 Uncommon trap: reason=bimorphic action=maybe_recompile pc=0x0000028af1dec660 method=java.util.function.Predicate.lambda$and$0(Ljava/util/function/Predicate;Ljava/lang/Object;)Z @ 2
Event: 55.234 Thread 0x0000028a8bb7d000 Uncommon trap: reason=bimorphic action=maybe_recompile pc=0x0000028af1dec660 method=java.util.function.Predicate.lambda$and$0(Ljava/util/function/Predicate;Ljava/lang/Object;)Z @ 2
Event: 55.898 Thread 0x0000028a8c212800 Uncommon trap: reason=unstable_if action=reinterpret pc=0x0000028af0a69348 method=java.util.concurrent.ConcurrentHashMap.addCount(JI)V @ 168
Event: 59.634 Thread 0x0000028a8b164000 Uncommon trap: reason=bimorphic action=maybe_recompile pc=0x0000028af192c0b4 method=java.util.HashMap.removeNode(ILjava/lang/Object;Ljava/lang/Object;ZZ)Ljava/util/HashMap$Node; @ 283
Event: 64.650 Thread 0x0000028a8b164000 Uncommon trap: reason=bimorphic action=maybe_recompile pc=0x0000028af192c0b4 method=java.util.HashMap.removeNode(ILjava/lang/Object;Ljava/lang/Object;ZZ)Ljava/util/HashMap$Node; @ 283
Event: 91.480 Thread 0x0000028a8bb60800 Uncommon trap: reason=bimorphic action=maybe_recompile pc=0x0000028af04801b0 method=java.util.HashMap.removeNode(ILjava/lang/Object;Ljava/lang/Object;ZZ)Ljava/util/HashMap$Node; @ 283

Classes redefined (0 events):
No events

Internal exceptions (10 events):
Event: 9.416 Thread 0x0000028a8c22b800 Exception <a 'java/lang/NoSuchMethodError': java.lang.Object.lambda$happensBecause$0(Ljava/lang/String;)Ljava/lang/String;> (0x000000078ef0a508) thrown at [C:\jenkins\workspace\8-2-build-windows-amd64-cygwin\jdk8u301\1513\hotspot\src\share\vm\interpreter\
Event: 9.416 Thread 0x0000028a8c22b800 Exception <a 'java/lang/NoSuchMethodError': java.lang.Object.lambda$addPossibleSolution$3(Ljava/lang/String;)Ljava/lang/String;> (0x000000078ef0d850) thrown at [C:\jenkins\workspace\8-2-build-windows-amd64-cygwin\jdk8u301\1513\hotspot\src\share\vm\interpr
Event: 43.897 Thread 0x0000028a90cdb000 Exception <a 'java/lang/reflect/InvocationTargetException'> (0x00000007918d0b88) thrown at [C:\jenkins\workspace\8-2-build-windows-amd64-cygwin\jdk8u301\1513\hotspot\src\share\vm\runtime\reflection.cpp, line 1092]
Event: 43.903 Thread 0x0000028a8bb9a000 Exception <a 'java/lang/NoSuchMethodError': <clinit>> (0x000000078f040ff0) thrown at [C:\jenkins\workspace\8-2-build-windows-amd64-cygwin\jdk8u301\1513\hotspot\src\share\vm\prims\jni.cpp, line 1615]
Event: 43.907 Thread 0x0000028a8bb9a000 Exception <a 'java/lang/NoSuchMethodError': <clinit>> (0x000000078f0516d8) thrown at [C:\jenkins\workspace\8-2-build-windows-amd64-cygwin\jdk8u301\1513\hotspot\src\share\vm\prims\jni.cpp, line 1615]
Event: 44.063 Thread 0x0000028a8bcfe000 Exception <a 'java/lang/NoSuchMethodError': <clinit>> (0x0000000781e81880) thrown at [C:\jenkins\workspace\8-2-build-windows-amd64-cygwin\jdk8u301\1513\hotspot\src\share\vm\prims\jni.cpp, line 1615]
Event: 44.064 Thread 0x0000028a8bcfe000 Exception <a 'java/lang/NoSuchMethodError': <clinit>> (0x0000000781e911f8) thrown at [C:\jenkins\workspace\8-2-build-windows-amd64-cygwin\jdk8u301\1513\hotspot\src\share\vm\prims\jni.cpp, line 1615]
Event: 44.064 Thread 0x0000028a8bcfe000 Exception <a 'java/lang/NoSuchMethodError': <clinit>> (0x0000000781e936c0) thrown at [C:\jenkins\workspace\8-2-build-windows-amd64-cygwin\jdk8u301\1513\hotspot\src\share\vm\prims\jni.cpp, line 1615]
Event: 44.064 Thread 0x0000028a8bcfe000 Exception <a 'java/lang/NoSuchMethodError': <clinit>> (0x0000000781ea38b0) thrown at [C:\jenkins\workspace\8-2-build-windows-amd64-cygwin\jdk8u301\1513\hotspot\src\share\vm\prims\jni.cpp, line 1615]
Event: 44.065 Thread 0x0000028a8bcfe000 Exception <a 'java/lang/NoSuchMethodError': <clinit>> (0x0000000781eaec78) thrown at [C:\jenkins\workspace\8-2-build-windows-amd64-cygwin\jdk8u301\1513\hotspot\src\share\vm\prims\jni.cpp, line 1615]

Events (10 events):
Event: 70.612 Thread 0x0000028a89d74000 flushing nmethod 0x0000028af1ec1b10
Event: 81.249 Executing VM operation: RevokeBias
Event: 81.250 Executing VM operation: RevokeBias done
Event: 81.250 Thread 0x0000028a8b15e800 Thread exited: 0x0000028a8b15e800
Event: 91.480 Thread 0x0000028a8bb60800 Uncommon trap: trap_request=0xffffffc6 fr.pc=0x0000028af04801b0
Event: 91.480 Thread 0x0000028a8bb60800 DEOPT PACKING pc=0x0000028af04801b0 sp=0x000000de146fe410
Event: 91.480 Thread 0x0000028a8bb60800 DEOPT UNPACKING pc=0x0000028af0035843 sp=0x000000de146fe3b0 mode 2
Event: 97.265 Executing VM operation: RevokeBias
Event: 97.265 Executing VM operation: RevokeBias done
Event: 97.265 Thread 0x0000028a9091c000 Thread exited: 0x0000028a9091c000


Dynamic libraries:
0x00007ff757660000 - 0x00007ff7576a7000 	C:\Program Files\Java\jdk1.8.0_301\bin\java.exe
0x00007ffa21bb0000 - 0x00007ffa21da5000 	C:\Windows\SYSTEM32\ntdll.dll
0x00007ffa21260000 - 0x00007ffa2131e000 	C:\Windows\System32\KERNEL32.DLL
0x00007ffa1f7b0000 - 0x00007ffa1fa78000 	C:\Windows\System32\KERNELBASE.dll
0x00007ffa1fbf0000 - 0x00007ffa1fc9e000 	C:\Windows\System32\ADVAPI32.dll
0x00007ffa1fee0000 - 0x00007ffa1ff7e000 	C:\Windows\System32\msvcrt.dll
0x00007ffa20640000 - 0x00007ffa206dc000 	C:\Windows\System32\sechost.dll
0x00007ffa206e0000 - 0x00007ffa20805000 	C:\Windows\System32\RPCRT4.dll
0x00007ffa20490000 - 0x00007ffa20631000 	C:\Windows\System32\USER32.dll
0x00007ffa1fb10000 - 0x00007ffa1fb32000 	C:\Windows\System32\win32u.dll
0x00007ffa21230000 - 0x00007ffa2125b000 	C:\Windows\System32\GDI32.dll
0x00007ffa1f2c0000 - 0x00007ffa1f3cd000 	C:\Windows\System32\gdi32full.dll
0x00007ffa1f3d0000 - 0x00007ffa1f46d000 	C:\Windows\System32\msvcp_win.dll
0x00007ffa1f6b0000 - 0x00007ffa1f7b0000 	C:\Windows\System32\ucrtbase.dll
0x00007ffa0b680000 - 0x00007ffa0b91a000 	C:\Windows\WinSxS\amd64_microsoft.windows.common-controls_6595b64144ccf1df_6.0.19041.1110_none_60b5254171f9507e\COMCTL32.dll
0x00007ffa20460000 - 0x00007ffa20490000 	C:\Windows\System32\IMM32.DLL
0x00007ffa1bd70000 - 0x00007ffa1bd85000 	C:\Program Files\Java\jdk1.8.0_301\jre\bin\vcruntime140.dll
0x00007ffa01ee0000 - 0x00007ffa01f7b000 	C:\Program Files\Java\jdk1.8.0_301\jre\bin\msvcp140.dll
0x0000000068620000 - 0x0000000068e80000 	C:\Program Files\Java\jdk1.8.0_301\jre\bin\server\jvm.dll
0x00007ffa20d50000 - 0x00007ffa20d58000 	C:\Windows\System32\PSAPI.DLL
0x00007ffa094b0000 - 0x00007ffa094b9000 	C:\Windows\SYSTEM32\WSOCK32.dll
0x00007ffa148e0000 - 0x00007ffa14907000 	C:\Windows\SYSTEM32\WINMM.dll
0x00007ffa20df0000 - 0x00007ffa20e5b000 	C:\Windows\System32\WS2_32.dll
0x00007ffa17120000 - 0x00007ffa1712a000 	C:\Windows\SYSTEM32\VERSION.dll
0x00007ffa1d1d0000 - 0x00007ffa1d1e2000 	C:\Windows\SYSTEM32\kernel.appcore.dll
0x00007ffa1c940000 - 0x00007ffa1c950000 	C:\Program Files\Java\jdk1.8.0_301\jre\bin\verify.dll
0x00007ffa1b100000 - 0x00007ffa1b12b000 	C:\Program Files\Java\jdk1.8.0_301\jre\bin\java.dll
0x00007ffa1b020000 - 0x00007ffa1b038000 	C:\Program Files\Java\jdk1.8.0_301\jre\bin\zip.dll
0x00007ffa21400000 - 0x00007ffa21b44000 	C:\Windows\System32\SHELL32.dll
0x00007ffa1d3d0000 - 0x00007ffa1db65000 	C:\Windows\SYSTEM32\windows.storage.dll
0x00007ffa20940000 - 0x00007ffa20c95000 	C:\Windows\System32\combase.dll
0x00007ffa1ed10000 - 0x00007ffa1ed3e000 	C:\Windows\SYSTEM32\Wldp.dll
0x00007ffa20ca0000 - 0x00007ffa20d4d000 	C:\Windows\System32\SHCORE.dll
0x00007ffa20400000 - 0x00007ffa20455000 	C:\Windows\System32\shlwapi.dll
0x00007ffa1f200000 - 0x00007ffa1f21f000 	C:\Windows\SYSTEM32\profapi.dll
0x00007ffa19fd0000 - 0x00007ffa19fec000 	C:\Program Files\Java\jdk1.8.0_301\jre\bin\net.dll
0x00007ffa1ea70000 - 0x00007ffa1eada000 	C:\Windows\system32\mswsock.dll
0x00007ffa19e80000 - 0x00007ffa19e93000 	C:\Program Files\Java\jdk1.8.0_301\jre\bin\nio.dll
0x00007ffa1c1a0000 - 0x00007ffa1c1c7000 	C:\Users\pablo\.gradle\native\8bec1ad78214c89d9ad589b4d07fe93259594b29d510b10fafb7a158f7737e5d\windows-amd64\native-platform.dll
0x00007ff9ec0f0000 - 0x00007ff9ec22d000 	C:\Users\pablo\.gradle\native\53dbd7edfb1c66fb8903c78663c9afc45aea4f116125fa6feffd364cf09443e8\windows-amd64\native-platform-file-events.dll
0x00007ffa1c920000 - 0x00007ffa1c92d000 	C:\Program Files\Java\jdk1.8.0_301\jre\bin\management.dll
0x00007ffa1ec60000 - 0x00007ffa1ec78000 	C:\Windows\SYSTEM32\CRYPTSP.dll
0x00007ffa1e380000 - 0x00007ffa1e3b4000 	C:\Windows\system32\rsaenh.dll
0x00007ffa1f5d0000 - 0x00007ffa1f5f7000 	C:\Windows\System32\bcrypt.dll
0x00007ffa1f180000 - 0x00007ffa1f1ae000 	C:\Windows\SYSTEM32\USERENV.dll
0x00007ffa1fa80000 - 0x00007ffa1fb02000 	C:\Windows\System32\bcryptprimitives.dll
0x00007ffa1ec80000 - 0x00007ffa1ec8c000 	C:\Windows\SYSTEM32\CRYPTBASE.dll
0x00007ffa1e710000 - 0x00007ffa1e74b000 	C:\Windows\SYSTEM32\IPHLPAPI.DLL
0x00007ffa1fe70000 - 0x00007ffa1fe78000 	C:\Windows\System32\NSI.dll
0x00007ffa19820000 - 0x00007ffa19837000 	C:\Windows\SYSTEM32\dhcpcsvc6.DLL
0x00007ffa19690000 - 0x00007ffa196ad000 	C:\Windows\SYSTEM32\dhcpcsvc.DLL
0x00007ffa1e760000 - 0x00007ffa1e82b000 	C:\Windows\SYSTEM32\DNSAPI.dll
0x00007ffa18b60000 - 0x00007ffa18b84000 	C:\Program Files\Java\jdk1.8.0_301\jre\bin\sunec.dll
0x000000006a180000 - 0x000000006a1a6000 	C:\Program Files\Bonjour\mdnsNSP.dll
0x00007ffa17220000 - 0x00007ffa1722a000 	C:\Windows\System32\rasadhlp.dll
0x00007ffa15420000 - 0x00007ffa1549f000 	C:\Windows\System32\fwpuclnt.dll
0x00007ffa1c8b0000 - 0x00007ffa1c8bd000 	C:\Program Files\Java\jdk1.8.0_301\jre\bin\sunmscapi.dll
0x00007ffa1f470000 - 0x00007ffa1f5c6000 	C:\Windows\System32\CRYPT32.dll
0x00007ffa1ed80000 - 0x00007ffa1eda7000 	C:\Windows\SYSTEM32\ncrypt.dll
0x00007ffa1ed40000 - 0x00007ffa1ed7b000 	C:\Windows\SYSTEM32\NTASN1.dll
0x00007ffa1c6b0000 - 0x00007ffa1c740000 	C:\Windows\system32\apphelp.dll

VM Arguments:
jvm_args: -Xmx3G -Dfile.encoding=windows-1252 -Duser.country=US -Duser.language=en -Duser.variant 
java_command: org.gradle.launcher.daemon.bootstrap.GradleDaemon 7.1.1
java_class_path (initial): C:\Users\pablo\.gradle\wrapper\dists\gradle-7.1.1-bin\f29rtwfnc96ub43tt7p47zsru\gradle-7.1.1\lib\gradle-launcher-7.1.1.jar
Launcher Type: SUN_STANDARD

Environment Variables:
JAVA_HOME=C:\Program Files\Java\jdk1.8.0_301
PATH=C:\Program Files\Eclipse Adoptium\jdk-8.0.312.7-hotspot\bin;E:\Oculus\Support\oculus-runtime;C:\Program Files (x86)\Common Files\Oracle\Java\javapath;C:\Windows\system32;C:\Windows;C:\Windows\System32\Wbem;C:\Windows\System32\WindowsPowerShell\v1.0\;C:\Windows\System32\OpenSSH\;C:\Program Files\nodejs\;C:\Program Files (x86)\Microsoft SQL Server\150\DTS\Binn\;C:\Program Files\Azure Data Studio\bin;C:\Program Files\Microsoft SQL Server\Client SDK\ODBC\170\Tools\Binn\;C:\Program Files (x86)\Microsoft SQL Server\150\Tools\Binn\;C:\Program Files\Microsoft SQL Server\150\Tools\Binn\;C:\Program Files\Microsoft SQL Server\150\DTS\Binn\;C:\Users\pablo\.dnx\bin;C:\Program Files\Microsoft DNX\Dnvm\;C:\Program Files\Microsoft SQL Server\130\Tools\Binn\;C:\Program Files (x86)\NVIDIA Corporation\PhysX\Common;C:\Program Files\Java\jdk1.8.0_301\bin;C:\Program Files\Java\jdk-14.0.1\bin;C:\Program Files\Git\cmd;C:\Program Files\MySQL\MySQL Shell 8.0\bin\;C:\Users\pablo\AppData\Local\Programs\Python\Python39\Scripts\;C:\Users\pablo\AppData\Local\Programs\Python\Python39\;C:\Users\pablo\AppData\Local\Microsoft\WindowsApps;C:\Users\pablo\AppData\Local\Programs\Microsoft VS Code\bin;C:\Users\pablo\AppData\Roaming\npm;C:\Program Files\Azure Data Studio\bin;C:\Users\pablo\AppData\Local\GitHubDesktop\bin;E:\Program Files\JetBrains\IntelliJ IDEA Community Edition 2021.2\bin;;E:\Program Files\heroku\bin
USERNAME=pablo
OS=Windows_NT
PROCESSOR_IDENTIFIER=AMD64 Family 23 Model 8 Stepping 2, AuthenticAMD



---------------  S Y S T E M  ---------------

OS: Windows 10.0 , 64 bit Build 19041 (10.0.19041.1466)

CPU:total 16 (initial active 16) (16 cores per cpu, 1 threads per core) family 23 model 8 stepping 2, cmov, cx8, fxsr, mmx, sse, sse2, sse3, ssse3, sse4.1, sse4.2, popcnt, avx, avx2, aes, clmul, mmxext, 3dnowpref, lzcnt, sse4a, tsc, tscinvbit, tscinv, bmi1

Memory: 4k page, physical 16724200k(3736876k free), swap 17772776k(5128k free)

vm_info: Java HotSpot(TM) 64-Bit Server VM (25.301-b09) for windows-amd64 JRE (1.8.0_301-b09), built on Jun  9 2021 06:46:21 by "java_re" with MS VC++ 15.9 (VS2017)

time: Sat Jan 22 19:11:36 2022
timezone: Montevideo Standard Time
elapsed time: 102.043021 seconds (0d 0h 1m 42s)

