#
# There is insufficient memory for the Java Runtime Environment to continue.
# Native memory allocation (malloc) failed to allocate 32744 bytes for ChunkPool::allocate
# Possible reasons:
#   The system is out of physical RAM or swap space
#   The process is running with CompressedOops enabled, and the Java Heap may be blocking the growth of the native heap
# Possible solutions:
#   Reduce memory load on the system
#   Increase physical memory or swap space
#   Check if swap backing store is full
#   Decrease Java heap size (-Xmx/-Xms)
#   Decrease number of Java threads
#   Decrease Java thread stack sizes (-Xss)
#   Set larger code cache with -XX:ReservedCodeCacheSize=
#   JVM is running with Zero Based Compressed Oops mode in which the Java heap is
#     placed in the first 32GB address space. The Java Heap base address is the
#     maximum limit for the native heap growth. Please use -XX:HeapBaseMinAddress
#     to set the Java Heap base and to place the Java Heap above 32GB virtual address.
# This output file may be truncated or incomplete.
#
#  Out of Memory Error (allocation.cpp:272), pid=12308, tid=0x0000000000001d0c
#
# JRE version: Java(TM) SE Runtime Environment (8.0_301-b09) (build 1.8.0_301-b09)
# Java VM: Java HotSpot(TM) 64-Bit Server VM (25.301-b09 mixed mode windows-amd64 compressed oops)
# Failed to write core dump. Minidumps are not enabled by default on client versions of Windows
#

---------------  T H R E A D  ---------------

Current thread (0x000001f61dd5a800):  JavaThread "C2 CompilerThread0" daemon [_thread_in_native, id=7436, stack(0x0000005b4e300000,0x0000005b4e400000)]

Stack: [0x0000005b4e300000,0x0000005b4e400000]
Native frames: (J=compiled Java code, j=interpreted, Vv=VM code, C=native code)
V  [jvm.dll+0x32ed79]


Current CompileTask:
C2: 268052 11388   !   4       java.io.BufferedWriter::flushBuffer (53 bytes)


---------------  P R O C E S S  ---------------

Java Threads: ( => current thread )
  0x000001f621c0c000 JavaThread "Build operations Thread 16" [_thread_blocked, id=14868, stack(0x0000005b5e600000,0x0000005b5e700000)]
  0x000001f621c0a000 JavaThread "Build operations Thread 15" [_thread_blocked, id=15664, stack(0x0000005b5e500000,0x0000005b5e600000)]
  0x000001f621c0b800 JavaThread "Build operations Thread 14" [_thread_blocked, id=15428, stack(0x0000005b5e400000,0x0000005b5e500000)]
  0x000001f621c0d800 JavaThread "Build operations Thread 13" [_thread_blocked, id=20384, stack(0x0000005b5e300000,0x0000005b5e400000)]
  0x000001f621c0a800 JavaThread "Build operations Thread 12" [_thread_blocked, id=12416, stack(0x0000005b5e200000,0x0000005b5e300000)]
  0x000001f621c09000 JavaThread "Build operations Thread 11" [_thread_blocked, id=20336, stack(0x0000005b5e100000,0x0000005b5e200000)]
  0x000001f621c05800 JavaThread "Build operations Thread 10" [_thread_blocked, id=6948, stack(0x0000005b5e000000,0x0000005b5e100000)]
  0x000001f621c07000 JavaThread "Build operations Thread 9" [_thread_blocked, id=3172, stack(0x0000005b5df00000,0x0000005b5e000000)]
  0x000001f621c08800 JavaThread "Build operations Thread 8" [_thread_blocked, id=17148, stack(0x0000005b5de00000,0x0000005b5df00000)]
  0x000001f621c07800 JavaThread "Build operations Thread 7" [_thread_blocked, id=11676, stack(0x0000005b5dd00000,0x0000005b5de00000)]
  0x000001f621c06000 JavaThread "Build operations Thread 6" [_thread_blocked, id=2548, stack(0x0000005b5dc00000,0x0000005b5dd00000)]
  0x000001f621bfe800 JavaThread "Build operations Thread 5" [_thread_blocked, id=12412, stack(0x0000005b5db00000,0x0000005b5dc00000)]
  0x000001f621c02800 JavaThread "Build operations Thread 4" [_thread_blocked, id=14824, stack(0x0000005b5da00000,0x0000005b5db00000)]
  0x000001f621c01800 JavaThread "Build operations Thread 3" [_thread_blocked, id=12364, stack(0x0000005b5d900000,0x0000005b5da00000)]
  0x000001f621c04800 JavaThread "Build operations Thread 2" [_thread_blocked, id=9296, stack(0x0000005b5d800000,0x0000005b5d900000)]
  0x000001f621bff000 JavaThread "Build operations" [_thread_blocked, id=12896, stack(0x0000005b5d700000,0x0000005b5d800000)]
  0x000001f621c04000 JavaThread "Cache worker for Java compile cache (C:\Users\pablo\.gradle\caches\7.1.1\javaCompile)" [_thread_blocked, id=12656, stack(0x0000005b5d600000,0x0000005b5d700000)]
  0x000001f621c00000 JavaThread "Cache worker for execution history cache (C:\Users\pablo\Documents\Proyectos\Mods Minecraft\LoL Mod\.gradle\7.1.1\executionHistory)" [_thread_blocked, id=10128, stack(0x0000005b5d500000,0x0000005b5d600000)]
  0x000001f621c00800 JavaThread "Execution worker for ':' Thread 15" [_thread_blocked, id=2152, stack(0x0000005b5d400000,0x0000005b5d500000)]
  0x000001f621c03000 JavaThread "Execution worker for ':' Thread 14" [_thread_blocked, id=22608, stack(0x0000005b5d300000,0x0000005b5d400000)]
  0x000001f621bf7000 JavaThread "Execution worker for ':' Thread 13" [_thread_blocked, id=21556, stack(0x0000005b5d200000,0x0000005b5d300000)]
  0x000001f621bfd800 JavaThread "Execution worker for ':' Thread 12" [_thread_blocked, id=12712, stack(0x0000005b5d100000,0x0000005b5d200000)]
  0x000001f621bfd000 JavaThread "Execution worker for ':' Thread 11" [_thread_blocked, id=4300, stack(0x0000005b5d000000,0x0000005b5d100000)]
  0x000001f621bfc000 JavaThread "Execution worker for ':' Thread 10" [_thread_blocked, id=5680, stack(0x0000005b5cf00000,0x0000005b5d000000)]
  0x000001f621bf6000 JavaThread "Execution worker for ':' Thread 9" [_thread_blocked, id=20684, stack(0x0000005b5ce00000,0x0000005b5cf00000)]
  0x000001f621bfb800 JavaThread "Execution worker for ':' Thread 8" [_thread_blocked, id=6276, stack(0x0000005b5cb00000,0x0000005b5cc00000)]
  0x000001f621bfa000 JavaThread "Execution worker for ':' Thread 7" [_thread_blocked, id=4612, stack(0x0000005b5ca00000,0x0000005b5cb00000)]
  0x000001f621bf4800 JavaThread "Execution worker for ':' Thread 6" [_thread_blocked, id=10012, stack(0x0000005b5c900000,0x0000005b5ca00000)]
  0x000001f621bf5800 JavaThread "Execution worker for ':' Thread 5" [_thread_blocked, id=13264, stack(0x0000005b5c800000,0x0000005b5c900000)]
  0x000001f621bfa800 JavaThread "Execution worker for ':' Thread 4" [_thread_blocked, id=6848, stack(0x0000005b5c700000,0x0000005b5c800000)]
  0x000001f621bf9000 JavaThread "Execution worker for ':' Thread 3" [_thread_blocked, id=23116, stack(0x0000005b5c600000,0x0000005b5c700000)]
  0x000001f621bf8800 JavaThread "Execution worker for ':' Thread 2" [_thread_blocked, id=3556, stack(0x0000005b5c500000,0x0000005b5c600000)]
  0x000001f621bf7800 JavaThread "Execution worker for ':'" [_thread_blocked, id=14468, stack(0x0000005b5c400000,0x0000005b5c500000)]
  0x000001f621bf3000 JavaThread "Unconstrained build operations Thread 160" [_thread_blocked, id=13120, stack(0x0000005b5c300000,0x0000005b5c400000)]
  0x000001f621bef800 JavaThread "Unconstrained build operations Thread 159" [_thread_blocked, id=15776, stack(0x0000005b5c200000,0x0000005b5c300000)]
  0x000001f621bf4000 JavaThread "Unconstrained build operations Thread 158" [_thread_blocked, id=5436, stack(0x0000005b5c100000,0x0000005b5c200000)]
  0x000001f621bf2800 JavaThread "Unconstrained build operations Thread 157" [_thread_blocked, id=7604, stack(0x0000005b5c000000,0x0000005b5c100000)]
  0x000001f621bf1000 JavaThread "Unconstrained build operations Thread 156" [_thread_blocked, id=20708, stack(0x0000005b5bf00000,0x0000005b5c000000)]
  0x000001f621bf1800 JavaThread "Unconstrained build operations Thread 155" [_thread_blocked, id=5596, stack(0x0000005b5be00000,0x0000005b5bf00000)]
  0x000001f621bee800 JavaThread "Unconstrained build operations Thread 154" [_thread_blocked, id=20560, stack(0x0000005b5bd00000,0x0000005b5be00000)]
  0x000001f621bf0000 JavaThread "Unconstrained build operations Thread 153" [_thread_blocked, id=20420, stack(0x0000005b5bc00000,0x0000005b5bd00000)]
  0x000001f623b64800 JavaThread "Unconstrained build operations Thread 152" [_thread_blocked, id=23500, stack(0x0000005b5bb00000,0x0000005b5bc00000)]
  0x000001f623b67800 JavaThread "Unconstrained build operations Thread 151" [_thread_blocked, id=6984, stack(0x0000005b5ba00000,0x0000005b5bb00000)]
  0x000001f623b66000 JavaThread "Unconstrained build operations Thread 150" [_thread_blocked, id=20848, stack(0x0000005b5b900000,0x0000005b5ba00000)]
  0x000001f623b65800 JavaThread "Unconstrained build operations Thread 149" [_thread_blocked, id=6164, stack(0x0000005b5b800000,0x0000005b5b900000)]
  0x000001f623b64000 JavaThread "Unconstrained build operations Thread 148" [_thread_blocked, id=1308, stack(0x0000005b5b700000,0x0000005b5b800000)]
  0x000001f623b67000 JavaThread "Unconstrained build operations Thread 147" [_thread_blocked, id=14248, stack(0x0000005b5b600000,0x0000005b5b700000)]
  0x000001f623b5c800 JavaThread "Unconstrained build operations Thread 146" [_thread_blocked, id=23016, stack(0x0000005b5b500000,0x0000005b5b600000)]
  0x000001f623b63000 JavaThread "Unconstrained build operations Thread 145" [_thread_blocked, id=16820, stack(0x0000005b5b400000,0x0000005b5b500000)]
  0x000001f623b61800 JavaThread "Unconstrained build operations Thread 144" [_thread_blocked, id=8808, stack(0x0000005b5b300000,0x0000005b5b400000)]
  0x000001f623b60000 JavaThread "Unconstrained build operations Thread 143" [_thread_blocked, id=23236, stack(0x0000005b5b200000,0x0000005b5b300000)]
  0x000001f623b5f800 JavaThread "Unconstrained build operations Thread 142" [_thread_blocked, id=12432, stack(0x0000005b5b100000,0x0000005b5b200000)]
  0x000001f623b5e800 JavaThread "Unconstrained build operations Thread 141" [_thread_blocked, id=8244, stack(0x0000005b5b000000,0x0000005b5b100000)]
  0x000001f623b61000 JavaThread "Unconstrained build operations Thread 140" [_thread_blocked, id=5540, stack(0x0000005b5af00000,0x0000005b5b000000)]
  0x000001f623b62800 JavaThread "Unconstrained build operations Thread 139" [_thread_blocked, id=4708, stack(0x0000005b5ae00000,0x0000005b5af00000)]
  0x000001f623b59800 JavaThread "Unconstrained build operations Thread 138" [_thread_blocked, id=18356, stack(0x0000005b5ad00000,0x0000005b5ae00000)]
  0x000001f623b5b000 JavaThread "Unconstrained build operations Thread 137" [_thread_blocked, id=15224, stack(0x0000005b5ac00000,0x0000005b5ad00000)]
  0x000001f623b5d000 JavaThread "Unconstrained build operations Thread 136" [_thread_blocked, id=17892, stack(0x0000005b5ab00000,0x0000005b5ac00000)]
  0x000001f623b5b800 JavaThread "Unconstrained build operations Thread 135" [_thread_blocked, id=11012, stack(0x0000005b5aa00000,0x0000005b5ab00000)]
  0x000001f623b5e000 JavaThread "Unconstrained build operations Thread 134" [_thread_blocked, id=12356, stack(0x0000005b5a900000,0x0000005b5aa00000)]
  0x000001f623b5a000 JavaThread "Unconstrained build operations Thread 133" [_thread_blocked, id=13180, stack(0x0000005b5a800000,0x0000005b5a900000)]
  0x000001f623b51800 JavaThread "Unconstrained build operations Thread 132" [_thread_blocked, id=7988, stack(0x0000005b5a700000,0x0000005b5a800000)]
  0x000001f623b58800 JavaThread "Unconstrained build operations Thread 131" [_thread_blocked, id=21012, stack(0x0000005b5a600000,0x0000005b5a700000)]
  0x000001f623b51000 JavaThread "Unconstrained build operations Thread 130" [_thread_blocked, id=13184, stack(0x0000005b5a500000,0x0000005b5a600000)]
  0x000001f623b57800 JavaThread "Unconstrained build operations Thread 129" [_thread_blocked, id=16112, stack(0x0000005b5a400000,0x0000005b5a500000)]
  0x000001f623b54800 JavaThread "Unconstrained build operations Thread 128" [_thread_blocked, id=15404, stack(0x0000005b5a300000,0x0000005b5a400000)]
  0x000001f623b57000 JavaThread "Unconstrained build operations Thread 127" [_thread_blocked, id=6760, stack(0x0000005b5a200000,0x0000005b5a300000)]
  0x000001f623b55800 JavaThread "Unconstrained build operations Thread 126" [_thread_blocked, id=21528, stack(0x0000005b5a100000,0x0000005b5a200000)]
  0x000001f623b54000 JavaThread "Unconstrained build operations Thread 125" [_thread_blocked, id=7072, stack(0x0000005b5a000000,0x0000005b5a100000)]
  0x000001f623b53000 JavaThread "Unconstrained build operations Thread 124" [_thread_blocked, id=17548, stack(0x0000005b59f00000,0x0000005b5a000000)]
  0x000001f623b52800 JavaThread "Unconstrained build operations Thread 123" [_thread_blocked, id=14136, stack(0x0000005b59e00000,0x0000005b59f00000)]
  0x000001f623b56000 JavaThread "Unconstrained build operations Thread 122" [_thread_blocked, id=6320, stack(0x0000005b59d00000,0x0000005b59e00000)]
  0x000001f623b4c800 JavaThread "Unconstrained build operations Thread 121" [_thread_blocked, id=20436, stack(0x0000005b59c00000,0x0000005b59d00000)]
  0x000001f623b49800 JavaThread "Unconstrained build operations Thread 120" [_thread_blocked, id=21196, stack(0x0000005b59b00000,0x0000005b59c00000)]
  0x000001f623b50000 JavaThread "Unconstrained build operations Thread 119" [_thread_blocked, id=19040, stack(0x0000005b59a00000,0x0000005b59b00000)]
  0x000001f623b4b000 JavaThread "Unconstrained build operations Thread 118" [_thread_blocked, id=13144, stack(0x0000005b59900000,0x0000005b59a00000)]
  0x000001f623b48800 JavaThread "Unconstrained build operations Thread 117" [_thread_blocked, id=10136, stack(0x0000005b59800000,0x0000005b59900000)]
  0x000001f623b4b800 JavaThread "Unconstrained build operations Thread 116" [_thread_blocked, id=4556, stack(0x0000005b59700000,0x0000005b59800000)]
  0x000001f623b4f800 JavaThread "Unconstrained build operations Thread 115" [_thread_blocked, id=3928, stack(0x0000005b59600000,0x0000005b59700000)]
  0x000001f623b4e800 JavaThread "Unconstrained build operations Thread 114" [_thread_blocked, id=10772, stack(0x0000005b59500000,0x0000005b59600000)]
  0x000001f623b4a000 JavaThread "Unconstrained build operations Thread 113" [_thread_blocked, id=9800, stack(0x0000005b59400000,0x0000005b59500000)]
  0x000001f623b4e000 JavaThread "Unconstrained build operations Thread 112" [_thread_blocked, id=15120, stack(0x0000005b59300000,0x0000005b59400000)]
  0x000001f623b4d000 JavaThread "Unconstrained build operations Thread 111" [_thread_blocked, id=11372, stack(0x0000005b59200000,0x0000005b59300000)]
  0x000001f620462800 JavaThread "Unconstrained build operations Thread 110" [_thread_blocked, id=5372, stack(0x0000005b59100000,0x0000005b59200000)]
  0x000001f620463800 JavaThread "Unconstrained build operations Thread 109" [_thread_blocked, id=8680, stack(0x0000005b59000000,0x0000005b59100000)]
  0x000001f620465800 JavaThread "Unconstrained build operations Thread 108" [_thread_blocked, id=6244, stack(0x0000005b58f00000,0x0000005b59000000)]
  0x000001f620465000 JavaThread "Unconstrained build operations Thread 107" [_thread_blocked, id=9684, stack(0x0000005b58e00000,0x0000005b58f00000)]
  0x000001f620462000 JavaThread "Unconstrained build operations Thread 106" [_thread_blocked, id=14128, stack(0x0000005b58d00000,0x0000005b58e00000)]
  0x000001f620461000 JavaThread "Unconstrained build operations Thread 105" [_thread_blocked, id=11692, stack(0x0000005b58c00000,0x0000005b58d00000)]
  0x000001f620464000 JavaThread "Unconstrained build operations Thread 104" [_thread_blocked, id=5332, stack(0x0000005b58b00000,0x0000005b58c00000)]
  0x000001f620459800 JavaThread "Unconstrained build operations Thread 103" [_thread_blocked, id=12568, stack(0x0000005b58a00000,0x0000005b58b00000)]
  0x000001f620460800 JavaThread "Unconstrained build operations Thread 102" [_thread_blocked, id=16896, stack(0x0000005b58900000,0x0000005b58a00000)]
  0x000001f62045f800 JavaThread "Unconstrained build operations Thread 101" [_thread_blocked, id=22624, stack(0x0000005b58800000,0x0000005b58900000)]
  0x000001f620458000 JavaThread "Unconstrained build operations Thread 100" [_thread_blocked, id=1960, stack(0x0000005b58700000,0x0000005b58800000)]
  0x000001f62045f000 JavaThread "Unconstrained build operations Thread 99" [_thread_blocked, id=19400, stack(0x0000005b58600000,0x0000005b58700000)]
  0x000001f620457800 JavaThread "Unconstrained build operations Thread 98" [_thread_blocked, id=17792, stack(0x0000005b58500000,0x0000005b58600000)]
  0x000001f62045e000 JavaThread "Unconstrained build operations Thread 97" [_thread_blocked, id=15704, stack(0x0000005b58400000,0x0000005b58500000)]
  0x000001f620459000 JavaThread "Unconstrained build operations Thread 96" [_thread_blocked, id=17356, stack(0x0000005b58300000,0x0000005b58400000)]
  0x000001f62045c800 JavaThread "Unconstrained build operations Thread 95" [_thread_blocked, id=18936, stack(0x0000005b58200000,0x0000005b58300000)]
  0x000001f62045c000 JavaThread "Unconstrained build operations Thread 94" [_thread_blocked, id=20400, stack(0x0000005b58100000,0x0000005b58200000)]
  0x000001f620456800 JavaThread "Unconstrained build operations Thread 93" [_thread_blocked, id=16708, stack(0x0000005b58000000,0x0000005b58100000)]
  0x000001f62045b000 JavaThread "Unconstrained build operations Thread 92" [_thread_blocked, id=21472, stack(0x0000005b57f00000,0x0000005b58000000)]
  0x000001f62045d800 JavaThread "Unconstrained build operations Thread 91" [_thread_blocked, id=6932, stack(0x0000005b57e00000,0x0000005b57f00000)]
  0x000001f62045a800 JavaThread "Unconstrained build operations Thread 90" [_thread_blocked, id=12768, stack(0x0000005b57d00000,0x0000005b57e00000)]
  0x000001f61e898800 JavaThread "Unconstrained build operations Thread 89" [_thread_blocked, id=10692, stack(0x0000005b57c00000,0x0000005b57d00000)]
  0x000001f61e89f800 JavaThread "Unconstrained build operations Thread 88" [_thread_blocked, id=14436, stack(0x0000005b57b00000,0x0000005b57c00000)]
  0x000001f61e898000 JavaThread "Unconstrained build operations Thread 87" [_thread_blocked, id=16424, stack(0x0000005b57a00000,0x0000005b57b00000)]
  0x000001f61e899800 JavaThread "Unconstrained build operations Thread 86" [_thread_blocked, id=12224, stack(0x0000005b57900000,0x0000005b57a00000)]
  0x000001f61e897000 JavaThread "Unconstrained build operations Thread 85" [_thread_blocked, id=19612, stack(0x0000005b57800000,0x0000005b57900000)]
  0x000001f621eb2800 JavaThread "Unconstrained build operations Thread 84" [_thread_blocked, id=21764, stack(0x0000005b57700000,0x0000005b57800000)]
  0x000001f621eb2000 JavaThread "Unconstrained build operations Thread 83" [_thread_blocked, id=12284, stack(0x0000005b57600000,0x0000005b57700000)]
  0x000001f621eaa800 JavaThread "Unconstrained build operations Thread 82" [_thread_blocked, id=10260, stack(0x0000005b57500000,0x0000005b57600000)]
  0x000001f621eab000 JavaThread "Unconstrained build operations Thread 81" [_thread_blocked, id=4440, stack(0x0000005b57400000,0x0000005b57500000)]
  0x000001f621eb1000 JavaThread "Unconstrained build operations Thread 80" [_thread_blocked, id=17684, stack(0x0000005b57300000,0x0000005b57400000)]
  0x000001f621ea9800 JavaThread "Unconstrained build operations Thread 79" [_thread_blocked, id=6632, stack(0x0000005b57200000,0x0000005b57300000)]
  0x000001f621eb0800 JavaThread "Unconstrained build operations Thread 78" [_thread_blocked, id=2788, stack(0x0000005b57100000,0x0000005b57200000)]
  0x000001f621eaf000 JavaThread "Unconstrained build operations Thread 77" [_thread_blocked, id=21312, stack(0x0000005b57000000,0x0000005b57100000)]
  0x000001f621eac800 JavaThread "Unconstrained build operations Thread 76" [_thread_blocked, id=13128, stack(0x0000005b56f00000,0x0000005b57000000)]
  0x000001f6236e5800 JavaThread "Unconstrained build operations Thread 75" [_thread_blocked, id=18864, stack(0x0000005b56e00000,0x0000005b56f00000)]
  0x000001f6236e1000 JavaThread "Unconstrained build operations Thread 74" [_thread_blocked, id=3968, stack(0x0000005b56d00000,0x0000005b56e00000)]
  0x000001f6236e2800 JavaThread "Unconstrained build operations Thread 73" [_thread_blocked, id=18088, stack(0x0000005b56c00000,0x0000005b56d00000)]
  0x000001f6236e0000 JavaThread "Unconstrained build operations Thread 72" [_thread_blocked, id=18800, stack(0x0000005b56b00000,0x0000005b56c00000)]
  0x000001f6236d8800 JavaThread "Unconstrained build operations Thread 71" [_thread_blocked, id=10760, stack(0x0000005b56a00000,0x0000005b56b00000)]
  0x000001f6236df800 JavaThread "Unconstrained build operations Thread 70" [_thread_blocked, id=14624, stack(0x0000005b56900000,0x0000005b56a00000)]
  0x000001f6236d8000 JavaThread "Unconstrained build operations Thread 69" [_thread_blocked, id=3788, stack(0x0000005b56800000,0x0000005b56900000)]
  0x000001f6236de000 JavaThread "Unconstrained build operations Thread 68" [_thread_blocked, id=4216, stack(0x0000005b56700000,0x0000005b56800000)]
  0x000001f6236de800 JavaThread "Unconstrained build operations Thread 67" [_thread_blocked, id=15604, stack(0x0000005b56600000,0x0000005b56700000)]
  0x000001f6236dd000 JavaThread "Unconstrained build operations Thread 66" [_thread_blocked, id=22928, stack(0x0000005b56500000,0x0000005b56600000)]
  0x000001f6236dc800 JavaThread "Unconstrained build operations Thread 65" [_thread_blocked, id=6060, stack(0x0000005b56400000,0x0000005b56500000)]
  0x000001f6236db000 JavaThread "Unconstrained build operations Thread 64" [_thread_blocked, id=21708, stack(0x0000005b56300000,0x0000005b56400000)]
  0x000001f6236da000 JavaThread "Unconstrained build operations Thread 63" [_thread_blocked, id=7580, stack(0x0000005b56200000,0x0000005b56300000)]
  0x000001f623c64800 JavaThread "Unconstrained build operations Thread 62" [_thread_blocked, id=5256, stack(0x0000005b56100000,0x0000005b56200000)]
  0x000001f623c67000 JavaThread "Unconstrained build operations Thread 61" [_thread_blocked, id=8572, stack(0x0000005b56000000,0x0000005b56100000)]
  0x000001f623c63000 JavaThread "Unconstrained build operations Thread 60" [_thread_blocked, id=19912, stack(0x0000005b55f00000,0x0000005b56000000)]
  0x000001f623c65800 JavaThread "Unconstrained build operations Thread 59" [_thread_blocked, id=23276, stack(0x0000005b55e00000,0x0000005b55f00000)]
  0x000001f623c67800 JavaThread "Unconstrained build operations Thread 58" [_thread_blocked, id=5288, stack(0x0000005b55d00000,0x0000005b55e00000)]
  0x000001f623c64000 JavaThread "Unconstrained build operations Thread 57" [_thread_blocked, id=12728, stack(0x0000005b55c00000,0x0000005b55d00000)]
  0x000001f623c62800 JavaThread "Unconstrained build operations Thread 56" [_thread_blocked, id=6032, stack(0x0000005b55b00000,0x0000005b55c00000)]
  0x000001f623c66000 JavaThread "Unconstrained build operations Thread 55" [_thread_blocked, id=22764, stack(0x0000005b55a00000,0x0000005b55b00000)]
  0x000001f623c5b000 JavaThread "Unconstrained build operations Thread 54" [_thread_blocked, id=5492, stack(0x0000005b55900000,0x0000005b55a00000)]
  0x000001f623c61800 JavaThread "Unconstrained build operations Thread 53" [_thread_blocked, id=19436, stack(0x0000005b55800000,0x0000005b55900000)]
  0x000001f623c60000 JavaThread "Unconstrained build operations Thread 52" [_thread_blocked, id=18520, stack(0x0000005b55700000,0x0000005b55800000)]
  0x000001f623c5f800 JavaThread "Unconstrained build operations Thread 51" [_thread_blocked, id=9888, stack(0x0000005b55600000,0x0000005b55700000)]
  0x000001f623c5b800 JavaThread "Unconstrained build operations Thread 50" [_thread_blocked, id=10996, stack(0x0000005b55500000,0x0000005b55600000)]
  0x000001f623c5a000 JavaThread "Unconstrained build operations Thread 49" [_thread_blocked, id=10156, stack(0x0000005b55400000,0x0000005b55500000)]
  0x000001f623c61000 JavaThread "Unconstrained build operations Thread 48" [_thread_blocked, id=20808, stack(0x0000005b55300000,0x0000005b55400000)]
  0x000001f623c5e800 JavaThread "Unconstrained build operations Thread 47" [_thread_blocked, id=4244, stack(0x0000005b55200000,0x0000005b55300000)]
  0x000001f623c58000 JavaThread "Unconstrained build operations Thread 46" [_thread_blocked, id=19728, stack(0x0000005b55100000,0x0000005b55200000)]
  0x000001f623c59800 JavaThread "Unconstrained build operations Thread 45" [_thread_blocked, id=9136, stack(0x0000005b55000000,0x0000005b55100000)]
  0x000001f623c58800 JavaThread "Unconstrained build operations Thread 44" [_thread_blocked, id=22440, stack(0x0000005b54f00000,0x0000005b55000000)]
  0x000001f623c5e000 JavaThread "Unconstrained build operations Thread 43" [_thread_blocked, id=20036, stack(0x0000005b54e00000,0x0000005b54f00000)]
  0x000001f623c5d000 JavaThread "Unconstrained build operations Thread 42" [_thread_blocked, id=12280, stack(0x0000005b54d00000,0x0000005b54e00000)]
  0x000001f623c5c800 JavaThread "Unconstrained build operations Thread 41" [_thread_blocked, id=2604, stack(0x0000005b54c00000,0x0000005b54d00000)]
  0x000001f623c50000 JavaThread "Unconstrained build operations Thread 40" [_thread_blocked, id=2732, stack(0x0000005b54b00000,0x0000005b54c00000)]
  0x000001f623c57000 JavaThread "Unconstrained build operations Thread 39" [_thread_blocked, id=6036, stack(0x0000005b54a00000,0x0000005b54b00000)]
  0x000001f623c51800 JavaThread "Unconstrained build operations Thread 38" [_thread_blocked, id=13824, stack(0x0000005b54900000,0x0000005b54a00000)]
  0x000001f623c52800 JavaThread "Unconstrained build operations Thread 37" [_thread_blocked, id=6612, stack(0x0000005b54800000,0x0000005b54900000)]
  0x000001f623c56800 JavaThread "Unconstrained build operations Thread 36" [_thread_blocked, id=10748, stack(0x0000005b54700000,0x0000005b54800000)]
  0x000001f623c55800 JavaThread "Unconstrained build operations Thread 35" [_thread_blocked, id=10480, stack(0x0000005b54600000,0x0000005b54700000)]
  0x000001f623c55000 JavaThread "Unconstrained build operations Thread 34" [_thread_blocked, id=6852, stack(0x0000005b54500000,0x0000005b54600000)]
  0x000001f623c51000 JavaThread "Unconstrained build operations Thread 33" [_thread_blocked, id=3192, stack(0x0000005b54400000,0x0000005b54500000)]
  0x000001f623c54000 JavaThread "Unconstrained build operations Thread 32" [_thread_blocked, id=22776, stack(0x0000005b53f00000,0x0000005b54000000)]
  0x000001f623c48800 JavaThread "Unconstrained build operations Thread 31" [_thread_blocked, id=19376, stack(0x0000005b53e00000,0x0000005b53f00000)]
  0x000001f623c4c800 JavaThread "Unconstrained build operations Thread 30" [_thread_blocked, id=1196, stack(0x0000005b53d00000,0x0000005b53e00000)]
  0x000001f623c4f800 JavaThread "ForkJoinPool.commonPool-worker-2" daemon [_thread_blocked, id=21060, stack(0x0000005b53c00000,0x0000005b53d00000)]
  0x000001f623c4e800 JavaThread "ForkJoinPool.commonPool-worker-9" daemon [_thread_blocked, id=4224, stack(0x0000005b53b00000,0x0000005b53c00000)]
  0x000001f623c4d000 JavaThread "ForkJoinPool.commonPool-worker-0" daemon [_thread_blocked, id=23048, stack(0x0000005b53900000,0x0000005b53a00000)]
  0x000001f623c4b000 JavaThread "ForkJoinPool.commonPool-worker-7" daemon [_thread_blocked, id=21040, stack(0x0000005b53800000,0x0000005b53900000)]
  0x000001f61f1f0800 JavaThread "Unconstrained build operations Thread 29" [_thread_blocked, id=10732, stack(0x0000005b52600000,0x0000005b52700000)]
  0x000001f61f1e9000 JavaThread "Unconstrained build operations Thread 28" [_thread_blocked, id=5308, stack(0x0000005b52500000,0x0000005b52600000)]
  0x000001f61f1f0000 JavaThread "Unconstrained build operations Thread 27" [_thread_blocked, id=22272, stack(0x0000005b52400000,0x0000005b52500000)]
  0x000001f61f1ef000 JavaThread "Unconstrained build operations Thread 26" [_thread_blocked, id=3512, stack(0x0000005b52300000,0x0000005b52400000)]
  0x000001f61f1ee800 JavaThread "Unconstrained build operations Thread 25" [_thread_blocked, id=20864, stack(0x0000005b52200000,0x0000005b52300000)]
  0x000001f61f1ea000 JavaThread "Unconstrained build operations Thread 24" [_thread_blocked, id=8676, stack(0x0000005b52100000,0x0000005b52200000)]
  0x000001f61f1ed000 JavaThread "Unconstrained build operations Thread 23" [_thread_blocked, id=8876, stack(0x0000005b52000000,0x0000005b52100000)]
  0x000001f61f1ed800 JavaThread "Unconstrained build operations Thread 22" [_thread_blocked, id=5612, stack(0x0000005b51f00000,0x0000005b52000000)]
  0x000001f61f1e5800 JavaThread "Unconstrained build operations Thread 21" [_thread_blocked, id=11636, stack(0x0000005b51e00000,0x0000005b51f00000)]
  0x000001f61f1eb800 JavaThread "Unconstrained build operations Thread 20" [_thread_blocked, id=8528, stack(0x0000005b51d00000,0x0000005b51e00000)]
  0x000001f61f1ec000 JavaThread "Unconstrained build operations Thread 19" [_thread_blocked, id=18620, stack(0x0000005b51c00000,0x0000005b51d00000)]
  0x000001f61f1ea800 JavaThread "Unconstrained build operations Thread 18" [_thread_blocked, id=13996, stack(0x0000005b51b00000,0x0000005b51c00000)]
  0x000001f61f1e1800 JavaThread "Unconstrained build operations Thread 17" [_thread_blocked, id=19968, stack(0x0000005b51a00000,0x0000005b51b00000)]
  0x000001f61f1e8800 JavaThread "Unconstrained build operations Thread 16" [_thread_blocked, id=17088, stack(0x0000005b51900000,0x0000005b51a00000)]
  0x000001f61f1e7000 JavaThread "Unconstrained build operations Thread 15" [_thread_blocked, id=14068, stack(0x0000005b51800000,0x0000005b51900000)]
  0x000001f61f1e1000 JavaThread "Unconstrained build operations Thread 14" [_thread_blocked, id=19072, stack(0x0000005b51700000,0x0000005b51800000)]
  0x000001f61f1e7800 JavaThread "Unconstrained build operations Thread 13" [_thread_blocked, id=23228, stack(0x0000005b51600000,0x0000005b51700000)]
  0x000001f61f1e6000 JavaThread "Unconstrained build operations Thread 12" [_thread_blocked, id=13568, stack(0x0000005b51500000,0x0000005b51600000)]
  0x000001f61f1de800 JavaThread "Unconstrained build operations Thread 11" [_thread_blocked, id=20576, stack(0x0000005b51400000,0x0000005b51500000)]
  0x000001f61f1e4000 JavaThread "Unconstrained build operations Thread 10" [_thread_blocked, id=21536, stack(0x0000005b51300000,0x0000005b51400000)]
  0x000001f61f1e0000 JavaThread "Unconstrained build operations Thread 9" [_thread_blocked, id=7552, stack(0x0000005b51200000,0x0000005b51300000)]
  0x000001f61f1e4800 JavaThread "Unconstrained build operations Thread 8" [_thread_blocked, id=23264, stack(0x0000005b51100000,0x0000005b51200000)]
  0x000001f61f1e3000 JavaThread "Unconstrained build operations Thread 7" [_thread_blocked, id=19740, stack(0x0000005b51000000,0x0000005b51100000)]
  0x000001f61f1df800 JavaThread "Unconstrained build operations Thread 6" [_thread_blocked, id=8712, stack(0x0000005b50f00000,0x0000005b51000000)]
  0x000001f61f1e2800 JavaThread "Unconstrained build operations Thread 5" [_thread_blocked, id=19432, stack(0x0000005b50e00000,0x0000005b50f00000)]
  0x000001f61f1d6800 JavaThread "Unconstrained build operations Thread 4" [_thread_blocked, id=18236, stack(0x0000005b50d00000,0x0000005b50e00000)]
  0x000001f61f1dd000 JavaThread "Unconstrained build operations Thread 3" [_thread_blocked, id=16000, stack(0x0000005b50c00000,0x0000005b50d00000)]
  0x000001f61f1dc800 JavaThread "Unconstrained build operations Thread 2" [_thread_blocked, id=17500, stack(0x0000005b50a00000,0x0000005b50b00000)]
  0x000001f61f1da000 JavaThread "Unconstrained build operations" [_thread_blocked, id=16716, stack(0x0000005b50300000,0x0000005b50400000)]
  0x000001f61f1d7000 JavaThread "Cache worker for Build Output Cleanup Cache (C:\Users\pablo\Documents\Proyectos\Mods Minecraft\LoL Mod\.gradle\buildOutputCleanup)" [_thread_blocked, id=9100, stack(0x0000005b50200000,0x0000005b50300000)]
  0x000001f61f1d8800 JavaThread "Cache worker for dependencies-accessors (C:\Users\pablo\Documents\Proyectos\Mods Minecraft\LoL Mod\.gradle\7.1.1\dependencies-accessors)" [_thread_blocked, id=7884, stack(0x0000005b50100000,0x0000005b50200000)]
  0x000001f61f1d5800 JavaThread "Cache worker for cache directory md-rule (C:\Users\pablo\.gradle\caches\7.1.1\md-rule)" [_thread_blocked, id=5128, stack(0x0000005b4fe00000,0x0000005b4ff00000)]
  0x000001f61f1d8000 JavaThread "Cache worker for cache directory md-supplier (C:\Users\pablo\.gradle\caches\7.1.1\md-supplier)" [_thread_blocked, id=3480, stack(0x0000005b4fa00000,0x0000005b4fb00000)]
  0x000001f61f1d5000 JavaThread "Cache worker for checksums cache (C:\Users\pablo\Documents\Proyectos\Mods Minecraft\LoL Mod\.gradle\checksums)" [_thread_blocked, id=11184, stack(0x0000005b4f900000,0x0000005b4fa00000)]
  0x000001f61f1db000 JavaThread "Cache worker for file hash cache (C:\Users\pablo\Documents\Proyectos\Mods Minecraft\LoL Mod\.gradle\7.1.1\fileHashes)" [_thread_blocked, id=13020, stack(0x0000005b4f800000,0x0000005b4f900000)]
  0x000001f61f1db800 JavaThread "Daemon client event forwarder" [_thread_blocked, id=2860, stack(0x0000005b4f600000,0x0000005b4f700000)]
  0x000001f61f1d9800 JavaThread "Stdin handler" [_thread_blocked, id=16360, stack(0x0000005b4f500000,0x0000005b4f600000)]
  0x000001f61f1d3800 JavaThread "Asynchronous log dispatcher for DefaultDaemonConnection: socket connection from /127.0.0.1:61269 to /127.0.0.1:61359" [_thread_blocked, id=16344, stack(0x0000005b4cf00000,0x0000005b4d000000)]
  0x000001f61f1d4000 JavaThread "Cancel handler" [_thread_blocked, id=10468, stack(0x0000005b4ce00000,0x0000005b4cf00000)]
  0x000001f61f1d2800 JavaThread "Handler for socket connection from /127.0.0.1:61269 to /127.0.0.1:61359" [_thread_in_native, id=22640, stack(0x0000005b4cd00000,0x0000005b4ce00000)]
  0x000001f6236e3800 JavaThread "Exec process Thread 3" [_thread_in_native, id=16648, stack(0x0000005b54300000,0x0000005b54400000)]
  0x000001f6236e6800 JavaThread "Exec process Thread 2" [_thread_in_native, id=23200, stack(0x0000005b54200000,0x0000005b54300000)]
  0x000001f6236e2000 JavaThread "Exec process" [_thread_in_native, id=16464, stack(0x0000005b54100000,0x0000005b54200000)]
  0x000001f6236db800 JavaThread "ForkJoinPool.commonPool-worker-4" daemon [_thread_blocked, id=8256, stack(0x0000005b53a00000,0x0000005b53b00000)]
  0x000001f6236d9800 JavaThread "Memory manager" [_thread_blocked, id=23348, stack(0x0000005b53600000,0x0000005b53700000)]
  0x000001f621eb8000 JavaThread "jar transforms Thread 16" [_thread_blocked, id=12260, stack(0x0000005b53400000,0x0000005b53500000)]
  0x000001f621eb7000 JavaThread "jar transforms Thread 15" [_thread_blocked, id=14696, stack(0x0000005b53300000,0x0000005b53400000)]
  0x000001f621eaf800 JavaThread "jar transforms Thread 14" [_thread_blocked, id=11316, stack(0x0000005b53200000,0x0000005b53300000)]
  0x000001f621eb6800 JavaThread "jar transforms Thread 13" [_thread_blocked, id=22628, stack(0x0000005b53100000,0x0000005b53200000)]
  0x000001f621eb5800 JavaThread "jar transforms Thread 12" [_thread_blocked, id=9228, stack(0x0000005b53000000,0x0000005b53100000)]
  0x000001f621eae000 JavaThread "jar transforms Thread 11" [_thread_blocked, id=17952, stack(0x0000005b52f00000,0x0000005b53000000)]
  0x000001f621eb5000 JavaThread "jar transforms Thread 10" [_thread_blocked, id=21224, stack(0x0000005b52e00000,0x0000005b52f00000)]
  0x000001f621eb3800 JavaThread "jar transforms Thread 9" [_thread_blocked, id=6724, stack(0x0000005b52d00000,0x0000005b52e00000)]
  0x000001f621eb4000 JavaThread "jar transforms Thread 8" [_thread_blocked, id=9560, stack(0x0000005b52c00000,0x0000005b52d00000)]
  0x000001f621eac000 JavaThread "jar transforms Thread 7" [_thread_blocked, id=4276, stack(0x0000005b52b00000,0x0000005b52c00000)]
  0x000001f621ead800 JavaThread "jar transforms Thread 6" [_thread_blocked, id=20840, stack(0x0000005b52a00000,0x0000005b52b00000)]
  0x000001f61e89e000 JavaThread "jar transforms Thread 5" [_thread_blocked, id=4376, stack(0x0000005b50b00000,0x0000005b50c00000)]
  0x000001f61e8a2800 JavaThread "jar transforms Thread 4" [_thread_blocked, id=19220, stack(0x0000005b50900000,0x0000005b50a00000)]
  0x000001f61e8a0000 JavaThread "jar transforms Thread 3" [_thread_blocked, id=6132, stack(0x0000005b50800000,0x0000005b50900000)]
  0x000001f61e89e800 JavaThread "Cache worker for file content cache (C:\Users\pablo\.gradle\caches\7.1.1\fileContent)" [_thread_blocked, id=23132, stack(0x0000005b50700000,0x0000005b50800000)]
  0x000001f61e895800 JavaThread "jar transforms Thread 2" [_thread_blocked, id=1340, stack(0x0000005b50600000,0x0000005b50700000)]
  0x000001f61e89b800 JavaThread "jar transforms" [_thread_blocked, id=6260, stack(0x0000005b50500000,0x0000005b50600000)]
  0x000001f61e89a000 JavaThread "Cache worker for execution history cache (C:\Users\pablo\.gradle\caches\7.1.1\executionHistory)" [_thread_blocked, id=6404, stack(0x0000005b50400000,0x0000005b50500000)]
  0x000001f61e89c800 JavaThread "File watcher consumer" daemon [_thread_blocked, id=1984, stack(0x0000005b50000000,0x0000005b50100000)]
  0x000001f61e89b000 JavaThread "File watcher server" daemon [_thread_in_native, id=11796, stack(0x0000005b4ff00000,0x0000005b50000000)]
  0x000001f61e896800 JavaThread "Cache worker for file hash cache (C:\Users\pablo\.gradle\caches\7.1.1\fileHashes)" [_thread_blocked, id=20132, stack(0x0000005b4fd00000,0x0000005b4fe00000)]
  0x000001f61e895000 JavaThread "File lock request listener" [_thread_in_native, id=16412, stack(0x0000005b4fc00000,0x0000005b4fd00000)]
  0x000001f61dd88800 JavaThread "Cache worker for journal cache (C:\Users\pablo\.gradle\caches\journal-1)" [_thread_blocked, id=22916, stack(0x0000005b4fb00000,0x0000005b4fc00000)]
  0x000001f61fb9f800 JavaThread "Daemon worker" [_thread_blocked, id=5092, stack(0x0000005b4f700000,0x0000005b4f800000)]
  0x000001f61fbf2000 JavaThread "Daemon" [_thread_blocked, id=2600, stack(0x0000005b4f400000,0x0000005b4f500000)]
  0x000001f61f76c800 JavaThread "Daemon periodic checks" [_thread_blocked, id=8312, stack(0x0000005b4f300000,0x0000005b4f400000)]
  0x000001f61f776800 JavaThread "Incoming local TCP Connector on port 61269" [_thread_in_native, id=16688, stack(0x0000005b4f200000,0x0000005b4f300000)]
  0x000001f61fae4800 JavaThread "Daemon health stats" [_thread_blocked, id=11964, stack(0x0000005b4f100000,0x0000005b4f200000)]
  0x000001f61de4a800 JavaThread "Service Thread" daemon [_thread_blocked, id=996, stack(0x0000005b4ef00000,0x0000005b4f000000)]
  0x000001f61dd85800 JavaThread "C1 CompilerThread11" daemon [_thread_blocked, id=12880, stack(0x0000005b4ee00000,0x0000005b4ef00000)]
  0x000001f61dd84000 JavaThread "C1 CompilerThread10" daemon [_thread_blocked, id=7376, stack(0x0000005b4ed00000,0x0000005b4ee00000)]
  0x000001f61dd8b000 JavaThread "C1 CompilerThread9" daemon [_thread_blocked, id=16840, stack(0x0000005b4ec00000,0x0000005b4ed00000)]
  0x000001f61dd8a000 JavaThread "C1 CompilerThread8" daemon [_thread_blocked, id=18016, stack(0x0000005b4eb00000,0x0000005b4ec00000)]
  0x000001f61dd86800 JavaThread "C2 CompilerThread7" daemon [_thread_blocked, id=23380, stack(0x0000005b4ea00000,0x0000005b4eb00000)]
  0x000001f61dd89800 JavaThread "C2 CompilerThread6" daemon [_thread_blocked, id=3964, stack(0x0000005b4e900000,0x0000005b4ea00000)]
  0x000001f61dd88000 JavaThread "C2 CompilerThread5" daemon [_thread_blocked, id=19816, stack(0x0000005b4e800000,0x0000005b4e900000)]
  0x000001f61dd85000 JavaThread "C2 CompilerThread4" daemon [_thread_in_native, id=20196, stack(0x0000005b4e700000,0x0000005b4e800000)]
  0x000001f61dd64800 JavaThread "C2 CompilerThread3" daemon [_thread_blocked, id=6468, stack(0x0000005b4e600000,0x0000005b4e700000)]
  0x000001f61dd63800 JavaThread "C2 CompilerThread2" daemon [_thread_in_vm, id=7316, stack(0x0000005b4e500000,0x0000005b4e600000)]
  0x000001f61dd5e000 JavaThread "C2 CompilerThread1" daemon [_thread_blocked, id=19092, stack(0x0000005b4e400000,0x0000005b4e500000)]
=>0x000001f61dd5a800 JavaThread "C2 CompilerThread0" daemon [_thread_in_native, id=7436, stack(0x0000005b4e300000,0x0000005b4e400000)]
  0x000001f61dd59800 JavaThread "Attach Listener" daemon [_thread_blocked, id=4056, stack(0x0000005b4e200000,0x0000005b4e300000)]
  0x000001f61dd54800 JavaThread "Signal Dispatcher" daemon [_thread_blocked, id=20068, stack(0x0000005b4e100000,0x0000005b4e200000)]
  0x000001f61dd36000 JavaThread "Finalizer" daemon [_thread_blocked, id=20572, stack(0x0000005b4e000000,0x0000005b4e100000)]
  0x000001f61b067800 JavaThread "Reference Handler" daemon [_thread_blocked, id=18068, stack(0x0000005b4df00000,0x0000005b4e000000)]
  0x000001f6026d1800 JavaThread "main" [_thread_blocked, id=12740, stack(0x0000005b4d000000,0x0000005b4d100000)]

Other Threads:
  0x000001f61b03e000 VMThread [stack: 0x0000005b4de00000,0x0000005b4df00000] [id=7608]
  0x000001f61de35800 WatcherThread [stack: 0x0000005b4f000000,0x0000005b4f100000] [id=15156]

VM state:not at safepoint (normal execution)

VM Mutex/Monitor currently owned by a thread: None

heap address: 0x0000000700000000, size: 3072 MB, Compressed Oops mode: Zero based, Oop shift amount: 3
Narrow klass base: 0x0000000000000000, Narrow klass shift: 3
Compressed class space size: 1073741824 Address: 0x00000007c0000000

Heap:
 PSYoungGen      total 369664K, used 34519K [0x0000000780000000, 0x000000079dd80000, 0x00000007c0000000)
  eden space 346112K, 3% used [0x0000000780000000,0x0000000780ab6590,0x0000000795200000)
  from space 23552K, 99% used [0x0000000795200000,0x00000007968ff878,0x0000000796900000)
  to   space 35328K, 0% used [0x000000079bb00000,0x000000079bb00000,0x000000079dd80000)
 ParOldGen       total 235008K, used 58037K [0x0000000700000000, 0x000000070e580000, 0x0000000780000000)
  object space 235008K, 24% used [0x0000000700000000,0x00000007038ad630,0x000000070e580000)
 Metaspace       used 67154K, capacity 71580K, committed 71808K, reserved 1112064K
  class space    used 9329K, capacity 10110K, committed 10112K, reserved 1048576K

Card table byte_map: [0x000001f613520000,0x000001f613b30000] byte_map_base: 0x000001f60fd20000

Marking Bits: (ParMarkBitMap*) 0x00000000598d7fe0
 Begin Bits: [0x000001f613f30000, 0x000001f616f30000)
 End Bits:   [0x000001f616f30000, 0x000001f619f30000)

Polling page: 0x000001f604130000

CodeCache: size=245760Kb used=33868Kb max_used=34278Kb free=211892Kb
 bounds [0x000001f604160000, 0x000001f606340000, 0x000001f613160000]
 total_blobs=10592 nmethods=9747 adapters=754
 compilation: enabled

Compilation events (10 events):
Event: 256.900 Thread 0x000001f61dd84000 nmethod 11379 0x000001f604f38950 code [0x000001f604f38cc0, 0x000001f604f3a770]
Event: 258.520 Thread 0x000001f61dd5e000 11385       4       org.gradle.launcher.daemon.server.exec.DaemonConnectionBackedEventConsumer$ForwardEvents::moreMessagesToSend (35 bytes)
Event: 258.520 Thread 0x000001f61dd5e000 nmethod 11385 0x000001f605839050 code [0x000001f6058391a0, 0x000001f605839298]
Event: 261.455 Thread 0x000001f61dd85800 11386       3       com.google.common.collect.TransformedIterator::hasNext (10 bytes)
Event: 261.455 Thread 0x000001f61dd85800 nmethod 11386 0x000001f60527c390 code [0x000001f60527c500, 0x000001f60527c730]
Event: 268.040 Thread 0x000001f61dd85800 11387       1       net.rubygrapefruit.platform.internal.jni.NativeLogger$LogLevel::getLevel (5 bytes)
Event: 268.040 Thread 0x000001f61dd85800 nmethod 11387 0x000001f6048c9c10 code [0x000001f6048c9d60, 0x000001f6048c9e78]
Event: 268.049 Thread 0x000001f61dd5a800 11388   !   4       java.io.BufferedWriter::flushBuffer (53 bytes)
Event: 268.049 Thread 0x000001f61dd85000 11389   !   4       java.io.BufferedWriter::write (117 bytes)
Event: 268.049 Thread 0x000001f61dd63800 11390   !   4       java.io.PrintStream::write (83 bytes)

GC Heap History (10 events):
Event: 7.045 GC heap before
{Heap before GC invocations=10 (full 2):
 PSYoungGen      total 219136K, used 218802K [0x0000000780000000, 0x0000000794100000, 0x00000007c0000000)
  eden space 203776K, 100% used [0x0000000780000000,0x000000078c700000,0x000000078c700000)
  from space 15360K, 97% used [0x000000078c700000,0x000000078d5ac9f8,0x000000078d600000)
  to   space 17408K, 0% used [0x0000000793000000,0x0000000793000000,0x0000000794100000)
 ParOldGen       total 158720K, used 14558K [0x0000000700000000, 0x0000000709b00000, 0x0000000780000000)
  object space 158720K, 9% used [0x0000000700000000,0x0000000700e379d8,0x0000000709b00000)
 Metaspace       used 53200K, capacity 56358K, committed 56576K, reserved 1097728K
  class space    used 7569K, capacity 8155K, committed 8192K, reserved 1048576K
Event: 7.056 GC heap after
Heap after GC invocations=10 (full 2):
 PSYoungGen      total 304640K, used 17376K [0x0000000780000000, 0x0000000794280000, 0x00000007c0000000)
  eden space 287232K, 0% used [0x0000000780000000,0x0000000780000000,0x0000000791880000)
  from space 17408K, 99% used [0x0000000793000000,0x00000007940f8140,0x0000000794100000)
  to   space 21504K, 0% used [0x0000000791880000,0x0000000791880000,0x0000000792d80000)
 ParOldGen       total 158720K, used 18667K [0x0000000700000000, 0x0000000709b00000, 0x0000000780000000)
  object space 158720K, 11% used [0x0000000700000000,0x000000070123adb0,0x0000000709b00000)
 Metaspace       used 53200K, capacity 56358K, committed 56576K, reserved 1097728K
  class space    used 7569K, capacity 8155K, committed 8192K, reserved 1048576K
}
Event: 7.923 GC heap before
{Heap before GC invocations=11 (full 2):
 PSYoungGen      total 304640K, used 184147K [0x0000000780000000, 0x0000000794280000, 0x00000007c0000000)
  eden space 287232K, 58% used [0x0000000780000000,0x000000078a2dcb90,0x0000000791880000)
  from space 17408K, 99% used [0x0000000793000000,0x00000007940f8140,0x0000000794100000)
  to   space 21504K, 0% used [0x0000000791880000,0x0000000791880000,0x0000000792d80000)
 ParOldGen       total 158720K, used 18667K [0x0000000700000000, 0x0000000709b00000, 0x0000000780000000)
  object space 158720K, 11% used [0x0000000700000000,0x000000070123adb0,0x0000000709b00000)
 Metaspace       used 55516K, capacity 58884K, committed 59008K, reserved 1099776K
  class space    used 7853K, capacity 8497K, committed 8576K, reserved 1048576K
Event: 7.934 GC heap after
Heap after GC invocations=11 (full 2):
 PSYoungGen      total 308736K, used 21496K [0x0000000780000000, 0x0000000798d00000, 0x00000007c0000000)
  eden space 287232K, 0% used [0x0000000780000000,0x0000000780000000,0x0000000791880000)
  from space 21504K, 99% used [0x0000000791880000,0x0000000792d7e150,0x0000000792d80000)
  to   space 24576K, 0% used [0x0000000797500000,0x0000000797500000,0x0000000798d00000)
 ParOldGen       total 158720K, used 19566K [0x0000000700000000, 0x0000000709b00000, 0x0000000780000000)
  object space 158720K, 12% used [0x0000000700000000,0x000000070131bab0,0x0000000709b00000)
 Metaspace       used 55516K, capacity 58884K, committed 59008K, reserved 1099776K
  class space    used 7853K, capacity 8497K, committed 8576K, reserved 1048576K
}
Event: 7.934 GC heap before
{Heap before GC invocations=12 (full 3):
 PSYoungGen      total 308736K, used 21496K [0x0000000780000000, 0x0000000798d00000, 0x00000007c0000000)
  eden space 287232K, 0% used [0x0000000780000000,0x0000000780000000,0x0000000791880000)
  from space 21504K, 99% used [0x0000000791880000,0x0000000792d7e150,0x0000000792d80000)
  to   space 24576K, 0% used [0x0000000797500000,0x0000000797500000,0x0000000798d00000)
 ParOldGen       total 158720K, used 19566K [0x0000000700000000, 0x0000000709b00000, 0x0000000780000000)
  object space 158720K, 12% used [0x0000000700000000,0x000000070131bab0,0x0000000709b00000)
 Metaspace       used 55516K, capacity 58884K, committed 59008K, reserved 1099776K
  class space    used 7853K, capacity 8497K, committed 8576K, reserved 1048576K
Event: 8.084 GC heap after
Heap after GC invocations=12 (full 3):
 PSYoungGen      total 308736K, used 0K [0x0000000780000000, 0x0000000798d00000, 0x00000007c0000000)
  eden space 287232K, 0% used [0x0000000780000000,0x0000000780000000,0x0000000791880000)
  from space 21504K, 0% used [0x0000000791880000,0x0000000791880000,0x0000000792d80000)
  to   space 24576K, 0% used [0x0000000797500000,0x0000000797500000,0x0000000798d00000)
 ParOldGen       total 235008K, used 35340K [0x0000000700000000, 0x000000070e580000, 0x0000000780000000)
  object space 235008K, 15% used [0x0000000700000000,0x00000007022832c0,0x000000070e580000)
 Metaspace       used 55397K, capacity 58482K, committed 59008K, reserved 1099776K
  class space    used 7816K, capacity 8430K, committed 8576K, reserved 1048576K
}
Event: 179.408 GC heap before
{Heap before GC invocations=13 (full 3):
 PSYoungGen      total 308736K, used 274486K [0x0000000780000000, 0x0000000798d00000, 0x00000007c0000000)
  eden space 287232K, 95% used [0x0000000780000000,0x0000000790c0da90,0x0000000791880000)
  from space 21504K, 0% used [0x0000000791880000,0x0000000791880000,0x0000000792d80000)
  to   space 24576K, 0% used [0x0000000797500000,0x0000000797500000,0x0000000798d00000)
 ParOldGen       total 235008K, used 35340K [0x0000000700000000, 0x000000070e580000, 0x0000000780000000)
  object space 235008K, 15% used [0x0000000700000000,0x00000007022832c0,0x000000070e580000)
 Metaspace       used 60211K, capacity 64428K, committed 64640K, reserved 1103872K
  class space    used 8483K, capacity 9245K, committed 9344K, reserved 1048576K
Event: 179.415 GC heap after
Heap after GC invocations=13 (full 3):
 PSYoungGen      total 350720K, used 11217K [0x0000000780000000, 0x0000000798000000, 0x00000007c0000000)
  eden space 339456K, 0% used [0x0000000780000000,0x0000000780000000,0x0000000794b80000)
  from space 11264K, 99% used [0x0000000797500000,0x0000000797ff44b8,0x0000000798000000)
  to   space 23552K, 0% used [0x0000000795200000,0x0000000795200000,0x0000000796900000)
 ParOldGen       total 235008K, used 35348K [0x0000000700000000, 0x000000070e580000, 0x0000000780000000)
  object space 235008K, 15% used [0x0000000700000000,0x00000007022852c0,0x000000070e580000)
 Metaspace       used 60211K, capacity 64428K, committed 64640K, reserved 1103872K
  class space    used 8483K, capacity 9245K, committed 9344K, reserved 1048576K
}
Event: 181.098 GC heap before
{Heap before GC invocations=14 (full 3):
 PSYoungGen      total 350720K, used 350673K [0x0000000780000000, 0x0000000798000000, 0x00000007c0000000)
  eden space 339456K, 100% used [0x0000000780000000,0x0000000794b80000,0x0000000794b80000)
  from space 11264K, 99% used [0x0000000797500000,0x0000000797ff44b8,0x0000000798000000)
  to   space 23552K, 0% used [0x0000000795200000,0x0000000795200000,0x0000000796900000)
 ParOldGen       total 235008K, used 35348K [0x0000000700000000, 0x000000070e580000, 0x0000000780000000)
  object space 235008K, 15% used [0x0000000700000000,0x00000007022852c0,0x000000070e580000)
 Metaspace       used 67096K, capacity 71580K, committed 71808K, reserved 1112064K
  class space    used 9329K, capacity 10110K, committed 10112K, reserved 1048576K
Event: 181.146 GC heap after
Heap after GC invocations=14 (full 3):
 PSYoungGen      total 369664K, used 23550K [0x0000000780000000, 0x000000079dd80000, 0x00000007c0000000)
  eden space 346112K, 0% used [0x0000000780000000,0x0000000780000000,0x0000000795200000)
  from space 23552K, 99% used [0x0000000795200000,0x00000007968ff878,0x0000000796900000)
  to   space 35328K, 0% used [0x000000079bb00000,0x000000079bb00000,0x000000079dd80000)
 ParOldGen       total 235008K, used 58037K [0x0000000700000000, 0x000000070e580000, 0x0000000780000000)
  object space 235008K, 24% used [0x0000000700000000,0x00000007038ad630,0x000000070e580000)
 Metaspace       used 67096K, capacity 71580K, committed 71808K, reserved 1112064K
  class space    used 9329K, capacity 10110K, committed 10112K, reserved 1048576K
}

Deoptimization events (10 events):
Event: 180.611 Thread 0x000001f621bf7800 Uncommon trap: reason=array_check action=maybe_recompile pc=0x000001f605fd483c method=java.util.ComparableTimSort.binarySort([Ljava/lang/Object;III)V @ 193
Event: 180.613 Thread 0x000001f621bf7800 Uncommon trap: reason=array_check action=maybe_recompile pc=0x000001f605fd2ffc method=java.util.ComparableTimSort.binarySort([Ljava/lang/Object;III)V @ 215
Event: 180.737 Thread 0x000001f621bf7800 Uncommon trap: reason=unstable_if action=reinterpret pc=0x000001f6060647e8 method=com.sun.tools.javac.jvm.ClassReader.sigToType()Lcom/sun/tools/javac/code/Type; @ 697
Event: 180.827 Thread 0x000001f621bf7800 Uncommon trap: reason=unloaded action=reinterpret pc=0x000001f60606fdac method=com.sun.tools.javac.jvm.ClassReader.readPool(I)Ljava/lang/Object; @ 413
Event: 180.830 Thread 0x000001f621bf7800 Uncommon trap: reason=unstable_if action=reinterpret pc=0x000001f60612b1f4 method=com.sun.tools.javac.code.Types$18.visitClassType(Lcom/sun/tools/javac/code/Type$ClassType;Ljava/lang/Void;)Lcom/sun/tools/javac/code/Type; @ 43
Event: 180.847 Thread 0x000001f621bf7800 Uncommon trap: reason=unstable_if action=reinterpret pc=0x000001f60609ff14 method=com.sun.tools.javac.code.Scope.enter(Lcom/sun/tools/javac/code/Symbol;Lcom/sun/tools/javac/code/Scope;Lcom/sun/tools/javac/code/Scope;Z)V @ 116
Event: 180.854 Thread 0x000001f621bf7800 Uncommon trap: reason=bimorphic action=maybe_recompile pc=0x000001f605302cf8 method=com.sun.tools.javac.code.Scope$3$1.skipToNextMatchingEntry()V @ 21
Event: 180.854 Thread 0x000001f621bf7800 Uncommon trap: reason=bimorphic action=maybe_recompile pc=0x000001f605302cf8 method=com.sun.tools.javac.code.Scope$3$1.skipToNextMatchingEntry()V @ 21
Event: 180.919 Thread 0x000001f621bf7800 Uncommon trap: reason=bimorphic action=maybe_recompile pc=0x000001f605302cf8 method=com.sun.tools.javac.code.Scope$3$1.skipToNextMatchingEntry()V @ 21
Event: 180.919 Thread 0x000001f621bf7800 Uncommon trap: reason=bimorphic action=maybe_recompile pc=0x000001f605302cf8 method=com.sun.tools.javac.code.Scope$3$1.skipToNextMatchingEntry()V @ 21

Classes redefined (0 events):
No events

Internal exceptions (10 events):
Event: 180.592 Thread 0x000001f621bf7800 Exception <a 'java/io/FileNotFoundException'> (0x0000000790deb648) thrown at [C:\jenkins\workspace\8-2-build-windows-amd64-cygwin\jdk8u301\1513\hotspot\src\share\vm\prims\jni.cpp, line 710]
Event: 180.592 Thread 0x000001f621bf7800 Exception <a 'java/io/FileNotFoundException'> (0x0000000790ded898) thrown at [C:\jenkins\workspace\8-2-build-windows-amd64-cygwin\jdk8u301\1513\hotspot\src\share\vm\prims\jni.cpp, line 710]
Event: 180.592 Thread 0x000001f621bf7800 Exception <a 'java/io/FileNotFoundException'> (0x0000000790defbc8) thrown at [C:\jenkins\workspace\8-2-build-windows-amd64-cygwin\jdk8u301\1513\hotspot\src\share\vm\prims\jni.cpp, line 710]
Event: 180.593 Thread 0x000001f621bf7800 Exception <a 'java/io/FileNotFoundException'> (0x0000000790df1fa0) thrown at [C:\jenkins\workspace\8-2-build-windows-amd64-cygwin\jdk8u301\1513\hotspot\src\share\vm\prims\jni.cpp, line 710]
Event: 180.593 Thread 0x000001f621bf7800 Exception <a 'java/io/FileNotFoundException'> (0x0000000790df4418) thrown at [C:\jenkins\workspace\8-2-build-windows-amd64-cygwin\jdk8u301\1513\hotspot\src\share\vm\prims\jni.cpp, line 710]
Event: 180.593 Thread 0x000001f621bf7800 Exception <a 'java/io/FileNotFoundException'> (0x0000000790df67c8) thrown at [C:\jenkins\workspace\8-2-build-windows-amd64-cygwin\jdk8u301\1513\hotspot\src\share\vm\prims\jni.cpp, line 710]
Event: 180.593 Thread 0x000001f621bf7800 Exception <a 'java/io/FileNotFoundException'> (0x0000000790df8a28) thrown at [C:\jenkins\workspace\8-2-build-windows-amd64-cygwin\jdk8u301\1513\hotspot\src\share\vm\prims\jni.cpp, line 710]
Event: 180.593 Thread 0x000001f621bf7800 Exception <a 'java/io/FileNotFoundException'> (0x0000000790dfad18) thrown at [C:\jenkins\workspace\8-2-build-windows-amd64-cygwin\jdk8u301\1513\hotspot\src\share\vm\prims\jni.cpp, line 710]
Event: 180.593 Thread 0x000001f621bf7800 Exception <a 'java/io/FileNotFoundException'> (0x0000000790dfd1b0) thrown at [C:\jenkins\workspace\8-2-build-windows-amd64-cygwin\jdk8u301\1513\hotspot\src\share\vm\prims\jni.cpp, line 710]
Event: 181.054 Thread 0x000001f61f1db800 Exception <a 'java/lang/NoSuchMethodError': <clinit>> (0x00000007813420a0) thrown at [C:\jenkins\workspace\8-2-build-windows-amd64-cygwin\jdk8u301\1513\hotspot\src\share\vm\prims\jni.cpp, line 1615]

Events (10 events):
Event: 259.168 Thread 0x000001f623c4e000 Thread exited: 0x000001f623c4e000
Event: 261.455 Thread 0x000001f61dd85800 flushing nmethod 0x000001f605a88a50
Event: 261.455 Thread 0x000001f61dd85800 flushing nmethod 0x000001f605bac950
Event: 261.455 Thread 0x000001f61dd85800 flushing nmethod 0x000001f605bb2fd0
Event: 261.455 Thread 0x000001f61dd85800 flushing nmethod 0x000001f605bd5950
Event: 261.455 Thread 0x000001f61dd85800 flushing nmethod 0x000001f605bd8750
Event: 268.041 Thread 0x000001f61dd85800 flushing nmethod 0x000001f605d7fb10
Event: 268.041 Thread 0x000001f61dd85800 flushing nmethod 0x000001f605db56d0
Event: 268.041 Thread 0x000001f61dd85800 flushing nmethod 0x000001f605dbd150
Event: 268.041 Thread 0x000001f61dd85800 flushing nmethod 0x000001f605ddc510


Dynamic libraries:
0x00007ff676b70000 - 0x00007ff676bb7000 	C:\Program Files\Java\jdk1.8.0_301\bin\java.exe
0x00007ffca1570000 - 0x00007ffca1765000 	C:\Windows\SYSTEM32\ntdll.dll
0x00007ffc9f7b0000 - 0x00007ffc9f86e000 	C:\Windows\System32\KERNEL32.DLL
0x00007ffc9f100000 - 0x00007ffc9f3c8000 	C:\Windows\System32\KERNELBASE.dll
0x00007ffca07d0000 - 0x00007ffca087e000 	C:\Windows\System32\ADVAPI32.dll
0x00007ffc9f640000 - 0x00007ffc9f6de000 	C:\Windows\System32\msvcrt.dll
0x00007ffc9f9f0000 - 0x00007ffc9fa8c000 	C:\Windows\System32\sechost.dll
0x00007ffc9fab0000 - 0x00007ffc9fbd5000 	C:\Windows\System32\RPCRT4.dll
0x00007ffca0d60000 - 0x00007ffca0f01000 	C:\Windows\System32\USER32.dll
0x00007ffc9ed30000 - 0x00007ffc9ed52000 	C:\Windows\System32\win32u.dll
0x00007ffca0d30000 - 0x00007ffca0d5b000 	C:\Windows\System32\GDI32.dll
0x00007ffc9eff0000 - 0x00007ffc9f0fd000 	C:\Windows\System32\gdi32full.dll
0x00007ffc9f3d0000 - 0x00007ffc9f46d000 	C:\Windows\System32\msvcp_win.dll
0x00007ffc9eef0000 - 0x00007ffc9eff0000 	C:\Windows\System32\ucrtbase.dll
0x00007ffc903f0000 - 0x00007ffc9068a000 	C:\Windows\WinSxS\amd64_microsoft.windows.common-controls_6595b64144ccf1df_6.0.19041.1110_none_60b5254171f9507e\COMCTL32.dll
0x00007ffca0880000 - 0x00007ffca08b0000 	C:\Windows\System32\IMM32.DLL
0x00007ffc9c2b0000 - 0x00007ffc9c2c5000 	C:\Program Files\Java\jdk1.8.0_301\jre\bin\vcruntime140.dll
0x00007ffc866c0000 - 0x00007ffc8675b000 	C:\Program Files\Java\jdk1.8.0_301\jre\bin\msvcp140.dll
0x00000000590f0000 - 0x0000000059950000 	C:\Program Files\Java\jdk1.8.0_301\jre\bin\server\jvm.dll
0x00007ffc9f7a0000 - 0x00007ffc9f7a8000 	C:\Windows\System32\PSAPI.DLL
0x00007ffc95f40000 - 0x00007ffc95f4a000 	C:\Windows\SYSTEM32\VERSION.dll
0x00007ffc9c0d0000 - 0x00007ffc9c0d9000 	C:\Windows\SYSTEM32\WSOCK32.dll
0x00007ffc943e0000 - 0x00007ffc94407000 	C:\Windows\SYSTEM32\WINMM.dll
0x00007ffca1310000 - 0x00007ffca137b000 	C:\Windows\System32\WS2_32.dll
0x00007ffc9cb90000 - 0x00007ffc9cba2000 	C:\Windows\SYSTEM32\kernel.appcore.dll
0x00007ffc9c370000 - 0x00007ffc9c380000 	C:\Program Files\Java\jdk1.8.0_301\jre\bin\verify.dll
0x00007ffc97920000 - 0x00007ffc9794b000 	C:\Program Files\Java\jdk1.8.0_301\jre\bin\java.dll
0x00007ffc9c250000 - 0x00007ffc9c268000 	C:\Program Files\Java\jdk1.8.0_301\jre\bin\zip.dll
0x00007ffca0080000 - 0x00007ffca07c4000 	C:\Windows\System32\SHELL32.dll
0x00007ffc9cd90000 - 0x00007ffc9d525000 	C:\Windows\SYSTEM32\windows.storage.dll
0x00007ffc9fd20000 - 0x00007ffca0075000 	C:\Windows\System32\combase.dll
0x00007ffc9e6d0000 - 0x00007ffc9e6fe000 	C:\Windows\SYSTEM32\Wldp.dll
0x00007ffc9f870000 - 0x00007ffc9f91d000 	C:\Windows\System32\SHCORE.dll
0x00007ffca1190000 - 0x00007ffca11e5000 	C:\Windows\System32\shlwapi.dll
0x00007ffc9ebc0000 - 0x00007ffc9ebdf000 	C:\Windows\SYSTEM32\profapi.dll
0x00007ffc9aad0000 - 0x00007ffc9aaec000 	C:\Program Files\Java\jdk1.8.0_301\jre\bin\net.dll
0x00007ffc9e430000 - 0x00007ffc9e49a000 	C:\Windows\system32\mswsock.dll
0x00007ffc9a100000 - 0x00007ffc9a113000 	C:\Program Files\Java\jdk1.8.0_301\jre\bin\nio.dll
0x00007ffc9baa0000 - 0x00007ffc9bac7000 	C:\Users\pablo\.gradle\native\8bec1ad78214c89d9ad589b4d07fe93259594b29d510b10fafb7a158f7737e5d\windows-amd64\native-platform.dll
0x00007ffc88db0000 - 0x00007ffc88eed000 	C:\Users\pablo\.gradle\native\53dbd7edfb1c66fb8903c78663c9afc45aea4f116125fa6feffd364cf09443e8\windows-amd64\native-platform-file-events.dll
0x00007ffc9c2f0000 - 0x00007ffc9c2fd000 	C:\Program Files\Java\jdk1.8.0_301\jre\bin\management.dll
0x00007ffc9e630000 - 0x00007ffc9e648000 	C:\Windows\SYSTEM32\CRYPTSP.dll
0x00007ffc9dd40000 - 0x00007ffc9dd74000 	C:\Windows\system32\rsaenh.dll
0x00007ffc9eec0000 - 0x00007ffc9eee7000 	C:\Windows\System32\bcrypt.dll
0x00007ffc9eb40000 - 0x00007ffc9eb6e000 	C:\Windows\SYSTEM32\USERENV.dll
0x00007ffc9f520000 - 0x00007ffc9f5a2000 	C:\Windows\System32\bcryptprimitives.dll
0x00007ffc9e620000 - 0x00007ffc9e62c000 	C:\Windows\SYSTEM32\CRYPTBASE.dll
0x00007ffc9e0d0000 - 0x00007ffc9e10b000 	C:\Windows\SYSTEM32\IPHLPAPI.DLL
0x00007ffc9f630000 - 0x00007ffc9f638000 	C:\Windows\System32\NSI.dll
0x00007ffc991c0000 - 0x00007ffc991d7000 	C:\Windows\SYSTEM32\dhcpcsvc6.DLL
0x00007ffc991a0000 - 0x00007ffc991bd000 	C:\Windows\SYSTEM32\dhcpcsvc.DLL
0x00007ffc9e120000 - 0x00007ffc9e1eb000 	C:\Windows\SYSTEM32\DNSAPI.dll
0x00007ffc936f0000 - 0x00007ffc93714000 	C:\Program Files\Java\jdk1.8.0_301\jre\bin\sunec.dll
0x000000005bf80000 - 0x000000005bfa6000 	C:\Program Files\Bonjour\mdnsNSP.dll
0x00007ffc95f30000 - 0x00007ffc95f3a000 	C:\Windows\System32\rasadhlp.dll
0x00007ffc94ac0000 - 0x00007ffc94b3f000 	C:\Windows\System32\fwpuclnt.dll
0x00007ffc9c2a0000 - 0x00007ffc9c2ad000 	C:\Program Files\Java\jdk1.8.0_301\jre\bin\sunmscapi.dll
0x00007ffc9ed60000 - 0x00007ffc9eeb6000 	C:\Windows\System32\CRYPT32.dll
0x00007ffc9e740000 - 0x00007ffc9e767000 	C:\Windows\SYSTEM32\ncrypt.dll
0x00007ffc9e700000 - 0x00007ffc9e73b000 	C:\Windows\SYSTEM32\NTASN1.dll
0x00007ffc9c4d0000 - 0x00007ffc9c560000 	C:\Windows\system32\apphelp.dll

VM Arguments:
jvm_args: -Xmx3G -Dfile.encoding=windows-1252 -Duser.country=US -Duser.language=en -Duser.variant 
java_command: org.gradle.launcher.daemon.bootstrap.GradleDaemon 7.1.1
java_class_path (initial): C:\Users\pablo\.gradle\wrapper\dists\gradle-7.1.1-bin\f29rtwfnc96ub43tt7p47zsru\gradle-7.1.1\lib\gradle-launcher-7.1.1.jar
Launcher Type: SUN_STANDARD

Environment Variables:
JAVA_HOME=C:\Program Files\Java\jdk1.8.0_301
PATH=C:\Program Files\Eclipse Adoptium\jdk-8.0.312.7-hotspot\bin;E:\Oculus\Support\oculus-runtime;C:\Program Files (x86)\Common Files\Oracle\Java\javapath;C:\Windows\system32;C:\Windows;C:\Windows\System32\Wbem;C:\Windows\System32\WindowsPowerShell\v1.0\;C:\Windows\System32\OpenSSH\;C:\Program Files\nodejs\;C:\Program Files (x86)\Microsoft SQL Server\150\DTS\Binn\;C:\Program Files\Azure Data Studio\bin;C:\Program Files\Microsoft SQL Server\Client SDK\ODBC\170\Tools\Binn\;C:\Program Files (x86)\Microsoft SQL Server\150\Tools\Binn\;C:\Program Files\Microsoft SQL Server\150\Tools\Binn\;C:\Program Files\Microsoft SQL Server\150\DTS\Binn\;C:\Users\pablo\.dnx\bin;C:\Program Files\Microsoft DNX\Dnvm\;C:\Program Files\Microsoft SQL Server\130\Tools\Binn\;C:\Program Files (x86)\NVIDIA Corporation\PhysX\Common;C:\Program Files\Java\jdk1.8.0_301\bin;C:\Program Files\Java\jdk-14.0.1\bin;C:\Program Files\Git\cmd;C:\Program Files\MySQL\MySQL Shell 8.0\bin\;C:\Users\pablo\AppData\Local\Programs\Python\Python39\Scripts\;C:\Users\pablo\AppData\Local\Programs\Python\Python39\;C:\Users\pablo\AppData\Local\Microsoft\WindowsApps;C:\Users\pablo\AppData\Local\Programs\Microsoft VS Code\bin;C:\Users\pablo\AppData\Roaming\npm;C:\Program Files\Azure Data Studio\bin;C:\Users\pablo\AppData\Local\GitHubDesktop\bin;E:\Program Files\JetBrains\IntelliJ IDEA Community Edition 2021.2\bin;;E:\Program Files\heroku\bin
USERNAME=pablo
OS=Windows_NT
PROCESSOR_IDENTIFIER=AMD64 Family 23 Model 8 Stepping 2, AuthenticAMD



---------------  S Y S T E M  ---------------

OS: Windows 10.0 , 64 bit Build 19041 (10.0.19041.1466)

CPU:total 16 (initial active 16) (16 cores per cpu, 1 threads per core) family 23 model 8 stepping 2, cmov, cx8, fxsr, mmx, sse, sse2, sse3, ssse3, sse4.1, sse4.2, popcnt, avx, avx2, aes, clmul, mmxext, 3dnowpref, lzcnt, sse4a, tsc, tscinvbit, tscinv, bmi1

Memory: 4k page, physical 16724200k(5107292k free), swap 17772776k(5116k free)

vm_info: Java HotSpot(TM) 64-Bit Server VM (25.301-b09) for windows-amd64 JRE (1.8.0_301-b09), built on Jun  9 2021 06:46:21 by "java_re" with MS VC++ 15.9 (VS2017)

time: Sat Jan 29 01:25:51 2022
timezone: Montevideo Standard Time
elapsed time: 268.066910 seconds (0d 0h 4m 28s)

