#
# There is insufficient memory for the Java Runtime Environment to continue.
# Native memory allocation (malloc) failed to allocate 32744 bytes for ChunkPool::allocate
# Possible reasons:
#   The system is out of physical RAM or swap space
#   The process is running with CompressedOops enabled, and the Java Heap may be blocking the growth of the native heap
# Possible solutions:
#   Reduce memory load on the system
#   Increase physical memory or swap space
#   Check if swap backing store is full
#   Decrease Java heap size (-Xmx/-Xms)
#   Decrease number of Java threads
#   Decrease Java thread stack sizes (-Xss)
#   Set larger code cache with -XX:ReservedCodeCacheSize=
#   JVM is running with Zero Based Compressed Oops mode in which the Java heap is
#     placed in the first 32GB address space. The Java Heap base address is the
#     maximum limit for the native heap growth. Please use -XX:HeapBaseMinAddress
#     to set the Java Heap base and to place the Java Heap above 32GB virtual address.
# This output file may be truncated or incomplete.
#
#  Out of Memory Error (allocation.cpp:272), pid=7376, tid=0x0000000000001b28
#
# JRE version: Java(TM) SE Runtime Environment (8.0_301-b09) (build 1.8.0_301-b09)
# Java VM: Java HotSpot(TM) 64-Bit Server VM (25.301-b09 mixed mode windows-amd64 compressed oops)
# Failed to write core dump. Minidumps are not enabled by default on client versions of Windows
#

---------------  T H R E A D  ---------------

Current thread (0x000001fe55a3a000):  JavaThread "C2 CompilerThread3" daemon [_thread_in_native, id=6952, stack(0x000000665c700000,0x000000665c800000)]

Stack: [0x000000665c700000,0x000000665c800000]
Native frames: (J=compiled Java code, j=interpreted, Vv=VM code, C=native code)
V  [jvm.dll+0x32ed79]


Current CompileTask:
C2:  24419 10657       4       org.gradle.internal.logging.text.AbstractLineChoppingStyledTextOutput$1::execute (130 bytes)


---------------  P R O C E S S  ---------------

Java Threads: ( => current thread )
  0x000001fe5f7f2000 JavaThread "Build operations Thread 16" [_thread_blocked, id=5352, stack(0x000000666cb00000,0x000000666cc00000)]
  0x000001fe5f7f0000 JavaThread "Build operations Thread 15" [_thread_blocked, id=3412, stack(0x000000666ca00000,0x000000666cb00000)]
  0x000001fe5f7ea000 JavaThread "Build operations Thread 14" [_thread_blocked, id=3516, stack(0x000000666c900000,0x000000666ca00000)]
  0x000001fe5f7f0800 JavaThread "Build operations Thread 13" [_thread_blocked, id=1168, stack(0x000000666c800000,0x000000666c900000)]
  0x000001fe5f7ee800 JavaThread "Build operations Thread 12" [_thread_blocked, id=3192, stack(0x000000666c700000,0x000000666c800000)]
  0x000001fe5f7eb800 JavaThread "Build operations Thread 11" [_thread_blocked, id=8808, stack(0x000000666c600000,0x000000666c700000)]
  0x000001fe5f7e8800 JavaThread "Build operations Thread 10" [_thread_blocked, id=7556, stack(0x000000666c500000,0x000000666c600000)]
  0x000001fe5f7e7000 JavaThread "Build operations Thread 9" [_thread_blocked, id=6108, stack(0x000000666c400000,0x000000666c500000)]
  0x000001fe5f7ed000 JavaThread "Build operations Thread 8" [_thread_blocked, id=5316, stack(0x000000666c300000,0x000000666c400000)]
  0x000001fe5f7e9000 JavaThread "Build operations Thread 7" [_thread_blocked, id=1796, stack(0x000000666c200000,0x000000666c300000)]
  0x000001fe5f7e7800 JavaThread "Build operations Thread 6" [_thread_blocked, id=22372, stack(0x000000666c100000,0x000000666c200000)]
  0x000001fe5f7ed800 JavaThread "Build operations Thread 5" [_thread_blocked, id=11768, stack(0x000000666c000000,0x000000666c100000)]
  0x000001fe5f7ea800 JavaThread "Build operations Thread 4" [_thread_blocked, id=22172, stack(0x000000666bf00000,0x000000666c000000)]
  0x000001fe5f7ec000 JavaThread "Build operations Thread 3" [_thread_blocked, id=13456, stack(0x000000666be00000,0x000000666bf00000)]
  0x000001fe5f7df000 JavaThread "Build operations Thread 2" [_thread_blocked, id=13296, stack(0x000000666bd00000,0x000000666be00000)]
  0x000001fe5f7e6000 JavaThread "Build operations" [_thread_blocked, id=11272, stack(0x000000666bc00000,0x000000666bd00000)]
  0x000001fe5f7e4800 JavaThread "Cache worker for Java compile cache (C:\Users\pablo\.gradle\caches\7.1.1\javaCompile)" [_thread_blocked, id=4360, stack(0x000000666bb00000,0x000000666bc00000)]
  0x000001fe5f7e5800 JavaThread "Cache worker for execution history cache (C:\Users\pablo\Documents\Proyectos\Mods Minecraft\LoL Mod\.gradle\7.1.1\executionHistory)" [_thread_blocked, id=19444, stack(0x000000666ba00000,0x000000666bb00000)]
  0x000001fe5f7dd000 JavaThread "Execution worker for ':' Thread 15" [_thread_blocked, id=3048, stack(0x000000666b900000,0x000000666ba00000)]
  0x000001fe5f7dd800 JavaThread "Execution worker for ':' Thread 14" [_thread_blocked, id=9356, stack(0x000000666b800000,0x000000666b900000)]
  0x000001fe5f7de800 JavaThread "Execution worker for ':' Thread 13" [_thread_blocked, id=6880, stack(0x000000666b700000,0x000000666b800000)]
  0x000001fe5f7e4000 JavaThread "Execution worker for ':' Thread 12" [_thread_blocked, id=12752, stack(0x000000666b600000,0x000000666b700000)]
  0x000001fe5f7e3000 JavaThread "Execution worker for ':' Thread 11" [_thread_blocked, id=14764, stack(0x000000666b500000,0x000000666b600000)]
  0x000001fe5f7db800 JavaThread "Execution worker for ':' Thread 10" [_thread_blocked, id=4108, stack(0x000000666b400000,0x000000666b500000)]
  0x000001fe5f7e0800 JavaThread "Execution worker for ':' Thread 9" [_thread_blocked, id=948, stack(0x000000666b300000,0x000000666b400000)]
  0x000001fe5f7e2000 JavaThread "Execution worker for ':' Thread 8" [_thread_blocked, id=4128, stack(0x000000666b200000,0x000000666b300000)]
  0x000001fe5f7e1800 JavaThread "Execution worker for ':' Thread 7" [_thread_blocked, id=9672, stack(0x000000666b100000,0x000000666b200000)]
  0x000001fe5f7dc000 JavaThread "Execution worker for ':' Thread 6" [_thread_blocked, id=20020, stack(0x000000666b000000,0x000000666b100000)]
  0x000001fe5f7da800 JavaThread "Execution worker for ':' Thread 5" [_thread_blocked, id=21068, stack(0x000000666ad00000,0x000000666ae00000)]
  0x000001fe5f7e0000 JavaThread "Execution worker for ':' Thread 4" [_thread_blocked, id=11872, stack(0x000000666ac00000,0x000000666ad00000)]
  0x000001fe57fb6800 JavaThread "Execution worker for ':' Thread 3" [_thread_blocked, id=12096, stack(0x000000666ab00000,0x000000666ac00000)]
  0x000001fe57fb6000 JavaThread "Execution worker for ':' Thread 2" [_thread_blocked, id=21604, stack(0x000000666aa00000,0x000000666ab00000)]
  0x000001fe57fb7800 JavaThread "Execution worker for ':'" [_thread_blocked, id=12388, stack(0x000000666a900000,0x000000666aa00000)]
  0x000001fe57fb8000 JavaThread "Unconstrained build operations Thread 160" [_thread_blocked, id=16008, stack(0x000000666a800000,0x000000666a900000)]
  0x000001fe57fae800 JavaThread "Unconstrained build operations Thread 159" [_thread_blocked, id=20620, stack(0x000000666a700000,0x000000666a800000)]
  0x000001fe57fb5000 JavaThread "Unconstrained build operations Thread 158" [_thread_blocked, id=3676, stack(0x000000666a600000,0x000000666a700000)]
  0x000001fe57fb3800 JavaThread "Unconstrained build operations Thread 157" [_thread_blocked, id=22148, stack(0x000000666a500000,0x000000666a600000)]
  0x000001fe57fb2000 JavaThread "Unconstrained build operations Thread 156" [_thread_blocked, id=19812, stack(0x000000666a400000,0x000000666a500000)]
  0x000001fe57fb1800 JavaThread "Unconstrained build operations Thread 155" [_thread_blocked, id=6592, stack(0x000000666a300000,0x000000666a400000)]
  0x000001fe57fb3000 JavaThread "Unconstrained build operations Thread 154" [_thread_blocked, id=11700, stack(0x000000666a200000,0x000000666a300000)]
  0x000001fe57fb0800 JavaThread "Unconstrained build operations Thread 153" [_thread_blocked, id=21168, stack(0x000000666a100000,0x000000666a200000)]
  0x000001fe57faf000 JavaThread "Unconstrained build operations Thread 152" [_thread_blocked, id=19508, stack(0x000000666a000000,0x000000666a100000)]
  0x000001fe57fad800 JavaThread "Unconstrained build operations Thread 151" [_thread_blocked, id=20736, stack(0x0000006669f00000,0x000000666a000000)]
  0x000001fe57fb0000 JavaThread "Unconstrained build operations Thread 150" [_thread_blocked, id=11392, stack(0x0000006669e00000,0x0000006669f00000)]
  0x000001fe57fb4800 JavaThread "Unconstrained build operations Thread 149" [_thread_blocked, id=21500, stack(0x0000006669d00000,0x0000006669e00000)]
  0x000001fe57fad000 JavaThread "Unconstrained build operations Thread 148" [_thread_blocked, id=832, stack(0x0000006669c00000,0x0000006669d00000)]
  0x000001fe57fa5800 JavaThread "Unconstrained build operations Thread 147" [_thread_blocked, id=1460, stack(0x0000006669b00000,0x0000006669c00000)]
  0x000001fe57fac000 JavaThread "Unconstrained build operations Thread 146" [_thread_blocked, id=21876, stack(0x0000006669a00000,0x0000006669b00000)]
  0x000001fe57fab800 JavaThread "Unconstrained build operations Thread 145" [_thread_blocked, id=9800, stack(0x0000006669900000,0x0000006669a00000)]
  0x000001fe57faa800 JavaThread "Unconstrained build operations Thread 144" [_thread_blocked, id=22412, stack(0x0000006669800000,0x0000006669900000)]
  0x000001fe57faa000 JavaThread "Unconstrained build operations Thread 143" [_thread_blocked, id=21432, stack(0x0000006669700000,0x0000006669800000)]
  0x000001fe57fa3000 JavaThread "Unconstrained build operations Thread 142" [_thread_blocked, id=18792, stack(0x0000006669600000,0x0000006669700000)]
  0x000001fe57fa8800 JavaThread "Unconstrained build operations Thread 141" [_thread_blocked, id=2188, stack(0x0000006669500000,0x0000006669600000)]
  0x000001fe57fa2800 JavaThread "Unconstrained build operations Thread 140" [_thread_blocked, id=19968, stack(0x0000006669400000,0x0000006669500000)]
  0x000001fe57fa7800 JavaThread "Unconstrained build operations Thread 139" [_thread_blocked, id=17204, stack(0x0000006669300000,0x0000006669400000)]
  0x000001fe57fa6000 JavaThread "Unconstrained build operations Thread 138" [_thread_blocked, id=5548, stack(0x0000006669200000,0x0000006669300000)]
  0x000001fe57fa9000 JavaThread "Unconstrained build operations Thread 137" [_thread_blocked, id=12700, stack(0x0000006669100000,0x0000006669200000)]
  0x000001fe57fa7000 JavaThread "Unconstrained build operations Thread 136" [_thread_blocked, id=14420, stack(0x0000006669000000,0x0000006669100000)]
  0x000001fe57fa4800 JavaThread "Unconstrained build operations Thread 135" [_thread_blocked, id=18148, stack(0x0000006668f00000,0x0000006669000000)]
  0x000001fe57fa4000 JavaThread "Unconstrained build operations Thread 134" [_thread_blocked, id=12856, stack(0x0000006668e00000,0x0000006668f00000)]
  0x000001fe57f9b000 JavaThread "Unconstrained build operations Thread 133" [_thread_blocked, id=19516, stack(0x0000006668d00000,0x0000006668e00000)]
  0x000001fe57fa1800 JavaThread "Unconstrained build operations Thread 132" [_thread_blocked, id=15128, stack(0x0000006668c00000,0x0000006668d00000)]
  0x000001fe57f9b800 JavaThread "Unconstrained build operations Thread 131" [_thread_blocked, id=21536, stack(0x0000006668b00000,0x0000006668c00000)]
  0x000001fe57f9a000 JavaThread "Unconstrained build operations Thread 130" [_thread_blocked, id=8852, stack(0x0000006668a00000,0x0000006668b00000)]
  0x000001fe57fa1000 JavaThread "Unconstrained build operations Thread 129" [_thread_blocked, id=15052, stack(0x0000006668900000,0x0000006668a00000)]
  0x000001fe57fa0000 JavaThread "Unconstrained build operations Thread 128" [_thread_blocked, id=19636, stack(0x0000006668800000,0x0000006668900000)]
  0x000001fe57f9f800 JavaThread "Unconstrained build operations Thread 127" [_thread_blocked, id=7508, stack(0x0000006668700000,0x0000006668800000)]
  0x000001fe57f9d000 JavaThread "Unconstrained build operations Thread 126" [_thread_blocked, id=6928, stack(0x0000006668600000,0x0000006668700000)]
  0x000001fe57f99800 JavaThread "Unconstrained build operations Thread 125" [_thread_blocked, id=9628, stack(0x0000006668500000,0x0000006668600000)]
  0x000001fe57f9e000 JavaThread "Unconstrained build operations Thread 124" [_thread_blocked, id=13492, stack(0x0000006668400000,0x0000006668500000)]
  0x000001fe57f9e800 JavaThread "Unconstrained build operations Thread 123" [_thread_blocked, id=13656, stack(0x0000006668300000,0x0000006668400000)]
  0x000001fe57f9c800 JavaThread "Unconstrained build operations Thread 122" [_thread_blocked, id=15984, stack(0x0000006668200000,0x0000006668300000)]
  0x000001fe5b294000 JavaThread "Unconstrained build operations Thread 121" [_thread_blocked, id=18436, stack(0x0000006668100000,0x0000006668200000)]
  0x000001fe5b295000 JavaThread "Unconstrained build operations Thread 120" [_thread_blocked, id=19160, stack(0x0000006668000000,0x0000006668100000)]
  0x000001fe5b295800 JavaThread "Unconstrained build operations Thread 119" [_thread_blocked, id=11332, stack(0x0000006667f00000,0x0000006668000000)]
  0x000001fe5b28f800 JavaThread "Unconstrained build operations Thread 118" [_thread_blocked, id=20804, stack(0x0000006667e00000,0x0000006667f00000)]
  0x000001fe5b296800 JavaThread "Unconstrained build operations Thread 117" [_thread_blocked, id=4996, stack(0x0000006667d00000,0x0000006667e00000)]
  0x000001fe5b293800 JavaThread "Unconstrained build operations Thread 116" [_thread_blocked, id=17576, stack(0x0000006667c00000,0x0000006667d00000)]
  0x000001fe5b292800 JavaThread "Unconstrained build operations Thread 115" [_thread_blocked, id=21980, stack(0x0000006667b00000,0x0000006667c00000)]
  0x000001fe5b28b000 JavaThread "Unconstrained build operations Thread 114" [_thread_blocked, id=18140, stack(0x0000006667a00000,0x0000006667b00000)]
  0x000001fe5b291000 JavaThread "Unconstrained build operations Thread 113" [_thread_blocked, id=11972, stack(0x0000006667900000,0x0000006667a00000)]
  0x000001fe5b28f000 JavaThread "Unconstrained build operations Thread 112" [_thread_blocked, id=1500, stack(0x0000006667800000,0x0000006667900000)]
  0x000001fe5b292000 JavaThread "Unconstrained build operations Thread 111" [_thread_blocked, id=2776, stack(0x0000006667700000,0x0000006667800000)]
  0x000001fe5b290800 JavaThread "Unconstrained build operations Thread 110" [_thread_blocked, id=21948, stack(0x0000006667600000,0x0000006667700000)]
  0x000001fe5b28c000 JavaThread "Unconstrained build operations Thread 109" [_thread_blocked, id=18920, stack(0x0000006667500000,0x0000006667600000)]
  0x000001fe5b287000 JavaThread "Unconstrained build operations Thread 108" [_thread_blocked, id=22344, stack(0x0000006667400000,0x0000006667500000)]
  0x000001fe5b289800 JavaThread "Unconstrained build operations Thread 107" [_thread_blocked, id=17652, stack(0x0000006667300000,0x0000006667400000)]
  0x000001fe5b28e000 JavaThread "Unconstrained build operations Thread 106" [_thread_blocked, id=22316, stack(0x0000006667200000,0x0000006667300000)]
  0x000001fe5b28d800 JavaThread "Unconstrained build operations Thread 105" [_thread_blocked, id=19440, stack(0x0000006667100000,0x0000006667200000)]
  0x000001fe5b28c800 JavaThread "Unconstrained build operations Thread 104" [_thread_blocked, id=17628, stack(0x0000006667000000,0x0000006667100000)]
  0x000001fe5b28a800 JavaThread "Unconstrained build operations Thread 103" [_thread_blocked, id=10844, stack(0x0000006666f00000,0x0000006667000000)]
  0x000001fe5b288800 JavaThread "Unconstrained build operations Thread 102" [_thread_blocked, id=6844, stack(0x0000006666e00000,0x0000006666f00000)]
  0x000001fe5b288000 JavaThread "Unconstrained build operations Thread 101" [_thread_blocked, id=3772, stack(0x0000006666d00000,0x0000006666e00000)]
  0x000001fe5ae4f800 JavaThread "Unconstrained build operations Thread 100" [_thread_blocked, id=21664, stack(0x0000006666c00000,0x0000006666d00000)]
  0x000001fe5ae53000 JavaThread "Unconstrained build operations Thread 99" [_thread_blocked, id=21720, stack(0x0000006666b00000,0x0000006666c00000)]
  0x000001fe5ae52800 JavaThread "Unconstrained build operations Thread 98" [_thread_blocked, id=7680, stack(0x0000006666a00000,0x0000006666b00000)]
  0x000001fe5ae51000 JavaThread "Unconstrained build operations Thread 97" [_thread_blocked, id=1304, stack(0x0000006666900000,0x0000006666a00000)]
  0x000001fe5ae4e800 JavaThread "Unconstrained build operations Thread 96" [_thread_blocked, id=6624, stack(0x0000006666800000,0x0000006666900000)]
  0x000001fe5ae50000 JavaThread "Unconstrained build operations Thread 95" [_thread_blocked, id=16864, stack(0x0000006666700000,0x0000006666800000)]
  0x000001fe5ae4e000 JavaThread "Unconstrained build operations Thread 94" [_thread_blocked, id=1920, stack(0x0000006666600000,0x0000006666700000)]
  0x000001fe5ae51800 JavaThread "Unconstrained build operations Thread 93" [_thread_blocked, id=3812, stack(0x0000006666500000,0x0000006666600000)]
  0x000001fe5ae4d000 JavaThread "Unconstrained build operations Thread 92" [_thread_blocked, id=21512, stack(0x0000006666400000,0x0000006666500000)]
  0x000001fe5ae45800 JavaThread "Unconstrained build operations Thread 91" [_thread_blocked, id=14056, stack(0x0000006666300000,0x0000006666400000)]
  0x000001fe5ae4c800 JavaThread "Unconstrained build operations Thread 90" [_thread_blocked, id=16544, stack(0x0000006666200000,0x0000006666300000)]
  0x000001fe5ae4a000 JavaThread "Unconstrained build operations Thread 89" [_thread_blocked, id=20196, stack(0x0000006666100000,0x0000006666200000)]
  0x000001fe5ae47800 JavaThread "Unconstrained build operations Thread 88" [_thread_blocked, id=21736, stack(0x0000006666000000,0x0000006666100000)]
  0x000001fe5ae44800 JavaThread "Unconstrained build operations Thread 87" [_thread_blocked, id=9752, stack(0x0000006665f00000,0x0000006666000000)]
  0x000001fe5ae4b800 JavaThread "Unconstrained build operations Thread 86" [_thread_blocked, id=1692, stack(0x0000006665e00000,0x0000006665f00000)]
  0x000001fe5ae46000 JavaThread "Unconstrained build operations Thread 85" [_thread_blocked, id=18316, stack(0x0000006665d00000,0x0000006665e00000)]
  0x000001fe5ae44000 JavaThread "Unconstrained build operations Thread 84" [_thread_blocked, id=13292, stack(0x0000006665c00000,0x0000006665d00000)]
  0x000001fe5ae47000 JavaThread "Unconstrained build operations Thread 83" [_thread_blocked, id=17432, stack(0x0000006665b00000,0x0000006665c00000)]
  0x000001fe5ae49000 JavaThread "Unconstrained build operations Thread 82" [_thread_blocked, id=9880, stack(0x0000006665a00000,0x0000006665b00000)]
  0x000001fe5ae4b000 JavaThread "Unconstrained build operations Thread 81" [_thread_blocked, id=10472, stack(0x0000006665900000,0x0000006665a00000)]
  0x000001fe5ae48800 JavaThread "Unconstrained build operations Thread 80" [_thread_blocked, id=18356, stack(0x0000006665800000,0x0000006665900000)]
  0x000001fe597d8800 JavaThread "Unconstrained build operations Thread 79" [_thread_blocked, id=20152, stack(0x0000006665700000,0x0000006665800000)]
  0x000001fe597d7800 JavaThread "Unconstrained build operations Thread 78" [_thread_blocked, id=21608, stack(0x0000006665600000,0x0000006665700000)]
  0x000001fe597d7000 JavaThread "Unconstrained build operations Thread 77" [_thread_blocked, id=14552, stack(0x0000006665500000,0x0000006665600000)]
  0x000001fe597d6000 JavaThread "Unconstrained build operations Thread 76" [_thread_blocked, id=17068, stack(0x0000006665400000,0x0000006665500000)]
  0x000001fe597ce800 JavaThread "Unconstrained build operations Thread 75" [_thread_blocked, id=20344, stack(0x0000006665300000,0x0000006665400000)]
  0x000001fe597d4800 JavaThread "Unconstrained build operations Thread 74" [_thread_blocked, id=16900, stack(0x0000006665200000,0x0000006665300000)]
  0x000001fe597d2800 JavaThread "Unconstrained build operations Thread 73" [_thread_blocked, id=10816, stack(0x0000006665100000,0x0000006665200000)]
  0x000001fe597d5800 JavaThread "Unconstrained build operations Thread 72" [_thread_blocked, id=10788, stack(0x0000006665000000,0x0000006665100000)]
  0x000001fe597d4000 JavaThread "Unconstrained build operations Thread 71" [_thread_blocked, id=6252, stack(0x0000006664f00000,0x0000006665000000)]
  0x000001fe597ce000 JavaThread "Unconstrained build operations Thread 70" [_thread_blocked, id=2580, stack(0x0000006664e00000,0x0000006664f00000)]
  0x000001fe597d3000 JavaThread "Unconstrained build operations Thread 69" [_thread_blocked, id=21520, stack(0x0000006664d00000,0x0000006664e00000)]
  0x000001fe597d1800 JavaThread "Unconstrained build operations Thread 68" [_thread_blocked, id=17260, stack(0x0000006664c00000,0x0000006664d00000)]
  0x000001fe597ca000 JavaThread "Unconstrained build operations Thread 67" [_thread_blocked, id=9364, stack(0x0000006664b00000,0x0000006664c00000)]
  0x000001fe597cd000 JavaThread "Unconstrained build operations Thread 66" [_thread_blocked, id=9692, stack(0x0000006664a00000,0x0000006664b00000)]
  0x000001fe597cc800 JavaThread "Unconstrained build operations Thread 65" [_thread_blocked, id=14240, stack(0x0000006664900000,0x0000006664a00000)]
  0x000001fe597d1000 JavaThread "Unconstrained build operations Thread 64" [_thread_blocked, id=19988, stack(0x0000006664800000,0x0000006664900000)]
  0x000001fe597c9000 JavaThread "Unconstrained build operations Thread 63" [_thread_blocked, id=17980, stack(0x0000006664700000,0x0000006664800000)]
  0x000001fe597cb800 JavaThread "Unconstrained build operations Thread 62" [_thread_blocked, id=15312, stack(0x0000006664600000,0x0000006664700000)]
  0x000001fe597d0000 JavaThread "Unconstrained build operations Thread 61" [_thread_blocked, id=19300, stack(0x0000006664500000,0x0000006664600000)]
  0x000001fe597ca800 JavaThread "Unconstrained build operations Thread 60" [_thread_blocked, id=20420, stack(0x0000006664400000,0x0000006664500000)]
  0x000001fe597cf800 JavaThread "Unconstrained build operations Thread 59" [_thread_blocked, id=20836, stack(0x0000006664300000,0x0000006664400000)]
  0x000001fe5c9f3800 JavaThread "Unconstrained build operations Thread 58" [_thread_blocked, id=7368, stack(0x0000006664200000,0x0000006664300000)]
  0x000001fe5c9f1000 JavaThread "Unconstrained build operations Thread 57" [_thread_blocked, id=5864, stack(0x0000006664100000,0x0000006664200000)]
  0x000001fe5c9f0800 JavaThread "Unconstrained build operations Thread 56" [_thread_blocked, id=20120, stack(0x0000006664000000,0x0000006664100000)]
  0x000001fe5c9f4000 JavaThread "Unconstrained build operations Thread 55" [_thread_blocked, id=17780, stack(0x0000006663f00000,0x0000006664000000)]
  0x000001fe5c9f5800 JavaThread "Unconstrained build operations Thread 54" [_thread_blocked, id=20096, stack(0x0000006663e00000,0x0000006663f00000)]
  0x000001fe5c9f2800 JavaThread "Unconstrained build operations Thread 53" [_thread_blocked, id=22052, stack(0x0000006663d00000,0x0000006663e00000)]
  0x000001fe5c9f5000 JavaThread "Unconstrained build operations Thread 52" [_thread_blocked, id=19564, stack(0x0000006663c00000,0x0000006663d00000)]
  0x000001fe5c9f2000 JavaThread "Unconstrained build operations Thread 51" [_thread_blocked, id=13364, stack(0x0000006663b00000,0x0000006663c00000)]
  0x000001fe5c9e9000 JavaThread "Unconstrained build operations Thread 50" [_thread_blocked, id=13552, stack(0x0000006663a00000,0x0000006663b00000)]
  0x000001fe5c9ef800 JavaThread "Unconstrained build operations Thread 49" [_thread_blocked, id=12212, stack(0x0000006663900000,0x0000006663a00000)]
  0x000001fe5c9ef000 JavaThread "Unconstrained build operations Thread 48" [_thread_blocked, id=17192, stack(0x0000006663800000,0x0000006663900000)]
  0x000001fe5c9ee000 JavaThread "Unconstrained build operations Thread 47" [_thread_blocked, id=20168, stack(0x0000006663700000,0x0000006663800000)]
  0x000001fe5c9e7800 JavaThread "Unconstrained build operations Thread 46" [_thread_blocked, id=22228, stack(0x0000006663600000,0x0000006663700000)]
  0x000001fe5c9e6800 JavaThread "Unconstrained build operations Thread 45" [_thread_blocked, id=1240, stack(0x0000006663500000,0x0000006663600000)]
  0x000001fe5c9ed800 JavaThread "Unconstrained build operations Thread 44" [_thread_blocked, id=22392, stack(0x0000006663400000,0x0000006663500000)]
  0x000001fe5c9ec000 JavaThread "Unconstrained build operations Thread 43" [_thread_blocked, id=4408, stack(0x0000006663300000,0x0000006663400000)]
  0x000001fe5c9e9800 JavaThread "Unconstrained build operations Thread 42" [_thread_blocked, id=10116, stack(0x0000006663200000,0x0000006663300000)]
  0x000001fe5c9ec800 JavaThread "Unconstrained build operations Thread 41" [_thread_blocked, id=22420, stack(0x0000006663100000,0x0000006663200000)]
  0x000001fe5c9eb000 JavaThread "Unconstrained build operations Thread 40" [_thread_blocked, id=16436, stack(0x0000006663000000,0x0000006663100000)]
  0x000001fe5c9ea800 JavaThread "Unconstrained build operations Thread 39" [_thread_blocked, id=19064, stack(0x0000006662f00000,0x0000006663000000)]
  0x000001fe5c9e8000 JavaThread "Unconstrained build operations Thread 38" [_thread_blocked, id=10648, stack(0x0000006662e00000,0x0000006662f00000)]
  0x000001fe5a1a0800 JavaThread "Unconstrained build operations Thread 37" [_thread_blocked, id=12584, stack(0x0000006662d00000,0x0000006662e00000)]
  0x000001fe5a19e000 JavaThread "Unconstrained build operations Thread 36" [_thread_blocked, id=12452, stack(0x0000006662c00000,0x0000006662d00000)]
  0x000001fe5a19d800 JavaThread "Unconstrained build operations Thread 35" [_thread_blocked, id=11268, stack(0x0000006662b00000,0x0000006662c00000)]
  0x000001fe5a1a1000 JavaThread "Unconstrained build operations Thread 34" [_thread_blocked, id=19424, stack(0x0000006662a00000,0x0000006662b00000)]
  0x000001fe5a19c800 JavaThread "Unconstrained build operations Thread 33" [_thread_blocked, id=17904, stack(0x0000006662900000,0x0000006662a00000)]
  0x000001fe5a19c000 JavaThread "Unconstrained build operations Thread 32" [_thread_blocked, id=18652, stack(0x0000006662800000,0x0000006662900000)]
  0x000001fe5a19f800 JavaThread "Unconstrained build operations Thread 31" [_thread_blocked, id=19248, stack(0x0000006662700000,0x0000006662800000)]
  0x000001fe5a19b000 JavaThread "Unconstrained build operations Thread 30" [_thread_blocked, id=8036, stack(0x0000006662600000,0x0000006662700000)]
  0x000001fe5a19f000 JavaThread "Unconstrained build operations Thread 29" [_thread_blocked, id=18808, stack(0x0000006662500000,0x0000006662600000)]
  0x000001fe5a19a800 JavaThread "Exec process Thread 3" [_thread_in_native, id=5612, stack(0x0000006662400000,0x0000006662500000)]
  0x000001fe5a199800 JavaThread "Exec process Thread 2" [_thread_in_native, id=20828, stack(0x0000006662300000,0x0000006662400000)]
  0x000001fe5a192000 JavaThread "Exec process" [_thread_in_native, id=15172, stack(0x0000006662200000,0x0000006662300000)]
  0x000001fe5a199000 JavaThread "ForkJoinPool.commonPool-worker-3" daemon [_thread_blocked, id=6288, stack(0x0000006662100000,0x0000006662200000)]
  0x000001fe5a194800 JavaThread "ForkJoinPool.commonPool-worker-10" daemon [_thread_blocked, id=22200, stack(0x0000006662000000,0x0000006662100000)]
  0x000001fe5a195000 JavaThread "ForkJoinPool.commonPool-worker-1" daemon [_thread_blocked, id=14692, stack(0x0000006661f00000,0x0000006662000000)]
  0x000001fe5a198000 JavaThread "ForkJoinPool.commonPool-worker-8" daemon [_thread_blocked, id=19296, stack(0x0000006661e00000,0x0000006661f00000)]
  0x000001fe5a197800 JavaThread "ForkJoinPool.commonPool-worker-15" daemon [_thread_blocked, id=19128, stack(0x0000006661d00000,0x0000006661e00000)]
  0x000001fe5a196000 JavaThread "ForkJoinPool.commonPool-worker-6" daemon [_thread_blocked, id=13812, stack(0x0000006661c00000,0x0000006661d00000)]
  0x000001fe5a193000 JavaThread "ForkJoinPool.commonPool-worker-4" daemon [_thread_blocked, id=21032, stack(0x0000006661a00000,0x0000006661b00000)]
  0x000001fe5b26e800 JavaThread "ForkJoinPool.commonPool-worker-11" daemon [_thread_blocked, id=4176, stack(0x0000006661900000,0x0000006661a00000)]
  0x000001fe5b26d800 JavaThread "ForkJoinPool.commonPool-worker-2" daemon [_thread_blocked, id=7768, stack(0x0000006661800000,0x0000006661900000)]
  0x000001fe5b266000 JavaThread "ForkJoinPool.commonPool-worker-9" daemon [_thread_blocked, id=16144, stack(0x0000006661700000,0x0000006661800000)]
  0x000001fe5b267000 JavaThread "Memory manager" [_thread_blocked, id=11120, stack(0x0000006661600000,0x0000006661700000)]
  0x000001fe5b26a000 JavaThread "jar transforms Thread 16" [_thread_blocked, id=12532, stack(0x0000006661400000,0x0000006661500000)]
  0x000001fe5b268800 JavaThread "jar transforms Thread 15" [_thread_blocked, id=17004, stack(0x0000006661300000,0x0000006661400000)]
  0x000001fe5b267800 JavaThread "jar transforms Thread 14" [_thread_blocked, id=16012, stack(0x0000006661200000,0x0000006661300000)]
  0x000001fe5b269000 JavaThread "jar transforms Thread 13" [_thread_blocked, id=14340, stack(0x0000006661100000,0x0000006661200000)]
  0x000001fe5b26c000 JavaThread "jar transforms Thread 12" [_thread_blocked, id=8844, stack(0x0000006661000000,0x0000006661100000)]
  0x000001fe5b26b800 JavaThread "jar transforms Thread 11" [_thread_blocked, id=16768, stack(0x0000006660f00000,0x0000006661000000)]
  0x000001fe5b25f800 JavaThread "jar transforms Thread 10" [_thread_blocked, id=3736, stack(0x0000006660e00000,0x0000006660f00000)]
  0x000001fe5b264800 JavaThread "jar transforms Thread 9" [_thread_blocked, id=16252, stack(0x0000006660d00000,0x0000006660e00000)]
  0x000001fe5b260000 JavaThread "jar transforms Thread 8" [_thread_blocked, id=13240, stack(0x0000006660c00000,0x0000006660d00000)]
  0x000001fe5b264000 JavaThread "jar transforms Thread 7" [_thread_blocked, id=18024, stack(0x0000006660b00000,0x0000006660c00000)]
  0x000001fe5b262800 JavaThread "jar transforms Thread 6" [_thread_blocked, id=13196, stack(0x0000006660a00000,0x0000006660b00000)]
  0x000001fe5b261800 JavaThread "Unconstrained build operations Thread 28" [_thread_blocked, id=21832, stack(0x0000006660900000,0x0000006660a00000)]
  0x000001fe5b261000 JavaThread "Unconstrained build operations Thread 27" [_thread_blocked, id=9696, stack(0x0000006660800000,0x0000006660900000)]
  0x000001fe5b263000 JavaThread "Unconstrained build operations Thread 26" [_thread_blocked, id=21904, stack(0x0000006660700000,0x0000006660800000)]
  0x000001fe582dc000 JavaThread "Unconstrained build operations Thread 25" [_thread_blocked, id=12260, stack(0x0000006660600000,0x0000006660700000)]
  0x000001fe582df800 JavaThread "Unconstrained build operations Thread 24" [_thread_blocked, id=7628, stack(0x0000006660500000,0x0000006660600000)]
  0x000001fe582de000 JavaThread "Unconstrained build operations Thread 23" [_thread_blocked, id=14172, stack(0x0000006660400000,0x0000006660500000)]
  0x000001fe582dc800 JavaThread "Unconstrained build operations Thread 22" [_thread_blocked, id=9184, stack(0x0000006660300000,0x0000006660400000)]
  0x000001fe582dd800 JavaThread "Unconstrained build operations Thread 21" [_thread_blocked, id=12040, stack(0x0000006660200000,0x0000006660300000)]
  0x000001fe582df000 JavaThread "Unconstrained build operations Thread 20" [_thread_blocked, id=18860, stack(0x0000006660100000,0x0000006660200000)]
  0x000001fe582d4800 JavaThread "Unconstrained build operations Thread 19" [_thread_blocked, id=22340, stack(0x0000006660000000,0x0000006660100000)]
  0x000001fe582db000 JavaThread "Unconstrained build operations Thread 18" [_thread_blocked, id=17756, stack(0x000000665ff00000,0x0000006660000000)]
  0x000001fe582da800 JavaThread "Unconstrained build operations Thread 17" [_thread_blocked, id=19748, stack(0x000000665fe00000,0x000000665ff00000)]
  0x000001fe582d3000 JavaThread "Unconstrained build operations Thread 16" [_thread_blocked, id=19256, stack(0x000000665fd00000,0x000000665fe00000)]
  0x000001fe582d3800 JavaThread "Unconstrained build operations Thread 15" [_thread_blocked, id=22208, stack(0x000000665fc00000,0x000000665fd00000)]
  0x000001fe582d9800 JavaThread "Unconstrained build operations Thread 14" [_thread_blocked, id=18428, stack(0x000000665fb00000,0x000000665fc00000)]
  0x000001fe582d9000 JavaThread "Unconstrained build operations Thread 13" [_thread_blocked, id=14476, stack(0x000000665fa00000,0x000000665fb00000)]
  0x000001fe582d7800 JavaThread "Unconstrained build operations Thread 12" [_thread_blocked, id=22304, stack(0x000000665f900000,0x000000665fa00000)]
  0x000001fe582d8000 JavaThread "Unconstrained build operations Thread 11" [_thread_blocked, id=17284, stack(0x000000665f800000,0x000000665f900000)]
  0x000001fe582d6800 JavaThread "Unconstrained build operations Thread 10" [_thread_blocked, id=12396, stack(0x000000665f700000,0x000000665f800000)]
  0x000001fe582d1800 JavaThread "Unconstrained build operations Thread 9" [_thread_blocked, id=11876, stack(0x000000665f600000,0x000000665f700000)]
  0x000001fe582d6000 JavaThread "Unconstrained build operations Thread 8" [_thread_blocked, id=17444, stack(0x000000665f500000,0x000000665f600000)]
  0x000001fe582d5000 JavaThread "Unconstrained build operations Thread 7" [_thread_blocked, id=7748, stack(0x000000665f400000,0x000000665f500000)]
  0x000001fe582d2000 JavaThread "Unconstrained build operations Thread 6" [_thread_blocked, id=1364, stack(0x000000665f300000,0x000000665f400000)]
  0x000001fe582d0800 JavaThread "Unconstrained build operations Thread 5" [_thread_blocked, id=15680, stack(0x000000665f200000,0x000000665f300000)]
  0x000001fe57eff000 JavaThread "Unconstrained build operations Thread 4" [_thread_blocked, id=18412, stack(0x000000665f100000,0x000000665f200000)]
  0x000001fe57eff800 JavaThread "Unconstrained build operations Thread 3" [_thread_blocked, id=12932, stack(0x000000665f000000,0x000000665f100000)]
  0x000001fe57efe000 JavaThread "Unconstrained build operations Thread 2" [_thread_blocked, id=15616, stack(0x000000665ef00000,0x000000665f000000)]
  0x000001fe57efd800 JavaThread "Unconstrained build operations" [_thread_blocked, id=16364, stack(0x000000665ee00000,0x000000665ef00000)]
  0x000001fe57ef9800 JavaThread "Cache worker for Build Output Cleanup Cache (C:\Users\pablo\Documents\Proyectos\Mods Minecraft\LoL Mod\.gradle\buildOutputCleanup)" [_thread_blocked, id=20392, stack(0x000000665ed00000,0x000000665ee00000)]
  0x000001fe57efc800 JavaThread "jar transforms Thread 5" [_thread_blocked, id=20116, stack(0x000000665ec00000,0x000000665ed00000)]
  0x000001fe57ef9000 JavaThread "Cache worker for dependencies-accessors (C:\Users\pablo\Documents\Proyectos\Mods Minecraft\LoL Mod\.gradle\7.1.1\dependencies-accessors)" [_thread_blocked, id=20832, stack(0x000000665eb00000,0x000000665ec00000)]
  0x000001fe57efb000 JavaThread "jar transforms Thread 4" [_thread_blocked, id=5144, stack(0x000000665ea00000,0x000000665eb00000)]
  0x000001fe57efa800 JavaThread "jar transforms Thread 3" [_thread_blocked, id=20588, stack(0x000000665e900000,0x000000665ea00000)]
  0x000001fe57ef8000 JavaThread "Cache worker for file content cache (C:\Users\pablo\.gradle\caches\7.1.1\fileContent)" [_thread_blocked, id=16400, stack(0x000000665e800000,0x000000665e900000)]
  0x000001fe57ef0800 JavaThread "jar transforms Thread 2" [_thread_blocked, id=2468, stack(0x000000665e700000,0x000000665e800000)]
  0x000001fe57ef7800 JavaThread "jar transforms" [_thread_blocked, id=20272, stack(0x000000665e600000,0x000000665e700000)]
  0x000001fe57ef4000 JavaThread "Cache worker for execution history cache (C:\Users\pablo\.gradle\caches\7.1.1\executionHistory)" [_thread_blocked, id=10296, stack(0x000000665e500000,0x000000665e600000)]
  0x000001fe57ef3800 JavaThread "Cache worker for cache directory md-rule (C:\Users\pablo\.gradle\caches\7.1.1\md-rule)" [_thread_blocked, id=15460, stack(0x000000665e400000,0x000000665e500000)]
  0x000001fe57ef6000 JavaThread "Cache worker for cache directory md-supplier (C:\Users\pablo\.gradle\caches\7.1.1\md-supplier)" [_thread_blocked, id=21252, stack(0x000000665e300000,0x000000665e400000)]
  0x000001fe57ef6800 JavaThread "Cache worker for checksums cache (C:\Users\pablo\Documents\Proyectos\Mods Minecraft\LoL Mod\.gradle\checksums)" [_thread_blocked, id=11704, stack(0x000000665e200000,0x000000665e300000)]
  0x000001fe57ef2800 JavaThread "File watcher consumer" daemon [_thread_blocked, id=3788, stack(0x000000665e100000,0x000000665e200000)]
  0x000001fe57ef5000 JavaThread "File watcher server" daemon [_thread_in_native, id=2100, stack(0x000000665e000000,0x000000665e100000)]
  0x000001fe57ef2000 JavaThread "Cache worker for file hash cache (C:\Users\pablo\Documents\Proyectos\Mods Minecraft\LoL Mod\.gradle\7.1.1\fileHashes)" [_thread_blocked, id=14224, stack(0x000000665df00000,0x000000665e000000)]
  0x000001fe55a9a800 JavaThread "Cache worker for file hash cache (C:\Users\pablo\.gradle\caches\7.1.1\fileHashes)" [_thread_blocked, id=17044, stack(0x000000665de00000,0x000000665df00000)]
  0x000001fe55a99000 JavaThread "File lock request listener" [_thread_in_native, id=14840, stack(0x000000665dd00000,0x000000665de00000)]
  0x000001fe55a94800 JavaThread "Cache worker for journal cache (C:\Users\pablo\.gradle\caches\journal-1)" [_thread_blocked, id=14492, stack(0x000000665dc00000,0x000000665dd00000)]
  0x000001fe57aee800 JavaThread "Daemon client event forwarder" [_thread_blocked, id=19252, stack(0x000000665db00000,0x000000665dc00000)]
  0x000001fe57ad1800 JavaThread "Stdin handler" [_thread_blocked, id=13900, stack(0x000000665da00000,0x000000665db00000)]
  0x000001fe57ac0000 JavaThread "Asynchronous log dispatcher for DefaultDaemonConnection: socket connection from /127.0.0.1:62151 to /127.0.0.1:62152" [_thread_blocked, id=5216, stack(0x000000665d900000,0x000000665da00000)]
  0x000001fe57ab4000 JavaThread "Daemon worker" [_thread_blocked, id=6448, stack(0x000000665d800000,0x000000665d900000)]
  0x000001fe57aaf000 JavaThread "Cancel handler" [_thread_blocked, id=21748, stack(0x000000665d700000,0x000000665d800000)]
  0x000001fe578a7800 JavaThread "Handler for socket connection from /127.0.0.1:62151 to /127.0.0.1:62152" [_thread_in_native, id=6060, stack(0x000000665d600000,0x000000665d700000)]
  0x000001fe57491800 JavaThread "Daemon" [_thread_blocked, id=21144, stack(0x000000665d500000,0x000000665d600000)]
  0x000001fe57490000 JavaThread "Daemon periodic checks" [_thread_blocked, id=13756, stack(0x000000665d400000,0x000000665d500000)]
  0x000001fe5789b800 JavaThread "Incoming local TCP Connector on port 62151" [_thread_in_native, id=10988, stack(0x000000665d300000,0x000000665d400000)]
  0x000001fe576ca800 JavaThread "Daemon health stats" [_thread_blocked, id=15244, stack(0x000000665d200000,0x000000665d300000)]
  0x000001fe55b10000 JavaThread "Service Thread" daemon [_thread_blocked, id=3084, stack(0x000000665d000000,0x000000665d100000)]
  0x000001fe55a96800 JavaThread "C1 CompilerThread11" daemon [_thread_blocked, id=2880, stack(0x000000665cf00000,0x000000665d000000)]
  0x000001fe55a96000 JavaThread "C1 CompilerThread10" daemon [_thread_blocked, id=15168, stack(0x000000665ce00000,0x000000665cf00000)]
  0x000001fe55a9b000 JavaThread "C1 CompilerThread9" daemon [_thread_blocked, id=18788, stack(0x000000665cd00000,0x000000665ce00000)]
  0x000001fe55a95000 JavaThread "C1 CompilerThread8" daemon [_thread_blocked, id=13632, stack(0x000000665cc00000,0x000000665cd00000)]
  0x000001fe55a98000 JavaThread "C2 CompilerThread7" daemon [_thread_blocked, id=12580, stack(0x000000665cb00000,0x000000665cc00000)]
  0x000001fe55a99800 JavaThread "C2 CompilerThread6" daemon [_thread_blocked, id=3628, stack(0x000000665ca00000,0x000000665cb00000)]
  0x000001fe55a7b800 JavaThread "C2 CompilerThread5" daemon [_thread_blocked, id=12276, stack(0x000000665c900000,0x000000665ca00000)]
  0x000001fe55a5f000 JavaThread "C2 CompilerThread4" daemon [_thread_blocked, id=17776, stack(0x000000665c800000,0x000000665c900000)]
=>0x000001fe55a3a000 JavaThread "C2 CompilerThread3" daemon [_thread_in_native, id=6952, stack(0x000000665c700000,0x000000665c800000)]
  0x000001fe55a38800 JavaThread "C2 CompilerThread2" daemon [_thread_blocked, id=13144, stack(0x000000665c600000,0x000000665c700000)]
  0x000001fe55a34000 JavaThread "C2 CompilerThread1" daemon [_thread_blocked, id=19648, stack(0x000000665c500000,0x000000665c600000)]
  0x000001fe55a30800 JavaThread "C2 CompilerThread0" daemon [_thread_blocked, id=16824, stack(0x000000665c400000,0x000000665c500000)]
  0x000001fe55a30000 JavaThread "Attach Listener" daemon [_thread_blocked, id=14256, stack(0x000000665c300000,0x000000665c400000)]
  0x000001fe55a2a000 JavaThread "Signal Dispatcher" daemon [_thread_blocked, id=6064, stack(0x000000665c200000,0x000000665c300000)]
  0x000001fe55a06000 JavaThread "Finalizer" daemon [_thread_blocked, id=9664, stack(0x000000665c100000,0x000000665c200000)]
  0x000001fe52d2c000 JavaThread "Reference Handler" daemon [_thread_blocked, id=21384, stack(0x000000665c000000,0x000000665c100000)]
  0x000001fe3a4d1000 JavaThread "main" [_thread_blocked, id=21724, stack(0x000000665b100000,0x000000665b200000)]

Other Threads:
  0x000001fe52d02000 VMThread [stack: 0x000000665bf00000,0x000000665c000000] [id=13612]
  0x000001fe55b14000 WatcherThread [stack: 0x000000665d100000,0x000000665d200000] [id=16832]

VM state:not at safepoint (normal execution)

VM Mutex/Monitor currently owned by a thread: None

heap address: 0x0000000700000000, size: 3072 MB, Compressed Oops mode: Zero based, Oop shift amount: 3
Narrow klass base: 0x0000000000000000, Narrow klass shift: 3
Compressed class space size: 1073741824 Address: 0x00000007c0000000

Heap:
 PSYoungGen      total 371712K, used 77695K [0x0000000780000000, 0x0000000799d00000, 0x00000007c0000000)
  eden space 350208K, 16% used [0x0000000780000000,0x00000007836e29e0,0x0000000795600000)
  from space 21504K, 99% used [0x0000000797480000,0x000000079897d488,0x0000000798980000)
  to   space 31232K, 0% used [0x0000000795600000,0x0000000795600000,0x0000000797480000)
 ParOldGen       total 225792K, used 48865K [0x0000000700000000, 0x000000070dc80000, 0x0000000780000000)
  object space 225792K, 21% used [0x0000000700000000,0x0000000702fb85a8,0x000000070dc80000)
 Metaspace       used 65714K, capacity 69824K, committed 70016K, reserved 1110016K
  class space    used 9056K, capacity 9803K, committed 9856K, reserved 1048576K

Card table byte_map: [0x000001fe4b1e0000,0x000001fe4b7f0000] byte_map_base: 0x000001fe479e0000

Marking Bits: (ParMarkBitMap*) 0x00000000598d7fe0
 Begin Bits: [0x000001fe4bbf0000, 0x000001fe4ebf0000)
 End Bits:   [0x000001fe4ebf0000, 0x000001fe51bf0000)

Polling page: 0x000001fe3a5d0000

CodeCache: size=245760Kb used=34483Kb max_used=34578Kb free=211276Kb
 bounds [0x000001fe3be20000, 0x000001fe3e010000, 0x000001fe4ae20000]
 total_blobs=10280 nmethods=9437 adapters=752
 compilation: enabled

Compilation events (10 events):
Event: 24.363 Thread 0x000001fe55a96000 10654       1       org.gradle.internal.logging.text.AbstractLineChoppingStyledTextOutput$StateContext::next (11 bytes)
Event: 24.363 Thread 0x000001fe55a96000 nmethod 10654 0x000001fe3c66d290 code [0x000001fe3c66d3e0, 0x000001fe3c66d4f8]
Event: 24.363 Thread 0x000001fe55a34000 nmethod 10650 0x000001fe3d5770d0 code [0x000001fe3d577200, 0x000001fe3d577278]
Event: 24.363 Thread 0x000001fe55a38800 nmethod 10651 0x000001fe3d5e1950 code [0x000001fe3d5e1a80, 0x000001fe3d5e1b18]
Event: 24.363 Thread 0x000001fe55a96800 nmethod 10653 0x000001fe3d0761d0 code [0x000001fe3d076380, 0x000001fe3d076810]
Event: 24.363 Thread 0x000001fe55a99800 10655       4       java.lang.reflect.AccessibleObject::setAccessible0 (42 bytes)
Event: 24.364 Thread 0x000001fe55a99800 nmethod 10655 0x000001fe3ccee850 code [0x000001fe3ccee9a0, 0x000001fe3cceea38]
Event: 24.415 Thread 0x000001fe55a3a000 10657       4       org.gradle.internal.logging.text.AbstractLineChoppingStyledTextOutput$1::execute (130 bytes)
Event: 24.415 Thread 0x000001fe55a7b800 10656       4       org.gradle.internal.logging.text.AbstractLineChoppingStyledTextOutput$1::execute (9 bytes)
Event: 24.415 Thread 0x000001fe55a5f000 10658       4       org.gradle.internal.logging.text.AbstractLineChoppingStyledTextOutput$2::execute (73 bytes)

GC Heap History (10 events):
Event: 5.746 GC heap before
{Heap before GC invocations=9 (full 2):
 PSYoungGen      total 219648K, used 204288K [0x0000000780000000, 0x000000078f180000, 0x00000007c0000000)
  eden space 204288K, 100% used [0x0000000780000000,0x000000078c780000,0x000000078c780000)
  from space 15360K, 0% used [0x000000078d680000,0x000000078d680000,0x000000078e580000)
  to   space 15360K, 0% used [0x000000078c780000,0x000000078c780000,0x000000078d680000)
 ParOldGen       total 156672K, used 14534K [0x0000000700000000, 0x0000000709900000, 0x0000000780000000)
  object space 156672K, 9% used [0x0000000700000000,0x0000000700e31b70,0x0000000709900000)
 Metaspace       used 46496K, capacity 48860K, committed 49024K, reserved 1091584K
  class space    used 6561K, capacity 7032K, committed 7040K, reserved 1048576K
Event: 5.755 GC heap after
Heap after GC invocations=9 (full 2):
 PSYoungGen      total 219648K, used 14822K [0x0000000780000000, 0x0000000794280000, 0x00000007c0000000)
  eden space 204288K, 0% used [0x0000000780000000,0x0000000780000000,0x000000078c780000)
  from space 15360K, 96% used [0x000000078c780000,0x000000078d5f9938,0x000000078d680000)
  to   space 16896K, 0% used [0x0000000793200000,0x0000000793200000,0x0000000794280000)
 ParOldGen       total 156672K, used 14542K [0x0000000700000000, 0x0000000709900000, 0x0000000780000000)
  object space 156672K, 9% used [0x0000000700000000,0x0000000700e33b70,0x0000000709900000)
 Metaspace       used 46496K, capacity 48860K, committed 49024K, reserved 1091584K
  class space    used 6561K, capacity 7032K, committed 7040K, reserved 1048576K
}
Event: 7.267 GC heap before
{Heap before GC invocations=10 (full 2):
 PSYoungGen      total 219648K, used 219110K [0x0000000780000000, 0x0000000794280000, 0x00000007c0000000)
  eden space 204288K, 100% used [0x0000000780000000,0x000000078c780000,0x000000078c780000)
  from space 15360K, 96% used [0x000000078c780000,0x000000078d5f9938,0x000000078d680000)
  to   space 16896K, 0% used [0x0000000793200000,0x0000000793200000,0x0000000794280000)
 ParOldGen       total 156672K, used 14542K [0x0000000700000000, 0x0000000709900000, 0x0000000780000000)
  object space 156672K, 9% used [0x0000000700000000,0x0000000700e33b70,0x0000000709900000)
 Metaspace       used 53847K, capacity 57030K, committed 57088K, reserved 1097728K
  class space    used 7593K, capacity 8170K, committed 8192K, reserved 1048576K
Event: 7.277 GC heap after
Heap after GC invocations=10 (full 2):
 PSYoungGen      total 305664K, used 16881K [0x0000000780000000, 0x0000000794280000, 0x00000007c0000000)
  eden space 288768K, 0% used [0x0000000780000000,0x0000000780000000,0x0000000791a00000)
  from space 16896K, 99% used [0x0000000793200000,0x000000079427c6d8,0x0000000794280000)
  to   space 20480K, 0% used [0x0000000791a80000,0x0000000791a80000,0x0000000792e80000)
 ParOldGen       total 156672K, used 17079K [0x0000000700000000, 0x0000000709900000, 0x0000000780000000)
  object space 156672K, 10% used [0x0000000700000000,0x00000007010addc8,0x0000000709900000)
 Metaspace       used 53847K, capacity 57030K, committed 57088K, reserved 1097728K
  class space    used 7593K, capacity 8170K, committed 8192K, reserved 1048576K
}
Event: 8.001 GC heap before
{Heap before GC invocations=11 (full 2):
 PSYoungGen      total 305664K, used 183239K [0x0000000780000000, 0x0000000794280000, 0x00000007c0000000)
  eden space 288768K, 57% used [0x0000000780000000,0x000000078a275748,0x0000000791a00000)
  from space 16896K, 99% used [0x0000000793200000,0x000000079427c6d8,0x0000000794280000)
  to   space 20480K, 0% used [0x0000000791a80000,0x0000000791a80000,0x0000000792e80000)
 ParOldGen       total 156672K, used 17079K [0x0000000700000000, 0x0000000709900000, 0x0000000780000000)
  object space 156672K, 10% used [0x0000000700000000,0x00000007010addc8,0x0000000709900000)
 Metaspace       used 55597K, capacity 58924K, committed 59028K, reserved 1099776K
  class space    used 7758K, capacity 8361K, committed 8448K, reserved 1048576K
Event: 8.010 GC heap after
Heap after GC invocations=11 (full 2):
 PSYoungGen      total 309760K, used 17183K [0x0000000780000000, 0x0000000798980000, 0x00000007c0000000)
  eden space 289280K, 0% used [0x0000000780000000,0x0000000780000000,0x0000000791a80000)
  from space 20480K, 83% used [0x0000000791a80000,0x0000000792b47d60,0x0000000792e80000)
  to   space 21504K, 0% used [0x0000000797480000,0x0000000797480000,0x0000000798980000)
 ParOldGen       total 156672K, used 17095K [0x0000000700000000, 0x0000000709900000, 0x0000000780000000)
  object space 156672K, 10% used [0x0000000700000000,0x00000007010b1dc8,0x0000000709900000)
 Metaspace       used 55597K, capacity 58924K, committed 59028K, reserved 1099776K
  class space    used 7758K, capacity 8361K, committed 8448K, reserved 1048576K
}
Event: 8.010 GC heap before
{Heap before GC invocations=12 (full 3):
 PSYoungGen      total 309760K, used 17183K [0x0000000780000000, 0x0000000798980000, 0x00000007c0000000)
  eden space 289280K, 0% used [0x0000000780000000,0x0000000780000000,0x0000000791a80000)
  from space 20480K, 83% used [0x0000000791a80000,0x0000000792b47d60,0x0000000792e80000)
  to   space 21504K, 0% used [0x0000000797480000,0x0000000797480000,0x0000000798980000)
 ParOldGen       total 156672K, used 17095K [0x0000000700000000, 0x0000000709900000, 0x0000000780000000)
  object space 156672K, 10% used [0x0000000700000000,0x00000007010b1dc8,0x0000000709900000)
 Metaspace       used 55597K, capacity 58924K, committed 59028K, reserved 1099776K
  class space    used 7758K, capacity 8361K, committed 8448K, reserved 1048576K
Event: 8.151 GC heap after
Heap after GC invocations=12 (full 3):
 PSYoungGen      total 309760K, used 0K [0x0000000780000000, 0x0000000798980000, 0x00000007c0000000)
  eden space 289280K, 0% used [0x0000000780000000,0x0000000780000000,0x0000000791a80000)
  from space 20480K, 0% used [0x0000000791a80000,0x0000000791a80000,0x0000000792e80000)
  to   space 21504K, 0% used [0x0000000797480000,0x0000000797480000,0x0000000798980000)
 ParOldGen       total 225792K, used 29773K [0x0000000700000000, 0x000000070dc80000, 0x0000000780000000)
  object space 225792K, 13% used [0x0000000700000000,0x0000000701d13598,0x000000070dc80000)
 Metaspace       used 55478K, capacity 58522K, committed 59028K, reserved 1099776K
  class space    used 7720K, capacity 8294K, committed 8448K, reserved 1048576K
}
Event: 10.060 GC heap before
{Heap before GC invocations=13 (full 3):
 PSYoungGen      total 309760K, used 289280K [0x0000000780000000, 0x0000000798980000, 0x00000007c0000000)
  eden space 289280K, 100% used [0x0000000780000000,0x0000000791a80000,0x0000000791a80000)
  from space 20480K, 0% used [0x0000000791a80000,0x0000000791a80000,0x0000000792e80000)
  to   space 21504K, 0% used [0x0000000797480000,0x0000000797480000,0x0000000798980000)
 ParOldGen       total 225792K, used 29773K [0x0000000700000000, 0x000000070dc80000, 0x0000000780000000)
  object space 225792K, 13% used [0x0000000700000000,0x0000000701d13598,0x000000070dc80000)
 Metaspace       used 65436K, capacity 69550K, committed 69760K, reserved 1110016K
  class space    used 9034K, capacity 9760K, committed 9856K, reserved 1048576K
Event: 10.104 GC heap after
Heap after GC invocations=13 (full 3):
 PSYoungGen      total 371712K, used 21493K [0x0000000780000000, 0x0000000799d00000, 0x00000007c0000000)
  eden space 350208K, 0% used [0x0000000780000000,0x0000000780000000,0x0000000795600000)
  from space 21504K, 99% used [0x0000000797480000,0x000000079897d488,0x0000000798980000)
  to   space 31232K, 0% used [0x0000000795600000,0x0000000795600000,0x0000000797480000)
 ParOldGen       total 225792K, used 48865K [0x0000000700000000, 0x000000070dc80000, 0x0000000780000000)
  object space 225792K, 21% used [0x0000000700000000,0x0000000702fb85a8,0x000000070dc80000)
 Metaspace       used 65436K, capacity 69550K, committed 69760K, reserved 1110016K
  class space    used 9034K, capacity 9760K, committed 9856K, reserved 1048576K
}

Deoptimization events (10 events):
Event: 10.284 Thread 0x000001fe5f7e2000 Uncommon trap: reason=unstable_if action=reinterpret pc=0x000001fe3df025f4 method=org.gradle.internal.file.DefaultFileHierarchySet$Node.isChildOfOrThis(Ljava/lang/String;I)Z @ 35
Event: 10.287 Thread 0x000001fe5f7e2000 Uncommon trap: reason=unstable_if action=reinterpret pc=0x000001fe3d210580 method=org.gradle.internal.snapshot.PathUtil.equalChars(CCLorg/gradle/internal/snapshot/CaseSensitivity;)Z @ 40
Event: 10.312 Thread 0x000001fe5f7e2000 Uncommon trap: reason=unstable_if action=reinterpret pc=0x000001fe3c6af328 method=java.util.TreeMap.put(Ljava/lang/Object;Ljava/lang/Object;)Ljava/lang/Object; @ 163
Event: 11.477 Thread 0x000001fe57490000 Uncommon trap: reason=unstable_if action=reinterpret pc=0x000001fe3cc085dc method=java.util.LinkedHashMap.afterNodeInsertion(Z)V @ 18
Event: 11.480 Thread 0x000001fe57490000 Uncommon trap: reason=speculate_class_check action=maybe_recompile pc=0x000001fe3d4eba20 method=java.util.AbstractList.listIterator()Ljava/util/ListIterator; @ 2
Event: 21.486 Thread 0x000001fe57490000 Uncommon trap: reason=speculate_class_check action=maybe_recompile pc=0x000001fe3d4eba20 method=java.util.AbstractList.listIterator()Ljava/util/ListIterator; @ 2
Event: 24.361 Thread 0x000001fe5a19a800 Uncommon trap: reason=unstable_if action=reinterpret pc=0x000001fe3de5a588 method=org.gradle.internal.logging.text.AbstractLineChoppingStyledTextOutput$2.execute(Lorg/gradle/internal/logging/text/AbstractLineChoppingStyledTextOutput$StateContext;)V @ 30
Event: 24.361 Thread 0x000001fe5a19a800 Uncommon trap: reason=unstable_if action=reinterpret pc=0x000001fe3d111b24 method=org.gradle.internal.logging.text.AbstractLineChoppingStyledTextOutput$2.execute(Lorg/gradle/internal/logging/text/AbstractLineChoppingStyledTextOutput$StateContext;)V @ 30
Event: 24.361 Thread 0x000001fe5a19a800 Uncommon trap: reason=unstable_if action=reinterpret pc=0x000001fe3d10df48 method=org.gradle.internal.logging.text.AbstractLineChoppingStyledTextOutput$2.execute(Lorg/gradle/internal/logging/text/AbstractLineChoppingStyledTextOutput$StateContext;)V @ 30
Event: 24.361 Thread 0x000001fe5a19a800 Uncommon trap: reason=unstable_if action=reinterpret pc=0x000001fe3d10e6f8 method=org.gradle.internal.logging.text.AbstractLineChoppingStyledTextOutput$2.execute(Lorg/gradle/internal/logging/text/AbstractLineChoppingStyledTextOutput$StateContext;)V @ 30

Classes redefined (0 events):
No events

Internal exceptions (10 events):
Event: 9.987 Thread 0x000001fe57aee800 Exception <a 'java/lang/NoSuchMethodError': <clinit>> (0x000000078004a3d8) thrown at [C:\jenkins\workspace\8-2-build-windows-amd64-cygwin\jdk8u301\1513\hotspot\src\share\vm\prims\jni.cpp, line 1615]
Event: 9.991 Thread 0x000001fe57aee800 Exception <a 'java/lang/NoSuchMethodError': <clinit>> (0x00000007915ea548) thrown at [C:\jenkins\workspace\8-2-build-windows-amd64-cygwin\jdk8u301\1513\hotspot\src\share\vm\prims\jni.cpp, line 1615]
Event: 9.991 Thread 0x000001fe57aee800 Exception <a 'java/lang/NoSuchMethodError': <clinit>> (0x00000007915ec920) thrown at [C:\jenkins\workspace\8-2-build-windows-amd64-cygwin\jdk8u301\1513\hotspot\src\share\vm\prims\jni.cpp, line 1615]
Event: 9.991 Thread 0x000001fe57aee800 Exception <a 'java/lang/NoSuchMethodError': <clinit>> (0x00000007915ee330) thrown at [C:\jenkins\workspace\8-2-build-windows-amd64-cygwin\jdk8u301\1513\hotspot\src\share\vm\prims\jni.cpp, line 1615]
Event: 9.991 Thread 0x000001fe57aee800 Exception <a 'java/lang/NoSuchMethodError': <clinit>> (0x00000007915f01f0) thrown at [C:\jenkins\workspace\8-2-build-windows-amd64-cygwin\jdk8u301\1513\hotspot\src\share\vm\prims\jni.cpp, line 1615]
Event: 9.991 Thread 0x000001fe57aee800 Implicit null exception at 0x000001fe3c8bcaea to 0x000001fe3c8bcd61
Event: 9.993 Thread 0x000001fe57aee800 Exception <a 'java/lang/NoSuchMethodError': <clinit>> (0x000000079160ec28) thrown at [C:\jenkins\workspace\8-2-build-windows-amd64-cygwin\jdk8u301\1513\hotspot\src\share\vm\prims\jni.cpp, line 1615]
Event: 10.057 Thread 0x000001fe5f7e2000 Exception <a 'java/lang/NoSuchMethodError': java.lang.Object.lambda$happensBecause$0(Ljava/lang/String;)Ljava/lang/String;> (0x00000007919de758) thrown at [C:\jenkins\workspace\8-2-build-windows-amd64-cygwin\jdk8u301\1513\hotspot\src\share\vm\interpreter\
Event: 10.057 Thread 0x000001fe5f7e2000 Exception <a 'java/lang/NoSuchMethodError': java.lang.Object.lambda$addPossibleSolution$3(Ljava/lang/String;)Ljava/lang/String;> (0x00000007919e1aa0) thrown at [C:\jenkins\workspace\8-2-build-windows-amd64-cygwin\jdk8u301\1513\hotspot\src\share\vm\interpr
Event: 10.104 Thread 0x000001fe5f7e5800 Implicit null exception at 0x000001fe3d58c033 to 0x000001fe3d58db8d

Events (10 events):
Event: 24.361 Thread 0x000001fe5a19a800 DEOPT UNPACKING pc=0x000001fe3be65843 sp=0x00000066624fda10 mode 2
Event: 24.361 Thread 0x000001fe5a19a800 Uncommon trap: trap_request=0xffffff65 fr.pc=0x000001fe3d111b24
Event: 24.361 Thread 0x000001fe5a19a800 DEOPT PACKING pc=0x000001fe3d111b24 sp=0x00000066624fdb60
Event: 24.361 Thread 0x000001fe5a19a800 DEOPT UNPACKING pc=0x000001fe3be65843 sp=0x00000066624fd9f8 mode 2
Event: 24.361 Thread 0x000001fe5a19a800 Uncommon trap: trap_request=0xffffff65 fr.pc=0x000001fe3d10df48
Event: 24.361 Thread 0x000001fe5a19a800 DEOPT PACKING pc=0x000001fe3d10df48 sp=0x00000066624fdb00
Event: 24.361 Thread 0x000001fe5a19a800 DEOPT UNPACKING pc=0x000001fe3be65843 sp=0x00000066624fd9f8 mode 2
Event: 24.361 Thread 0x000001fe5a19a800 Uncommon trap: trap_request=0xffffff65 fr.pc=0x000001fe3d10e6f8
Event: 24.361 Thread 0x000001fe5a19a800 DEOPT PACKING pc=0x000001fe3d10e6f8 sp=0x00000066624fda60
Event: 24.361 Thread 0x000001fe5a19a800 DEOPT UNPACKING pc=0x000001fe3be65843 sp=0x00000066624fda08 mode 2


Dynamic libraries:
0x00007ff66ced0000 - 0x00007ff66cf17000 	C:\Program Files\Java\jdk1.8.0_301\bin\java.exe
0x00007ffca1570000 - 0x00007ffca1765000 	C:\Windows\SYSTEM32\ntdll.dll
0x00007ffc9f7b0000 - 0x00007ffc9f86e000 	C:\Windows\System32\KERNEL32.DLL
0x00007ffc9f100000 - 0x00007ffc9f3c8000 	C:\Windows\System32\KERNELBASE.dll
0x00007ffca07d0000 - 0x00007ffca087e000 	C:\Windows\System32\ADVAPI32.dll
0x00007ffc9f640000 - 0x00007ffc9f6de000 	C:\Windows\System32\msvcrt.dll
0x00007ffc9f9f0000 - 0x00007ffc9fa8c000 	C:\Windows\System32\sechost.dll
0x00007ffc9fab0000 - 0x00007ffc9fbd5000 	C:\Windows\System32\RPCRT4.dll
0x00007ffca0d60000 - 0x00007ffca0f01000 	C:\Windows\System32\USER32.dll
0x00007ffc9ed30000 - 0x00007ffc9ed52000 	C:\Windows\System32\win32u.dll
0x00007ffca0d30000 - 0x00007ffca0d5b000 	C:\Windows\System32\GDI32.dll
0x00007ffc9eff0000 - 0x00007ffc9f0fd000 	C:\Windows\System32\gdi32full.dll
0x00007ffc9f3d0000 - 0x00007ffc9f46d000 	C:\Windows\System32\msvcp_win.dll
0x00007ffc9eef0000 - 0x00007ffc9eff0000 	C:\Windows\System32\ucrtbase.dll
0x00007ffc903f0000 - 0x00007ffc9068a000 	C:\Windows\WinSxS\amd64_microsoft.windows.common-controls_6595b64144ccf1df_6.0.19041.1110_none_60b5254171f9507e\COMCTL32.dll
0x00007ffca0880000 - 0x00007ffca08b0000 	C:\Windows\System32\IMM32.DLL
0x00007ffc98440000 - 0x00007ffc98455000 	C:\Program Files\Java\jdk1.8.0_301\jre\bin\vcruntime140.dll
0x00007ffc7da80000 - 0x00007ffc7db1b000 	C:\Program Files\Java\jdk1.8.0_301\jre\bin\msvcp140.dll
0x00000000590f0000 - 0x0000000059950000 	C:\Program Files\Java\jdk1.8.0_301\jre\bin\server\jvm.dll
0x00007ffc9f7a0000 - 0x00007ffc9f7a8000 	C:\Windows\System32\PSAPI.DLL
0x00007ffc9a450000 - 0x00007ffc9a459000 	C:\Windows\SYSTEM32\WSOCK32.dll
0x00007ffc95f40000 - 0x00007ffc95f4a000 	C:\Windows\SYSTEM32\VERSION.dll
0x00007ffc943e0000 - 0x00007ffc94407000 	C:\Windows\SYSTEM32\WINMM.dll
0x00007ffca1310000 - 0x00007ffca137b000 	C:\Windows\System32\WS2_32.dll
0x00007ffc9cb90000 - 0x00007ffc9cba2000 	C:\Windows\SYSTEM32\kernel.appcore.dll
0x00007ffc99d50000 - 0x00007ffc99d60000 	C:\Program Files\Java\jdk1.8.0_301\jre\bin\verify.dll
0x00007ffc98410000 - 0x00007ffc9843b000 	C:\Program Files\Java\jdk1.8.0_301\jre\bin\java.dll
0x00007ffc982c0000 - 0x00007ffc982d8000 	C:\Program Files\Java\jdk1.8.0_301\jre\bin\zip.dll
0x00007ffca0080000 - 0x00007ffca07c4000 	C:\Windows\System32\SHELL32.dll
0x00007ffc9cd90000 - 0x00007ffc9d525000 	C:\Windows\SYSTEM32\windows.storage.dll
0x00007ffc9fd20000 - 0x00007ffca0075000 	C:\Windows\System32\combase.dll
0x00007ffc9e6d0000 - 0x00007ffc9e6fe000 	C:\Windows\SYSTEM32\Wldp.dll
0x00007ffc9f870000 - 0x00007ffc9f91d000 	C:\Windows\System32\SHCORE.dll
0x00007ffca1190000 - 0x00007ffca11e5000 	C:\Windows\System32\shlwapi.dll
0x00007ffc9ebc0000 - 0x00007ffc9ebdf000 	C:\Windows\SYSTEM32\profapi.dll
0x00007ffc89d40000 - 0x00007ffc89d5c000 	C:\Program Files\Java\jdk1.8.0_301\jre\bin\net.dll
0x00007ffc9e430000 - 0x00007ffc9e49a000 	C:\Windows\system32\mswsock.dll
0x00007ffc87e80000 - 0x00007ffc87e93000 	C:\Program Files\Java\jdk1.8.0_301\jre\bin\nio.dll
0x00007ffc98460000 - 0x00007ffc98487000 	C:\Users\pablo\.gradle\native\8bec1ad78214c89d9ad589b4d07fe93259594b29d510b10fafb7a158f7737e5d\windows-amd64\native-platform.dll
0x00007ffc48690000 - 0x00007ffc487cd000 	C:\Users\pablo\.gradle\native\53dbd7edfb1c66fb8903c78663c9afc45aea4f116125fa6feffd364cf09443e8\windows-amd64\native-platform-file-events.dll
0x00007ffc994e0000 - 0x00007ffc994ed000 	C:\Program Files\Java\jdk1.8.0_301\jre\bin\management.dll
0x00007ffc9e630000 - 0x00007ffc9e648000 	C:\Windows\SYSTEM32\CRYPTSP.dll
0x00007ffc9dd40000 - 0x00007ffc9dd74000 	C:\Windows\system32\rsaenh.dll
0x00007ffc9eec0000 - 0x00007ffc9eee7000 	C:\Windows\System32\bcrypt.dll
0x00007ffc9eb40000 - 0x00007ffc9eb6e000 	C:\Windows\SYSTEM32\USERENV.dll
0x00007ffc9f520000 - 0x00007ffc9f5a2000 	C:\Windows\System32\bcryptprimitives.dll
0x00007ffc9e620000 - 0x00007ffc9e62c000 	C:\Windows\SYSTEM32\CRYPTBASE.dll
0x00007ffc9e0d0000 - 0x00007ffc9e10b000 	C:\Windows\SYSTEM32\IPHLPAPI.DLL
0x00007ffc9f630000 - 0x00007ffc9f638000 	C:\Windows\System32\NSI.dll
0x00007ffc991c0000 - 0x00007ffc991d7000 	C:\Windows\SYSTEM32\dhcpcsvc6.DLL
0x00007ffc991a0000 - 0x00007ffc991bd000 	C:\Windows\SYSTEM32\dhcpcsvc.DLL
0x00007ffc9e120000 - 0x00007ffc9e1eb000 	C:\Windows\SYSTEM32\DNSAPI.dll
0x00007ffc931f0000 - 0x00007ffc93214000 	C:\Program Files\Java\jdk1.8.0_301\jre\bin\sunec.dll
0x000000005bf80000 - 0x000000005bfa6000 	C:\Program Files\Bonjour\mdnsNSP.dll
0x00007ffc95f30000 - 0x00007ffc95f3a000 	C:\Windows\System32\rasadhlp.dll
0x00007ffc94ac0000 - 0x00007ffc94b3f000 	C:\Windows\System32\fwpuclnt.dll
0x00007ffc993f0000 - 0x00007ffc993fd000 	C:\Program Files\Java\jdk1.8.0_301\jre\bin\sunmscapi.dll
0x00007ffc9ed60000 - 0x00007ffc9eeb6000 	C:\Windows\System32\CRYPT32.dll
0x00007ffc9e740000 - 0x00007ffc9e767000 	C:\Windows\SYSTEM32\ncrypt.dll
0x00007ffc9e700000 - 0x00007ffc9e73b000 	C:\Windows\SYSTEM32\NTASN1.dll
0x00007ffc9c4d0000 - 0x00007ffc9c560000 	C:\Windows\system32\apphelp.dll

VM Arguments:
jvm_args: -Xmx3G -Dfile.encoding=windows-1252 -Duser.country=US -Duser.language=en -Duser.variant 
java_command: org.gradle.launcher.daemon.bootstrap.GradleDaemon 7.1.1
java_class_path (initial): C:\Users\pablo\.gradle\wrapper\dists\gradle-7.1.1-bin\f29rtwfnc96ub43tt7p47zsru\gradle-7.1.1\lib\gradle-launcher-7.1.1.jar
Launcher Type: SUN_STANDARD

Environment Variables:
JAVA_HOME=C:\Program Files\Java\jdk1.8.0_301
PATH=C:\Program Files\Eclipse Adoptium\jdk-8.0.312.7-hotspot\bin;E:\Oculus\Support\oculus-runtime;C:\Program Files (x86)\Common Files\Oracle\Java\javapath;C:\Windows\system32;C:\Windows;C:\Windows\System32\Wbem;C:\Windows\System32\WindowsPowerShell\v1.0\;C:\Windows\System32\OpenSSH\;C:\Program Files\nodejs\;C:\Program Files (x86)\Microsoft SQL Server\150\DTS\Binn\;C:\Program Files\Azure Data Studio\bin;C:\Program Files\Microsoft SQL Server\Client SDK\ODBC\170\Tools\Binn\;C:\Program Files (x86)\Microsoft SQL Server\150\Tools\Binn\;C:\Program Files\Microsoft SQL Server\150\Tools\Binn\;C:\Program Files\Microsoft SQL Server\150\DTS\Binn\;C:\Users\pablo\.dnx\bin;C:\Program Files\Microsoft DNX\Dnvm\;C:\Program Files\Microsoft SQL Server\130\Tools\Binn\;C:\Program Files (x86)\NVIDIA Corporation\PhysX\Common;C:\Program Files\Java\jdk1.8.0_301\bin;C:\Program Files\Java\jdk-14.0.1\bin;C:\Program Files\Git\cmd;C:\Program Files\MySQL\MySQL Shell 8.0\bin\;C:\Users\pablo\AppData\Local\Programs\Python\Python39\Scripts\;C:\Users\pablo\AppData\Local\Programs\Python\Python39\;C:\Users\pablo\AppData\Local\Microsoft\WindowsApps;C:\Users\pablo\AppData\Local\Programs\Microsoft VS Code\bin;C:\Users\pablo\AppData\Roaming\npm;C:\Program Files\Azure Data Studio\bin;C:\Users\pablo\AppData\Local\GitHubDesktop\bin;E:\Program Files\JetBrains\IntelliJ IDEA Community Edition 2021.2\bin;;E:\Program Files\heroku\bin
USERNAME=pablo
OS=Windows_NT
PROCESSOR_IDENTIFIER=AMD64 Family 23 Model 8 Stepping 2, AuthenticAMD



---------------  S Y S T E M  ---------------

OS: Windows 10.0 , 64 bit Build 19041 (10.0.19041.1466)

CPU:total 16 (initial active 16) (16 cores per cpu, 1 threads per core) family 23 model 8 stepping 2, cmov, cx8, fxsr, mmx, sse, sse2, sse3, ssse3, sse4.1, sse4.2, popcnt, avx, avx2, aes, clmul, mmxext, 3dnowpref, lzcnt, sse4a, tsc, tscinvbit, tscinv, bmi1

Memory: 4k page, physical 16724200k(4575088k free), swap 17772776k(4316k free)

vm_info: Java HotSpot(TM) 64-Bit Server VM (25.301-b09) for windows-amd64 JRE (1.8.0_301-b09), built on Jun  9 2021 06:46:21 by "java_re" with MS VC++ 15.9 (VS2017)

time: Tue Jan 25 02:53:07 2022
timezone: Montevideo Standard Time
elapsed time: 24.440498 seconds (0d 0h 0m 24s)

