#
# There is insufficient memory for the Java Runtime Environment to continue.
# Native memory allocation (malloc) failed to allocate 107312 bytes for Chunk::new
# Possible reasons:
#   The system is out of physical RAM or swap space
#   The process is running with CompressedOops enabled, and the Java Heap may be blocking the growth of the native heap
# Possible solutions:
#   Reduce memory load on the system
#   Increase physical memory or swap space
#   Check if swap backing store is full
#   Decrease Java heap size (-Xmx/-Xms)
#   Decrease number of Java threads
#   Decrease Java thread stack sizes (-Xss)
#   Set larger code cache with -XX:ReservedCodeCacheSize=
#   JVM is running with Zero Based Compressed Oops mode in which the Java heap is
#     placed in the first 32GB address space. The Java Heap base address is the
#     maximum limit for the native heap growth. Please use -XX:HeapBaseMinAddress
#     to set the Java Heap base and to place the Java Heap above 32GB virtual address.
# This output file may be truncated or incomplete.
#
#  Out of Memory Error (allocation.cpp:389), pid=22248, tid=0x000000000000088c
#
# JRE version: Java(TM) SE Runtime Environment (8.0_301-b09) (build 1.8.0_301-b09)
# Java VM: Java HotSpot(TM) 64-Bit Server VM (25.301-b09 mixed mode windows-amd64 compressed oops)
# Failed to write core dump. Minidumps are not enabled by default on client versions of Windows
#

---------------  T H R E A D  ---------------

Current thread (0x0000026c7263e000):  JavaThread "C2 CompilerThread2" daemon [_thread_in_native, id=2188, stack(0x000000f285b00000,0x000000f285c00000)]

Stack: [0x000000f285b00000,0x000000f285c00000]
Native frames: (J=compiled Java code, j=interpreted, Vv=VM code, C=native code)
V  [jvm.dll+0x32ed79]


Current CompileTask:
C2:  43730 10896 %     4       org.gradle.internal.logging.text.AbstractLineChoppingStyledTextOutput::doAppend @ 10 (43 bytes)


---------------  P R O C E S S  ---------------

Java Threads: ( => current thread )
  0x0000026c77320800 JavaThread "Build operations Thread 16" [_thread_blocked, id=6376, stack(0x000000f296100000,0x000000f296200000)]
  0x0000026c77319000 JavaThread "Build operations Thread 15" [_thread_blocked, id=13052, stack(0x000000f296000000,0x000000f296100000)]
  0x0000026c77320000 JavaThread "Build operations Thread 14" [_thread_blocked, id=14032, stack(0x000000f295f00000,0x000000f296000000)]
  0x0000026c7731f000 JavaThread "Build operations Thread 13" [_thread_blocked, id=12352, stack(0x000000f295e00000,0x000000f295f00000)]
  0x0000026c77317800 JavaThread "Build operations Thread 12" [_thread_blocked, id=7352, stack(0x000000f295d00000,0x000000f295e00000)]
  0x0000026c7731d000 JavaThread "Build operations Thread 11" [_thread_blocked, id=12088, stack(0x000000f295c00000,0x000000f295d00000)]
  0x0000026c7731d800 JavaThread "Build operations Thread 10" [_thread_blocked, id=16616, stack(0x000000f295b00000,0x000000f295c00000)]
  0x0000026c77318800 JavaThread "Build operations Thread 9" [_thread_blocked, id=18752, stack(0x000000f295a00000,0x000000f295b00000)]
  0x0000026c7731b800 JavaThread "Build operations Thread 8" [_thread_blocked, id=16132, stack(0x000000f295900000,0x000000f295a00000)]
  0x0000026c7731e800 JavaThread "Build operations Thread 7" [_thread_blocked, id=15068, stack(0x000000f295800000,0x000000f295900000)]
  0x0000026c7731c000 JavaThread "Build operations Thread 6" [_thread_blocked, id=5408, stack(0x000000f295700000,0x000000f295800000)]
  0x0000026c77310000 JavaThread "Build operations Thread 5" [_thread_blocked, id=6556, stack(0x000000f295600000,0x000000f295700000)]
  0x0000026c77317000 JavaThread "Build operations Thread 4" [_thread_blocked, id=18084, stack(0x000000f295500000,0x000000f295600000)]
  0x0000026c7730f000 JavaThread "Build operations Thread 3" [_thread_blocked, id=15044, stack(0x000000f295400000,0x000000f295500000)]
  0x0000026c77315800 JavaThread "Build operations Thread 2" [_thread_blocked, id=7076, stack(0x000000f295300000,0x000000f295400000)]
  0x0000026c77314800 JavaThread "Build operations" [_thread_blocked, id=19548, stack(0x000000f295200000,0x000000f295300000)]
  0x0000026c77312000 JavaThread "Cache worker for Java compile cache (C:\Users\pablo\.gradle\caches\7.1.1\javaCompile)" [_thread_blocked, id=9676, stack(0x000000f295100000,0x000000f295200000)]
  0x0000026c77311800 JavaThread "Cache worker for execution history cache (C:\Users\pablo\Documents\Proyectos\Mods Minecraft\LoL Mod\.gradle\7.1.1\executionHistory)" [_thread_blocked, id=20348, stack(0x000000f295000000,0x000000f295100000)]
  0x0000026c77314000 JavaThread "Execution worker for ':' Thread 15" [_thread_blocked, id=16988, stack(0x000000f294f00000,0x000000f295000000)]
  0x0000026c77310800 JavaThread "Execution worker for ':' Thread 14" [_thread_blocked, id=9164, stack(0x000000f294e00000,0x000000f294f00000)]
  0x0000026c77313000 JavaThread "Execution worker for ':' Thread 13" [_thread_blocked, id=7884, stack(0x000000f294d00000,0x000000f294e00000)]
  0x0000026c77316000 JavaThread "Execution worker for ':' Thread 12" [_thread_blocked, id=1692, stack(0x000000f294c00000,0x000000f294d00000)]
  0x0000026c77307800 JavaThread "Execution worker for ':' Thread 11" [_thread_blocked, id=8088, stack(0x000000f294b00000,0x000000f294c00000)]
  0x0000026c7730d000 JavaThread "Execution worker for ':' Thread 10" [_thread_blocked, id=8276, stack(0x000000f294a00000,0x000000f294b00000)]
  0x0000026c7730d800 JavaThread "Execution worker for ':' Thread 9" [_thread_blocked, id=2408, stack(0x000000f294900000,0x000000f294a00000)]
  0x0000026c7730e800 JavaThread "Execution worker for ':' Thread 8" [_thread_blocked, id=2580, stack(0x000000f294800000,0x000000f294900000)]
  0x0000026c7730c000 JavaThread "Execution worker for ':' Thread 7" [_thread_blocked, id=10760, stack(0x000000f294700000,0x000000f294800000)]
  0x0000026c7730a000 JavaThread "Execution worker for ':' Thread 6" [_thread_blocked, id=13572, stack(0x000000f294600000,0x000000f294700000)]
  0x0000026c77309000 JavaThread "Execution worker for ':' Thread 5" [_thread_blocked, id=13220, stack(0x000000f294500000,0x000000f294600000)]
  0x0000026c77306000 JavaThread "Execution worker for ':' Thread 4" [_thread_blocked, id=20796, stack(0x000000f294400000,0x000000f294500000)]
  0x0000026c7730b800 JavaThread "Execution worker for ':' Thread 3" [_thread_blocked, id=16068, stack(0x000000f294100000,0x000000f294200000)]
  0x0000026c7730a800 JavaThread "Execution worker for ':' Thread 2" [_thread_blocked, id=9100, stack(0x000000f294000000,0x000000f294100000)]
  0x0000026c77307000 JavaThread "Execution worker for ':'" [_thread_blocked, id=12852, stack(0x000000f293f00000,0x000000f294000000)]
  0x0000026c7c164800 JavaThread "Unconstrained build operations Thread 160" [_thread_blocked, id=4268, stack(0x000000f293e00000,0x000000f293f00000)]
  0x0000026c7c15e800 JavaThread "Unconstrained build operations Thread 159" [_thread_blocked, id=15216, stack(0x000000f293d00000,0x000000f293e00000)]
  0x0000026c7c164000 JavaThread "Unconstrained build operations Thread 158" [_thread_blocked, id=17456, stack(0x000000f293c00000,0x000000f293d00000)]
  0x0000026c7c15e000 JavaThread "Unconstrained build operations Thread 157" [_thread_blocked, id=10292, stack(0x000000f293b00000,0x000000f293c00000)]
  0x0000026c7c15c800 JavaThread "Unconstrained build operations Thread 156" [_thread_blocked, id=16740, stack(0x000000f293a00000,0x000000f293b00000)]
  0x0000026c7c163000 JavaThread "Unconstrained build operations Thread 155" [_thread_blocked, id=7072, stack(0x000000f293900000,0x000000f293a00000)]
  0x0000026c7c15b800 JavaThread "Unconstrained build operations Thread 154" [_thread_blocked, id=17252, stack(0x000000f293800000,0x000000f293900000)]
  0x0000026c7c162800 JavaThread "Unconstrained build operations Thread 153" [_thread_blocked, id=5496, stack(0x000000f293700000,0x000000f293800000)]
  0x0000026c7c161800 JavaThread "Unconstrained build operations Thread 152" [_thread_blocked, id=13908, stack(0x000000f293600000,0x000000f293700000)]
  0x0000026c7c160000 JavaThread "Unconstrained build operations Thread 151" [_thread_blocked, id=13864, stack(0x000000f293500000,0x000000f293600000)]
  0x0000026c7c15b000 JavaThread "Unconstrained build operations Thread 150" [_thread_blocked, id=22036, stack(0x000000f293400000,0x000000f293500000)]
  0x0000026c7c15d000 JavaThread "Unconstrained build operations Thread 149" [_thread_blocked, id=12432, stack(0x000000f293300000,0x000000f293400000)]
  0x0000026c7c15f800 JavaThread "Unconstrained build operations Thread 148" [_thread_blocked, id=16000, stack(0x000000f293200000,0x000000f293300000)]
  0x0000026c7c161000 JavaThread "Unconstrained build operations Thread 147" [_thread_blocked, id=1704, stack(0x000000f293100000,0x000000f293200000)]
  0x0000026c7c15a000 JavaThread "Unconstrained build operations Thread 146" [_thread_blocked, id=21180, stack(0x000000f293000000,0x000000f293100000)]
  0x0000026c7c152800 JavaThread "Unconstrained build operations Thread 145" [_thread_blocked, id=13388, stack(0x000000f292f00000,0x000000f293000000)]
  0x0000026c7c159800 JavaThread "Unconstrained build operations Thread 144" [_thread_blocked, id=4952, stack(0x000000f292e00000,0x000000f292f00000)]
  0x0000026c7c152000 JavaThread "Unconstrained build operations Thread 143" [_thread_blocked, id=10528, stack(0x000000f292d00000,0x000000f292e00000)]
  0x0000026c7c158800 JavaThread "Unconstrained build operations Thread 142" [_thread_blocked, id=1572, stack(0x000000f292c00000,0x000000f292d00000)]
  0x0000026c7c151000 JavaThread "Unconstrained build operations Thread 141" [_thread_blocked, id=16096, stack(0x000000f292b00000,0x000000f292c00000)]
  0x0000026c7c158000 JavaThread "Unconstrained build operations Thread 140" [_thread_blocked, id=14360, stack(0x000000f292a00000,0x000000f292b00000)]
  0x0000026c7c157000 JavaThread "Unconstrained build operations Thread 139" [_thread_blocked, id=14396, stack(0x000000f292900000,0x000000f292a00000)]
  0x0000026c7c156800 JavaThread "Unconstrained build operations Thread 138" [_thread_blocked, id=12880, stack(0x000000f292800000,0x000000f292900000)]
  0x0000026c7c14f800 JavaThread "Unconstrained build operations Thread 137" [_thread_blocked, id=15152, stack(0x000000f292700000,0x000000f292800000)]
  0x0000026c7c150800 JavaThread "Unconstrained build operations Thread 136" [_thread_blocked, id=8236, stack(0x000000f292600000,0x000000f292700000)]
  0x0000026c7c155800 JavaThread "Unconstrained build operations Thread 135" [_thread_blocked, id=11968, stack(0x000000f292500000,0x000000f292600000)]
  0x0000026c7c155000 JavaThread "Unconstrained build operations Thread 134" [_thread_blocked, id=6380, stack(0x000000f292400000,0x000000f292500000)]
  0x0000026c7c154000 JavaThread "Unconstrained build operations Thread 133" [_thread_blocked, id=20036, stack(0x000000f292300000,0x000000f292400000)]
  0x0000026c7c153800 JavaThread "Unconstrained build operations Thread 132" [_thread_blocked, id=14296, stack(0x000000f292200000,0x000000f292300000)]
  0x0000026c7c148000 JavaThread "Unconstrained build operations Thread 131" [_thread_blocked, id=2224, stack(0x000000f292100000,0x000000f292200000)]
  0x0000026c7c14f000 JavaThread "Unconstrained build operations Thread 130" [_thread_blocked, id=21860, stack(0x000000f292000000,0x000000f292100000)]
  0x0000026c7c14e000 JavaThread "Unconstrained build operations Thread 129" [_thread_blocked, id=17004, stack(0x000000f291f00000,0x000000f292000000)]
  0x0000026c7c14d800 JavaThread "Unconstrained build operations Thread 128" [_thread_blocked, id=12632, stack(0x000000f291e00000,0x000000f291f00000)]
  0x0000026c7c146000 JavaThread "Unconstrained build operations Thread 127" [_thread_blocked, id=18220, stack(0x000000f291d00000,0x000000f291e00000)]
  0x0000026c7c149000 JavaThread "Unconstrained build operations Thread 126" [_thread_blocked, id=16036, stack(0x000000f291c00000,0x000000f291d00000)]
  0x0000026c7c14c000 JavaThread "Unconstrained build operations Thread 125" [_thread_blocked, id=2460, stack(0x000000f291b00000,0x000000f291c00000)]
  0x0000026c7c147800 JavaThread "Unconstrained build operations Thread 124" [_thread_blocked, id=14988, stack(0x000000f291a00000,0x000000f291b00000)]
  0x0000026c7c14a800 JavaThread "Unconstrained build operations Thread 123" [_thread_blocked, id=4216, stack(0x000000f291900000,0x000000f291a00000)]
  0x0000026c7c14c800 JavaThread "Unconstrained build operations Thread 122" [_thread_blocked, id=18192, stack(0x000000f291800000,0x000000f291900000)]
  0x0000026c7c146800 JavaThread "Unconstrained build operations Thread 121" [_thread_blocked, id=10248, stack(0x000000f291700000,0x000000f291800000)]
  0x0000026c7c149800 JavaThread "Unconstrained build operations Thread 120" [_thread_blocked, id=12116, stack(0x000000f291600000,0x000000f291700000)]
  0x0000026c7c14b000 JavaThread "Unconstrained build operations Thread 119" [_thread_blocked, id=10216, stack(0x000000f291500000,0x000000f291600000)]
  0x0000026c77c9a000 JavaThread "Unconstrained build operations Thread 118" [_thread_blocked, id=5780, stack(0x000000f291400000,0x000000f291500000)]
  0x0000026c77c9c800 JavaThread "Unconstrained build operations Thread 117" [_thread_blocked, id=3080, stack(0x000000f291300000,0x000000f291400000)]
  0x0000026c77c99800 JavaThread "Unconstrained build operations Thread 116" [_thread_blocked, id=17528, stack(0x000000f291200000,0x000000f291300000)]
  0x0000026c77c95000 JavaThread "Unconstrained build operations Thread 115" [_thread_blocked, id=21788, stack(0x000000f291100000,0x000000f291200000)]
  0x0000026c77c9b800 JavaThread "Unconstrained build operations Thread 114" [_thread_blocked, id=8756, stack(0x000000f291000000,0x000000f291100000)]
  0x0000026c77c98000 JavaThread "Unconstrained build operations Thread 113" [_thread_blocked, id=20472, stack(0x000000f290f00000,0x000000f291000000)]
  0x0000026c77c9b000 JavaThread "Unconstrained build operations Thread 112" [_thread_blocked, id=12244, stack(0x000000f290e00000,0x000000f290f00000)]
  0x0000026c77c98800 JavaThread "Unconstrained build operations Thread 111" [_thread_blocked, id=20260, stack(0x000000f290d00000,0x000000f290e00000)]
  0x0000026c77c91000 JavaThread "Unconstrained build operations Thread 110" [_thread_blocked, id=12948, stack(0x000000f290c00000,0x000000f290d00000)]
  0x0000026c77c97000 JavaThread "Unconstrained build operations Thread 109" [_thread_blocked, id=21488, stack(0x000000f290b00000,0x000000f290c00000)]
  0x0000026c77c96800 JavaThread "Unconstrained build operations Thread 108" [_thread_blocked, id=10888, stack(0x000000f290a00000,0x000000f290b00000)]
  0x0000026c77c95800 JavaThread "Unconstrained build operations Thread 107" [_thread_blocked, id=17484, stack(0x000000f290900000,0x000000f290a00000)]
  0x0000026c77c8f800 JavaThread "Unconstrained build operations Thread 106" [_thread_blocked, id=18540, stack(0x000000f290800000,0x000000f290900000)]
  0x0000026c77c8f000 JavaThread "Unconstrained build operations Thread 105" [_thread_blocked, id=20988, stack(0x000000f290700000,0x000000f290800000)]
  0x0000026c77c94000 JavaThread "Unconstrained build operations Thread 104" [_thread_blocked, id=21008, stack(0x000000f290600000,0x000000f290700000)]
  0x0000026c77c93800 JavaThread "Unconstrained build operations Thread 103" [_thread_blocked, id=12928, stack(0x000000f290500000,0x000000f290600000)]
  0x0000026c77c92800 JavaThread "Unconstrained build operations Thread 102" [_thread_blocked, id=8092, stack(0x000000f290400000,0x000000f290500000)]
  0x0000026c77c8e000 JavaThread "Unconstrained build operations Thread 101" [_thread_blocked, id=14884, stack(0x000000f290300000,0x000000f290400000)]
  0x0000026c77c8d800 JavaThread "Unconstrained build operations Thread 100" [_thread_blocked, id=3364, stack(0x000000f290200000,0x000000f290300000)]
  0x0000026c77c90800 JavaThread "Unconstrained build operations Thread 99" [_thread_blocked, id=4108, stack(0x000000f290100000,0x000000f290200000)]
  0x0000026c77c92000 JavaThread "Unconstrained build operations Thread 98" [_thread_blocked, id=12940, stack(0x000000f290000000,0x000000f290100000)]
  0x0000026c7792c800 JavaThread "Unconstrained build operations Thread 97" [_thread_blocked, id=18044, stack(0x000000f28ff00000,0x000000f290000000)]
  0x0000026c7792b800 JavaThread "Unconstrained build operations Thread 96" [_thread_blocked, id=1616, stack(0x000000f28fe00000,0x000000f28ff00000)]
  0x0000026c7792b000 JavaThread "Unconstrained build operations Thread 95" [_thread_blocked, id=13124, stack(0x000000f28fd00000,0x000000f28fe00000)]
  0x0000026c7792a000 JavaThread "Unconstrained build operations Thread 94" [_thread_blocked, id=3416, stack(0x000000f28fc00000,0x000000f28fd00000)]
  0x0000026c7792d000 JavaThread "Unconstrained build operations Thread 93" [_thread_blocked, id=9236, stack(0x000000f28fb00000,0x000000f28fc00000)]
  0x0000026c7792e800 JavaThread "Unconstrained build operations Thread 92" [_thread_blocked, id=22408, stack(0x000000f28fa00000,0x000000f28fb00000)]
  0x0000026c7792e000 JavaThread "Unconstrained build operations Thread 91" [_thread_blocked, id=12804, stack(0x000000f28f900000,0x000000f28fa00000)]
  0x0000026c77929800 JavaThread "Unconstrained build operations Thread 90" [_thread_blocked, id=16736, stack(0x000000f28f800000,0x000000f28f900000)]
  0x0000026c77928800 JavaThread "Unconstrained build operations Thread 89" [_thread_blocked, id=19104, stack(0x000000f28f700000,0x000000f28f800000)]
  0x0000026c77921000 JavaThread "Unconstrained build operations Thread 88" [_thread_blocked, id=12000, stack(0x000000f28f600000,0x000000f28f700000)]
  0x0000026c77928000 JavaThread "Unconstrained build operations Thread 87" [_thread_blocked, id=14580, stack(0x000000f28f500000,0x000000f28f600000)]
  0x0000026c77920000 JavaThread "Unconstrained build operations Thread 86" [_thread_blocked, id=22152, stack(0x000000f28f400000,0x000000f28f500000)]
  0x0000026c77927000 JavaThread "Unconstrained build operations Thread 85" [_thread_blocked, id=16612, stack(0x000000f28f300000,0x000000f28f400000)]
  0x0000026c7791f800 JavaThread "Unconstrained build operations Thread 84" [_thread_blocked, id=5952, stack(0x000000f28f200000,0x000000f28f300000)]
  0x0000026c77924800 JavaThread "Unconstrained build operations Thread 83" [_thread_blocked, id=19720, stack(0x000000f28f100000,0x000000f28f200000)]
  0x0000026c77926000 JavaThread "Unconstrained build operations Thread 82" [_thread_blocked, id=2832, stack(0x000000f28f000000,0x000000f28f100000)]
  0x0000026c77924000 JavaThread "Unconstrained build operations Thread 81" [_thread_blocked, id=2332, stack(0x000000f28ef00000,0x000000f28f000000)]
  0x0000026c77925800 JavaThread "Unconstrained build operations Thread 80" [_thread_blocked, id=13544, stack(0x000000f28ee00000,0x000000f28ef00000)]
  0x0000026c77923000 JavaThread "Unconstrained build operations Thread 79" [_thread_blocked, id=20748, stack(0x000000f28ed00000,0x000000f28ee00000)]
  0x0000026c77921800 JavaThread "Unconstrained build operations Thread 78" [_thread_blocked, id=10360, stack(0x000000f28ec00000,0x000000f28ed00000)]
  0x0000026c77922800 JavaThread "Unconstrained build operations Thread 77" [_thread_blocked, id=6056, stack(0x000000f28eb00000,0x000000f28ec00000)]
  0x0000026c73424800 JavaThread "Unconstrained build operations Thread 76" [_thread_blocked, id=8840, stack(0x000000f28ea00000,0x000000f28eb00000)]
  0x0000026c73424000 JavaThread "Unconstrained build operations Thread 75" [_thread_blocked, id=4104, stack(0x000000f28e900000,0x000000f28ea00000)]
  0x0000026c73423000 JavaThread "Unconstrained build operations Thread 74" [_thread_blocked, id=17468, stack(0x000000f28e800000,0x000000f28e900000)]
  0x0000026c73422800 JavaThread "Unconstrained build operations Thread 73" [_thread_blocked, id=15536, stack(0x000000f28e700000,0x000000f28e800000)]
  0x0000026c73421800 JavaThread "Unconstrained build operations Thread 72" [_thread_blocked, id=22348, stack(0x000000f28e600000,0x000000f28e700000)]
  0x0000026c73421000 JavaThread "Unconstrained build operations Thread 71" [_thread_blocked, id=22372, stack(0x000000f28e500000,0x000000f28e600000)]
  0x0000026c73420000 JavaThread "Unconstrained build operations Thread 70" [_thread_blocked, id=1744, stack(0x000000f28e400000,0x000000f28e500000)]
  0x0000026c7341f800 JavaThread "Unconstrained build operations Thread 69" [_thread_blocked, id=13424, stack(0x000000f28e300000,0x000000f28e400000)]
  0x0000026c73418000 JavaThread "Unconstrained build operations Thread 68" [_thread_blocked, id=14504, stack(0x000000f28e200000,0x000000f28e300000)]
  0x0000026c7341e800 JavaThread "Unconstrained build operations Thread 67" [_thread_blocked, id=2236, stack(0x000000f28e100000,0x000000f28e200000)]
  0x0000026c7341e000 JavaThread "Unconstrained build operations Thread 66" [_thread_blocked, id=20864, stack(0x000000f28e000000,0x000000f28e100000)]
  0x0000026c7341d000 JavaThread "Unconstrained build operations Thread 65" [_thread_blocked, id=10308, stack(0x000000f28df00000,0x000000f28e000000)]
  0x0000026c7341b000 JavaThread "Unconstrained build operations Thread 64" [_thread_blocked, id=3976, stack(0x000000f28de00000,0x000000f28df00000)]
  0x0000026c73417000 JavaThread "Unconstrained build operations Thread 63" [_thread_blocked, id=15332, stack(0x000000f28dd00000,0x000000f28de00000)]
  0x0000026c7341a000 JavaThread "Unconstrained build operations Thread 62" [_thread_blocked, id=20904, stack(0x000000f28dc00000,0x000000f28dd00000)]
  0x0000026c73418800 JavaThread "Unconstrained build operations Thread 61" [_thread_blocked, id=17164, stack(0x000000f28db00000,0x000000f28dc00000)]
  0x0000026c7341b800 JavaThread "Unconstrained build operations Thread 60" [_thread_blocked, id=13892, stack(0x000000f28da00000,0x000000f28db00000)]
  0x0000026c73419800 JavaThread "Unconstrained build operations Thread 59" [_thread_blocked, id=20524, stack(0x000000f28d900000,0x000000f28da00000)]
  0x0000026c7341c800 JavaThread "Unconstrained build operations Thread 58" [_thread_blocked, id=9784, stack(0x000000f28d800000,0x000000f28d900000)]
  0x0000026c73415800 JavaThread "Unconstrained build operations Thread 57" [_thread_blocked, id=7208, stack(0x000000f28d700000,0x000000f28d800000)]
  0x0000026c73416800 JavaThread "Unconstrained build operations Thread 56" [_thread_blocked, id=6316, stack(0x000000f28d600000,0x000000f28d700000)]
  0x0000026c78e64800 JavaThread "Unconstrained build operations Thread 55" [_thread_blocked, id=11064, stack(0x000000f28d500000,0x000000f28d600000)]
  0x0000026c78e5d000 JavaThread "Unconstrained build operations Thread 54" [_thread_blocked, id=520, stack(0x000000f28d400000,0x000000f28d500000)]
  0x0000026c78e62800 JavaThread "Unconstrained build operations Thread 53" [_thread_blocked, id=6772, stack(0x000000f28d300000,0x000000f28d400000)]
  0x0000026c78e60000 JavaThread "Unconstrained build operations Thread 52" [_thread_blocked, id=12916, stack(0x000000f28d200000,0x000000f28d300000)]
  0x0000026c78e5f800 JavaThread "Unconstrained build operations Thread 51" [_thread_blocked, id=9364, stack(0x000000f28d100000,0x000000f28d200000)]
  0x0000026c78e61000 JavaThread "Unconstrained build operations Thread 50" [_thread_blocked, id=15032, stack(0x000000f28d000000,0x000000f28d100000)]
  0x0000026c78e63000 JavaThread "Unconstrained build operations Thread 49" [_thread_blocked, id=18720, stack(0x000000f28cf00000,0x000000f28d000000)]
  0x0000026c78e61800 JavaThread "Unconstrained build operations Thread 48" [_thread_blocked, id=20108, stack(0x000000f28ce00000,0x000000f28cf00000)]
  0x0000026c78e5e000 JavaThread "Unconstrained build operations Thread 47" [_thread_blocked, id=19084, stack(0x000000f28cd00000,0x000000f28ce00000)]
  0x0000026c78e5e800 JavaThread "Unconstrained build operations Thread 46" [_thread_blocked, id=18576, stack(0x000000f28cc00000,0x000000f28cd00000)]
  0x0000026c78e64000 JavaThread "Unconstrained build operations Thread 45" [_thread_blocked, id=12188, stack(0x000000f28cb00000,0x000000f28cc00000)]
  0x0000026c78e55800 JavaThread "Unconstrained build operations Thread 44" [_thread_blocked, id=19716, stack(0x000000f28ca00000,0x000000f28cb00000)]
  0x0000026c78e5c800 JavaThread "Unconstrained build operations Thread 43" [_thread_blocked, id=16300, stack(0x000000f28c900000,0x000000f28ca00000)]
  0x0000026c78e5a000 JavaThread "Unconstrained build operations Thread 42" [_thread_blocked, id=7928, stack(0x000000f28c800000,0x000000f28c900000)]
  0x0000026c78e58000 JavaThread "Unconstrained build operations Thread 41" [_thread_blocked, id=18844, stack(0x000000f28c700000,0x000000f28c800000)]
  0x0000026c78e58800 JavaThread "Unconstrained build operations Thread 40" [_thread_blocked, id=22320, stack(0x000000f28c600000,0x000000f28c700000)]
  0x0000026c78e5b800 JavaThread "Unconstrained build operations Thread 39" [_thread_blocked, id=7760, stack(0x000000f28c500000,0x000000f28c600000)]
  0x0000026c78e5b000 JavaThread "Unconstrained build operations Thread 38" [_thread_blocked, id=16620, stack(0x000000f28c400000,0x000000f28c500000)]
  0x0000026c78e57000 JavaThread "Unconstrained build operations Thread 37" [_thread_blocked, id=17224, stack(0x000000f28c300000,0x000000f28c400000)]
  0x0000026c78e59800 JavaThread "Unconstrained build operations Thread 36" [_thread_blocked, id=17912, stack(0x000000f28c200000,0x000000f28c300000)]
  0x0000026c78e56800 JavaThread "Unconstrained build operations Thread 35" [_thread_blocked, id=5416, stack(0x000000f28c100000,0x000000f28c200000)]
  0x0000026c7bfe0800 JavaThread "Unconstrained build operations Thread 34" [_thread_blocked, id=13972, stack(0x000000f28c000000,0x000000f28c100000)]
  0x0000026c7bfdc800 JavaThread "Unconstrained build operations Thread 33" [_thread_blocked, id=18700, stack(0x000000f28bf00000,0x000000f28c000000)]
  0x0000026c7bfdf800 JavaThread "Unconstrained build operations Thread 32" [_thread_blocked, id=14688, stack(0x000000f28be00000,0x000000f28bf00000)]
  0x0000026c7bfdf000 JavaThread "Unconstrained build operations Thread 31" [_thread_blocked, id=11676, stack(0x000000f28bd00000,0x000000f28be00000)]
  0x0000026c7bfde000 JavaThread "Unconstrained build operations Thread 30" [_thread_blocked, id=21284, stack(0x000000f28bc00000,0x000000f28bd00000)]
  0x0000026c7bfdb000 JavaThread "Unconstrained build operations Thread 29" [_thread_blocked, id=7284, stack(0x000000f28bb00000,0x000000f28bc00000)]
  0x0000026c7bfdc000 JavaThread "Exec process Thread 3" [_thread_in_native, id=21072, stack(0x000000f28ba00000,0x000000f28bb00000)]
  0x0000026c7bfe2000 JavaThread "Exec process Thread 2" [_thread_in_native, id=17156, stack(0x000000f28b900000,0x000000f28ba00000)]
  0x0000026c7bfe1000 JavaThread "Exec process" [_thread_in_native, id=17108, stack(0x000000f28b800000,0x000000f28b900000)]
  0x0000026c7bfd3800 JavaThread "ForkJoinPool.commonPool-worker-12" daemon [_thread_blocked, id=13384, stack(0x000000f28b700000,0x000000f28b800000)]
  0x0000026c7bfd4800 JavaThread "ForkJoinPool.commonPool-worker-3" daemon [_thread_blocked, id=17136, stack(0x000000f28b600000,0x000000f28b700000)]
  0x0000026c7bfda800 JavaThread "ForkJoinPool.commonPool-worker-10" daemon [_thread_blocked, id=14736, stack(0x000000f28b500000,0x000000f28b600000)]
  0x0000026c7bfd9800 JavaThread "ForkJoinPool.commonPool-worker-1" daemon [_thread_blocked, id=21316, stack(0x000000f28b400000,0x000000f28b500000)]
  0x0000026c7bfd7800 JavaThread "ForkJoinPool.commonPool-worker-8" daemon [_thread_blocked, id=2372, stack(0x000000f28b200000,0x000000f28b300000)]
  0x0000026c7bfd5000 JavaThread "ForkJoinPool.commonPool-worker-6" daemon [_thread_blocked, id=18896, stack(0x000000f28b100000,0x000000f28b200000)]
  0x0000026c7bfd6000 JavaThread "ForkJoinPool.commonPool-worker-11" daemon [_thread_blocked, id=8852, stack(0x000000f28ae00000,0x000000f28af00000)]
  0x0000026c7bfd6800 JavaThread "ForkJoinPool.commonPool-worker-2" daemon [_thread_blocked, id=9104, stack(0x000000f28ad00000,0x000000f28ae00000)]
  0x0000026c78b41800 JavaThread "ForkJoinPool.commonPool-worker-9" daemon [_thread_blocked, id=22388, stack(0x000000f28ac00000,0x000000f28ad00000)]
  0x0000026c78b40000 JavaThread "Memory manager" [_thread_blocked, id=12616, stack(0x000000f28ab00000,0x000000f28ac00000)]
  0x0000026c78b3f000 JavaThread "jar transforms Thread 16" [_thread_blocked, id=20156, stack(0x000000f28a900000,0x000000f28aa00000)]
  0x0000026c78b3e800 JavaThread "jar transforms Thread 15" [_thread_blocked, id=7680, stack(0x000000f28a800000,0x000000f28a900000)]
  0x0000026c78b3d000 JavaThread "jar transforms Thread 14" [_thread_blocked, id=20900, stack(0x000000f28a700000,0x000000f28a800000)]
  0x0000026c78b37800 JavaThread "jar transforms Thread 13" [_thread_blocked, id=2808, stack(0x000000f28a600000,0x000000f28a700000)]
  0x0000026c78b3d800 JavaThread "jar transforms Thread 12" [_thread_blocked, id=22300, stack(0x000000f28a500000,0x000000f28a600000)]
  0x0000026c78b34000 JavaThread "jar transforms Thread 11" [_thread_blocked, id=10824, stack(0x000000f28a400000,0x000000f28a500000)]
  0x0000026c78b37000 JavaThread "jar transforms Thread 10" [_thread_blocked, id=12912, stack(0x000000f28a300000,0x000000f28a400000)]
  0x0000026c78b34800 JavaThread "jar transforms Thread 9" [_thread_blocked, id=6112, stack(0x000000f28a200000,0x000000f28a300000)]
  0x0000026c78b3a800 JavaThread "jar transforms Thread 8" [_thread_blocked, id=1316, stack(0x000000f28a100000,0x000000f28a200000)]
  0x0000026c78b33000 JavaThread "jar transforms Thread 7" [_thread_blocked, id=12832, stack(0x000000f28a000000,0x000000f28a100000)]
  0x0000026c78b3a000 JavaThread "jar transforms Thread 6" [_thread_blocked, id=11400, stack(0x000000f289f00000,0x000000f28a000000)]
  0x0000026c78b35800 JavaThread "Unconstrained build operations Thread 28" [_thread_blocked, id=13924, stack(0x000000f289e00000,0x000000f289f00000)]
  0x0000026c78b36000 JavaThread "Unconstrained build operations Thread 27" [_thread_blocked, id=6984, stack(0x000000f289d00000,0x000000f289e00000)]
  0x0000026c78b39000 JavaThread "Unconstrained build operations Thread 26" [_thread_blocked, id=15644, stack(0x000000f289c00000,0x000000f289d00000)]
  0x0000026c78b32800 JavaThread "Unconstrained build operations Thread 25" [_thread_blocked, id=17948, stack(0x000000f289b00000,0x000000f289c00000)]
  0x0000026c773fc000 JavaThread "Unconstrained build operations Thread 24" [_thread_blocked, id=4032, stack(0x000000f289a00000,0x000000f289b00000)]
  0x0000026c77401800 JavaThread "Unconstrained build operations Thread 23" [_thread_blocked, id=1380, stack(0x000000f289900000,0x000000f289a00000)]
  0x0000026c773fb800 JavaThread "Unconstrained build operations Thread 22" [_thread_blocked, id=15468, stack(0x000000f289800000,0x000000f289900000)]
  0x0000026c773fa800 JavaThread "Unconstrained build operations Thread 21" [_thread_blocked, id=20024, stack(0x000000f289700000,0x000000f289800000)]
  0x0000026c77401000 JavaThread "Unconstrained build operations Thread 20" [_thread_blocked, id=16248, stack(0x000000f289600000,0x000000f289700000)]
  0x0000026c773fd000 JavaThread "Unconstrained build operations Thread 19" [_thread_blocked, id=7900, stack(0x000000f289500000,0x000000f289600000)]
  0x0000026c773fa000 JavaThread "Unconstrained build operations Thread 18" [_thread_blocked, id=21696, stack(0x000000f289400000,0x000000f289500000)]
  0x0000026c773fe800 JavaThread "Unconstrained build operations Thread 17" [_thread_blocked, id=17188, stack(0x000000f289300000,0x000000f289400000)]
  0x0000026c773fd800 JavaThread "Unconstrained build operations Thread 16" [_thread_blocked, id=22236, stack(0x000000f289200000,0x000000f289300000)]
  0x0000026c77400000 JavaThread "Unconstrained build operations Thread 15" [_thread_blocked, id=4404, stack(0x000000f289100000,0x000000f289200000)]
  0x0000026c773ff000 JavaThread "Unconstrained build operations Thread 14" [_thread_blocked, id=20964, stack(0x000000f289000000,0x000000f289100000)]
  0x0000026c773f2800 JavaThread "Unconstrained build operations Thread 13" [_thread_blocked, id=5356, stack(0x000000f288f00000,0x000000f289000000)]
  0x0000026c773f6000 JavaThread "Unconstrained build operations Thread 12" [_thread_blocked, id=22464, stack(0x000000f288e00000,0x000000f288f00000)]
  0x0000026c773f7000 JavaThread "Unconstrained build operations Thread 11" [_thread_blocked, id=18420, stack(0x000000f288d00000,0x000000f288e00000)]
  0x0000026c773f3000 JavaThread "Unconstrained build operations Thread 10" [_thread_blocked, id=5504, stack(0x000000f288c00000,0x000000f288d00000)]
  0x0000026c773f8800 JavaThread "Unconstrained build operations Thread 9" [_thread_blocked, id=5296, stack(0x000000f288b00000,0x000000f288c00000)]
  0x0000026c773f4800 JavaThread "Unconstrained build operations Thread 8" [_thread_blocked, id=10256, stack(0x000000f288a00000,0x000000f288b00000)]
  0x0000026c773f7800 JavaThread "Unconstrained build operations Thread 7" [_thread_blocked, id=19308, stack(0x000000f288900000,0x000000f288a00000)]
  0x0000026c773f4000 JavaThread "Unconstrained build operations Thread 6" [_thread_blocked, id=6352, stack(0x000000f288800000,0x000000f288900000)]
  0x0000026c773f9000 JavaThread "Unconstrained build operations Thread 5" [_thread_blocked, id=12664, stack(0x000000f288700000,0x000000f288800000)]
  0x0000026c773f5800 JavaThread "Unconstrained build operations Thread 4" [_thread_blocked, id=14404, stack(0x000000f288600000,0x000000f288700000)]
  0x0000026c747eb000 JavaThread "Unconstrained build operations Thread 3" [_thread_blocked, id=10460, stack(0x000000f288500000,0x000000f288600000)]
  0x0000026c747ed000 JavaThread "Unconstrained build operations Thread 2" [_thread_blocked, id=7804, stack(0x000000f288400000,0x000000f288500000)]
  0x0000026c747ec800 JavaThread "Unconstrained build operations" [_thread_blocked, id=22060, stack(0x000000f288300000,0x000000f288400000)]
  0x0000026c747e9800 JavaThread "Cache worker for Build Output Cleanup Cache (C:\Users\pablo\Documents\Proyectos\Mods Minecraft\LoL Mod\.gradle\buildOutputCleanup)" [_thread_blocked, id=22376, stack(0x000000f288200000,0x000000f288300000)]
  0x0000026c747eb800 JavaThread "jar transforms Thread 5" [_thread_blocked, id=18252, stack(0x000000f288100000,0x000000f288200000)]
  0x0000026c747e2000 JavaThread "Cache worker for dependencies-accessors (C:\Users\pablo\Documents\Proyectos\Mods Minecraft\LoL Mod\.gradle\7.1.1\dependencies-accessors)" [_thread_blocked, id=21528, stack(0x000000f288000000,0x000000f288100000)]
  0x0000026c747e8800 JavaThread "jar transforms Thread 4" [_thread_blocked, id=6488, stack(0x000000f287f00000,0x000000f288000000)]
  0x0000026c747e1000 JavaThread "jar transforms Thread 3" [_thread_blocked, id=20264, stack(0x000000f287e00000,0x000000f287f00000)]
  0x0000026c747e7000 JavaThread "Cache worker for file content cache (C:\Users\pablo\.gradle\caches\7.1.1\fileContent)" [_thread_blocked, id=4176, stack(0x000000f287d00000,0x000000f287e00000)]
  0x0000026c747e6800 JavaThread "jar transforms Thread 2" [_thread_blocked, id=7264, stack(0x000000f287c00000,0x000000f287d00000)]
  0x0000026c747e5800 JavaThread "jar transforms" [_thread_blocked, id=2280, stack(0x000000f287b00000,0x000000f287c00000)]
  0x0000026c747e5000 JavaThread "Cache worker for execution history cache (C:\Users\pablo\.gradle\caches\7.1.1\executionHistory)" [_thread_blocked, id=16820, stack(0x000000f287a00000,0x000000f287b00000)]
  0x0000026c747df000 JavaThread "Cache worker for cache directory md-rule (C:\Users\pablo\.gradle\caches\7.1.1\md-rule)" [_thread_blocked, id=18820, stack(0x000000f287900000,0x000000f287a00000)]
  0x0000026c747e3800 JavaThread "Cache worker for cache directory md-supplier (C:\Users\pablo\.gradle\caches\7.1.1\md-supplier)" [_thread_blocked, id=21452, stack(0x000000f287800000,0x000000f287900000)]
  0x0000026c747df800 JavaThread "Cache worker for checksums cache (C:\Users\pablo\Documents\Proyectos\Mods Minecraft\LoL Mod\.gradle\checksums)" [_thread_blocked, id=7368, stack(0x000000f287700000,0x000000f287800000)]
  0x0000026c747e4000 JavaThread "File watcher consumer" daemon [_thread_blocked, id=5008, stack(0x000000f287600000,0x000000f287700000)]
  0x0000026c747e2800 JavaThread "File watcher server" daemon [_thread_in_native, id=1444, stack(0x000000f287500000,0x000000f287600000)]
  0x0000026c747de000 JavaThread "Cache worker for file hash cache (C:\Users\pablo\Documents\Proyectos\Mods Minecraft\LoL Mod\.gradle\7.1.1\fileHashes)" [_thread_blocked, id=11808, stack(0x000000f287400000,0x000000f287500000)]
  0x0000026c747e0800 JavaThread "Cache worker for file hash cache (C:\Users\pablo\.gradle\caches\7.1.1\fileHashes)" [_thread_blocked, id=17800, stack(0x000000f287300000,0x000000f287400000)]
  0x0000026c72690800 JavaThread "File lock request listener" [_thread_in_native, id=22208, stack(0x000000f287200000,0x000000f287300000)]
  0x0000026c72696000 JavaThread "Cache worker for journal cache (C:\Users\pablo\.gradle\caches\journal-1)" [_thread_blocked, id=20808, stack(0x000000f287100000,0x000000f287200000)]
  0x0000026c745f5800 JavaThread "Daemon client event forwarder" [_thread_blocked, id=5596, stack(0x000000f287000000,0x000000f287100000)]
  0x0000026c743cc000 JavaThread "Stdin handler" [_thread_blocked, id=21744, stack(0x000000f286f00000,0x000000f287000000)]
  0x0000026c74559000 JavaThread "Asynchronous log dispatcher for DefaultDaemonConnection: socket connection from /127.0.0.1:59382 to /127.0.0.1:59383" [_thread_blocked, id=4568, stack(0x000000f286e00000,0x000000f286f00000)]
  0x0000026c74552000 JavaThread "Daemon worker" [_thread_blocked, id=12196, stack(0x000000f286d00000,0x000000f286e00000)]
  0x0000026c7454d000 JavaThread "Cancel handler" [_thread_blocked, id=18260, stack(0x000000f286c00000,0x000000f286d00000)]
  0x0000026c745c6000 JavaThread "Handler for socket connection from /127.0.0.1:59382 to /127.0.0.1:59383" [_thread_in_native, id=21296, stack(0x000000f286b00000,0x000000f286c00000)]
  0x0000026c745e5000 JavaThread "Daemon" [_thread_blocked, id=10220, stack(0x000000f286a00000,0x000000f286b00000)]
  0x0000026c745df800 JavaThread "Daemon periodic checks" [_thread_blocked, id=12956, stack(0x000000f286900000,0x000000f286a00000)]
  0x0000026c74457800 JavaThread "Incoming local TCP Connector on port 59382" [_thread_in_native, id=19080, stack(0x000000f286800000,0x000000f286900000)]
  0x0000026c745b5800 JavaThread "Daemon health stats" [_thread_blocked, id=8588, stack(0x000000f286700000,0x000000f286800000)]
  0x0000026c72725800 JavaThread "Service Thread" daemon [_thread_blocked, id=15692, stack(0x000000f286500000,0x000000f286600000)]
  0x0000026c72695000 JavaThread "C1 CompilerThread11" daemon [_thread_blocked, id=2476, stack(0x000000f286400000,0x000000f286500000)]
  0x0000026c7268f000 JavaThread "C1 CompilerThread10" daemon [_thread_blocked, id=21012, stack(0x000000f286300000,0x000000f286400000)]
  0x0000026c72694800 JavaThread "C1 CompilerThread9" daemon [_thread_blocked, id=14176, stack(0x000000f286200000,0x000000f286300000)]
  0x0000026c72693800 JavaThread "C1 CompilerThread8" daemon [_thread_blocked, id=15416, stack(0x000000f286100000,0x000000f286200000)]
  0x0000026c72691800 JavaThread "C2 CompilerThread7" daemon [_thread_blocked, id=1324, stack(0x000000f286000000,0x000000f286100000)]
  0x0000026c72692000 JavaThread "C2 CompilerThread6" daemon [_thread_blocked, id=20476, stack(0x000000f285f00000,0x000000f286000000)]
  0x0000026c72693000 JavaThread "C2 CompilerThread5" daemon [_thread_blocked, id=22192, stack(0x000000f285e00000,0x000000f285f00000)]
  0x0000026c72674800 JavaThread "C2 CompilerThread4" daemon [_thread_blocked, id=11352, stack(0x000000f285d00000,0x000000f285e00000)]
  0x0000026c72640800 JavaThread "C2 CompilerThread3" daemon [_thread_blocked, id=21956, stack(0x000000f285c00000,0x000000f285d00000)]
=>0x0000026c7263e000 JavaThread "C2 CompilerThread2" daemon [_thread_in_native, id=2188, stack(0x000000f285b00000,0x000000f285c00000)]
  0x0000026c72632000 JavaThread "C2 CompilerThread1" daemon [_thread_blocked, id=12232, stack(0x000000f285a00000,0x000000f285b00000)]
  0x0000026c7262e800 JavaThread "C2 CompilerThread0" daemon [_thread_blocked, id=12072, stack(0x000000f285900000,0x000000f285a00000)]
  0x0000026c7262d800 JavaThread "Attach Listener" daemon [_thread_blocked, id=16956, stack(0x000000f285800000,0x000000f285900000)]
  0x0000026c72628800 JavaThread "Signal Dispatcher" daemon [_thread_blocked, id=22172, stack(0x000000f285700000,0x000000f285800000)]
  0x0000026c72606000 JavaThread "Finalizer" daemon [_thread_blocked, id=13180, stack(0x000000f285600000,0x000000f285700000)]
  0x0000026c6f92b800 JavaThread "Reference Handler" daemon [_thread_blocked, id=15924, stack(0x000000f285500000,0x000000f285600000)]
  0x0000026c56f61000 JavaThread "main" [_thread_blocked, id=17600, stack(0x000000f284600000,0x000000f284700000)]

Other Threads:
  0x0000026c6f902000 VMThread [stack: 0x000000f285400000,0x000000f285500000] [id=6856]
  0x0000026c72724000 WatcherThread [stack: 0x000000f286600000,0x000000f286700000] [id=19584]

VM state:not at safepoint (normal execution)

VM Mutex/Monitor currently owned by a thread: None

heap address: 0x0000000700000000, size: 3072 MB, Compressed Oops mode: Zero based, Oop shift amount: 3
Narrow klass base: 0x0000000000000000, Narrow klass shift: 3
Compressed class space size: 1073741824 Address: 0x00000007c0000000

Heap:
 PSYoungGen      total 372224K, used 103827K [0x0000000780000000, 0x000000079ab00000, 0x00000007c0000000)
  eden space 350208K, 23% used [0x0000000780000000,0x0000000784fe6e00,0x0000000795600000)
  from space 22016K, 99% used [0x0000000797a00000,0x0000000798f7de28,0x0000000798f80000)
  to   space 36864K, 0% used [0x0000000795600000,0x0000000795600000,0x0000000797a00000)
 ParOldGen       total 223744K, used 62808K [0x0000000700000000, 0x000000070da80000, 0x0000000780000000)
  object space 223744K, 28% used [0x0000000700000000,0x0000000703d56308,0x000000070da80000)
 Metaspace       used 65969K, capacity 70138K, committed 70272K, reserved 1110016K
  class space    used 9075K, capacity 9805K, committed 9856K, reserved 1048576K

Card table byte_map: [0x0000026c67e20000,0x0000026c68430000] byte_map_base: 0x0000026c64620000

Marking Bits: (ParMarkBitMap*) 0x00000000598d7fe0
 Begin Bits: [0x0000026c68830000, 0x0000026c6b830000)
 End Bits:   [0x0000026c6b830000, 0x0000026c6e830000)

Polling page: 0x0000026c571b0000

CodeCache: size=245760Kb used=33849Kb max_used=35046Kb free=211910Kb
 bounds [0x0000026c58a60000, 0x0000026c5acd0000, 0x0000026c67a60000]
 total_blobs=10089 nmethods=9246 adapters=752
 compilation: enabled

Compilation events (10 events):
Event: 43.695 Thread 0x0000026c72695000 10893       3       org.gradle.internal.watch.vfs.impl.WatchingVirtualFileSystem$3$$Lambda$886/538416429::<init> (26 bytes)
Event: 43.696 Thread 0x0000026c72695000 nmethod 10893 0x0000026c5a5eeb50 code [0x0000026c5a5eeca0, 0x0000026c5a5eeeb8]
Event: 43.696 Thread 0x0000026c72694800 nmethod 10891 0x0000026c5a42aad0 code [0x0000026c5a42ac80, 0x0000026c5a42b200]
Event: 43.696 Thread 0x0000026c72693800 nmethod 10892 0x0000026c5a7b5d90 code [0x0000026c5a7b5f00, 0x0000026c5a7b61b8]
Event: 43.696 Thread 0x0000026c72694800 10894       3       org.gradle.internal.watch.vfs.impl.WatchingVirtualFileSystem$3$$Lambda$886/538416429::update (21 bytes)
Event: 43.696 Thread 0x0000026c7268f000 nmethod 10890 0x0000026c5a699290 code [0x0000026c5a699460, 0x0000026c5a699b60]
Event: 43.696 Thread 0x0000026c72695000 10895       3       org.gradle.internal.watch.vfs.impl.WatchingVirtualFileSystem$3::lambda$handleChange$0 (19 bytes)
Event: 43.696 Thread 0x0000026c72694800 nmethod 10894 0x0000026c5a2e6310 code [0x0000026c5a2e64a0, 0x0000026c5a2e68b0]
Event: 43.696 Thread 0x0000026c72695000 nmethod 10895 0x0000026c5a63f1d0 code [0x0000026c5a63f340, 0x0000026c5a63f6b0]
Event: 43.713 Thread 0x0000026c7263e000 10896 %     4       org.gradle.internal.logging.text.AbstractLineChoppingStyledTextOutput::doAppend @ 10 (43 bytes)

GC Heap History (10 events):
Event: 5.697 GC heap before
{Heap before GC invocations=9 (full 2):
 PSYoungGen      total 221696K, used 206336K [0x0000000780000000, 0x000000078f200000, 0x00000007c0000000)
  eden space 206336K, 100% used [0x0000000780000000,0x000000078c980000,0x000000078c980000)
  from space 15360K, 0% used [0x000000078d880000,0x000000078d880000,0x000000078e780000)
  to   space 15360K, 0% used [0x000000078c980000,0x000000078c980000,0x000000078d880000)
 ParOldGen       total 155136K, used 14529K [0x0000000700000000, 0x0000000709780000, 0x0000000780000000)
  object space 155136K, 9% used [0x0000000700000000,0x0000000700e304d8,0x0000000709780000)
 Metaspace       used 46646K, capacity 49034K, committed 49408K, reserved 1091584K
  class space    used 6580K, capacity 7043K, committed 7168K, reserved 1048576K
Event: 5.707 GC heap after
Heap after GC invocations=9 (full 2):
 PSYoungGen      total 221696K, used 14953K [0x0000000780000000, 0x0000000794680000, 0x00000007c0000000)
  eden space 206336K, 0% used [0x0000000780000000,0x0000000780000000,0x000000078c980000)
  from space 15360K, 97% used [0x000000078c980000,0x000000078d81a440,0x000000078d880000)
  to   space 17408K, 0% used [0x0000000793580000,0x0000000793580000,0x0000000794680000)
 ParOldGen       total 155136K, used 14537K [0x0000000700000000, 0x0000000709780000, 0x0000000780000000)
  object space 155136K, 9% used [0x0000000700000000,0x0000000700e324d8,0x0000000709780000)
 Metaspace       used 46646K, capacity 49034K, committed 49408K, reserved 1091584K
  class space    used 6580K, capacity 7043K, committed 7168K, reserved 1048576K
}
Event: 7.014 GC heap before
{Heap before GC invocations=10 (full 2):
 PSYoungGen      total 221696K, used 221289K [0x0000000780000000, 0x0000000794680000, 0x00000007c0000000)
  eden space 206336K, 100% used [0x0000000780000000,0x000000078c980000,0x000000078c980000)
  from space 15360K, 97% used [0x000000078c980000,0x000000078d81a440,0x000000078d880000)
  to   space 17408K, 0% used [0x0000000793580000,0x0000000793580000,0x0000000794680000)
 ParOldGen       total 155136K, used 14537K [0x0000000700000000, 0x0000000709780000, 0x0000000780000000)
  object space 155136K, 9% used [0x0000000700000000,0x0000000700e324d8,0x0000000709780000)
 Metaspace       used 53930K, capacity 57118K, committed 57344K, reserved 1097728K
  class space    used 7602K, capacity 8175K, committed 8192K, reserved 1048576K
Event: 7.025 GC heap after
Heap after GC invocations=10 (full 2):
 PSYoungGen      total 310272K, used 17383K [0x0000000780000000, 0x0000000794680000, 0x00000007c0000000)
  eden space 292864K, 0% used [0x0000000780000000,0x0000000780000000,0x0000000791e00000)
  from space 17408K, 99% used [0x0000000793580000,0x0000000794679f18,0x0000000794680000)
  to   space 20480K, 0% used [0x0000000791e80000,0x0000000791e80000,0x0000000793280000)
 ParOldGen       total 155136K, used 16602K [0x0000000700000000, 0x0000000709780000, 0x0000000780000000)
  object space 155136K, 10% used [0x0000000700000000,0x0000000701036a90,0x0000000709780000)
 Metaspace       used 53930K, capacity 57118K, committed 57344K, reserved 1097728K
  class space    used 7602K, capacity 8175K, committed 8192K, reserved 1048576K
}
Event: 7.708 GC heap before
{Heap before GC invocations=11 (full 2):
 PSYoungGen      total 310272K, used 178864K [0x0000000780000000, 0x0000000794680000, 0x00000007c0000000)
  eden space 292864K, 55% used [0x0000000780000000,0x0000000789db2398,0x0000000791e00000)
  from space 17408K, 99% used [0x0000000793580000,0x0000000794679f18,0x0000000794680000)
  to   space 20480K, 0% used [0x0000000791e80000,0x0000000791e80000,0x0000000793280000)
 ParOldGen       total 155136K, used 16602K [0x0000000700000000, 0x0000000709780000, 0x0000000780000000)
  object space 155136K, 10% used [0x0000000700000000,0x0000000701036a90,0x0000000709780000)
 Metaspace       used 55478K, capacity 58860K, committed 59008K, reserved 1099776K
  class space    used 7744K, capacity 8318K, committed 8320K, reserved 1048576K
Event: 7.717 GC heap after
Heap after GC invocations=11 (full 2):
 PSYoungGen      total 313856K, used 17017K [0x0000000780000000, 0x0000000798f80000, 0x00000007c0000000)
  eden space 293376K, 0% used [0x0000000780000000,0x0000000780000000,0x0000000791e80000)
  from space 20480K, 83% used [0x0000000791e80000,0x0000000792f1e730,0x0000000793280000)
  to   space 22016K, 0% used [0x0000000797a00000,0x0000000797a00000,0x0000000798f80000)
 ParOldGen       total 155136K, used 16618K [0x0000000700000000, 0x0000000709780000, 0x0000000780000000)
  object space 155136K, 10% used [0x0000000700000000,0x000000070103aa90,0x0000000709780000)
 Metaspace       used 55478K, capacity 58860K, committed 59008K, reserved 1099776K
  class space    used 7744K, capacity 8318K, committed 8320K, reserved 1048576K
}
Event: 7.717 GC heap before
{Heap before GC invocations=12 (full 3):
 PSYoungGen      total 313856K, used 17017K [0x0000000780000000, 0x0000000798f80000, 0x00000007c0000000)
  eden space 293376K, 0% used [0x0000000780000000,0x0000000780000000,0x0000000791e80000)
  from space 20480K, 83% used [0x0000000791e80000,0x0000000792f1e730,0x0000000793280000)
  to   space 22016K, 0% used [0x0000000797a00000,0x0000000797a00000,0x0000000798f80000)
 ParOldGen       total 155136K, used 16618K [0x0000000700000000, 0x0000000709780000, 0x0000000780000000)
  object space 155136K, 10% used [0x0000000700000000,0x000000070103aa90,0x0000000709780000)
 Metaspace       used 55478K, capacity 58860K, committed 59008K, reserved 1099776K
  class space    used 7744K, capacity 8318K, committed 8320K, reserved 1048576K
Event: 7.848 GC heap after
Heap after GC invocations=12 (full 3):
 PSYoungGen      total 313856K, used 0K [0x0000000780000000, 0x0000000798f80000, 0x00000007c0000000)
  eden space 293376K, 0% used [0x0000000780000000,0x0000000780000000,0x0000000791e80000)
  from space 20480K, 0% used [0x0000000791e80000,0x0000000791e80000,0x0000000793280000)
  to   space 22016K, 0% used [0x0000000797a00000,0x0000000797a00000,0x0000000798f80000)
 ParOldGen       total 223744K, used 29656K [0x0000000700000000, 0x000000070da80000, 0x0000000780000000)
  object space 223744K, 13% used [0x0000000700000000,0x0000000701cf6200,0x000000070da80000)
 Metaspace       used 55358K, capacity 58452K, committed 59008K, reserved 1099776K
  class space    used 7706K, capacity 8250K, committed 8320K, reserved 1048576K
}
Event: 9.711 GC heap before
{Heap before GC invocations=13 (full 3):
 PSYoungGen      total 313856K, used 293376K [0x0000000780000000, 0x0000000798f80000, 0x00000007c0000000)
  eden space 293376K, 100% used [0x0000000780000000,0x0000000791e80000,0x0000000791e80000)
  from space 20480K, 0% used [0x0000000791e80000,0x0000000791e80000,0x0000000793280000)
  to   space 22016K, 0% used [0x0000000797a00000,0x0000000797a00000,0x0000000798f80000)
 ParOldGen       total 223744K, used 29656K [0x0000000700000000, 0x000000070da80000, 0x0000000780000000)
  object space 223744K, 13% used [0x0000000700000000,0x0000000701cf6200,0x000000070da80000)
 Metaspace       used 65125K, capacity 69166K, committed 69376K, reserved 1110016K
  class space    used 8963K, capacity 9673K, committed 9728K, reserved 1048576K
Event: 9.750 GC heap after
Heap after GC invocations=13 (full 3):
 PSYoungGen      total 372224K, used 22007K [0x0000000780000000, 0x000000079ab00000, 0x00000007c0000000)
  eden space 350208K, 0% used [0x0000000780000000,0x0000000780000000,0x0000000795600000)
  from space 22016K, 99% used [0x0000000797a00000,0x0000000798f7de28,0x0000000798f80000)
  to   space 36864K, 0% used [0x0000000795600000,0x0000000795600000,0x0000000797a00000)
 ParOldGen       total 223744K, used 62808K [0x0000000700000000, 0x000000070da80000, 0x0000000780000000)
  object space 223744K, 28% used [0x0000000700000000,0x0000000703d56308,0x000000070da80000)
 Metaspace       used 65125K, capacity 69166K, committed 69376K, reserved 1110016K
  class space    used 8963K, capacity 9673K, committed 9728K, reserved 1048576K
}

Deoptimization events (10 events):
Event: 10.129 Thread 0x0000026c7730a000 Uncommon trap: reason=unstable_if action=reinterpret pc=0x0000026c598be440 method=org.gradle.internal.snapshot.PathUtil.equalChars(CCLorg/gradle/internal/snapshot/CaseSensitivity;)Z @ 40
Event: 10.169 Thread 0x0000026c77307000 Uncommon trap: reason=unstable_if action=reinterpret pc=0x0000026c59a796e8 method=java.util.TreeMap.put(Ljava/lang/Object;Ljava/lang/Object;)Ljava/lang/Object; @ 163
Event: 11.500 Thread 0x0000026c745df800 Uncommon trap: reason=speculate_class_check action=maybe_recompile pc=0x0000026c5a158320 method=java.util.AbstractList.listIterator()Ljava/util/ListIterator; @ 2
Event: 21.497 Thread 0x0000026c745df800 Uncommon trap: reason=speculate_class_check action=maybe_recompile pc=0x0000026c5a158320 method=java.util.AbstractList.listIterator()Ljava/util/ListIterator; @ 2
Event: 23.798 Thread 0x0000026c7bfe2000 Uncommon trap: reason=unstable_if action=reinterpret pc=0x0000026c58d80c00 method=org.gradle.internal.logging.text.AbstractLineChoppingStyledTextOutput$2.execute(Lorg/gradle/internal/logging/text/AbstractLineChoppingStyledTextOutput$StateContext;)V @ 30
Event: 23.798 Thread 0x0000026c7bfe2000 Uncommon trap: reason=unstable_if action=reinterpret pc=0x0000026c59d57224 method=org.gradle.internal.logging.text.AbstractLineChoppingStyledTextOutput$2.execute(Lorg/gradle/internal/logging/text/AbstractLineChoppingStyledTextOutput$StateContext;)V @ 30
Event: 23.798 Thread 0x0000026c7bfe2000 Uncommon trap: reason=unstable_if action=reinterpret pc=0x0000026c59d5aa88 method=org.gradle.internal.logging.text.AbstractLineChoppingStyledTextOutput$2.execute(Lorg/gradle/internal/logging/text/AbstractLineChoppingStyledTextOutput$StateContext;)V @ 30
Event: 31.494 Thread 0x0000026c745df800 Uncommon trap: reason=speculate_class_check action=maybe_recompile pc=0x0000026c5a158320 method=java.util.AbstractList.listIterator()Ljava/util/ListIterator; @ 2
Event: 41.484 Thread 0x0000026c745df800 Uncommon trap: reason=speculate_class_check action=maybe_recompile pc=0x0000026c5a158320 method=java.util.AbstractList.listIterator()Ljava/util/ListIterator; @ 2
Event: 43.676 Thread 0x0000026c747e4000 Uncommon trap: reason=unstable_if action=reinterpret pc=0x0000026c58f40c8c method=org.gradle.internal.file.DefaultFileHierarchySet$Node.isChildOfOrThis(Ljava/lang/String;I)Z @ 35

Classes redefined (0 events):
No events

Internal exceptions (10 events):
Event: 9.753 Thread 0x0000026c7730a000 Implicit null exception at 0x0000026c5a3f1092 to 0x0000026c5a3f17bd
Event: 9.886 Thread 0x0000026c745f5800 Exception <a 'java/lang/NoSuchMethodError': <clinit>> (0x000000078025af40) thrown at [C:\jenkins\workspace\8-2-build-windows-amd64-cygwin\jdk8u301\1513\hotspot\src\share\vm\prims\jni.cpp, line 1615]
Event: 9.888 Thread 0x0000026c745f5800 Exception <a 'java/lang/NoSuchMethodError': <clinit>> (0x0000000780279720) thrown at [C:\jenkins\workspace\8-2-build-windows-amd64-cygwin\jdk8u301\1513\hotspot\src\share\vm\prims\jni.cpp, line 1615]
Event: 9.889 Thread 0x0000026c745f5800 Exception <a 'java/lang/NoSuchMethodError': <clinit>> (0x000000078027baf8) thrown at [C:\jenkins\workspace\8-2-build-windows-amd64-cygwin\jdk8u301\1513\hotspot\src\share\vm\prims\jni.cpp, line 1615]
Event: 9.889 Thread 0x0000026c745f5800 Exception <a 'java/lang/NoSuchMethodError': <clinit>> (0x000000078027d508) thrown at [C:\jenkins\workspace\8-2-build-windows-amd64-cygwin\jdk8u301\1513\hotspot\src\share\vm\prims\jni.cpp, line 1615]
Event: 9.889 Thread 0x0000026c745f5800 Exception <a 'java/lang/NoSuchMethodError': <clinit>> (0x000000078027f3c8) thrown at [C:\jenkins\workspace\8-2-build-windows-amd64-cygwin\jdk8u301\1513\hotspot\src\share\vm\prims\jni.cpp, line 1615]
Event: 9.889 Thread 0x0000026c745f5800 Implicit null exception at 0x0000026c594f4baa to 0x0000026c594f4e21
Event: 9.891 Thread 0x0000026c745f5800 Exception <a 'java/lang/NoSuchMethodError': <clinit>> (0x000000078191ba08) thrown at [C:\jenkins\workspace\8-2-build-windows-amd64-cygwin\jdk8u301\1513\hotspot\src\share\vm\prims\jni.cpp, line 1615]
Event: 9.958 Thread 0x0000026c7730a000 Exception <a 'java/lang/NoSuchMethodError': java.lang.Object.lambda$happensBecause$0(Ljava/lang/String;)Ljava/lang/String;> (0x0000000781d1c548) thrown at [C:\jenkins\workspace\8-2-build-windows-amd64-cygwin\jdk8u301\1513\hotspot\src\share\vm\interpreter\
Event: 9.958 Thread 0x0000026c7730a000 Exception <a 'java/lang/NoSuchMethodError': java.lang.Object.lambda$addPossibleSolution$3(Ljava/lang/String;)Ljava/lang/String;> (0x0000000781d1f890) thrown at [C:\jenkins\workspace\8-2-build-windows-amd64-cygwin\jdk8u301\1513\hotspot\src\share\vm\interpr

Events (10 events):
Event: 43.518 Thread 0x0000026c72694800 flushing nmethod 0x0000026c5a7b5a50
Event: 43.518 Thread 0x0000026c72694800 flushing nmethod 0x0000026c5a80fcd0
Event: 43.518 Thread 0x0000026c72694800 flushing nmethod 0x0000026c5a8148d0
Event: 43.519 Thread 0x0000026c72694800 flushing nmethod 0x0000026c5a88e890
Event: 43.519 Thread 0x0000026c72694800 flushing nmethod 0x0000026c5a96a990
Event: 43.529 Thread 0x0000026c7268f000 flushing nmethod 0x0000026c5aa67450
Event: 43.529 Thread 0x0000026c7268f000 flushing nmethod 0x0000026c5aa91790
Event: 43.676 Thread 0x0000026c747e4000 Uncommon trap: trap_request=0xffffff65 fr.pc=0x0000026c58f40c8c
Event: 43.676 Thread 0x0000026c747e4000 DEOPT PACKING pc=0x0000026c58f40c8c sp=0x000000f2876ff0b0
Event: 43.676 Thread 0x0000026c747e4000 DEOPT UNPACKING pc=0x0000026c58aa5843 sp=0x000000f2876fefe0 mode 2


Dynamic libraries:
0x00007ff6437a0000 - 0x00007ff6437e7000 	C:\Program Files\Java\jdk1.8.0_301\bin\java.exe
0x00007ffca1570000 - 0x00007ffca1765000 	C:\Windows\SYSTEM32\ntdll.dll
0x00007ffc9f7b0000 - 0x00007ffc9f86e000 	C:\Windows\System32\KERNEL32.DLL
0x00007ffc9f100000 - 0x00007ffc9f3c8000 	C:\Windows\System32\KERNELBASE.dll
0x00007ffca07d0000 - 0x00007ffca087e000 	C:\Windows\System32\ADVAPI32.dll
0x00007ffc9f640000 - 0x00007ffc9f6de000 	C:\Windows\System32\msvcrt.dll
0x00007ffc9f9f0000 - 0x00007ffc9fa8c000 	C:\Windows\System32\sechost.dll
0x00007ffc9fab0000 - 0x00007ffc9fbd5000 	C:\Windows\System32\RPCRT4.dll
0x00007ffca0d60000 - 0x00007ffca0f01000 	C:\Windows\System32\USER32.dll
0x00007ffc9ed30000 - 0x00007ffc9ed52000 	C:\Windows\System32\win32u.dll
0x00007ffca0d30000 - 0x00007ffca0d5b000 	C:\Windows\System32\GDI32.dll
0x00007ffc9eff0000 - 0x00007ffc9f0fd000 	C:\Windows\System32\gdi32full.dll
0x00007ffc9f3d0000 - 0x00007ffc9f46d000 	C:\Windows\System32\msvcp_win.dll
0x00007ffc9eef0000 - 0x00007ffc9eff0000 	C:\Windows\System32\ucrtbase.dll
0x00007ffc903f0000 - 0x00007ffc9068a000 	C:\Windows\WinSxS\amd64_microsoft.windows.common-controls_6595b64144ccf1df_6.0.19041.1110_none_60b5254171f9507e\COMCTL32.dll
0x00007ffca0880000 - 0x00007ffca08b0000 	C:\Windows\System32\IMM32.DLL
0x00007ffc9c220000 - 0x00007ffc9c235000 	C:\Program Files\Java\jdk1.8.0_301\jre\bin\vcruntime140.dll
0x00007ffc93150000 - 0x00007ffc931eb000 	C:\Program Files\Java\jdk1.8.0_301\jre\bin\msvcp140.dll
0x00000000590f0000 - 0x0000000059950000 	C:\Program Files\Java\jdk1.8.0_301\jre\bin\server\jvm.dll
0x00007ffc9f7a0000 - 0x00007ffc9f7a8000 	C:\Windows\System32\PSAPI.DLL
0x00007ffc95f40000 - 0x00007ffc95f4a000 	C:\Windows\SYSTEM32\VERSION.dll
0x00007ffc943e0000 - 0x00007ffc94407000 	C:\Windows\SYSTEM32\WINMM.dll
0x00007ffc9c270000 - 0x00007ffc9c279000 	C:\Windows\SYSTEM32\WSOCK32.dll
0x00007ffca1310000 - 0x00007ffca137b000 	C:\Windows\System32\WS2_32.dll
0x00007ffc9cb90000 - 0x00007ffc9cba2000 	C:\Windows\SYSTEM32\kernel.appcore.dll
0x00007ffc9c2f0000 - 0x00007ffc9c300000 	C:\Program Files\Java\jdk1.8.0_301\jre\bin\verify.dll
0x00007ffc9bb10000 - 0x00007ffc9bb3b000 	C:\Program Files\Java\jdk1.8.0_301\jre\bin\java.dll
0x00007ffc9bab0000 - 0x00007ffc9bac8000 	C:\Program Files\Java\jdk1.8.0_301\jre\bin\zip.dll
0x00007ffca0080000 - 0x00007ffca07c4000 	C:\Windows\System32\SHELL32.dll
0x00007ffc9cd90000 - 0x00007ffc9d525000 	C:\Windows\SYSTEM32\windows.storage.dll
0x00007ffc9fd20000 - 0x00007ffca0075000 	C:\Windows\System32\combase.dll
0x00007ffc9e6d0000 - 0x00007ffc9e6fe000 	C:\Windows\SYSTEM32\Wldp.dll
0x00007ffc9f870000 - 0x00007ffc9f91d000 	C:\Windows\System32\SHCORE.dll
0x00007ffca1190000 - 0x00007ffca11e5000 	C:\Windows\System32\shlwapi.dll
0x00007ffc9ebc0000 - 0x00007ffc9ebdf000 	C:\Windows\SYSTEM32\profapi.dll
0x00007ffc9ba20000 - 0x00007ffc9ba3c000 	C:\Program Files\Java\jdk1.8.0_301\jre\bin\net.dll
0x00007ffc9e430000 - 0x00007ffc9e49a000 	C:\Windows\system32\mswsock.dll
0x00007ffc9ba00000 - 0x00007ffc9ba13000 	C:\Program Files\Java\jdk1.8.0_301\jre\bin\nio.dll
0x00007ffc93330000 - 0x00007ffc93357000 	C:\Users\pablo\.gradle\native\8bec1ad78214c89d9ad589b4d07fe93259594b29d510b10fafb7a158f7737e5d\windows-amd64\native-platform.dll
0x00007ffc7d510000 - 0x00007ffc7d64d000 	C:\Users\pablo\.gradle\native\53dbd7edfb1c66fb8903c78663c9afc45aea4f116125fa6feffd364cf09443e8\windows-amd64\native-platform-file-events.dll
0x00007ffc9c0d0000 - 0x00007ffc9c0dd000 	C:\Program Files\Java\jdk1.8.0_301\jre\bin\management.dll
0x00007ffc9e630000 - 0x00007ffc9e648000 	C:\Windows\SYSTEM32\CRYPTSP.dll
0x00007ffc9dd40000 - 0x00007ffc9dd74000 	C:\Windows\system32\rsaenh.dll
0x00007ffc9eec0000 - 0x00007ffc9eee7000 	C:\Windows\System32\bcrypt.dll
0x00007ffc9eb40000 - 0x00007ffc9eb6e000 	C:\Windows\SYSTEM32\USERENV.dll
0x00007ffc9f520000 - 0x00007ffc9f5a2000 	C:\Windows\System32\bcryptprimitives.dll
0x00007ffc9e620000 - 0x00007ffc9e62c000 	C:\Windows\SYSTEM32\CRYPTBASE.dll
0x00007ffc9e0d0000 - 0x00007ffc9e10b000 	C:\Windows\SYSTEM32\IPHLPAPI.DLL
0x00007ffc9f630000 - 0x00007ffc9f638000 	C:\Windows\System32\NSI.dll
0x00007ffc991c0000 - 0x00007ffc991d7000 	C:\Windows\SYSTEM32\dhcpcsvc6.DLL
0x00007ffc991a0000 - 0x00007ffc991bd000 	C:\Windows\SYSTEM32\dhcpcsvc.DLL
0x00007ffc9e120000 - 0x00007ffc9e1eb000 	C:\Windows\SYSTEM32\DNSAPI.dll
0x00007ffc99840000 - 0x00007ffc99864000 	C:\Program Files\Java\jdk1.8.0_301\jre\bin\sunec.dll
0x000000005bf80000 - 0x000000005bfa6000 	C:\Program Files\Bonjour\mdnsNSP.dll
0x00007ffc95f30000 - 0x00007ffc95f3a000 	C:\Windows\System32\rasadhlp.dll
0x00007ffc94ac0000 - 0x00007ffc94b3f000 	C:\Windows\System32\fwpuclnt.dll
0x00007ffc9baa0000 - 0x00007ffc9baad000 	C:\Program Files\Java\jdk1.8.0_301\jre\bin\sunmscapi.dll
0x00007ffc9ed60000 - 0x00007ffc9eeb6000 	C:\Windows\System32\CRYPT32.dll
0x00007ffc9e740000 - 0x00007ffc9e767000 	C:\Windows\SYSTEM32\ncrypt.dll
0x00007ffc9e700000 - 0x00007ffc9e73b000 	C:\Windows\SYSTEM32\NTASN1.dll
0x00007ffc9c4d0000 - 0x00007ffc9c560000 	C:\Windows\system32\apphelp.dll

VM Arguments:
jvm_args: -Xmx3G -Dfile.encoding=windows-1252 -Duser.country=US -Duser.language=en -Duser.variant 
java_command: org.gradle.launcher.daemon.bootstrap.GradleDaemon 7.1.1
java_class_path (initial): C:\Users\pablo\.gradle\wrapper\dists\gradle-7.1.1-bin\f29rtwfnc96ub43tt7p47zsru\gradle-7.1.1\lib\gradle-launcher-7.1.1.jar
Launcher Type: SUN_STANDARD

Environment Variables:
JAVA_HOME=C:\Program Files\Java\jdk1.8.0_301
PATH=C:\Program Files\Eclipse Adoptium\jdk-8.0.312.7-hotspot\bin;E:\Oculus\Support\oculus-runtime;C:\Program Files (x86)\Common Files\Oracle\Java\javapath;C:\Windows\system32;C:\Windows;C:\Windows\System32\Wbem;C:\Windows\System32\WindowsPowerShell\v1.0\;C:\Windows\System32\OpenSSH\;C:\Program Files\nodejs\;C:\Program Files (x86)\Microsoft SQL Server\150\DTS\Binn\;C:\Program Files\Azure Data Studio\bin;C:\Program Files\Microsoft SQL Server\Client SDK\ODBC\170\Tools\Binn\;C:\Program Files (x86)\Microsoft SQL Server\150\Tools\Binn\;C:\Program Files\Microsoft SQL Server\150\Tools\Binn\;C:\Program Files\Microsoft SQL Server\150\DTS\Binn\;C:\Users\pablo\.dnx\bin;C:\Program Files\Microsoft DNX\Dnvm\;C:\Program Files\Microsoft SQL Server\130\Tools\Binn\;C:\Program Files (x86)\NVIDIA Corporation\PhysX\Common;C:\Program Files\Java\jdk1.8.0_301\bin;C:\Program Files\Java\jdk-14.0.1\bin;C:\Program Files\Git\cmd;C:\Program Files\MySQL\MySQL Shell 8.0\bin\;C:\Users\pablo\AppData\Local\Programs\Python\Python39\Scripts\;C:\Users\pablo\AppData\Local\Programs\Python\Python39\;C:\Users\pablo\AppData\Local\Microsoft\WindowsApps;C:\Users\pablo\AppData\Local\Programs\Microsoft VS Code\bin;C:\Users\pablo\AppData\Roaming\npm;C:\Program Files\Azure Data Studio\bin;C:\Users\pablo\AppData\Local\GitHubDesktop\bin;E:\Program Files\JetBrains\IntelliJ IDEA Community Edition 2021.2\bin;;E:\Program Files\heroku\bin
USERNAME=pablo
OS=Windows_NT
PROCESSOR_IDENTIFIER=AMD64 Family 23 Model 8 Stepping 2, AuthenticAMD



---------------  S Y S T E M  ---------------

OS: Windows 10.0 , 64 bit Build 19041 (10.0.19041.1466)

CPU:total 16 (initial active 16) (16 cores per cpu, 1 threads per core) family 23 model 8 stepping 2, cmov, cx8, fxsr, mmx, sse, sse2, sse3, ssse3, sse4.1, sse4.2, popcnt, avx, avx2, aes, clmul, mmxext, 3dnowpref, lzcnt, sse4a, tsc, tscinvbit, tscinv, bmi1

Memory: 4k page, physical 16724200k(4288768k free), swap 17772776k(3156k free)

vm_info: Java HotSpot(TM) 64-Bit Server VM (25.301-b09) for windows-amd64 JRE (1.8.0_301-b09), built on Jun  9 2021 06:46:21 by "java_re" with MS VC++ 15.9 (VS2017)

time: Wed Jan 26 22:03:09 2022
timezone: Montevideo Standard Time
elapsed time: 43.745216 seconds (0d 0h 0m 43s)

