#
# There is insufficient memory for the Java Runtime Environment to continue.
# Native memory allocation (malloc) failed to allocate 32744 bytes for ChunkPool::allocate
# Possible reasons:
#   The system is out of physical RAM or swap space
#   The process is running with CompressedOops enabled, and the Java Heap may be blocking the growth of the native heap
# Possible solutions:
#   Reduce memory load on the system
#   Increase physical memory or swap space
#   Check if swap backing store is full
#   Decrease Java heap size (-Xmx/-Xms)
#   Decrease number of Java threads
#   Decrease Java thread stack sizes (-Xss)
#   Set larger code cache with -XX:ReservedCodeCacheSize=
#   JVM is running with Zero Based Compressed Oops mode in which the Java heap is
#     placed in the first 32GB address space. The Java Heap base address is the
#     maximum limit for the native heap growth. Please use -XX:HeapBaseMinAddress
#     to set the Java Heap base and to place the Java Heap above 32GB virtual address.
# This output file may be truncated or incomplete.
#
#  Out of Memory Error (allocation.cpp:272), pid=15532, tid=0x000000000000527c
#
# JRE version: Java(TM) SE Runtime Environment (8.0_301-b09) (build 1.8.0_301-b09)
# Java VM: Java HotSpot(TM) 64-Bit Server VM (25.301-b09 mixed mode windows-amd64 compressed oops)
# Failed to write core dump. Minidumps are not enabled by default on client versions of Windows
#

---------------  T H R E A D  ---------------

Current thread (0x0000016cc19c8000):  JavaThread "C2 CompilerThread7" daemon [_thread_in_vm, id=21116, stack(0x0000004f7f600000,0x0000004f7f700000)]

Stack: [0x0000004f7f600000,0x0000004f7f700000]
Native frames: (J=compiled Java code, j=interpreted, Vv=VM code, C=native code)
V  [jvm.dll+0x32ed79]
V  [jvm.dll+0x275722]
V  [jvm.dll+0x2763cd]
V  [jvm.dll+0x26ce05]
V  [jvm.dll+0xd59bd]
V  [jvm.dll+0xd5d1c]
V  [jvm.dll+0x26eb35]
V  [jvm.dll+0x4791c]
V  [jvm.dll+0x33bd4]
V  [jvm.dll+0xac0ca]
V  [jvm.dll+0xaa81b]
V  [jvm.dll+0x23ddc2]
V  [jvm.dll+0x2923dc]
C  [ucrtbase.dll+0x21bb2]
C  [KERNEL32.DLL+0x17034]
C  [ntdll.dll+0x52651]


Current CompileTask:
C2: 156758 11679       4       java.io.PrintStream::append (6 bytes)


---------------  P R O C E S S  ---------------

Java Threads: ( => current thread )
  0x0000016cc7ff5800 JavaThread "Build operations Thread 16" [_thread_blocked, id=2332, stack(0x0000004f0f800000,0x0000004f0f900000)]
  0x0000016cc7fee000 JavaThread "Build operations Thread 15" [_thread_blocked, id=13544, stack(0x0000004f0f700000,0x0000004f0f800000)]
  0x0000016cc7ff4800 JavaThread "Build operations Thread 14" [_thread_blocked, id=20748, stack(0x0000004f0f600000,0x0000004f0f700000)]
  0x0000016cc7fed000 JavaThread "Build operations Thread 13" [_thread_blocked, id=10360, stack(0x0000004f0f500000,0x0000004f0f600000)]
  0x0000016cc7ff4000 JavaThread "Build operations Thread 12" [_thread_blocked, id=6056, stack(0x0000004f0f400000,0x0000004f0f500000)]
  0x0000016cc7ff2800 JavaThread "Build operations Thread 11" [_thread_blocked, id=8840, stack(0x0000004f0f300000,0x0000004f0f400000)]
  0x0000016cc7ff1800 JavaThread "Build operations Thread 10" [_thread_blocked, id=4104, stack(0x0000004f0f200000,0x0000004f0f300000)]
  0x0000016cc7fec800 JavaThread "Build operations Thread 9" [_thread_blocked, id=17468, stack(0x0000004f0f100000,0x0000004f0f200000)]
  0x0000016cc7ff3000 JavaThread "Build operations Thread 8" [_thread_blocked, id=15536, stack(0x0000004f0f000000,0x0000004f0f100000)]
  0x0000016cc7fea000 JavaThread "Build operations Thread 7" [_thread_blocked, id=22348, stack(0x0000004f0ef00000,0x0000004f0f000000)]
  0x0000016cc7feb800 JavaThread "Build operations Thread 6" [_thread_blocked, id=22372, stack(0x0000004f0ee00000,0x0000004f0ef00000)]
  0x0000016cc7ff1000 JavaThread "Build operations Thread 5" [_thread_blocked, id=13424, stack(0x0000004f0ed00000,0x0000004f0ee00000)]
  0x0000016cc7fee800 JavaThread "Build operations Thread 4" [_thread_blocked, id=14504, stack(0x0000004f0ec00000,0x0000004f0ed00000)]
  0x0000016cc7feb000 JavaThread "Build operations Thread 3" [_thread_blocked, id=1744, stack(0x0000004f0eb00000,0x0000004f0ec00000)]
  0x0000016cc7fef800 JavaThread "Build operations Thread 2" [_thread_blocked, id=2236, stack(0x0000004f0ea00000,0x0000004f0eb00000)]
  0x0000016cc7ff0000 JavaThread "Build operations" [_thread_blocked, id=20864, stack(0x0000004f0e900000,0x0000004f0ea00000)]
  0x0000016cc7fe2800 JavaThread "Cache worker for Java compile cache (C:\Users\pablo\.gradle\caches\7.1.1\javaCompile)" [_thread_blocked, id=10308, stack(0x0000004f0e800000,0x0000004f0e900000)]
  0x0000016cc7fe9800 JavaThread "Cache worker for execution history cache (C:\Users\pablo\Documents\Proyectos\Mods Minecraft\LoL Mod\.gradle\7.1.1\executionHistory)" [_thread_blocked, id=3976, stack(0x0000004f0e700000,0x0000004f0e800000)]
  0x0000016cc7fe5800 JavaThread "Execution worker for ':' Thread 15" [_thread_blocked, id=15332, stack(0x0000004f0e600000,0x0000004f0e700000)]
  0x0000016cc7fe2000 JavaThread "Execution worker for ':' Thread 14" [_thread_blocked, id=20904, stack(0x0000004f0e500000,0x0000004f0e600000)]
  0x0000016cc7fe8800 JavaThread "Execution worker for ':' Thread 13" [_thread_blocked, id=17164, stack(0x0000004f0e400000,0x0000004f0e500000)]
  0x0000016cc7fe4000 JavaThread "Execution worker for ':' Thread 12" [_thread_blocked, id=13892, stack(0x0000004f0e300000,0x0000004f0e400000)]
  0x0000016cc7fe8000 JavaThread "Execution worker for ':' Thread 11" [_thread_blocked, id=20524, stack(0x0000004f0e200000,0x0000004f0e300000)]
  0x0000016cc7fe3800 JavaThread "Execution worker for ':' Thread 10" [_thread_blocked, id=9784, stack(0x0000004f0e100000,0x0000004f0e200000)]
  0x0000016cc7fe6800 JavaThread "Execution worker for ':' Thread 9" [_thread_blocked, id=7208, stack(0x0000004f0e000000,0x0000004f0e100000)]
  0x0000016cc7fe7000 JavaThread "Execution worker for ':' Thread 8" [_thread_blocked, id=6316, stack(0x0000004f0df00000,0x0000004f0e000000)]
  0x0000016cc7fe5000 JavaThread "Execution worker for ':' Thread 7" [_thread_blocked, id=11064, stack(0x0000004f0de00000,0x0000004f0df00000)]
  0x0000016cc7fda800 JavaThread "Execution worker for ':' Thread 6" [_thread_blocked, id=520, stack(0x0000004f0dd00000,0x0000004f0de00000)]
  0x0000016cc7fe1000 JavaThread "Execution worker for ':' Thread 5" [_thread_blocked, id=6772, stack(0x0000004f0dc00000,0x0000004f0dd00000)]
  0x0000016cc7fd9800 JavaThread "Execution worker for ':' Thread 4" [_thread_blocked, id=12916, stack(0x0000004f0db00000,0x0000004f0dc00000)]
  0x0000016cc7fe0800 JavaThread "Execution worker for ':' Thread 3" [_thread_blocked, id=9364, stack(0x0000004f0da00000,0x0000004f0db00000)]
  0x0000016cc7fd8800 JavaThread "Execution worker for ':' Thread 2" [_thread_blocked, id=15032, stack(0x0000004f0d700000,0x0000004f0d800000)]
  0x0000016cc7fdf800 JavaThread "Execution worker for ':'" [_thread_blocked, id=18720, stack(0x0000004f0d600000,0x0000004f0d700000)]
  0x0000016cc7fdf000 JavaThread "Unconstrained build operations Thread 160" [_thread_blocked, id=20108, stack(0x0000004f0d500000,0x0000004f0d600000)]
  0x0000016cc7fde000 JavaThread "Unconstrained build operations Thread 159" [_thread_blocked, id=19084, stack(0x0000004f0d400000,0x0000004f0d500000)]
  0x0000016cc7fdd800 JavaThread "Unconstrained build operations Thread 158" [_thread_blocked, id=18576, stack(0x0000004f0d300000,0x0000004f0d400000)]
  0x0000016cc7fd6800 JavaThread "Unconstrained build operations Thread 157" [_thread_blocked, id=12188, stack(0x0000004f0d200000,0x0000004f0d300000)]
  0x0000016cc7fd7000 JavaThread "Unconstrained build operations Thread 156" [_thread_blocked, id=19716, stack(0x0000004f0d100000,0x0000004f0d200000)]
  0x0000016cc7fdb000 JavaThread "Unconstrained build operations Thread 155" [_thread_blocked, id=16300, stack(0x0000004f0d000000,0x0000004f0d100000)]
  0x0000016cc7fd8000 JavaThread "Unconstrained build operations Thread 154" [_thread_blocked, id=7928, stack(0x0000004f0cf00000,0x0000004f0d000000)]
  0x0000016cc7fdc800 JavaThread "Unconstrained build operations Thread 153" [_thread_blocked, id=18844, stack(0x0000004f0ce00000,0x0000004f0cf00000)]
  0x0000016cc7fdc000 JavaThread "Unconstrained build operations Thread 152" [_thread_blocked, id=22320, stack(0x0000004f0cd00000,0x0000004f0ce00000)]
  0x0000016cc3f44800 JavaThread "Unconstrained build operations Thread 151" [_thread_blocked, id=7760, stack(0x0000004f0cc00000,0x0000004f0cd00000)]
  0x0000016cc3f3d000 JavaThread "Unconstrained build operations Thread 150" [_thread_blocked, id=16620, stack(0x0000004f0cb00000,0x0000004f0cc00000)]
  0x0000016cc3f3d800 JavaThread "Unconstrained build operations Thread 149" [_thread_blocked, id=17224, stack(0x0000004f0ca00000,0x0000004f0cb00000)]
  0x0000016cc3f43800 JavaThread "Unconstrained build operations Thread 148" [_thread_blocked, id=17912, stack(0x0000004f0c900000,0x0000004f0ca00000)]
  0x0000016cc3f3c000 JavaThread "Unconstrained build operations Thread 147" [_thread_blocked, id=5416, stack(0x0000004f0c800000,0x0000004f0c900000)]
  0x0000016cc3f43000 JavaThread "Unconstrained build operations Thread 146" [_thread_blocked, id=13972, stack(0x0000004f0c700000,0x0000004f0c800000)]
  0x0000016cc3f42000 JavaThread "Unconstrained build operations Thread 145" [_thread_blocked, id=18700, stack(0x0000004f0c600000,0x0000004f0c700000)]
  0x0000016cc3f3b800 JavaThread "Unconstrained build operations Thread 144" [_thread_blocked, id=14688, stack(0x0000004f0c500000,0x0000004f0c600000)]
  0x0000016cc3f3a800 JavaThread "Unconstrained build operations Thread 143" [_thread_blocked, id=11676, stack(0x0000004f0c400000,0x0000004f0c500000)]
  0x0000016cc3f3e800 JavaThread "Unconstrained build operations Thread 142" [_thread_blocked, id=21284, stack(0x0000004f0c300000,0x0000004f0c400000)]
  0x0000016cc3f3f000 JavaThread "Unconstrained build operations Thread 141" [_thread_blocked, id=7284, stack(0x0000004f0c200000,0x0000004f0c300000)]
  0x0000016cc3f41800 JavaThread "Unconstrained build operations Thread 140" [_thread_blocked, id=21072, stack(0x0000004f0c100000,0x0000004f0c200000)]
  0x0000016cc3f40800 JavaThread "Unconstrained build operations Thread 139" [_thread_blocked, id=17156, stack(0x0000004f0c000000,0x0000004f0c100000)]
  0x0000016cc3f40000 JavaThread "Unconstrained build operations Thread 138" [_thread_blocked, id=17108, stack(0x0000004f0bf00000,0x0000004f0c000000)]
  0x0000016cc3f33000 JavaThread "Unconstrained build operations Thread 137" [_thread_blocked, id=13384, stack(0x0000004f0be00000,0x0000004f0bf00000)]
  0x0000016cc3f3a000 JavaThread "Unconstrained build operations Thread 136" [_thread_blocked, id=17136, stack(0x0000004f0bd00000,0x0000004f0be00000)]
  0x0000016cc3f34800 JavaThread "Unconstrained build operations Thread 135" [_thread_blocked, id=14736, stack(0x0000004f0bc00000,0x0000004f0bd00000)]
  0x0000016cc3f39000 JavaThread "Unconstrained build operations Thread 134" [_thread_blocked, id=21316, stack(0x0000004f0bb00000,0x0000004f0bc00000)]
  0x0000016cc3f31800 JavaThread "Unconstrained build operations Thread 133" [_thread_blocked, id=2372, stack(0x0000004f0ba00000,0x0000004f0bb00000)]
  0x0000016cc3f38800 JavaThread "Unconstrained build operations Thread 132" [_thread_blocked, id=18896, stack(0x0000004f0b900000,0x0000004f0ba00000)]
  0x0000016cc3f34000 JavaThread "Unconstrained build operations Thread 131" [_thread_blocked, id=8852, stack(0x0000004f0b800000,0x0000004f0b900000)]
  0x0000016cc3f37800 JavaThread "Unconstrained build operations Thread 130" [_thread_blocked, id=9104, stack(0x0000004f0b700000,0x0000004f0b800000)]
  0x0000016cc3f30000 JavaThread "Unconstrained build operations Thread 129" [_thread_blocked, id=22388, stack(0x0000004f0b600000,0x0000004f0b700000)]
  0x0000016cc3f32800 JavaThread "Unconstrained build operations Thread 128" [_thread_blocked, id=12616, stack(0x0000004f0b500000,0x0000004f0b600000)]
  0x0000016cc3f35800 JavaThread "Unconstrained build operations Thread 127" [_thread_blocked, id=12196, stack(0x0000004f0b400000,0x0000004f0b500000)]
  0x0000016cc3f31000 JavaThread "Unconstrained build operations Thread 126" [_thread_blocked, id=20156, stack(0x0000004f0b300000,0x0000004f0b400000)]
  0x0000016cc3f37000 JavaThread "Unconstrained build operations Thread 125" [_thread_blocked, id=7680, stack(0x0000004f0b200000,0x0000004f0b300000)]
  0x0000016cc3f36000 JavaThread "Unconstrained build operations Thread 124" [_thread_blocked, id=20900, stack(0x0000004f0b100000,0x0000004f0b200000)]
  0x0000016cc3f28800 JavaThread "Unconstrained build operations Thread 123" [_thread_blocked, id=2808, stack(0x0000004f0b000000,0x0000004f0b100000)]
  0x0000016cc3f2f800 JavaThread "Unconstrained build operations Thread 122" [_thread_blocked, id=22300, stack(0x0000004f0af00000,0x0000004f0b000000)]
  0x0000016cc3f2e000 JavaThread "Unconstrained build operations Thread 121" [_thread_blocked, id=10824, stack(0x0000004f0ae00000,0x0000004f0af00000)]
  0x0000016cc3f2e800 JavaThread "Unconstrained build operations Thread 120" [_thread_blocked, id=12912, stack(0x0000004f0ad00000,0x0000004f0ae00000)]
  0x0000016cc3f2d000 JavaThread "Unconstrained build operations Thread 119" [_thread_blocked, id=6112, stack(0x0000004f0ac00000,0x0000004f0ad00000)]
  0x0000016cc3f28000 JavaThread "Unconstrained build operations Thread 118" [_thread_blocked, id=1316, stack(0x0000004f0ab00000,0x0000004f0ac00000)]
  0x0000016cc3f25800 JavaThread "Unconstrained build operations Thread 117" [_thread_blocked, id=12832, stack(0x0000004f0aa00000,0x0000004f0ab00000)]
  0x0000016cc3f2c800 JavaThread "Unconstrained build operations Thread 116" [_thread_blocked, id=11400, stack(0x0000004f0a900000,0x0000004f0aa00000)]
  0x0000016cc3f27000 JavaThread "Unconstrained build operations Thread 115" [_thread_blocked, id=13924, stack(0x0000004f0a800000,0x0000004f0a900000)]
  0x0000016cc3f26800 JavaThread "Unconstrained build operations Thread 114" [_thread_blocked, id=6984, stack(0x0000004f0a700000,0x0000004f0a800000)]
  0x0000016cc3f2a000 JavaThread "Unconstrained build operations Thread 113" [_thread_blocked, id=15644, stack(0x0000004f0a600000,0x0000004f0a700000)]
  0x0000016cc3f29800 JavaThread "Unconstrained build operations Thread 112" [_thread_blocked, id=17948, stack(0x0000004f0a500000,0x0000004f0a600000)]
  0x0000016cc3f2b800 JavaThread "Unconstrained build operations Thread 111" [_thread_blocked, id=4032, stack(0x0000004f0a400000,0x0000004f0a500000)]
  0x0000016cc3f2b000 JavaThread "Unconstrained build operations Thread 110" [_thread_blocked, id=1380, stack(0x0000004f0a300000,0x0000004f0a400000)]
  0x0000016cc2ab3000 JavaThread "Unconstrained build operations Thread 109" [_thread_blocked, id=15468, stack(0x0000004f0a200000,0x0000004f0a300000)]
  0x0000016cc2ab6000 JavaThread "Unconstrained build operations Thread 108" [_thread_blocked, id=20024, stack(0x0000004f0a100000,0x0000004f0a200000)]
  0x0000016cc2ab9800 JavaThread "Unconstrained build operations Thread 107" [_thread_blocked, id=16248, stack(0x0000004f0a000000,0x0000004f0a100000)]
  0x0000016cc2ab4800 JavaThread "Unconstrained build operations Thread 106" [_thread_blocked, id=7900, stack(0x0000004f09f00000,0x0000004f0a000000)]
  0x0000016cc2ab3800 JavaThread "Unconstrained build operations Thread 105" [_thread_blocked, id=21696, stack(0x0000004f09e00000,0x0000004f09f00000)]
  0x0000016cc2ab2000 JavaThread "Unconstrained build operations Thread 104" [_thread_blocked, id=17188, stack(0x0000004f09d00000,0x0000004f09e00000)]
  0x0000016cc2ab7800 JavaThread "Unconstrained build operations Thread 103" [_thread_blocked, id=22236, stack(0x0000004f09c00000,0x0000004f09d00000)]
  0x0000016cc2ab6800 JavaThread "Unconstrained build operations Thread 102" [_thread_blocked, id=4404, stack(0x0000004f09b00000,0x0000004f09c00000)]
  0x0000016cc2ab5000 JavaThread "Unconstrained build operations Thread 101" [_thread_blocked, id=20964, stack(0x0000004f09a00000,0x0000004f09b00000)]
  0x0000016cc2ab9000 JavaThread "Unconstrained build operations Thread 100" [_thread_blocked, id=5356, stack(0x0000004f09900000,0x0000004f09a00000)]
  0x0000016cc2ab8000 JavaThread "Unconstrained build operations Thread 99" [_thread_blocked, id=22464, stack(0x0000004f09800000,0x0000004f09900000)]
  0x0000016cc2aaa800 JavaThread "Unconstrained build operations Thread 98" [_thread_blocked, id=18420, stack(0x0000004f09700000,0x0000004f09800000)]
  0x0000016cc2ab0000 JavaThread "Unconstrained build operations Thread 97" [_thread_blocked, id=5504, stack(0x0000004f09600000,0x0000004f09700000)]
  0x0000016cc2ab1800 JavaThread "Unconstrained build operations Thread 96" [_thread_blocked, id=5296, stack(0x0000004f09500000,0x0000004f09600000)]
  0x0000016cc2aaf000 JavaThread "Unconstrained build operations Thread 95" [_thread_blocked, id=10256, stack(0x0000004f09400000,0x0000004f09500000)]
  0x0000016cc2ab0800 JavaThread "Unconstrained build operations Thread 94" [_thread_blocked, id=19308, stack(0x0000004f09300000,0x0000004f09400000)]
  0x0000016cc2aad800 JavaThread "Unconstrained build operations Thread 93" [_thread_blocked, id=6352, stack(0x0000004f09200000,0x0000004f09300000)]
  0x0000016cc2aad000 JavaThread "Unconstrained build operations Thread 92" [_thread_blocked, id=12664, stack(0x0000004f09100000,0x0000004f09200000)]
  0x0000016cc2aac000 JavaThread "Unconstrained build operations Thread 91" [_thread_blocked, id=14404, stack(0x0000004f09000000,0x0000004f09100000)]
  0x0000016cc2aae800 JavaThread "Unconstrained build operations Thread 90" [_thread_blocked, id=10460, stack(0x0000004f08f00000,0x0000004f09000000)]
  0x0000016cc2aab800 JavaThread "Unconstrained build operations Thread 89" [_thread_blocked, id=7804, stack(0x0000004f08e00000,0x0000004f08f00000)]
  0x0000016cc5faf000 JavaThread "Unconstrained build operations Thread 88" [_thread_blocked, id=22060, stack(0x0000004f08d00000,0x0000004f08e00000)]
  0x0000016cc5fab800 JavaThread "Unconstrained build operations Thread 87" [_thread_blocked, id=16128, stack(0x0000004f08c00000,0x0000004f08d00000)]
  0x0000016cc5faa800 JavaThread "Unconstrained build operations Thread 86" [_thread_blocked, id=22376, stack(0x0000004f08b00000,0x0000004f08c00000)]
  0x0000016cc5faa000 JavaThread "Unconstrained build operations Thread 85" [_thread_blocked, id=18252, stack(0x0000004f08a00000,0x0000004f08b00000)]
  0x0000016cc5fa2800 JavaThread "Unconstrained build operations Thread 84" [_thread_blocked, id=21528, stack(0x0000004f08900000,0x0000004f08a00000)]
  0x0000016cc5fa7800 JavaThread "Unconstrained build operations Thread 83" [_thread_blocked, id=6488, stack(0x0000004f08800000,0x0000004f08900000)]
  0x0000016cc2498000 JavaThread "Unconstrained build operations Thread 82" [_thread_blocked, id=20264, stack(0x0000004f08700000,0x0000004f08800000)]
  0x0000016cc2497800 JavaThread "Unconstrained build operations Thread 81" [_thread_blocked, id=4176, stack(0x0000004f08600000,0x0000004f08700000)]
  0x0000016cc248f000 JavaThread "Unconstrained build operations Thread 80" [_thread_blocked, id=7264, stack(0x0000004f08500000,0x0000004f08600000)]
  0x0000016cc248c000 JavaThread "Unconstrained build operations Thread 79" [_thread_blocked, id=2280, stack(0x0000004f08400000,0x0000004f08500000)]
  0x0000016cc2492000 JavaThread "Unconstrained build operations Thread 78" [_thread_blocked, id=16820, stack(0x0000004f08300000,0x0000004f08400000)]
  0x0000016cc248d000 JavaThread "Unconstrained build operations Thread 77" [_thread_blocked, id=18820, stack(0x0000004f08200000,0x0000004f08300000)]
  0x0000016cc2493000 JavaThread "Unconstrained build operations Thread 76" [_thread_blocked, id=21452, stack(0x0000004f08100000,0x0000004f08200000)]
  0x0000016ccb032000 JavaThread "Unconstrained build operations Thread 75" [_thread_blocked, id=7368, stack(0x0000004f08000000,0x0000004f08100000)]
  0x0000016ccb033000 JavaThread "Unconstrained build operations Thread 74" [_thread_blocked, id=5008, stack(0x0000004f07f00000,0x0000004f08000000)]
  0x0000016ccb031800 JavaThread "Unconstrained build operations Thread 73" [_thread_blocked, id=1444, stack(0x0000004f07e00000,0x0000004f07f00000)]
  0x0000016ccb030800 JavaThread "Unconstrained build operations Thread 72" [_thread_blocked, id=11808, stack(0x0000004f07d00000,0x0000004f07e00000)]
  0x0000016ccb030000 JavaThread "Unconstrained build operations Thread 71" [_thread_blocked, id=17800, stack(0x0000004f07c00000,0x0000004f07d00000)]
  0x0000016ccb02f000 JavaThread "Unconstrained build operations Thread 70" [_thread_blocked, id=22208, stack(0x0000004f07b00000,0x0000004f07c00000)]
  0x0000016ccb02e800 JavaThread "Unconstrained build operations Thread 69" [_thread_blocked, id=20808, stack(0x0000004f07a00000,0x0000004f07b00000)]
  0x0000016ccb027000 JavaThread "Unconstrained build operations Thread 68" [_thread_blocked, id=4568, stack(0x0000004f07900000,0x0000004f07a00000)]
  0x0000016ccb02d800 JavaThread "Unconstrained build operations Thread 67" [_thread_blocked, id=21744, stack(0x0000004f07800000,0x0000004f07900000)]
  0x0000016ccb026000 JavaThread "Unconstrained build operations Thread 66" [_thread_blocked, id=18260, stack(0x0000004f07700000,0x0000004f07800000)]
  0x0000016ccb02d000 JavaThread "Unconstrained build operations Thread 65" [_thread_blocked, id=21296, stack(0x0000004f07600000,0x0000004f07700000)]
  0x0000016ccb025800 JavaThread "Unconstrained build operations Thread 64" [_thread_blocked, id=10220, stack(0x0000004f07500000,0x0000004f07600000)]
  0x0000016ccb02c000 JavaThread "Unconstrained build operations Thread 63" [_thread_blocked, id=19080, stack(0x0000004f07400000,0x0000004f07500000)]
  0x0000016ccb02a000 JavaThread "Unconstrained build operations Thread 62" [_thread_blocked, id=12956, stack(0x0000004f07300000,0x0000004f07400000)]
  0x0000016ccb027800 JavaThread "Unconstrained build operations Thread 61" [_thread_blocked, id=17600, stack(0x0000004f07200000,0x0000004f07300000)]
  0x0000016ccb024800 JavaThread "Unconstrained build operations Thread 60" [_thread_blocked, id=8588, stack(0x0000004f07100000,0x0000004f07200000)]
  0x0000016cc7dc3800 JavaThread "Unconstrained build operations Thread 59" [_thread_blocked, id=19584, stack(0x0000004f07000000,0x0000004f07100000)]
  0x0000016cc7dc6800 JavaThread "Unconstrained build operations Thread 58" [_thread_blocked, id=15692, stack(0x0000004f06f00000,0x0000004f07000000)]
  0x0000016cc7dc4000 JavaThread "Unconstrained build operations Thread 57" [_thread_blocked, id=2476, stack(0x0000004f06e00000,0x0000004f06f00000)]
  0x0000016cc7dc2800 JavaThread "Unconstrained build operations Thread 56" [_thread_blocked, id=21012, stack(0x0000004f06d00000,0x0000004f06e00000)]
  0x0000016cc7dc2000 JavaThread "Unconstrained build operations Thread 55" [_thread_blocked, id=14176, stack(0x0000004f06c00000,0x0000004f06d00000)]
  0x0000016cc7dba800 JavaThread "Unconstrained build operations Thread 54" [_thread_blocked, id=15416, stack(0x0000004f06b00000,0x0000004f06c00000)]
  0x0000016cc7dc1000 JavaThread "Unconstrained build operations Thread 53" [_thread_blocked, id=1324, stack(0x0000004f06a00000,0x0000004f06b00000)]
  0x0000016cc7db9800 JavaThread "Unconstrained build operations Thread 52" [_thread_blocked, id=20476, stack(0x0000004f06900000,0x0000004f06a00000)]
  0x0000016cc7db9000 JavaThread "Unconstrained build operations Thread 51" [_thread_blocked, id=22192, stack(0x0000004f06800000,0x0000004f06900000)]
  0x0000016cc7dbf000 JavaThread "Unconstrained build operations Thread 50" [_thread_blocked, id=11352, stack(0x0000004f06700000,0x0000004f06800000)]
  0x0000016cc7dbb000 JavaThread "Unconstrained build operations Thread 49" [_thread_blocked, id=21956, stack(0x0000004f06600000,0x0000004f06700000)]
  0x0000016cc7db7800 JavaThread "Unconstrained build operations Thread 48" [_thread_blocked, id=12232, stack(0x0000004f06500000,0x0000004f06600000)]
  0x0000016cc7dbc000 JavaThread "Unconstrained build operations Thread 47" [_thread_blocked, id=12072, stack(0x0000004f06400000,0x0000004f06500000)]
  0x0000016cc7dbe000 JavaThread "Unconstrained build operations Thread 46" [_thread_blocked, id=16956, stack(0x0000004f06300000,0x0000004f06400000)]
  0x0000016cc7dbc800 JavaThread "Unconstrained build operations Thread 45" [_thread_blocked, id=22172, stack(0x0000004f06200000,0x0000004f06300000)]
  0x0000016cc7dbd800 JavaThread "Unconstrained build operations Thread 44" [_thread_blocked, id=13180, stack(0x0000004f06100000,0x0000004f06200000)]
  0x0000016cc7db8000 JavaThread "Unconstrained build operations Thread 43" [_thread_blocked, id=15924, stack(0x0000004f06000000,0x0000004f06100000)]
  0x0000016ccba4b800 JavaThread "Unconstrained build operations Thread 42" [_thread_blocked, id=6856, stack(0x0000004f05f00000,0x0000004f06000000)]
  0x0000016ccba4b000 JavaThread "Unconstrained build operations Thread 41" [_thread_blocked, id=22128, stack(0x0000004f05e00000,0x0000004f05f00000)]
  0x0000016ccba46800 JavaThread "Unconstrained build operations Thread 40" [_thread_blocked, id=18744, stack(0x0000004f05d00000,0x0000004f05e00000)]
  0x0000016ccba47000 JavaThread "Unconstrained build operations Thread 39" [_thread_blocked, id=22520, stack(0x0000004f05c00000,0x0000004f05d00000)]
  0x0000016ccba45800 JavaThread "Unconstrained build operations Thread 38" [_thread_blocked, id=3552, stack(0x0000004f05b00000,0x0000004f05c00000)]
  0x0000016ccba4a000 JavaThread "Unconstrained build operations Thread 37" [_thread_blocked, id=12532, stack(0x0000004f05a00000,0x0000004f05b00000)]
  0x0000016ccba49800 JavaThread "Unconstrained build operations Thread 36" [_thread_blocked, id=14536, stack(0x0000004f05900000,0x0000004f05a00000)]
  0x0000016ccba41000 JavaThread "Unconstrained build operations Thread 35" [_thread_blocked, id=19736, stack(0x0000004f05800000,0x0000004f05900000)]
  0x0000016ccba45000 JavaThread "Unconstrained build operations Thread 34" [_thread_blocked, id=13100, stack(0x0000004f05700000,0x0000004f05800000)]
  0x0000016ccba44000 JavaThread "Unconstrained build operations Thread 33" [_thread_blocked, id=10416, stack(0x0000004f05600000,0x0000004f05700000)]
  0x0000016ccba43800 JavaThread "Unconstrained build operations Thread 32" [_thread_blocked, id=6232, stack(0x0000004f05500000,0x0000004f05600000)]
  0x0000016ccba42800 JavaThread "Unconstrained build operations Thread 31" [_thread_blocked, id=11892, stack(0x0000004f05400000,0x0000004f05500000)]
  0x0000016ccba48000 JavaThread "Unconstrained build operations Thread 30" [_thread_blocked, id=5240, stack(0x0000004f05300000,0x0000004f05400000)]
  0x0000016ccba3f800 JavaThread "Unconstrained build operations Thread 29" [_thread_blocked, id=11452, stack(0x0000004f05200000,0x0000004f05300000)]
  0x0000016ccba3c800 JavaThread "ForkJoinPool.commonPool-worker-0" daemon [_thread_blocked, id=6624, stack(0x0000004f05100000,0x0000004f05200000)]
  0x0000016ccba42000 JavaThread "ForkJoinPool.commonPool-worker-7" daemon [_thread_blocked, id=21536, stack(0x0000004f05000000,0x0000004f05100000)]
  0x0000016ccba40800 JavaThread "ForkJoinPool.commonPool-worker-14" daemon [_thread_blocked, id=20908, stack(0x0000004f04800000,0x0000004f04900000)]
  0x0000016cc7fd1000 JavaThread "Unconstrained build operations Thread 28" [_thread_blocked, id=19932, stack(0x0000004f03400000,0x0000004f03500000)]
  0x0000016cc7fce800 JavaThread "Unconstrained build operations Thread 27" [_thread_blocked, id=12516, stack(0x0000004f03300000,0x0000004f03400000)]
  0x0000016cc7fd5800 JavaThread "Unconstrained build operations Thread 26" [_thread_blocked, id=2860, stack(0x0000004f03200000,0x0000004f03300000)]
  0x0000016cc7fd1800 JavaThread "Unconstrained build operations Thread 25" [_thread_blocked, id=17868, stack(0x0000004f03100000,0x0000004f03200000)]
  0x0000016cc7fce000 JavaThread "Unconstrained build operations Thread 24" [_thread_blocked, id=9800, stack(0x0000004f03000000,0x0000004f03100000)]
  0x0000016cc7fd4800 JavaThread "Unconstrained build operations Thread 23" [_thread_blocked, id=15648, stack(0x0000004f02f00000,0x0000004f03000000)]
  0x0000016cc7fcd000 JavaThread "Unconstrained build operations Thread 22" [_thread_blocked, id=19124, stack(0x0000004f02e00000,0x0000004f02f00000)]
  0x0000016cc7fd0000 JavaThread "Unconstrained build operations Thread 21" [_thread_blocked, id=3480, stack(0x0000004f02d00000,0x0000004f02e00000)]
  0x0000016cc7fd3000 JavaThread "Unconstrained build operations Thread 20" [_thread_blocked, id=22276, stack(0x0000004f02c00000,0x0000004f02d00000)]
  0x0000016cc7fcf800 JavaThread "Unconstrained build operations Thread 19" [_thread_blocked, id=18788, stack(0x0000004f02b00000,0x0000004f02c00000)]
  0x0000016cc7fd4000 JavaThread "Unconstrained build operations Thread 18" [_thread_blocked, id=12260, stack(0x0000004f02a00000,0x0000004f02b00000)]
  0x0000016cc7fd2800 JavaThread "Unconstrained build operations Thread 17" [_thread_blocked, id=13676, stack(0x0000004f02900000,0x0000004f02a00000)]
  0x0000016cc7fc6800 JavaThread "Unconstrained build operations Thread 16" [_thread_blocked, id=18800, stack(0x0000004f02800000,0x0000004f02900000)]
  0x0000016cc7fc5800 JavaThread "Unconstrained build operations Thread 15" [_thread_blocked, id=9772, stack(0x0000004f02700000,0x0000004f02800000)]
  0x0000016cc7fcc800 JavaThread "Unconstrained build operations Thread 14" [_thread_blocked, id=3192, stack(0x0000004f02600000,0x0000004f02700000)]
  0x0000016cc7fc5000 JavaThread "Unconstrained build operations Thread 13" [_thread_blocked, id=14600, stack(0x0000004f02500000,0x0000004f02600000)]
  0x0000016cc7fcb800 JavaThread "Unconstrained build operations Thread 12" [_thread_blocked, id=4712, stack(0x0000004f02400000,0x0000004f02500000)]
  0x0000016cc7fc4000 JavaThread "Unconstrained build operations Thread 11" [_thread_blocked, id=13660, stack(0x0000004f02300000,0x0000004f02400000)]
  0x0000016cc7fcb000 JavaThread "Unconstrained build operations Thread 10" [_thread_blocked, id=2192, stack(0x0000004f02200000,0x0000004f02300000)]
  0x0000016cc7fca000 JavaThread "Unconstrained build operations Thread 9" [_thread_blocked, id=1876, stack(0x0000004f02100000,0x0000004f02200000)]
  0x0000016cc7fc9800 JavaThread "Unconstrained build operations Thread 8" [_thread_blocked, id=12792, stack(0x0000004f02000000,0x0000004f02100000)]
  0x0000016cc7fc8000 JavaThread "Unconstrained build operations Thread 7" [_thread_blocked, id=14944, stack(0x0000004f01f00000,0x0000004f02000000)]
  0x0000016cc7fc2000 JavaThread "Unconstrained build operations Thread 6" [_thread_blocked, id=17992, stack(0x0000004f01e00000,0x0000004f01f00000)]
  0x0000016cc7fc8800 JavaThread "Unconstrained build operations Thread 5" [_thread_blocked, id=11044, stack(0x0000004f01d00000,0x0000004f01e00000)]
  0x0000016cc7fc3800 JavaThread "Unconstrained build operations Thread 4" [_thread_blocked, id=16016, stack(0x0000004f01c00000,0x0000004f01d00000)]
  0x0000016cc7fc7000 JavaThread "Unconstrained build operations Thread 3" [_thread_blocked, id=1164, stack(0x0000004f01b00000,0x0000004f01c00000)]
  0x0000016cc7fc2800 JavaThread "Unconstrained build operations Thread 2" [_thread_blocked, id=19872, stack(0x0000004f01a00000,0x0000004f01b00000)]
  0x0000016cc7fbb000 JavaThread "Unconstrained build operations" [_thread_blocked, id=12400, stack(0x0000004f01900000,0x0000004f01a00000)]
  0x0000016cc7fc1000 JavaThread "Cache worker for Build Output Cleanup Cache (C:\Users\pablo\Documents\Proyectos\Mods Minecraft\LoL Mod\.gradle\buildOutputCleanup)" [_thread_blocked, id=14140, stack(0x0000004f01800000,0x0000004f01900000)]
  0x0000016cc7fb9800 JavaThread "Cache worker for dependencies-accessors (C:\Users\pablo\Documents\Proyectos\Mods Minecraft\LoL Mod\.gradle\7.1.1\dependencies-accessors)" [_thread_blocked, id=22516, stack(0x0000004f01600000,0x0000004f01700000)]
  0x0000016cc7fc0800 JavaThread "Cache worker for cache directory md-rule (C:\Users\pablo\.gradle\caches\7.1.1\md-rule)" [_thread_blocked, id=4672, stack(0x0000004f00f00000,0x0000004f01000000)]
  0x0000016cc7fbf800 JavaThread "Cache worker for cache directory md-supplier (C:\Users\pablo\.gradle\caches\7.1.1\md-supplier)" [_thread_blocked, id=17860, stack(0x0000004f00e00000,0x0000004f00f00000)]
  0x0000016cc7fb8800 JavaThread "Cache worker for checksums cache (C:\Users\pablo\Documents\Proyectos\Mods Minecraft\LoL Mod\.gradle\checksums)" [_thread_blocked, id=22124, stack(0x0000004f00d00000,0x0000004f00e00000)]
  0x0000016cc7fb8000 JavaThread "Cache worker for file hash cache (C:\Users\pablo\Documents\Proyectos\Mods Minecraft\LoL Mod\.gradle\7.1.1\fileHashes)" [_thread_blocked, id=12388, stack(0x0000004f00a00000,0x0000004f00b00000)]
  0x0000016cc7fbf000 JavaThread "Daemon client event forwarder" [_thread_blocked, id=12252, stack(0x0000004f00600000,0x0000004f00700000)]
  0x0000016cc7fb7000 JavaThread "Stdin handler" [_thread_blocked, id=10988, stack(0x0000004f00500000,0x0000004f00600000)]
  0x0000016cc7fba800 JavaThread "Asynchronous log dispatcher for DefaultDaemonConnection: socket connection from /127.0.0.1:59465 to /127.0.0.1:59549" [_thread_blocked, id=16396, stack(0x0000004f00400000,0x0000004f00500000)]
  0x0000016cc7fbe000 JavaThread "Cancel handler" [_thread_blocked, id=11748, stack(0x0000004f00200000,0x0000004f00300000)]
  0x0000016cc7fbc800 JavaThread "Handler for socket connection from /127.0.0.1:59465 to /127.0.0.1:59549" [_thread_in_native, id=17356, stack(0x0000004f00100000,0x0000004f00200000)]
  0x0000016ccb02b800 JavaThread "Exec process Thread 3" [_thread_in_native, id=3212, stack(0x0000004f04f00000,0x0000004f05000000)]
  0x0000016ccb024000 JavaThread "Exec process Thread 2" [_thread_in_native, id=2432, stack(0x0000004f04e00000,0x0000004f04f00000)]
  0x0000016ccb029000 JavaThread "Exec process" [_thread_in_native, id=20676, stack(0x0000004f04d00000,0x0000004f04e00000)]
  0x0000016ccb028800 JavaThread "ForkJoinPool.commonPool-worker-3" daemon [_thread_blocked, id=13132, stack(0x0000004f04c00000,0x0000004f04d00000)]
  0x0000016cc5fae800 JavaThread "ForkJoinPool.commonPool-worker-11" daemon [_thread_blocked, id=20776, stack(0x0000004f04400000,0x0000004f04500000)]
  0x0000016cc5fa9000 JavaThread "ForkJoinPool.commonPool-worker-9" daemon [_thread_blocked, id=19636, stack(0x0000004f04200000,0x0000004f04300000)]
  0x0000016cc5fa1000 JavaThread "Memory manager" [_thread_blocked, id=5088, stack(0x0000004f04100000,0x0000004f04200000)]
  0x0000016cc5fa3000 JavaThread "jar transforms Thread 16" [_thread_blocked, id=18732, stack(0x0000004f03f00000,0x0000004f04000000)]
  0x0000016cc5fa7000 JavaThread "jar transforms Thread 15" [_thread_blocked, id=3500, stack(0x0000004f03e00000,0x0000004f03f00000)]
  0x0000016cc5fa1800 JavaThread "jar transforms Thread 14" [_thread_blocked, id=22132, stack(0x0000004f03d00000,0x0000004f03e00000)]
  0x0000016cc5fa6000 JavaThread "jar transforms Thread 13" [_thread_blocked, id=13636, stack(0x0000004f03c00000,0x0000004f03d00000)]
  0x0000016cc5fa5800 JavaThread "jar transforms Thread 12" [_thread_blocked, id=20892, stack(0x0000004f03b00000,0x0000004f03c00000)]
  0x0000016cc5fa4800 JavaThread "jar transforms Thread 11" [_thread_blocked, id=8568, stack(0x0000004f03a00000,0x0000004f03b00000)]
  0x0000016cc5fa4000 JavaThread "jar transforms Thread 10" [_thread_blocked, id=16204, stack(0x0000004f03900000,0x0000004f03a00000)]
  0x0000016cc7dc0800 JavaThread "jar transforms Thread 9" [_thread_blocked, id=1232, stack(0x0000004f03800000,0x0000004f03900000)]
  0x0000016cc7dbf800 JavaThread "jar transforms Thread 8" [_thread_blocked, id=18900, stack(0x0000004f03700000,0x0000004f03800000)]
  0x0000016cc7dc5800 JavaThread "jar transforms Thread 7" [_thread_blocked, id=5324, stack(0x0000004f03600000,0x0000004f03700000)]
  0x0000016cc7dc5000 JavaThread "jar transforms Thread 6" [_thread_blocked, id=16796, stack(0x0000004f03500000,0x0000004f03600000)]
  0x0000016cc2494800 JavaThread "jar transforms Thread 5" [_thread_blocked, id=17640, stack(0x0000004f01700000,0x0000004f01800000)]
  0x0000016cc2493800 JavaThread "jar transforms Thread 4" [_thread_blocked, id=12108, stack(0x0000004f01500000,0x0000004f01600000)]
  0x0000016cc2496800 JavaThread "jar transforms Thread 3" [_thread_blocked, id=21888, stack(0x0000004f01400000,0x0000004f01500000)]
  0x0000016cc248e800 JavaThread "Cache worker for file content cache (C:\Users\pablo\.gradle\caches\7.1.1\fileContent)" [_thread_blocked, id=1844, stack(0x0000004f01300000,0x0000004f01400000)]
  0x0000016cc2490000 JavaThread "jar transforms Thread 2" [_thread_blocked, id=7840, stack(0x0000004f01200000,0x0000004f01300000)]
  0x0000016cc248d800 JavaThread "jar transforms" [_thread_blocked, id=21932, stack(0x0000004f01100000,0x0000004f01200000)]
  0x0000016cc2491800 JavaThread "Cache worker for execution history cache (C:\Users\pablo\.gradle\caches\7.1.1\executionHistory)" [_thread_blocked, id=14452, stack(0x0000004f01000000,0x0000004f01100000)]
  0x0000016cc248a000 JavaThread "File watcher consumer" daemon [_thread_blocked, id=11728, stack(0x0000004f00c00000,0x0000004f00d00000)]
  0x0000016cc2490800 JavaThread "File watcher server" daemon [_thread_in_native, id=18500, stack(0x0000004f00b00000,0x0000004f00c00000)]
  0x0000016cc248a800 JavaThread "Cache worker for file hash cache (C:\Users\pablo\.gradle\caches\7.1.1\fileHashes)" [_thread_blocked, id=3648, stack(0x0000004f00900000,0x0000004f00a00000)]
  0x0000016cc19ce800 JavaThread "File lock request listener" [_thread_in_native, id=15760, stack(0x0000004f00800000,0x0000004f00900000)]
  0x0000016cc19ce000 JavaThread "Cache worker for journal cache (C:\Users\pablo\.gradle\caches\journal-1)" [_thread_blocked, id=13508, stack(0x0000004f00700000,0x0000004f00800000)]
  0x0000016cc3a22000 JavaThread "Daemon worker" [_thread_blocked, id=9084, stack(0x0000004f00300000,0x0000004f00400000)]
  0x0000016cc3a55800 JavaThread "Daemon" [_thread_blocked, id=5580, stack(0x0000004f00000000,0x0000004f00100000)]
  0x0000016cc3965800 JavaThread "Daemon periodic checks" [_thread_blocked, id=4300, stack(0x0000004f7ff00000,0x0000004f80000000)]
  0x0000016cc39a6800 JavaThread "Incoming local TCP Connector on port 59465" [_thread_in_native, id=5608, stack(0x0000004f7fe00000,0x0000004f7ff00000)]
  0x0000016cc3301800 JavaThread "Daemon health stats" [_thread_blocked, id=196, stack(0x0000004f7fd00000,0x0000004f7fe00000)]
  0x0000016cc1a42800 JavaThread "Service Thread" daemon [_thread_blocked, id=19208, stack(0x0000004f7fb00000,0x0000004f7fc00000)]
  0x0000016cc19cb800 JavaThread "C1 CompilerThread11" daemon [_thread_blocked, id=12640, stack(0x0000004f7fa00000,0x0000004f7fb00000)]
  0x0000016cc19cb000 JavaThread "C1 CompilerThread10" daemon [_thread_blocked, id=16408, stack(0x0000004f7f900000,0x0000004f7fa00000)]
  0x0000016cc19c9800 JavaThread "C1 CompilerThread9" daemon [_thread_blocked, id=11000, stack(0x0000004f7f800000,0x0000004f7f900000)]
  0x0000016cc19ca000 JavaThread "C1 CompilerThread8" daemon [_thread_blocked, id=1492, stack(0x0000004f7f700000,0x0000004f7f800000)]
=>0x0000016cc19c8000 JavaThread "C2 CompilerThread7" daemon [_thread_in_vm, id=21116, stack(0x0000004f7f600000,0x0000004f7f700000)]
  0x0000016cc19cc800 JavaThread "C2 CompilerThread6" daemon [_thread_blocked, id=8688, stack(0x0000004f7f500000,0x0000004f7f600000)]
  0x0000016cc19c8800 JavaThread "C2 CompilerThread5" daemon [_thread_blocked, id=19196, stack(0x0000004f7f400000,0x0000004f7f500000)]
  0x0000016cc199d000 JavaThread "C2 CompilerThread4" daemon [_thread_blocked, id=16592, stack(0x0000004f7f300000,0x0000004f7f400000)]
  0x0000016cc196e800 JavaThread "C2 CompilerThread3" daemon [_thread_blocked, id=21884, stack(0x0000004f7f200000,0x0000004f7f300000)]
  0x0000016cc196c800 JavaThread "C2 CompilerThread2" daemon [_thread_blocked, id=21252, stack(0x0000004f7f100000,0x0000004f7f200000)]
  0x0000016cc1960800 JavaThread "C2 CompilerThread1" daemon [_thread_blocked, id=10992, stack(0x0000004f7f000000,0x0000004f7f100000)]
  0x0000016cc195c800 JavaThread "C2 CompilerThread0" daemon [_thread_blocked, id=1108, stack(0x0000004f7ef00000,0x0000004f7f000000)]
  0x0000016cc195c000 JavaThread "Attach Listener" daemon [_thread_blocked, id=18984, stack(0x0000004f7ee00000,0x0000004f7ef00000)]
  0x0000016cc1957000 JavaThread "Signal Dispatcher" daemon [_thread_blocked, id=1048, stack(0x0000004f7ed00000,0x0000004f7ee00000)]
  0x0000016cc1936000 JavaThread "Finalizer" daemon [_thread_blocked, id=7696, stack(0x0000004f7ec00000,0x0000004f7ed00000)]
  0x0000016cbec29800 JavaThread "Reference Handler" daemon [_thread_blocked, id=17820, stack(0x0000004f7eb00000,0x0000004f7ec00000)]
  0x0000016ca6281000 JavaThread "main" [_thread_blocked, id=18796, stack(0x0000004f7dc00000,0x0000004f7dd00000)]

Other Threads:
  0x0000016cbec00000 VMThread [stack: 0x0000004f7ea00000,0x0000004f7eb00000] [id=5404]
  0x0000016cc1a48000 WatcherThread [stack: 0x0000004f7fc00000,0x0000004f7fd00000] [id=8216]

VM state:not at safepoint (normal execution)

VM Mutex/Monitor currently owned by a thread: None

heap address: 0x0000000700000000, size: 3072 MB, Compressed Oops mode: Zero based, Oop shift amount: 3
Narrow klass base: 0x0000000000000000, Narrow klass shift: 3
Compressed class space size: 1073741824 Address: 0x00000007c0000000

Heap:
 PSYoungGen      total 355328K, used 282929K [0x0000000780000000, 0x0000000798180000, 0x00000007c0000000)
  eden space 344576K, 79% used [0x0000000780000000,0x0000000790a3f800,0x0000000795080000)
  from space 10752K, 95% used [0x0000000797700000,0x000000079810cf40,0x0000000798180000)
  to   space 20992K, 0% used [0x0000000795880000,0x0000000795880000,0x0000000796d00000)
 ParOldGen       total 224256K, used 29590K [0x0000000700000000, 0x000000070db00000, 0x0000000780000000)
  object space 224256K, 13% used [0x0000000700000000,0x0000000701ce5990,0x000000070db00000)
 Metaspace       used 66710K, capacity 71094K, committed 71168K, reserved 1110016K
  class space    used 9169K, capacity 9957K, committed 9984K, reserved 1048576K

Card table byte_map: [0x0000016cb7120000,0x0000016cb7730000] byte_map_base: 0x0000016cb3920000

Marking Bits: (ParMarkBitMap*) 0x00000000598d7fe0
 Begin Bits: [0x0000016cb7b30000, 0x0000016cbab30000)
 End Bits:   [0x0000016cbab30000, 0x0000016cbdb30000)

Polling page: 0x0000016ca6540000

CodeCache: size=245760Kb used=35969Kb max_used=36343Kb free=209790Kb
 bounds [0x0000016ca7d60000, 0x0000016caa110000, 0x0000016cb6d60000]
 total_blobs=10984 nmethods=10141 adapters=752
 compilation: enabled

Compilation events (10 events):
Event: 144.777 Thread 0x0000016cc196e800 nmethod 11673 0x0000016ca8b6ef10 code [0x0000016ca8b6f040, 0x0000016ca8b6f118]
Event: 147.789 Thread 0x0000016cc19c8800 11674       4       java.io.FileOutputStream::write (12 bytes)
Event: 147.789 Thread 0x0000016cc19c8800 nmethod 11674 0x0000016ca8bc1e50 code [0x0000016ca8bc1fa0, 0x0000016ca8bc2028]
Event: 147.889 Thread 0x0000016cc1960800 11675   !   4       java.io.PrintStream::write (83 bytes)
Event: 147.924 Thread 0x0000016cc1960800 nmethod 11675 0x0000016caa0bb510 code [0x0000016caa0bb740, 0x0000016caa0bdff8]
Event: 148.379 Thread 0x0000016cc195c800 11676       4       java.io.PrintStream::print (13 bytes)
Event: 148.379 Thread 0x0000016cc195c800 nmethod 11676 0x0000016ca8586b50 code [0x0000016ca8586ca0, 0x0000016ca8586d48]
Event: 156.740 Thread 0x0000016cc19c8800 11677       4       org.gradle.internal.logging.text.StreamingStyledTextOutput::doAppend (11 bytes)
Event: 156.740 Thread 0x0000016cc196c800 11678   !   4       org.gradle.internal.logging.text.StreamBackedStandardOutputListener::onOutput (34 bytes)
Event: 156.741 Thread 0x0000016cc19c8000 11679       4       java.io.PrintStream::append (6 bytes)

GC Heap History (10 events):
Event: 5.550 GC heap before
{Heap before GC invocations=9 (full 2):
 PSYoungGen      total 222208K, used 206848K [0x0000000780000000, 0x000000078f280000, 0x00000007c0000000)
  eden space 206848K, 100% used [0x0000000780000000,0x000000078ca00000,0x000000078ca00000)
  from space 15360K, 0% used [0x000000078d900000,0x000000078d900000,0x000000078e800000)
  to   space 15360K, 0% used [0x000000078ca00000,0x000000078ca00000,0x000000078d900000)
 ParOldGen       total 155136K, used 14517K [0x0000000700000000, 0x0000000709780000, 0x0000000780000000)
  object space 155136K, 9% used [0x0000000700000000,0x0000000700e2d4c0,0x0000000709780000)
 Metaspace       used 46494K, capacity 48882K, committed 49024K, reserved 1091584K
  class space    used 6563K, capacity 7009K, committed 7040K, reserved 1048576K
Event: 5.559 GC heap after
Heap after GC invocations=9 (full 2):
 PSYoungGen      total 222208K, used 14793K [0x0000000780000000, 0x0000000794400000, 0x00000007c0000000)
  eden space 206848K, 0% used [0x0000000780000000,0x0000000780000000,0x000000078ca00000)
  from space 15360K, 96% used [0x000000078ca00000,0x000000078d872438,0x000000078d900000)
  to   space 16896K, 0% used [0x0000000793380000,0x0000000793380000,0x0000000794400000)
 ParOldGen       total 155136K, used 14525K [0x0000000700000000, 0x0000000709780000, 0x0000000780000000)
  object space 155136K, 9% used [0x0000000700000000,0x0000000700e2f4c0,0x0000000709780000)
 Metaspace       used 46494K, capacity 48882K, committed 49024K, reserved 1091584K
  class space    used 6563K, capacity 7009K, committed 7040K, reserved 1048576K
}
Event: 6.881 GC heap before
{Heap before GC invocations=10 (full 2):
 PSYoungGen      total 222208K, used 221641K [0x0000000780000000, 0x0000000794400000, 0x00000007c0000000)
  eden space 206848K, 100% used [0x0000000780000000,0x000000078ca00000,0x000000078ca00000)
  from space 15360K, 96% used [0x000000078ca00000,0x000000078d872438,0x000000078d900000)
  to   space 16896K, 0% used [0x0000000793380000,0x0000000793380000,0x0000000794400000)
 ParOldGen       total 155136K, used 14525K [0x0000000700000000, 0x0000000709780000, 0x0000000780000000)
  object space 155136K, 9% used [0x0000000700000000,0x0000000700e2f4c0,0x0000000709780000)
 Metaspace       used 53930K, capacity 57102K, committed 57344K, reserved 1097728K
  class space    used 7604K, capacity 8183K, committed 8192K, reserved 1048576K
Event: 6.892 GC heap after
Heap after GC invocations=10 (full 2):
 PSYoungGen      total 308736K, used 16883K [0x0000000780000000, 0x0000000794500000, 0x00000007c0000000)
  eden space 291840K, 0% used [0x0000000780000000,0x0000000780000000,0x0000000791d00000)
  from space 16896K, 99% used [0x0000000793380000,0x00000007943fcc60,0x0000000794400000)
  to   space 20480K, 0% used [0x0000000791d00000,0x0000000791d00000,0x0000000793100000)
 ParOldGen       total 155136K, used 16998K [0x0000000700000000, 0x0000000709780000, 0x0000000780000000)
  object space 155136K, 10% used [0x0000000700000000,0x00000007010999c0,0x0000000709780000)
 Metaspace       used 53930K, capacity 57102K, committed 57344K, reserved 1097728K
  class space    used 7604K, capacity 8183K, committed 8192K, reserved 1048576K
}
Event: 7.578 GC heap before
{Heap before GC invocations=11 (full 2):
 PSYoungGen      total 308736K, used 179847K [0x0000000780000000, 0x0000000794500000, 0x00000007c0000000)
  eden space 291840K, 55% used [0x0000000780000000,0x0000000789f25120,0x0000000791d00000)
  from space 16896K, 99% used [0x0000000793380000,0x00000007943fcc60,0x0000000794400000)
  to   space 20480K, 0% used [0x0000000791d00000,0x0000000791d00000,0x0000000793100000)
 ParOldGen       total 155136K, used 16998K [0x0000000700000000, 0x0000000709780000, 0x0000000780000000)
  object space 155136K, 10% used [0x0000000700000000,0x00000007010999c0,0x0000000709780000)
 Metaspace       used 55457K, capacity 58844K, committed 59028K, reserved 1099776K
  class space    used 7741K, capacity 8326K, committed 8448K, reserved 1048576K
Event: 7.586 GC heap after
Heap after GC invocations=11 (full 2):
 PSYoungGen      total 312320K, used 16983K [0x0000000780000000, 0x0000000798c00000, 0x00000007c0000000)
  eden space 291840K, 0% used [0x0000000780000000,0x0000000780000000,0x0000000791d00000)
  from space 20480K, 82% used [0x0000000791d00000,0x0000000792d95cc8,0x0000000793100000)
  to   space 21504K, 0% used [0x0000000797700000,0x0000000797700000,0x0000000798c00000)
 ParOldGen       total 155136K, used 17014K [0x0000000700000000, 0x0000000709780000, 0x0000000780000000)
  object space 155136K, 10% used [0x0000000700000000,0x000000070109d9c0,0x0000000709780000)
 Metaspace       used 55457K, capacity 58844K, committed 59028K, reserved 1099776K
  class space    used 7741K, capacity 8326K, committed 8448K, reserved 1048576K
}
Event: 7.586 GC heap before
{Heap before GC invocations=12 (full 3):
 PSYoungGen      total 312320K, used 16983K [0x0000000780000000, 0x0000000798c00000, 0x00000007c0000000)
  eden space 291840K, 0% used [0x0000000780000000,0x0000000780000000,0x0000000791d00000)
  from space 20480K, 82% used [0x0000000791d00000,0x0000000792d95cc8,0x0000000793100000)
  to   space 21504K, 0% used [0x0000000797700000,0x0000000797700000,0x0000000798c00000)
 ParOldGen       total 155136K, used 17014K [0x0000000700000000, 0x0000000709780000, 0x0000000780000000)
  object space 155136K, 10% used [0x0000000700000000,0x000000070109d9c0,0x0000000709780000)
 Metaspace       used 55457K, capacity 58844K, committed 59028K, reserved 1099776K
  class space    used 7741K, capacity 8326K, committed 8448K, reserved 1048576K
Event: 7.720 GC heap after
Heap after GC invocations=12 (full 3):
 PSYoungGen      total 312320K, used 0K [0x0000000780000000, 0x0000000798c00000, 0x00000007c0000000)
  eden space 291840K, 0% used [0x0000000780000000,0x0000000780000000,0x0000000791d00000)
  from space 20480K, 0% used [0x0000000791d00000,0x0000000791d00000,0x0000000793100000)
  to   space 21504K, 0% used [0x0000000797700000,0x0000000797700000,0x0000000798c00000)
 ParOldGen       total 224256K, used 29582K [0x0000000700000000, 0x000000070db00000, 0x0000000780000000)
  object space 224256K, 13% used [0x0000000700000000,0x0000000701ce3990,0x000000070db00000)
 Metaspace       used 55323K, capacity 58388K, committed 59028K, reserved 1099776K
  class space    used 7699K, capacity 8250K, committed 8448K, reserved 1048576K
}
Event: 83.610 GC heap before
{Heap before GC invocations=13 (full 3):
 PSYoungGen      total 312320K, used 291840K [0x0000000780000000, 0x0000000798c00000, 0x00000007c0000000)
  eden space 291840K, 100% used [0x0000000780000000,0x0000000791d00000,0x0000000791d00000)
  from space 20480K, 0% used [0x0000000791d00000,0x0000000791d00000,0x0000000793100000)
  to   space 21504K, 0% used [0x0000000797700000,0x0000000797700000,0x0000000798c00000)
 ParOldGen       total 224256K, used 29582K [0x0000000700000000, 0x000000070db00000, 0x0000000780000000)
  object space 224256K, 13% used [0x0000000700000000,0x0000000701ce3990,0x000000070db00000)
 Metaspace       used 59187K, capacity 63312K, committed 63360K, reserved 1103872K
  class space    used 8293K, capacity 9072K, committed 9088K, reserved 1048576K
Event: 83.616 GC heap after
Heap after GC invocations=13 (full 3):
 PSYoungGen      total 355328K, used 10291K [0x0000000780000000, 0x0000000798180000, 0x00000007c0000000)
  eden space 344576K, 0% used [0x0000000780000000,0x0000000780000000,0x0000000795080000)
  from space 10752K, 95% used [0x0000000797700000,0x000000079810cf40,0x0000000798180000)
  to   space 20992K, 0% used [0x0000000795880000,0x0000000795880000,0x0000000796d00000)
 ParOldGen       total 224256K, used 29590K [0x0000000700000000, 0x000000070db00000, 0x0000000780000000)
  object space 224256K, 13% used [0x0000000700000000,0x0000000701ce5990,0x000000070db00000)
 Metaspace       used 59187K, capacity 63312K, committed 63360K, reserved 1103872K
  class space    used 8293K, capacity 9072K, committed 9088K, reserved 1048576K
}

Deoptimization events (10 events):
Event: 84.975 Thread 0x0000016cc7fdf800 Uncommon trap: reason=class_check action=maybe_recompile pc=0x0000016ca9d8f3a4 method=com.sun.tools.javac.code.Type$ClassType.allparams()Lcom/sun/tools/javac/util/List; @ 16
Event: 84.975 Thread 0x0000016cc7fdf800 Uncommon trap: reason=class_check action=maybe_recompile pc=0x0000016ca9eb75ac method=com.sun.tools.javac.code.Type$ClassType.isErroneous()Z @ 4
Event: 84.975 Thread 0x0000016cc7fdf800 Uncommon trap: reason=class_check action=maybe_recompile pc=0x0000016ca9eb75ac method=com.sun.tools.javac.code.Type$ClassType.isErroneous()Z @ 4
Event: 84.975 Thread 0x0000016cc7fdf800 Uncommon trap: reason=unstable_if action=reinterpret pc=0x0000016ca9d1aad4 method=com.sun.tools.javac.code.Scope.dble()V @ 39
Event: 84.976 Thread 0x0000016cc7fdf800 Uncommon trap: reason=class_check action=maybe_recompile pc=0x0000016ca9eb75ac method=com.sun.tools.javac.code.Type$ClassType.isErroneous()Z @ 4
Event: 84.997 Thread 0x0000016cc7fdf800 Uncommon trap: reason=unstable_if action=reinterpret pc=0x0000016ca964fa74 method=com.sun.tools.javac.tree.TreeInfo.getStartPos(Lcom/sun/tools/javac/tree/JCTree;)I @ 293
Event: 85.122 Thread 0x0000016cc248a000 Uncommon trap: reason=unstable_if action=reinterpret pc=0x0000016ca8997b4c method=org.gradle.internal.file.DefaultFileHierarchySet$Node.contains(Ljava/lang/String;I)Z @ 91
Event: 85.125 Thread 0x0000016cc7fdf800 Uncommon trap: reason=unstable_if action=reinterpret pc=0x0000016ca9696b60 method=com.esotericsoftware.kryo.io.Output.writeString(Ljava/lang/CharSequence;)V @ 50
Event: 85.129 Thread 0x0000016cc7fdf800 Uncommon trap: reason=unstable_if action=reinterpret pc=0x0000016ca92416cc method=com.esotericsoftware.kryo.io.Output.writeString(Ljava/lang/CharSequence;)V @ 50
Event: 85.135 Thread 0x0000016cc248a000 Uncommon trap: reason=unstable_if action=reinterpret pc=0x0000016ca8119624 method=org.gradle.internal.file.DefaultFileHierarchySet$Node.contains(Ljava/lang/String;I)Z @ 91

Classes redefined (0 events):
No events

Internal exceptions (10 events):
Event: 84.364 Thread 0x0000016cc7fdf800 Exception <a 'java/io/FileNotFoundException'> (0x0000000789db7278) thrown at [C:\jenkins\workspace\8-2-build-windows-amd64-cygwin\jdk8u301\1513\hotspot\src\share\vm\prims\jni.cpp, line 710]
Event: 84.364 Thread 0x0000016cc7fdf800 Exception <a 'java/io/FileNotFoundException'> (0x0000000789db94c8) thrown at [C:\jenkins\workspace\8-2-build-windows-amd64-cygwin\jdk8u301\1513\hotspot\src\share\vm\prims\jni.cpp, line 710]
Event: 84.364 Thread 0x0000016cc7fdf800 Exception <a 'java/io/FileNotFoundException'> (0x0000000789dbb7f8) thrown at [C:\jenkins\workspace\8-2-build-windows-amd64-cygwin\jdk8u301\1513\hotspot\src\share\vm\prims\jni.cpp, line 710]
Event: 84.364 Thread 0x0000016cc7fdf800 Exception <a 'java/io/FileNotFoundException'> (0x0000000789dbdbd0) thrown at [C:\jenkins\workspace\8-2-build-windows-amd64-cygwin\jdk8u301\1513\hotspot\src\share\vm\prims\jni.cpp, line 710]
Event: 84.364 Thread 0x0000016cc7fdf800 Exception <a 'java/io/FileNotFoundException'> (0x0000000789dc0048) thrown at [C:\jenkins\workspace\8-2-build-windows-amd64-cygwin\jdk8u301\1513\hotspot\src\share\vm\prims\jni.cpp, line 710]
Event: 84.364 Thread 0x0000016cc7fdf800 Exception <a 'java/io/FileNotFoundException'> (0x0000000789dc23f8) thrown at [C:\jenkins\workspace\8-2-build-windows-amd64-cygwin\jdk8u301\1513\hotspot\src\share\vm\prims\jni.cpp, line 710]
Event: 84.365 Thread 0x0000016cc7fdf800 Exception <a 'java/io/FileNotFoundException'> (0x0000000789dc4658) thrown at [C:\jenkins\workspace\8-2-build-windows-amd64-cygwin\jdk8u301\1513\hotspot\src\share\vm\prims\jni.cpp, line 710]
Event: 84.365 Thread 0x0000016cc7fdf800 Exception <a 'java/io/FileNotFoundException'> (0x0000000789dc6998) thrown at [C:\jenkins\workspace\8-2-build-windows-amd64-cygwin\jdk8u301\1513\hotspot\src\share\vm\prims\jni.cpp, line 710]
Event: 84.365 Thread 0x0000016cc7fdf800 Exception <a 'java/io/FileNotFoundException'> (0x0000000789dc8e30) thrown at [C:\jenkins\workspace\8-2-build-windows-amd64-cygwin\jdk8u301\1513\hotspot\src\share\vm\prims\jni.cpp, line 710]
Event: 85.144 Thread 0x0000016cc7fbf000 Exception <a 'java/lang/NoSuchMethodError': <clinit>> (0x000000079025b568) thrown at [C:\jenkins\workspace\8-2-build-windows-amd64-cygwin\jdk8u301\1513\hotspot\src\share\vm\prims\jni.cpp, line 1615]

Events (10 events):
Event: 147.924 Thread 0x0000016cc1960800 flushing nmethod 0x0000016ca90a3290
Event: 147.924 Thread 0x0000016cc1960800 flushing nmethod 0x0000016ca91d2610
Event: 147.925 Thread 0x0000016cc1960800 flushing nmethod 0x0000016ca9251450
Event: 147.925 Thread 0x0000016cc1960800 flushing nmethod 0x0000016ca928df90
Event: 148.380 Thread 0x0000016cc195c800 flushing nmethod 0x0000016ca938ff50
Event: 148.380 Thread 0x0000016cc195c800 flushing nmethod 0x0000016ca93af6d0
Event: 148.380 Thread 0x0000016cc195c800 flushing nmethod 0x0000016ca9506610
Event: 152.983 Executing VM operation: RevokeBias
Event: 152.983 Executing VM operation: RevokeBias done
Event: 152.983 Thread 0x0000016cc5fad800 Thread exited: 0x0000016cc5fad800


Dynamic libraries:
0x00007ff6437a0000 - 0x00007ff6437e7000 	C:\Program Files\Java\jdk1.8.0_301\bin\java.exe
0x00007ffca1570000 - 0x00007ffca1765000 	C:\Windows\SYSTEM32\ntdll.dll
0x00007ffc9f7b0000 - 0x00007ffc9f86e000 	C:\Windows\System32\KERNEL32.DLL
0x00007ffc9f100000 - 0x00007ffc9f3c8000 	C:\Windows\System32\KERNELBASE.dll
0x00007ffca07d0000 - 0x00007ffca087e000 	C:\Windows\System32\ADVAPI32.dll
0x00007ffc9f640000 - 0x00007ffc9f6de000 	C:\Windows\System32\msvcrt.dll
0x00007ffc9f9f0000 - 0x00007ffc9fa8c000 	C:\Windows\System32\sechost.dll
0x00007ffc9fab0000 - 0x00007ffc9fbd5000 	C:\Windows\System32\RPCRT4.dll
0x00007ffca0d60000 - 0x00007ffca0f01000 	C:\Windows\System32\USER32.dll
0x00007ffc9ed30000 - 0x00007ffc9ed52000 	C:\Windows\System32\win32u.dll
0x00007ffca0d30000 - 0x00007ffca0d5b000 	C:\Windows\System32\GDI32.dll
0x00007ffc9eff0000 - 0x00007ffc9f0fd000 	C:\Windows\System32\gdi32full.dll
0x00007ffc9f3d0000 - 0x00007ffc9f46d000 	C:\Windows\System32\msvcp_win.dll
0x00007ffc9eef0000 - 0x00007ffc9eff0000 	C:\Windows\System32\ucrtbase.dll
0x00007ffc903f0000 - 0x00007ffc9068a000 	C:\Windows\WinSxS\amd64_microsoft.windows.common-controls_6595b64144ccf1df_6.0.19041.1110_none_60b5254171f9507e\COMCTL32.dll
0x00007ffca0880000 - 0x00007ffca08b0000 	C:\Windows\System32\IMM32.DLL
0x00007ffc9bb20000 - 0x00007ffc9bb35000 	C:\Program Files\Java\jdk1.8.0_301\jre\bin\vcruntime140.dll
0x00007ffc93150000 - 0x00007ffc931eb000 	C:\Program Files\Java\jdk1.8.0_301\jre\bin\msvcp140.dll
0x00000000590f0000 - 0x0000000059950000 	C:\Program Files\Java\jdk1.8.0_301\jre\bin\server\jvm.dll
0x00007ffc9f7a0000 - 0x00007ffc9f7a8000 	C:\Windows\System32\PSAPI.DLL
0x00007ffc95f40000 - 0x00007ffc95f4a000 	C:\Windows\SYSTEM32\VERSION.dll
0x00007ffc9c270000 - 0x00007ffc9c279000 	C:\Windows\SYSTEM32\WSOCK32.dll
0x00007ffc943e0000 - 0x00007ffc94407000 	C:\Windows\SYSTEM32\WINMM.dll
0x00007ffca1310000 - 0x00007ffca137b000 	C:\Windows\System32\WS2_32.dll
0x00007ffc9cb90000 - 0x00007ffc9cba2000 	C:\Windows\SYSTEM32\kernel.appcore.dll
0x00007ffc9c2f0000 - 0x00007ffc9c300000 	C:\Program Files\Java\jdk1.8.0_301\jre\bin\verify.dll
0x00007ffc9baa0000 - 0x00007ffc9bacb000 	C:\Program Files\Java\jdk1.8.0_301\jre\bin\java.dll
0x00007ffc9ba50000 - 0x00007ffc9ba68000 	C:\Program Files\Java\jdk1.8.0_301\jre\bin\zip.dll
0x00007ffca0080000 - 0x00007ffca07c4000 	C:\Windows\System32\SHELL32.dll
0x00007ffc9cd90000 - 0x00007ffc9d525000 	C:\Windows\SYSTEM32\windows.storage.dll
0x00007ffc9fd20000 - 0x00007ffca0075000 	C:\Windows\System32\combase.dll
0x00007ffc9e6d0000 - 0x00007ffc9e6fe000 	C:\Windows\SYSTEM32\Wldp.dll
0x00007ffc9f870000 - 0x00007ffc9f91d000 	C:\Windows\System32\SHCORE.dll
0x00007ffca1190000 - 0x00007ffca11e5000 	C:\Windows\System32\shlwapi.dll
0x00007ffc9ebc0000 - 0x00007ffc9ebdf000 	C:\Windows\SYSTEM32\profapi.dll
0x00007ffc9ba20000 - 0x00007ffc9ba3c000 	C:\Program Files\Java\jdk1.8.0_301\jre\bin\net.dll
0x00007ffc9e430000 - 0x00007ffc9e49a000 	C:\Windows\system32\mswsock.dll
0x00007ffc9ba00000 - 0x00007ffc9ba13000 	C:\Program Files\Java\jdk1.8.0_301\jre\bin\nio.dll
0x00007ffc93330000 - 0x00007ffc93357000 	C:\Users\pablo\.gradle\native\8bec1ad78214c89d9ad589b4d07fe93259594b29d510b10fafb7a158f7737e5d\windows-amd64\native-platform.dll
0x00007ffc7d510000 - 0x00007ffc7d64d000 	C:\Users\pablo\.gradle\native\53dbd7edfb1c66fb8903c78663c9afc45aea4f116125fa6feffd364cf09443e8\windows-amd64\native-platform-file-events.dll
0x00007ffc9c0d0000 - 0x00007ffc9c0dd000 	C:\Program Files\Java\jdk1.8.0_301\jre\bin\management.dll
0x00007ffc9e630000 - 0x00007ffc9e648000 	C:\Windows\SYSTEM32\CRYPTSP.dll
0x00007ffc9dd40000 - 0x00007ffc9dd74000 	C:\Windows\system32\rsaenh.dll
0x00007ffc9eec0000 - 0x00007ffc9eee7000 	C:\Windows\System32\bcrypt.dll
0x00007ffc9eb40000 - 0x00007ffc9eb6e000 	C:\Windows\SYSTEM32\USERENV.dll
0x00007ffc9f520000 - 0x00007ffc9f5a2000 	C:\Windows\System32\bcryptprimitives.dll
0x00007ffc9e620000 - 0x00007ffc9e62c000 	C:\Windows\SYSTEM32\CRYPTBASE.dll
0x00007ffc9e0d0000 - 0x00007ffc9e10b000 	C:\Windows\SYSTEM32\IPHLPAPI.DLL
0x00007ffc9f630000 - 0x00007ffc9f638000 	C:\Windows\System32\NSI.dll
0x00007ffc991c0000 - 0x00007ffc991d7000 	C:\Windows\SYSTEM32\dhcpcsvc6.DLL
0x00007ffc991a0000 - 0x00007ffc991bd000 	C:\Windows\SYSTEM32\dhcpcsvc.DLL
0x00007ffc9e120000 - 0x00007ffc9e1eb000 	C:\Windows\SYSTEM32\DNSAPI.dll
0x00007ffc99840000 - 0x00007ffc99864000 	C:\Program Files\Java\jdk1.8.0_301\jre\bin\sunec.dll
0x000000005bf80000 - 0x000000005bfa6000 	C:\Program Files\Bonjour\mdnsNSP.dll
0x00007ffc95f30000 - 0x00007ffc95f3a000 	C:\Windows\System32\rasadhlp.dll
0x00007ffc94ac0000 - 0x00007ffc94b3f000 	C:\Windows\System32\fwpuclnt.dll
0x00007ffc9bb10000 - 0x00007ffc9bb1d000 	C:\Program Files\Java\jdk1.8.0_301\jre\bin\sunmscapi.dll
0x00007ffc9ed60000 - 0x00007ffc9eeb6000 	C:\Windows\System32\CRYPT32.dll
0x00007ffc9e740000 - 0x00007ffc9e767000 	C:\Windows\SYSTEM32\ncrypt.dll
0x00007ffc9e700000 - 0x00007ffc9e73b000 	C:\Windows\SYSTEM32\NTASN1.dll
0x00007ffc9c4d0000 - 0x00007ffc9c560000 	C:\Windows\system32\apphelp.dll
0x00007ffc938e0000 - 0x00007ffc93ac4000 	C:\Windows\SYSTEM32\dbghelp.dll

VM Arguments:
jvm_args: -Xmx3G -Dfile.encoding=windows-1252 -Duser.country=US -Duser.language=en -Duser.variant 
java_command: org.gradle.launcher.daemon.bootstrap.GradleDaemon 7.1.1
java_class_path (initial): C:\Users\pablo\.gradle\wrapper\dists\gradle-7.1.1-bin\f29rtwfnc96ub43tt7p47zsru\gradle-7.1.1\lib\gradle-launcher-7.1.1.jar
Launcher Type: SUN_STANDARD

Environment Variables:
JAVA_HOME=C:\Program Files\Java\jdk1.8.0_301
PATH=C:\Program Files\Eclipse Adoptium\jdk-8.0.312.7-hotspot\bin;E:\Oculus\Support\oculus-runtime;C:\Program Files (x86)\Common Files\Oracle\Java\javapath;C:\Windows\system32;C:\Windows;C:\Windows\System32\Wbem;C:\Windows\System32\WindowsPowerShell\v1.0\;C:\Windows\System32\OpenSSH\;C:\Program Files\nodejs\;C:\Program Files (x86)\Microsoft SQL Server\150\DTS\Binn\;C:\Program Files\Azure Data Studio\bin;C:\Program Files\Microsoft SQL Server\Client SDK\ODBC\170\Tools\Binn\;C:\Program Files (x86)\Microsoft SQL Server\150\Tools\Binn\;C:\Program Files\Microsoft SQL Server\150\Tools\Binn\;C:\Program Files\Microsoft SQL Server\150\DTS\Binn\;C:\Users\pablo\.dnx\bin;C:\Program Files\Microsoft DNX\Dnvm\;C:\Program Files\Microsoft SQL Server\130\Tools\Binn\;C:\Program Files (x86)\NVIDIA Corporation\PhysX\Common;C:\Program Files\Java\jdk1.8.0_301\bin;C:\Program Files\Java\jdk-14.0.1\bin;C:\Program Files\Git\cmd;C:\Program Files\MySQL\MySQL Shell 8.0\bin\;C:\Users\pablo\AppData\Local\Programs\Python\Python39\Scripts\;C:\Users\pablo\AppData\Local\Programs\Python\Python39\;C:\Users\pablo\AppData\Local\Microsoft\WindowsApps;C:\Users\pablo\AppData\Local\Programs\Microsoft VS Code\bin;C:\Users\pablo\AppData\Roaming\npm;C:\Program Files\Azure Data Studio\bin;C:\Users\pablo\AppData\Local\GitHubDesktop\bin;E:\Program Files\JetBrains\IntelliJ IDEA Community Edition 2021.2\bin;;E:\Program Files\heroku\bin
USERNAME=pablo
OS=Windows_NT
PROCESSOR_IDENTIFIER=AMD64 Family 23 Model 8 Stepping 2, AuthenticAMD



---------------  S Y S T E M  ---------------

OS: Windows 10.0 , 64 bit Build 19041 (10.0.19041.1466)

CPU:total 16 (initial active 16) (16 cores per cpu, 1 threads per core) family 23 model 8 stepping 2, cmov, cx8, fxsr, mmx, sse, sse2, sse3, ssse3, sse4.1, sse4.2, popcnt, avx, avx2, aes, clmul, mmxext, 3dnowpref, lzcnt, sse4a, tsc, tscinvbit, tscinv, bmi1

Memory: 4k page, physical 16724200k(4326044k free), swap 17772776k(4204k free)

vm_info: Java HotSpot(TM) 64-Bit Server VM (25.301-b09) for windows-amd64 JRE (1.8.0_301-b09), built on Jun  9 2021 06:46:21 by "java_re" with MS VC++ 15.9 (VS2017)

time: Wed Jan 26 22:06:09 2022
timezone: Montevideo Standard Time
elapsed time: 156.784293 seconds (0d 0h 2m 36s)

