#
# There is insufficient memory for the Java Runtime Environment to continue.
# Native memory allocation (malloc) failed to allocate 257296 bytes for Chunk::new
# Possible reasons:
#   The system is out of physical RAM or swap space
#   The process is running with CompressedOops enabled, and the Java Heap may be blocking the growth of the native heap
# Possible solutions:
#   Reduce memory load on the system
#   Increase physical memory or swap space
#   Check if swap backing store is full
#   Decrease Java heap size (-Xmx/-Xms)
#   Decrease number of Java threads
#   Decrease Java thread stack sizes (-Xss)
#   Set larger code cache with -XX:ReservedCodeCacheSize=
# This output file may be truncated or incomplete.
#
#  Out of Memory Error (allocation.cpp:389), pid=13188, tid=0x00000000000040ec
#
# JRE version: Java(TM) SE Runtime Environment (8.0_301-b09) (build 1.8.0_301-b09)
# Java VM: Java HotSpot(TM) 64-Bit Server VM (25.301-b09 mixed mode windows-amd64 compressed oops)
# Failed to write core dump. Minidumps are not enabled by default on client versions of Windows
#

---------------  T H R E A D  ---------------

Current thread (0x00000115f025f000):  JavaThread "C2 CompilerThread6" daemon [_thread_in_native, id=16620, stack(0x00000007b9100000,0x00000007b9200000)]

Stack: [0x00000007b9100000,0x00000007b9200000]
Native frames: (J=compiled Java code, j=interpreted, Vv=VM code, C=native code)
V  [jvm.dll+0x32ed79]
V  [jvm.dll+0x275722]
V  [jvm.dll+0x2763cd]
V  [jvm.dll+0x26ce05]
V  [jvm.dll+0xd551c]
V  [jvm.dll+0xd5d1c]
V  [jvm.dll+0x452c72]
V  [jvm.dll+0x48dcdd]
V  [jvm.dll+0x4421d0]
V  [jvm.dll+0x43fee4]
V  [jvm.dll+0x42ae57]
V  [jvm.dll+0xac1bb]
V  [jvm.dll+0xaa81b]
V  [jvm.dll+0x23ddc2]
V  [jvm.dll+0x2923dc]
C  [ucrtbase.dll+0x21bb2]
C  [KERNEL32.DLL+0x17034]
C  [ntdll.dll+0x52651]


Current CompileTask:
C2:  23699 8254 %     4       org.gradle.internal.logging.text.AbstractLineChoppingStyledTextOutput::doAppend @ 10 (43 bytes)


---------------  P R O C E S S  ---------------

Java Threads: ( => current thread )
  0x00000115f8196000 JavaThread "Cache worker for execution history cache (C:\Users\pablo\Documents\Proyectos\Mods Minecraft\LoL Mod\.gradle\7.1.1\executionHistory)" [_thread_blocked, id=12960, stack(0x00000007c8100000,0x00000007c8200000)]
  0x00000115f819b000 JavaThread "Execution worker for ':' Thread 15" [_thread_blocked, id=14212, stack(0x00000007c8000000,0x00000007c8100000)]
  0x00000115f819c800 JavaThread "Execution worker for ':' Thread 14" [_thread_blocked, id=15468, stack(0x00000007c7f00000,0x00000007c8000000)]
  0x00000115f8197800 JavaThread "Execution worker for ':' Thread 13" [_thread_blocked, id=8800, stack(0x00000007c7e00000,0x00000007c7f00000)]
  0x00000115f8196800 JavaThread "Execution worker for ':' Thread 12" [_thread_blocked, id=16980, stack(0x00000007c7d00000,0x00000007c7e00000)]
  0x00000115f8199000 JavaThread "Execution worker for ':' Thread 11" [_thread_blocked, id=17100, stack(0x00000007c7c00000,0x00000007c7d00000)]
  0x00000115f819c000 JavaThread "Execution worker for ':' Thread 10" [_thread_blocked, id=5172, stack(0x00000007c7b00000,0x00000007c7c00000)]
  0x00000115f8190800 JavaThread "Execution worker for ':' Thread 9" [_thread_blocked, id=19588, stack(0x00000007c7a00000,0x00000007c7b00000)]
  0x00000115f8193000 JavaThread "Execution worker for ':' Thread 8" [_thread_blocked, id=17168, stack(0x00000007c7900000,0x00000007c7a00000)]
  0x00000115f8192000 JavaThread "Execution worker for ':' Thread 7" [_thread_blocked, id=9764, stack(0x00000007c7800000,0x00000007c7900000)]
  0x00000115f8195000 JavaThread "Execution worker for ':' Thread 6" [_thread_blocked, id=19960, stack(0x00000007c7700000,0x00000007c7800000)]
  0x00000115f8191800 JavaThread "Execution worker for ':' Thread 5" [_thread_blocked, id=14416, stack(0x00000007c7600000,0x00000007c7700000)]
  0x00000115f8194800 JavaThread "Execution worker for ':' Thread 4" [_thread_blocked, id=12828, stack(0x00000007c7300000,0x00000007c7400000)]
  0x00000115f8193800 JavaThread "Execution worker for ':' Thread 3" [_thread_blocked, id=11904, stack(0x00000007c7200000,0x00000007c7300000)]
  0x00000115f2d8d000 JavaThread "Execution worker for ':' Thread 2" [_thread_blocked, id=12568, stack(0x00000007c7100000,0x00000007c7200000)]
  0x00000115f2d8b000 JavaThread "Execution worker for ':'" [_thread_blocked, id=16920, stack(0x00000007c7000000,0x00000007c7100000)]
  0x00000115f2d8b800 JavaThread "Unconstrained build operations Thread 160" [_thread_blocked, id=11020, stack(0x00000007c6f00000,0x00000007c7000000)]
  0x00000115f2d8c800 JavaThread "Unconstrained build operations Thread 159" [_thread_blocked, id=13600, stack(0x00000007c6e00000,0x00000007c6f00000)]
  0x00000115f2d8a000 JavaThread "Unconstrained build operations Thread 158" [_thread_blocked, id=19332, stack(0x00000007c6d00000,0x00000007c6e00000)]
  0x00000115f2d82800 JavaThread "Unconstrained build operations Thread 157" [_thread_blocked, id=5648, stack(0x00000007c6c00000,0x00000007c6d00000)]
  0x00000115f2d89800 JavaThread "Unconstrained build operations Thread 156" [_thread_blocked, id=15092, stack(0x00000007c6b00000,0x00000007c6c00000)]
  0x00000115f2d88800 JavaThread "Unconstrained build operations Thread 155" [_thread_blocked, id=13128, stack(0x00000007c6a00000,0x00000007c6b00000)]
  0x00000115f2d82000 JavaThread "Unconstrained build operations Thread 154" [_thread_blocked, id=15404, stack(0x00000007c6900000,0x00000007c6a00000)]
  0x00000115f2d85800 JavaThread "Unconstrained build operations Thread 153" [_thread_blocked, id=18108, stack(0x00000007c6800000,0x00000007c6900000)]
  0x00000115f2d86800 JavaThread "Unconstrained build operations Thread 152" [_thread_blocked, id=17624, stack(0x00000007c6700000,0x00000007c6800000)]
  0x00000115f2d88000 JavaThread "Unconstrained build operations Thread 151" [_thread_blocked, id=18716, stack(0x00000007c6600000,0x00000007c6700000)]
  0x00000115f2d84000 JavaThread "Unconstrained build operations Thread 150" [_thread_blocked, id=2252, stack(0x00000007c6500000,0x00000007c6600000)]
  0x00000115f2d87000 JavaThread "Unconstrained build operations Thread 149" [_thread_blocked, id=18224, stack(0x00000007c6400000,0x00000007c6500000)]
  0x00000115f2d83800 JavaThread "Unconstrained build operations Thread 148" [_thread_blocked, id=16768, stack(0x00000007c6300000,0x00000007c6400000)]
  0x00000115f2d85000 JavaThread "Unconstrained build operations Thread 147" [_thread_blocked, id=19452, stack(0x00000007c6200000,0x00000007c6300000)]
  0x00000115f2d7a800 JavaThread "Unconstrained build operations Thread 146" [_thread_blocked, id=10948, stack(0x00000007c6100000,0x00000007c6200000)]
  0x00000115f2d81000 JavaThread "Unconstrained build operations Thread 145" [_thread_blocked, id=5756, stack(0x00000007c6000000,0x00000007c6100000)]
  0x00000115f2d80800 JavaThread "Unconstrained build operations Thread 144" [_thread_blocked, id=6428, stack(0x00000007c5f00000,0x00000007c6000000)]
  0x00000115f2d79000 JavaThread "Unconstrained build operations Thread 143" [_thread_blocked, id=1720, stack(0x00000007c5e00000,0x00000007c5f00000)]
  0x00000115f2d7f800 JavaThread "Unconstrained build operations Thread 142" [_thread_blocked, id=18812, stack(0x00000007c5d00000,0x00000007c5e00000)]
  0x00000115f2d79800 JavaThread "Unconstrained build operations Thread 141" [_thread_blocked, id=4952, stack(0x00000007c5c00000,0x00000007c5d00000)]
  0x00000115f2d78000 JavaThread "Unconstrained build operations Thread 140" [_thread_blocked, id=17184, stack(0x00000007c5b00000,0x00000007c5c00000)]
  0x00000115f2d7c800 JavaThread "Unconstrained build operations Thread 139" [_thread_blocked, id=12132, stack(0x00000007c5a00000,0x00000007c5b00000)]
  0x00000115f2d7e000 JavaThread "Unconstrained build operations Thread 138" [_thread_blocked, id=2604, stack(0x00000007c5900000,0x00000007c5a00000)]
  0x00000115f2d7b000 JavaThread "Unconstrained build operations Thread 137" [_thread_blocked, id=14952, stack(0x00000007c5800000,0x00000007c5900000)]
  0x00000115f2d7c000 JavaThread "Unconstrained build operations Thread 136" [_thread_blocked, id=3420, stack(0x00000007c5700000,0x00000007c5800000)]
  0x00000115f2d71800 JavaThread "Unconstrained build operations Thread 135" [_thread_blocked, id=19072, stack(0x00000007c5600000,0x00000007c5700000)]
  0x00000115f2d70800 JavaThread "Unconstrained build operations Thread 134" [_thread_blocked, id=2952, stack(0x00000007c5500000,0x00000007c5600000)]
  0x00000115f2d77800 JavaThread "Unconstrained build operations Thread 133" [_thread_blocked, id=19240, stack(0x00000007c5400000,0x00000007c5500000)]
  0x00000115f2d76800 JavaThread "Unconstrained build operations Thread 132" [_thread_blocked, id=16096, stack(0x00000007c5300000,0x00000007c5400000)]
  0x00000115f2d72000 JavaThread "Unconstrained build operations Thread 131" [_thread_blocked, id=12228, stack(0x00000007c5200000,0x00000007c5300000)]
  0x00000115f2d6f000 JavaThread "Unconstrained build operations Thread 130" [_thread_blocked, id=16684, stack(0x00000007c5100000,0x00000007c5200000)]
  0x00000115f2d76000 JavaThread "Unconstrained build operations Thread 129" [_thread_blocked, id=14432, stack(0x00000007c5000000,0x00000007c5100000)]
  0x00000115f2d73800 JavaThread "Unconstrained build operations Thread 128" [_thread_blocked, id=14272, stack(0x00000007c4f00000,0x00000007c5000000)]
  0x00000115f2d6e800 JavaThread "Unconstrained build operations Thread 127" [_thread_blocked, id=19328, stack(0x00000007c4e00000,0x00000007c4f00000)]
  0x00000115f2d75000 JavaThread "Unconstrained build operations Thread 126" [_thread_blocked, id=9736, stack(0x00000007c4d00000,0x00000007c4e00000)]
  0x00000115f2d70000 JavaThread "Unconstrained build operations Thread 125" [_thread_blocked, id=1900, stack(0x00000007c4c00000,0x00000007c4d00000)]
  0x00000115f2d74800 JavaThread "Unconstrained build operations Thread 124" [_thread_blocked, id=6500, stack(0x00000007c4b00000,0x00000007c4c00000)]
  0x00000115f2d73000 JavaThread "Unconstrained build operations Thread 123" [_thread_blocked, id=4320, stack(0x00000007c4a00000,0x00000007c4b00000)]
  0x00000115f8625000 JavaThread "Unconstrained build operations Thread 122" [_thread_blocked, id=18068, stack(0x00000007c4900000,0x00000007c4a00000)]
  0x00000115f8625800 JavaThread "Unconstrained build operations Thread 121" [_thread_blocked, id=16004, stack(0x00000007c4800000,0x00000007c4900000)]
  0x00000115f8623800 JavaThread "Unconstrained build operations Thread 120" [_thread_blocked, id=11628, stack(0x00000007c4700000,0x00000007c4800000)]
  0x00000115f861f000 JavaThread "Unconstrained build operations Thread 119" [_thread_blocked, id=11720, stack(0x00000007c4600000,0x00000007c4700000)]
  0x00000115f8622800 JavaThread "Unconstrained build operations Thread 118" [_thread_blocked, id=8316, stack(0x00000007c4500000,0x00000007c4600000)]
  0x00000115f8622000 JavaThread "Unconstrained build operations Thread 117" [_thread_blocked, id=2996, stack(0x00000007c4400000,0x00000007c4500000)]
  0x00000115f8621000 JavaThread "Unconstrained build operations Thread 116" [_thread_blocked, id=14308, stack(0x00000007c4300000,0x00000007c4400000)]
  0x00000115f861e000 JavaThread "Unconstrained build operations Thread 115" [_thread_blocked, id=1844, stack(0x00000007c4200000,0x00000007c4300000)]
  0x00000115f8620800 JavaThread "Unconstrained build operations Thread 114" [_thread_blocked, id=10452, stack(0x00000007c4100000,0x00000007c4200000)]
  0x00000115f861f800 JavaThread "Unconstrained build operations Thread 113" [_thread_blocked, id=17988, stack(0x00000007c4000000,0x00000007c4100000)]
  0x00000115f8624000 JavaThread "Unconstrained build operations Thread 112" [_thread_blocked, id=14984, stack(0x00000007c3f00000,0x00000007c4000000)]
  0x00000115f8616800 JavaThread "Unconstrained build operations Thread 111" [_thread_blocked, id=16360, stack(0x00000007c3e00000,0x00000007c3f00000)]
  0x00000115f861d800 JavaThread "Unconstrained build operations Thread 110" [_thread_blocked, id=7268, stack(0x00000007c3d00000,0x00000007c3e00000)]
  0x00000115f861c800 JavaThread "Unconstrained build operations Thread 109" [_thread_blocked, id=20168, stack(0x00000007c3c00000,0x00000007c3d00000)]
  0x00000115f8619800 JavaThread "Unconstrained build operations Thread 108" [_thread_blocked, id=2016, stack(0x00000007c3b00000,0x00000007c3c00000)]
  0x00000115f861a800 JavaThread "Unconstrained build operations Thread 107" [_thread_blocked, id=19596, stack(0x00000007c3a00000,0x00000007c3b00000)]
  0x00000115f8617800 JavaThread "Unconstrained build operations Thread 106" [_thread_blocked, id=1952, stack(0x00000007c3900000,0x00000007c3a00000)]
  0x00000115f8619000 JavaThread "Unconstrained build operations Thread 105" [_thread_blocked, id=5908, stack(0x00000007c3800000,0x00000007c3900000)]
  0x00000115f8618000 JavaThread "Unconstrained build operations Thread 104" [_thread_blocked, id=4724, stack(0x00000007c3700000,0x00000007c3800000)]
  0x00000115f861c000 JavaThread "Unconstrained build operations Thread 103" [_thread_blocked, id=8856, stack(0x00000007c3600000,0x00000007c3700000)]
  0x00000115f861b000 JavaThread "Unconstrained build operations Thread 102" [_thread_blocked, id=3620, stack(0x00000007c3500000,0x00000007c3600000)]
  0x00000115f9af8800 JavaThread "Unconstrained build operations Thread 101" [_thread_blocked, id=13240, stack(0x00000007c3400000,0x00000007c3500000)]
  0x00000115f9afa000 JavaThread "Unconstrained build operations Thread 100" [_thread_blocked, id=19660, stack(0x00000007c3300000,0x00000007c3400000)]
  0x00000115f9af6000 JavaThread "Unconstrained build operations Thread 99" [_thread_blocked, id=11168, stack(0x00000007c3200000,0x00000007c3300000)]
  0x00000115f9afa800 JavaThread "Unconstrained build operations Thread 98" [_thread_blocked, id=7552, stack(0x00000007c3100000,0x00000007c3200000)]
  0x00000115f9af7000 JavaThread "Unconstrained build operations Thread 97" [_thread_blocked, id=292, stack(0x00000007c3000000,0x00000007c3100000)]
  0x00000115f9af7800 JavaThread "Unconstrained build operations Thread 96" [_thread_blocked, id=18852, stack(0x00000007c2f00000,0x00000007c3000000)]
  0x00000115f9af9000 JavaThread "Unconstrained build operations Thread 95" [_thread_blocked, id=17208, stack(0x00000007c2e00000,0x00000007c2f00000)]
  0x00000115f9aee800 JavaThread "Unconstrained build operations Thread 94" [_thread_blocked, id=16504, stack(0x00000007c2d00000,0x00000007c2e00000)]
  0x00000115f9af5800 JavaThread "Unconstrained build operations Thread 93" [_thread_blocked, id=984, stack(0x00000007c2c00000,0x00000007c2d00000)]
  0x00000115f9af4800 JavaThread "Unconstrained build operations Thread 92" [_thread_blocked, id=12536, stack(0x00000007c2b00000,0x00000007c2c00000)]
  0x00000115f9af4000 JavaThread "Unconstrained build operations Thread 91" [_thread_blocked, id=8036, stack(0x00000007c2a00000,0x00000007c2b00000)]
  0x00000115f9aec000 JavaThread "Unconstrained build operations Thread 90" [_thread_blocked, id=10524, stack(0x00000007c2900000,0x00000007c2a00000)]
  0x00000115f9aed800 JavaThread "Unconstrained build operations Thread 89" [_thread_blocked, id=19532, stack(0x00000007c2800000,0x00000007c2900000)]
  0x00000115f9af2800 JavaThread "Unconstrained build operations Thread 88" [_thread_blocked, id=2160, stack(0x00000007c2700000,0x00000007c2800000)]
  0x00000115f9af3000 JavaThread "Unconstrained build operations Thread 87" [_thread_blocked, id=15864, stack(0x00000007c2600000,0x00000007c2700000)]
  0x00000115f9af0800 JavaThread "Unconstrained build operations Thread 86" [_thread_blocked, id=7584, stack(0x00000007c2500000,0x00000007c2600000)]
  0x00000115f9aed000 JavaThread "Unconstrained build operations Thread 85" [_thread_blocked, id=19260, stack(0x00000007c2400000,0x00000007c2500000)]
  0x00000115f9aef000 JavaThread "Unconstrained build operations Thread 84" [_thread_blocked, id=15412, stack(0x00000007c2300000,0x00000007c2400000)]
  0x00000115f9aeb800 JavaThread "Unconstrained build operations Thread 83" [_thread_blocked, id=12660, stack(0x00000007c2200000,0x00000007c2300000)]
  0x00000115f9af1800 JavaThread "Unconstrained build operations Thread 82" [_thread_blocked, id=20404, stack(0x00000007c2100000,0x00000007c2200000)]
  0x00000115f9af0000 JavaThread "Unconstrained build operations Thread 81" [_thread_blocked, id=10684, stack(0x00000007c2000000,0x00000007c2100000)]
  0x00000115f59d1800 JavaThread "Unconstrained build operations Thread 80" [_thread_blocked, id=6980, stack(0x00000007c1f00000,0x00000007c2000000)]
  0x00000115f59cf800 JavaThread "Unconstrained build operations Thread 79" [_thread_blocked, id=13144, stack(0x00000007c1e00000,0x00000007c1f00000)]
  0x00000115f59ce800 JavaThread "Unconstrained build operations Thread 78" [_thread_blocked, id=14192, stack(0x00000007c1d00000,0x00000007c1e00000)]
  0x00000115f59d1000 JavaThread "Unconstrained build operations Thread 77" [_thread_blocked, id=3348, stack(0x00000007c1c00000,0x00000007c1d00000)]
  0x00000115f59d0000 JavaThread "Unconstrained build operations Thread 76" [_thread_blocked, id=16368, stack(0x00000007c1b00000,0x00000007c1c00000)]
  0x00000115f59d2800 JavaThread "Unconstrained build operations Thread 75" [_thread_blocked, id=14176, stack(0x00000007c1a00000,0x00000007c1b00000)]
  0x00000115f59ce000 JavaThread "Unconstrained build operations Thread 74" [_thread_blocked, id=8508, stack(0x00000007c1900000,0x00000007c1a00000)]
  0x00000115f59d3000 JavaThread "Unconstrained build operations Thread 73" [_thread_blocked, id=15108, stack(0x00000007c1800000,0x00000007c1900000)]
  0x00000115f59c6800 JavaThread "Unconstrained build operations Thread 72" [_thread_blocked, id=19316, stack(0x00000007c1700000,0x00000007c1800000)]
  0x00000115f59cd000 JavaThread "Unconstrained build operations Thread 71" [_thread_blocked, id=15568, stack(0x00000007c1600000,0x00000007c1700000)]
  0x00000115f59c5800 JavaThread "Unconstrained build operations Thread 70" [_thread_blocked, id=18104, stack(0x00000007c1500000,0x00000007c1600000)]
  0x00000115f59cc800 JavaThread "Unconstrained build operations Thread 69" [_thread_blocked, id=12856, stack(0x00000007c1400000,0x00000007c1500000)]
  0x00000115f59c5000 JavaThread "Unconstrained build operations Thread 68" [_thread_blocked, id=2776, stack(0x00000007c1300000,0x00000007c1400000)]
  0x00000115f59c8800 JavaThread "Unconstrained build operations Thread 67" [_thread_blocked, id=732, stack(0x00000007c1200000,0x00000007c1300000)]
  0x00000115f59c9800 JavaThread "Unconstrained build operations Thread 66" [_thread_blocked, id=16228, stack(0x00000007c1100000,0x00000007c1200000)]
  0x00000115f59ca000 JavaThread "Unconstrained build operations Thread 65" [_thread_blocked, id=10116, stack(0x00000007c1000000,0x00000007c1100000)]
  0x00000115f59c8000 JavaThread "Unconstrained build operations Thread 64" [_thread_blocked, id=12792, stack(0x00000007c0f00000,0x00000007c1000000)]
  0x00000115f59c7000 JavaThread "Unconstrained build operations Thread 63" [_thread_blocked, id=8588, stack(0x00000007c0e00000,0x00000007c0f00000)]
  0x00000115f59cb800 JavaThread "Unconstrained build operations Thread 62" [_thread_blocked, id=20376, stack(0x00000007c0d00000,0x00000007c0e00000)]
  0x00000115f59c4000 JavaThread "Unconstrained build operations Thread 61" [_thread_blocked, id=13416, stack(0x00000007c0c00000,0x00000007c0d00000)]
  0x00000115f59cb000 JavaThread "Unconstrained build operations Thread 60" [_thread_blocked, id=17036, stack(0x00000007c0b00000,0x00000007c0c00000)]
  0x00000115f0858800 JavaThread "Unconstrained build operations Thread 59" [_thread_blocked, id=13264, stack(0x00000007c0a00000,0x00000007c0b00000)]
  0x00000115f0858000 JavaThread "Unconstrained build operations Thread 58" [_thread_blocked, id=3820, stack(0x00000007c0900000,0x00000007c0a00000)]
  0x00000115f085e000 JavaThread "Unconstrained build operations Thread 57" [_thread_blocked, id=7776, stack(0x00000007c0800000,0x00000007c0900000)]
  0x00000115f085c800 JavaThread "Unconstrained build operations Thread 56" [_thread_blocked, id=12832, stack(0x00000007c0700000,0x00000007c0800000)]
  0x00000115f085b800 JavaThread "Unconstrained build operations Thread 55" [_thread_blocked, id=15580, stack(0x00000007c0600000,0x00000007c0700000)]
  0x00000115f0856800 JavaThread "Unconstrained build operations Thread 54" [_thread_blocked, id=18560, stack(0x00000007c0500000,0x00000007c0600000)]
  0x00000115f085d000 JavaThread "Unconstrained build operations Thread 53" [_thread_blocked, id=9508, stack(0x00000007c0400000,0x00000007c0500000)]
  0x00000115f085a000 JavaThread "Unconstrained build operations Thread 52" [_thread_blocked, id=7804, stack(0x00000007c0300000,0x00000007c0400000)]
  0x00000115f0859800 JavaThread "Unconstrained build operations Thread 51" [_thread_blocked, id=13908, stack(0x00000007c0200000,0x00000007c0300000)]
  0x00000115f085b000 JavaThread "Unconstrained build operations Thread 50" [_thread_blocked, id=15164, stack(0x00000007c0100000,0x00000007c0200000)]
  0x00000115f0857000 JavaThread "Unconstrained build operations Thread 49" [_thread_blocked, id=13132, stack(0x00000007c0000000,0x00000007c0100000)]
  0x00000115f084e800 JavaThread "Unconstrained build operations Thread 48" [_thread_blocked, id=1888, stack(0x00000007bff00000,0x00000007c0000000)]
  0x00000115f0855000 JavaThread "Unconstrained build operations Thread 47" [_thread_blocked, id=2804, stack(0x00000007bfe00000,0x00000007bff00000)]
  0x00000115f0855800 JavaThread "Unconstrained build operations Thread 46" [_thread_blocked, id=1960, stack(0x00000007bfd00000,0x00000007bfe00000)]
  0x00000115f0854000 JavaThread "Unconstrained build operations Thread 45" [_thread_blocked, id=10928, stack(0x00000007bfc00000,0x00000007bfd00000)]
  0x00000115f0852800 JavaThread "Unconstrained build operations Thread 44" [_thread_blocked, id=5056, stack(0x00000007bfb00000,0x00000007bfc00000)]
  0x00000115f0850000 JavaThread "Unconstrained build operations Thread 43" [_thread_blocked, id=9436, stack(0x00000007bfa00000,0x00000007bfb00000)]
  0x00000115f084f800 JavaThread "Unconstrained build operations Thread 42" [_thread_blocked, id=10416, stack(0x00000007bf900000,0x00000007bfa00000)]
  0x00000115f0851800 JavaThread "Unconstrained build operations Thread 41" [_thread_blocked, id=3060, stack(0x00000007bf800000,0x00000007bf900000)]
  0x00000115f0851000 JavaThread "Unconstrained build operations Thread 40" [_thread_blocked, id=13720, stack(0x00000007bf700000,0x00000007bf800000)]
  0x00000115f0853800 JavaThread "Unconstrained build operations Thread 39" [_thread_blocked, id=7816, stack(0x00000007bf600000,0x00000007bf700000)]
  0x00000115f65f1000 JavaThread "Unconstrained build operations Thread 38" [_thread_blocked, id=16344, stack(0x00000007bf500000,0x00000007bf600000)]
  0x00000115f65f0800 JavaThread "Unconstrained build operations Thread 37" [_thread_blocked, id=12368, stack(0x00000007bf400000,0x00000007bf500000)]
  0x00000115f65ef800 JavaThread "Unconstrained build operations Thread 36" [_thread_blocked, id=11032, stack(0x00000007bf300000,0x00000007bf400000)]
  0x00000115f65ef000 JavaThread "Unconstrained build operations Thread 35" [_thread_blocked, id=16416, stack(0x00000007bf200000,0x00000007bf300000)]
  0x00000115f65f2000 JavaThread "Unconstrained build operations Thread 34" [_thread_blocked, id=7280, stack(0x00000007bf100000,0x00000007bf200000)]
  0x00000115f65ee000 JavaThread "Unconstrained build operations Thread 33" [_thread_blocked, id=10000, stack(0x00000007bf000000,0x00000007bf100000)]
  0x00000115f65ed800 JavaThread "Unconstrained build operations Thread 32" [_thread_blocked, id=12696, stack(0x00000007bef00000,0x00000007bf000000)]
  0x00000115f65e6000 JavaThread "Unconstrained build operations Thread 31" [_thread_blocked, id=11312, stack(0x00000007bee00000,0x00000007bef00000)]
  0x00000115f65ec800 JavaThread "Unconstrained build operations Thread 30" [_thread_blocked, id=15044, stack(0x00000007bed00000,0x00000007bee00000)]
  0x00000115f65ec000 JavaThread "Unconstrained build operations Thread 29" [_thread_blocked, id=16764, stack(0x00000007bec00000,0x00000007bed00000)]
  0x00000115f65eb000 JavaThread "Exec process Thread 3" [_thread_in_native, id=10728, stack(0x00000007beb00000,0x00000007bec00000)]
  0x00000115f65ea800 JavaThread "Exec process Thread 2" [_thread_in_native, id=6260, stack(0x00000007bea00000,0x00000007beb00000)]
  0x00000115f65e3000 JavaThread "Exec process" [_thread_in_native, id=6584, stack(0x00000007be900000,0x00000007bea00000)]
  0x00000115f65e4800 JavaThread "ForkJoinPool.commonPool-worker-3" daemon [_thread_blocked, id=10848, stack(0x00000007be800000,0x00000007be900000)]
  0x00000115f65e3800 JavaThread "ForkJoinPool.commonPool-worker-10" daemon [_thread_blocked, id=6444, stack(0x00000007be700000,0x00000007be800000)]
  0x00000115f65e7800 JavaThread "ForkJoinPool.commonPool-worker-1" daemon [_thread_blocked, id=9224, stack(0x00000007be600000,0x00000007be700000)]
  0x00000115f65e8000 JavaThread "ForkJoinPool.commonPool-worker-8" daemon [_thread_blocked, id=14636, stack(0x00000007be500000,0x00000007be600000)]
  0x00000115f65e5000 JavaThread "ForkJoinPool.commonPool-worker-15" daemon [_thread_blocked, id=11052, stack(0x00000007be400000,0x00000007be500000)]
  0x00000115f65e9000 JavaThread "ForkJoinPool.commonPool-worker-13" daemon [_thread_blocked, id=11116, stack(0x00000007be200000,0x00000007be300000)]
  0x00000115f635f000 JavaThread "ForkJoinPool.commonPool-worker-4" daemon [_thread_blocked, id=3076, stack(0x00000007be100000,0x00000007be200000)]
  0x00000115f6365800 JavaThread "ForkJoinPool.commonPool-worker-11" daemon [_thread_blocked, id=7252, stack(0x00000007be000000,0x00000007be100000)]
  0x00000115f6365000 JavaThread "ForkJoinPool.commonPool-worker-2" daemon [_thread_blocked, id=18184, stack(0x00000007bdf00000,0x00000007be000000)]
  0x00000115f6361000 JavaThread "ForkJoinPool.commonPool-worker-9" daemon [_thread_blocked, id=4056, stack(0x00000007bde00000,0x00000007bdf00000)]
  0x00000115f6364000 JavaThread "Memory manager" [_thread_blocked, id=16924, stack(0x00000007bdd00000,0x00000007bde00000)]
  0x00000115f6360800 JavaThread "jar transforms Thread 16" [_thread_blocked, id=15272, stack(0x00000007bdb00000,0x00000007bdc00000)]
  0x00000115f635f800 JavaThread "jar transforms Thread 15" [_thread_blocked, id=13812, stack(0x00000007bda00000,0x00000007bdb00000)]
  0x00000115f6363800 JavaThread "jar transforms Thread 14" [_thread_blocked, id=15924, stack(0x00000007bd900000,0x00000007bda00000)]
  0x00000115f6362800 JavaThread "jar transforms Thread 13" [_thread_blocked, id=7876, stack(0x00000007bd800000,0x00000007bd900000)]
  0x00000115f6358000 JavaThread "jar transforms Thread 12" [_thread_blocked, id=8408, stack(0x00000007bd700000,0x00000007bd800000)]
  0x00000115f6356800 JavaThread "jar transforms Thread 11" [_thread_blocked, id=4268, stack(0x00000007bd600000,0x00000007bd700000)]
  0x00000115f635c800 JavaThread "jar transforms Thread 10" [_thread_blocked, id=9112, stack(0x00000007bd500000,0x00000007bd600000)]
  0x00000115f6357800 JavaThread "jar transforms Thread 9" [_thread_blocked, id=264, stack(0x00000007bd400000,0x00000007bd500000)]
  0x00000115f635c000 JavaThread "jar transforms Thread 8" [_thread_blocked, id=13224, stack(0x00000007bd300000,0x00000007bd400000)]
  0x00000115f635a800 JavaThread "jar transforms Thread 7" [_thread_blocked, id=6232, stack(0x00000007bd200000,0x00000007bd300000)]
  0x00000115f6359000 JavaThread "jar transforms Thread 6" [_thread_blocked, id=304, stack(0x00000007bd100000,0x00000007bd200000)]
  0x00000115f6359800 JavaThread "Unconstrained build operations Thread 28" [_thread_blocked, id=17752, stack(0x00000007bd000000,0x00000007bd100000)]
  0x00000115f635b000 JavaThread "Unconstrained build operations Thread 27" [_thread_blocked, id=16216, stack(0x00000007bcf00000,0x00000007bd000000)]
  0x00000115f3c9d800 JavaThread "Unconstrained build operations Thread 26" [_thread_blocked, id=15096, stack(0x00000007bce00000,0x00000007bcf00000)]
  0x00000115f3c9b000 JavaThread "Unconstrained build operations Thread 25" [_thread_blocked, id=13068, stack(0x00000007bcd00000,0x00000007bce00000)]
  0x00000115f3c9c000 JavaThread "Unconstrained build operations Thread 24" [_thread_blocked, id=16372, stack(0x00000007bcc00000,0x00000007bcd00000)]
  0x00000115f3c9a800 JavaThread "Unconstrained build operations Thread 23" [_thread_blocked, id=14724, stack(0x00000007bcb00000,0x00000007bcc00000)]
  0x00000115f3c99800 JavaThread "Unconstrained build operations Thread 22" [_thread_blocked, id=12740, stack(0x00000007bca00000,0x00000007bcb00000)]
  0x00000115f3c99000 JavaThread "Unconstrained build operations Thread 21" [_thread_blocked, id=7444, stack(0x00000007bc900000,0x00000007bca00000)]
  0x00000115f3c98000 JavaThread "Unconstrained build operations Thread 20" [_thread_blocked, id=13924, stack(0x00000007bc800000,0x00000007bc900000)]
  0x00000115f3c9c800 JavaThread "Unconstrained build operations Thread 19" [_thread_blocked, id=19288, stack(0x00000007bc700000,0x00000007bc800000)]
  0x00000115f3c90800 JavaThread "Unconstrained build operations Thread 18" [_thread_blocked, id=16576, stack(0x00000007bc600000,0x00000007bc700000)]
  0x00000115f3c96800 JavaThread "Unconstrained build operations Thread 17" [_thread_blocked, id=13088, stack(0x00000007bc500000,0x00000007bc600000)]
  0x00000115f3c95000 JavaThread "Unconstrained build operations Thread 16" [_thread_blocked, id=3464, stack(0x00000007bc400000,0x00000007bc500000)]
  0x00000115f3c97800 JavaThread "Unconstrained build operations Thread 15" [_thread_blocked, id=13724, stack(0x00000007bc300000,0x00000007bc400000)]
  0x00000115f3c91800 JavaThread "Unconstrained build operations Thread 14" [_thread_blocked, id=19784, stack(0x00000007bc200000,0x00000007bc300000)]
  0x00000115f3c93000 JavaThread "Unconstrained build operations Thread 13" [_thread_blocked, id=19444, stack(0x00000007bc100000,0x00000007bc200000)]
  0x00000115f3c96000 JavaThread "Unconstrained build operations Thread 12" [_thread_blocked, id=4592, stack(0x00000007bc000000,0x00000007bc100000)]
  0x00000115f3c8f000 JavaThread "Unconstrained build operations Thread 11" [_thread_blocked, id=9432, stack(0x00000007bbf00000,0x00000007bc000000)]
  0x00000115f3c8e800 JavaThread "Unconstrained build operations Thread 10" [_thread_blocked, id=17468, stack(0x00000007bbe00000,0x00000007bbf00000)]
  0x00000115f3c93800 JavaThread "Unconstrained build operations Thread 9" [_thread_blocked, id=14396, stack(0x00000007bbd00000,0x00000007bbe00000)]
  0x00000115f3c92000 JavaThread "Unconstrained build operations Thread 8" [_thread_blocked, id=18760, stack(0x00000007bbc00000,0x00000007bbd00000)]
  0x00000115f3c90000 JavaThread "Unconstrained build operations Thread 7" [_thread_blocked, id=8608, stack(0x00000007bbb00000,0x00000007bbc00000)]
  0x00000115f3c94800 JavaThread "Unconstrained build operations Thread 6" [_thread_blocked, id=4660, stack(0x00000007bba00000,0x00000007bbb00000)]
  0x00000115f2bf9800 JavaThread "Unconstrained build operations Thread 5" [_thread_blocked, id=6508, stack(0x00000007bb900000,0x00000007bba00000)]
  0x00000115f2bf9000 JavaThread "Unconstrained build operations Thread 4" [_thread_blocked, id=12584, stack(0x00000007bb800000,0x00000007bb900000)]
  0x00000115f2bfa800 JavaThread "Unconstrained build operations Thread 3" [_thread_blocked, id=10016, stack(0x00000007bb700000,0x00000007bb800000)]
  0x00000115f2bf8000 JavaThread "Unconstrained build operations Thread 2" [_thread_blocked, id=18116, stack(0x00000007bb600000,0x00000007bb700000)]
  0x00000115f2bf6800 JavaThread "Unconstrained build operations" [_thread_blocked, id=11216, stack(0x00000007bb500000,0x00000007bb600000)]
  0x00000115f2bf7800 JavaThread "Cache worker for Build Output Cleanup Cache (C:\Users\pablo\Documents\Proyectos\Mods Minecraft\LoL Mod\.gradle\buildOutputCleanup)" [_thread_blocked, id=13332, stack(0x00000007bb400000,0x00000007bb500000)]
  0x00000115f2bf5000 JavaThread "jar transforms Thread 5" [_thread_blocked, id=6540, stack(0x00000007bb300000,0x00000007bb400000)]
  0x00000115f2bed800 JavaThread "Cache worker for dependencies-accessors (C:\Users\pablo\Documents\Proyectos\Mods Minecraft\LoL Mod\.gradle\7.1.1\dependencies-accessors)" [_thread_blocked, id=4716, stack(0x00000007bb200000,0x00000007bb300000)]
  0x00000115f2bf4800 JavaThread "jar transforms Thread 4" [_thread_blocked, id=3784, stack(0x00000007bb100000,0x00000007bb200000)]
  0x00000115f2bf3800 JavaThread "jar transforms Thread 3" [_thread_blocked, id=10968, stack(0x00000007bb000000,0x00000007bb100000)]
  0x00000115f2bec800 JavaThread "Cache worker for file content cache (C:\Users\pablo\.gradle\caches\7.1.1\fileContent)" [_thread_blocked, id=16404, stack(0x00000007baf00000,0x00000007bb000000)]
  0x00000115f2bf2000 JavaThread "jar transforms Thread 2" [_thread_blocked, id=14764, stack(0x00000007bae00000,0x00000007baf00000)]
  0x00000115f2bf1800 JavaThread "jar transforms" [_thread_blocked, id=4636, stack(0x00000007bad00000,0x00000007bae00000)]
  0x00000115f2bec000 JavaThread "Cache worker for execution history cache (C:\Users\pablo\.gradle\caches\7.1.1\executionHistory)" [_thread_blocked, id=5308, stack(0x00000007bac00000,0x00000007bad00000)]
  0x00000115f2bef800 JavaThread "Cache worker for cache directory md-rule (C:\Users\pablo\.gradle\caches\7.1.1\md-rule)" [_thread_blocked, id=3232, stack(0x00000007bab00000,0x00000007bac00000)]
  0x00000115f2bef000 JavaThread "Cache worker for cache directory md-supplier (C:\Users\pablo\.gradle\caches\7.1.1\md-supplier)" [_thread_blocked, id=6632, stack(0x00000007baa00000,0x00000007bab00000)]
  0x00000115f2bf0800 JavaThread "Cache worker for checksums cache (C:\Users\pablo\Documents\Proyectos\Mods Minecraft\LoL Mod\.gradle\checksums)" [_thread_blocked, id=11084, stack(0x00000007ba900000,0x00000007baa00000)]
  0x00000115f0294000 JavaThread "File watcher consumer" daemon [_thread_blocked, id=2532, stack(0x00000007ba800000,0x00000007ba900000)]
  0x00000115f0292800 JavaThread "File watcher server" daemon [_thread_in_native, id=13212, stack(0x00000007ba700000,0x00000007ba800000)]
  0x00000115f0291800 JavaThread "Cache worker for file hash cache (C:\Users\pablo\Documents\Proyectos\Mods Minecraft\LoL Mod\.gradle\7.1.1\fileHashes)" [_thread_blocked, id=15992, stack(0x00000007ba600000,0x00000007ba700000)]
  0x00000115f0291000 JavaThread "Cache worker for file hash cache (C:\Users\pablo\.gradle\caches\7.1.1\fileHashes)" [_thread_blocked, id=12808, stack(0x00000007ba500000,0x00000007ba600000)]
  0x00000115f0290000 JavaThread "File lock request listener" [_thread_in_native, id=4612, stack(0x00000007ba400000,0x00000007ba500000)]
  0x00000115f0297000 JavaThread "Cache worker for journal cache (C:\Users\pablo\.gradle\caches\journal-1)" [_thread_blocked, id=3900, stack(0x00000007ba300000,0x00000007ba400000)]
  0x00000115f21a1000 JavaThread "Daemon client event forwarder" [_thread_blocked, id=18148, stack(0x00000007ba200000,0x00000007ba300000)]
  0x00000115f219c000 JavaThread "Stdin handler" [_thread_blocked, id=10704, stack(0x00000007ba100000,0x00000007ba200000)]
  0x00000115f219f800 JavaThread "Asynchronous log dispatcher for DefaultDaemonConnection: socket connection from /127.0.0.1:57765 to /127.0.0.1:57766" [_thread_blocked, id=16752, stack(0x00000007ba000000,0x00000007ba100000)]
  0x00000115f2181800 JavaThread "Daemon worker" [_thread_blocked, id=5360, stack(0x00000007b9f00000,0x00000007ba000000)]
  0x00000115f217c000 JavaThread "Cancel handler" [_thread_blocked, id=14524, stack(0x00000007b9e00000,0x00000007b9f00000)]
  0x00000115f2155800 JavaThread "Handler for socket connection from /127.0.0.1:57765 to /127.0.0.1:57766" [_thread_in_native, id=7068, stack(0x00000007b9d00000,0x00000007b9e00000)]
  0x00000115f2154800 JavaThread "Daemon" [_thread_blocked, id=17800, stack(0x00000007b9c00000,0x00000007b9d00000)]
  0x00000115f20d1000 JavaThread "Daemon periodic checks" [_thread_blocked, id=7688, stack(0x00000007b9b00000,0x00000007b9c00000)]
  0x00000115f20df000 JavaThread "Incoming local TCP Connector on port 57765" [_thread_in_native, id=14584, stack(0x00000007b9a00000,0x00000007b9b00000)]
  0x00000115f1f89800 JavaThread "Daemon health stats" [_thread_blocked, id=11124, stack(0x00000007b9900000,0x00000007b9a00000)]
  0x00000115f02dd800 JavaThread "Service Thread" daemon [_thread_blocked, id=15596, stack(0x00000007b9700000,0x00000007b9800000)]
  0x00000115f0296000 JavaThread "C1 CompilerThread11" daemon [_thread_blocked, id=13012, stack(0x00000007b9600000,0x00000007b9700000)]
  0x00000115f0293000 JavaThread "C1 CompilerThread10" daemon [_thread_blocked, id=19424, stack(0x00000007b9500000,0x00000007b9600000)]
  0x00000115f0294800 JavaThread "C1 CompilerThread9" daemon [_thread_blocked, id=7968, stack(0x00000007b9400000,0x00000007b9500000)]
  0x00000115f027b000 JavaThread "C1 CompilerThread8" daemon [_thread_blocked, id=8248, stack(0x00000007b9300000,0x00000007b9400000)]
  0x00000115f026a000 JavaThread "C2 CompilerThread7" daemon [_thread_blocked, id=15604, stack(0x00000007b9200000,0x00000007b9300000)]
=>0x00000115f025f000 JavaThread "C2 CompilerThread6" daemon [_thread_in_native, id=16620, stack(0x00000007b9100000,0x00000007b9200000)]
  0x00000115f0246800 JavaThread "C2 CompilerThread5" daemon [_thread_blocked, id=12892, stack(0x00000007b9000000,0x00000007b9100000)]
  0x00000115f0201800 JavaThread "C2 CompilerThread4" daemon [_thread_blocked, id=17608, stack(0x00000007b8f00000,0x00000007b9000000)]
  0x00000115f01f6000 JavaThread "C2 CompilerThread3" daemon [_thread_blocked, id=7920, stack(0x00000007b8e00000,0x00000007b8f00000)]
  0x00000115f01f4000 JavaThread "C2 CompilerThread2" daemon [_thread_blocked, id=17192, stack(0x00000007b8d00000,0x00000007b8e00000)]
  0x00000115f01ef000 JavaThread "C2 CompilerThread1" daemon [_thread_blocked, id=10656, stack(0x00000007b8c00000,0x00000007b8d00000)]
  0x00000115f01eb000 JavaThread "C2 CompilerThread0" daemon [_thread_blocked, id=17956, stack(0x00000007b8b00000,0x00000007b8c00000)]
  0x00000115f01ea000 JavaThread "Attach Listener" daemon [_thread_blocked, id=15132, stack(0x00000007b8a00000,0x00000007b8b00000)]
  0x00000115f01e5000 JavaThread "Signal Dispatcher" daemon [_thread_blocked, id=11408, stack(0x00000007b8900000,0x00000007b8a00000)]
  0x00000115f01c6000 JavaThread "Finalizer" daemon [_thread_blocked, id=2440, stack(0x00000007b8800000,0x00000007b8900000)]
  0x00000115ed506800 JavaThread "Reference Handler" daemon [_thread_blocked, id=16364, stack(0x00000007b8700000,0x00000007b8800000)]
  0x00000114d4941800 JavaThread "main" [_thread_blocked, id=18544, stack(0x00000007b7800000,0x00000007b7900000)]

Other Threads:
  0x00000115ed4df000 VMThread [stack: 0x00000007b8600000,0x00000007b8700000] [id=5420]
  0x00000115f02ca800 WatcherThread [stack: 0x00000007b9800000,0x00000007b9900000] [id=1268]

VM state:not at safepoint (normal execution)

VM Mutex/Monitor currently owned by a thread: None

heap address: 0x00000114e5a00000, size: 3072 MB, Compressed Oops mode: Non-zero based:0x00000114e59ff000, Oop shift amount: 3
Narrow klass base: 0x00000115aca10000, Narrow klass shift: 0
Compressed class space size: 1073741824 Address: 0x00000115aca10000

Heap:
 PSYoungGen      total 317440K, used 89543K [0x0000011565a00000, 0x000001157f380000, 0x00000115a5a00000)
  eden space 296960K, 30% used [0x0000011565a00000,0x000001156b171fd0,0x0000011577c00000)
  from space 20480K, 0% used [0x0000011577c00000,0x0000011577c00000,0x0000011579000000)
  to   space 22016K, 0% used [0x000001157de00000,0x000001157de00000,0x000001157f380000)
 ParOldGen       total 221696K, used 29856K [0x00000114e5a00000, 0x00000114f3280000, 0x0000011565a00000)
  object space 221696K, 13% used [0x00000114e5a00000,0x00000114e77281d0,0x00000114f3280000)
 Metaspace       used 58373K, capacity 62272K, committed 62464K, reserved 1103872K
  class space    used 8233K, capacity 8941K, committed 8960K, reserved 1048576K

Card table byte_map: [0x00000115a5a00000,0x00000115a6010000] byte_map_base: 0x000001151b2d3000

Marking Bits: (ParMarkBitMap*) 0x00000000598d7fe0
 Begin Bits: [0x00000115a6410000, 0x00000115a9410000)
 End Bits:   [0x00000115a9410000, 0x00000115ac410000)

Polling page: 0x00000114d4b00000

CodeCache: size=245760Kb used=26485Kb max_used=26499Kb free=219274Kb
 bounds [0x00000114d6350000, 0x00000114d7d60000, 0x00000114e5350000]
 total_blobs=8066 nmethods=7248 adapters=728
 compilation: enabled

Compilation events (10 events):
Event: 23.589 Thread 0x00000115f01eb000 8250       4       com.esotericsoftware.kryo.io.Output::writeInt (81 bytes)
Event: 23.595 Thread 0x00000115f01eb000 nmethod 8250 0x00000114d7d4add0 code [0x00000114d7d4af20, 0x00000114d7d4b308]
Event: 23.642 Thread 0x00000115f0201800 8251       4       org.gradle.internal.operations.DefaultBuildOperationListenerManager$ProgressShieldingBuildOperationListener::progress (25 bytes)
Event: 23.647 Thread 0x00000115f0201800 nmethod 8251 0x00000114d7d47cd0 code [0x00000114d7d47e40, 0x00000114d7d481d8]
Event: 23.660 Thread 0x00000115f01ef000 8252       4       org.gradle.internal.event.BroadcastDispatch$SingletonDispatch::dispatch (9 bytes)
Event: 23.666 Thread 0x00000115f01ef000 nmethod 8252 0x00000114d7d45490 code [0x00000114d7d45640, 0x00000114d7d45a48]
Event: 23.666 Thread 0x00000115f025f000 8254 %     4       org.gradle.internal.logging.text.AbstractLineChoppingStyledTextOutput::doAppend @ 10 (43 bytes)
Event: 23.666 Thread 0x00000115f01f6000 8253   !   4       sun.reflect.GeneratedMethodAccessor1::invoke (68 bytes)
Event: 23.667 Thread 0x00000115f01f6000 nmethod 8253 0x00000114d7d3e510 code [0x00000114d7d3e660, 0x00000114d7d3e7f8]
Event: 23.669 Thread 0x00000115f0246800 8255       4       com.esotericsoftware.kryo.io.Output::writeVarInt (433 bytes)

GC Heap History (10 events):
Event: 3.195 GC heap before
{Heap before GC invocations=8 (full 2):
 PSYoungGen      total 221184K, used 7245K [0x0000011565a00000, 0x0000011574c80000, 0x00000115a5a00000)
  eden space 205824K, 0% used [0x0000011565a00000,0x0000011565a00000,0x0000011572300000)
  from space 15360K, 47% used [0x0000011573200000,0x0000011573913630,0x0000011574100000)
  to   space 15360K, 0% used [0x0000011572300000,0x0000011572300000,0x0000011573200000)
 ParOldGen       total 103424K, used 12637K [0x00000114e5a00000, 0x00000114ebf00000, 0x0000011565a00000)
  object space 103424K, 12% used [0x00000114e5a00000,0x00000114e66577c0,0x00000114ebf00000)
 Metaspace       used 33977K, capacity 35344K, committed 35416K, reserved 1079296K
  class space    used 4778K, capacity 5082K, committed 5120K, reserved 1048576K
Event: 3.219 GC heap after
Heap after GC invocations=8 (full 2):
 PSYoungGen      total 221184K, used 0K [0x0000011565a00000, 0x0000011574c80000, 0x00000115a5a00000)
  eden space 205824K, 0% used [0x0000011565a00000,0x0000011565a00000,0x0000011572300000)
  from space 15360K, 0% used [0x0000011573200000,0x0000011573200000,0x0000011574100000)
  to   space 15360K, 0% used [0x0000011572300000,0x0000011572300000,0x0000011573200000)
 ParOldGen       total 155136K, used 14523K [0x00000114e5a00000, 0x00000114ef180000, 0x0000011565a00000)
  object space 155136K, 9% used [0x00000114e5a00000,0x00000114e682ec18,0x00000114ef180000)
 Metaspace       used 33977K, capacity 35344K, committed 35416K, reserved 1079296K
  class space    used 4778K, capacity 5082K, committed 5120K, reserved 1048576K
}
Event: 5.904 GC heap before
{Heap before GC invocations=9 (full 2):
 PSYoungGen      total 221184K, used 205824K [0x0000011565a00000, 0x0000011574c80000, 0x00000115a5a00000)
  eden space 205824K, 100% used [0x0000011565a00000,0x0000011572300000,0x0000011572300000)
  from space 15360K, 0% used [0x0000011573200000,0x0000011573200000,0x0000011574100000)
  to   space 15360K, 0% used [0x0000011572300000,0x0000011572300000,0x0000011573200000)
 ParOldGen       total 155136K, used 14523K [0x00000114e5a00000, 0x00000114ef180000, 0x0000011565a00000)
  object space 155136K, 9% used [0x00000114e5a00000,0x00000114e682ec18,0x00000114ef180000)
 Metaspace       used 46627K, capacity 48950K, committed 49024K, reserved 1091584K
  class space    used 6576K, capacity 7029K, committed 7040K, reserved 1048576K
Event: 5.914 GC heap after
Heap after GC invocations=9 (full 2):
 PSYoungGen      total 221184K, used 14966K [0x0000011565a00000, 0x000001157a080000, 0x00000115a5a00000)
  eden space 205824K, 0% used [0x0000011565a00000,0x0000011565a00000,0x0000011572300000)
  from space 15360K, 97% used [0x0000011572300000,0x000001157319db30,0x0000011573200000)
  to   space 16896K, 0% used [0x0000011579000000,0x0000011579000000,0x000001157a080000)
 ParOldGen       total 155136K, used 14531K [0x00000114e5a00000, 0x00000114ef180000, 0x0000011565a00000)
  object space 155136K, 9% used [0x00000114e5a00000,0x00000114e6830c18,0x00000114ef180000)
 Metaspace       used 46627K, capacity 48950K, committed 49024K, reserved 1091584K
  class space    used 6576K, capacity 7029K, committed 7040K, reserved 1048576K
}
Event: 7.484 GC heap before
{Heap before GC invocations=10 (full 2):
 PSYoungGen      total 221184K, used 220492K [0x0000011565a00000, 0x000001157a080000, 0x00000115a5a00000)
  eden space 205824K, 99% used [0x0000011565a00000,0x00000115722b56a0,0x0000011572300000)
  from space 15360K, 97% used [0x0000011572300000,0x000001157319db30,0x0000011573200000)
  to   space 16896K, 0% used [0x0000011579000000,0x0000011579000000,0x000001157a080000)
 ParOldGen       total 155136K, used 14531K [0x00000114e5a00000, 0x00000114ef180000, 0x0000011565a00000)
  object space 155136K, 9% used [0x00000114e5a00000,0x00000114e6830c18,0x00000114ef180000)
 Metaspace       used 53843K, capacity 56940K, committed 57088K, reserved 1097728K
  class space    used 7585K, capacity 8155K, committed 8192K, reserved 1048576K
Event: 7.505 GC heap after
Heap after GC invocations=10 (full 2):
 PSYoungGen      total 313856K, used 16885K [0x0000011565a00000, 0x000001157a600000, 0x00000115a5a00000)
  eden space 296960K, 0% used [0x0000011565a00000,0x0000011565a00000,0x0000011577c00000)
  from space 16896K, 99% used [0x0000011579000000,0x000001157a07d718,0x000001157a080000)
  to   space 20480K, 0% used [0x0000011577c00000,0x0000011577c00000,0x0000011579000000)
 ParOldGen       total 155136K, used 17071K [0x00000114e5a00000, 0x00000114ef180000, 0x0000011565a00000)
  object space 155136K, 11% used [0x00000114e5a00000,0x00000114e6aabcb0,0x00000114ef180000)
 Metaspace       used 53843K, capacity 56940K, committed 57088K, reserved 1097728K
  class space    used 7585K, capacity 8155K, committed 8192K, reserved 1048576K
}
Event: 8.227 GC heap before
{Heap before GC invocations=11 (full 2):
 PSYoungGen      total 313856K, used 180922K [0x0000011565a00000, 0x000001157a600000, 0x00000115a5a00000)
  eden space 296960K, 55% used [0x0000011565a00000,0x000001156fa31440,0x0000011577c00000)
  from space 16896K, 99% used [0x0000011579000000,0x000001157a07d718,0x000001157a080000)
  to   space 20480K, 0% used [0x0000011577c00000,0x0000011577c00000,0x0000011579000000)
 ParOldGen       total 155136K, used 17071K [0x00000114e5a00000, 0x00000114ef180000, 0x0000011565a00000)
  object space 155136K, 11% used [0x00000114e5a00000,0x00000114e6aabcb0,0x00000114ef180000)
 Metaspace       used 55624K, capacity 58930K, committed 59028K, reserved 1099776K
  class space    used 7759K, capacity 8352K, committed 8448K, reserved 1048576K
Event: 8.236 GC heap after
Heap after GC invocations=11 (full 2):
 PSYoungGen      total 317440K, used 17288K [0x0000011565a00000, 0x000001157f380000, 0x00000115a5a00000)
  eden space 296960K, 0% used [0x0000011565a00000,0x0000011565a00000,0x0000011577c00000)
  from space 20480K, 84% used [0x0000011577c00000,0x0000011578ce2058,0x0000011579000000)
  to   space 22016K, 0% used [0x000001157de00000,0x000001157de00000,0x000001157f380000)
 ParOldGen       total 155136K, used 17087K [0x00000114e5a00000, 0x00000114ef180000, 0x0000011565a00000)
  object space 155136K, 11% used [0x00000114e5a00000,0x00000114e6aafcb0,0x00000114ef180000)
 Metaspace       used 55624K, capacity 58930K, committed 59028K, reserved 1099776K
  class space    used 7759K, capacity 8352K, committed 8448K, reserved 1048576K
}
Event: 8.236 GC heap before
{Heap before GC invocations=12 (full 3):
 PSYoungGen      total 317440K, used 17288K [0x0000011565a00000, 0x000001157f380000, 0x00000115a5a00000)
  eden space 296960K, 0% used [0x0000011565a00000,0x0000011565a00000,0x0000011577c00000)
  from space 20480K, 84% used [0x0000011577c00000,0x0000011578ce2058,0x0000011579000000)
  to   space 22016K, 0% used [0x000001157de00000,0x000001157de00000,0x000001157f380000)
 ParOldGen       total 155136K, used 17087K [0x00000114e5a00000, 0x00000114ef180000, 0x0000011565a00000)
  object space 155136K, 11% used [0x00000114e5a00000,0x00000114e6aafcb0,0x00000114ef180000)
 Metaspace       used 55624K, capacity 58930K, committed 59028K, reserved 1099776K
  class space    used 7759K, capacity 8352K, committed 8448K, reserved 1048576K
Event: 8.374 GC heap after
Heap after GC invocations=12 (full 3):
 PSYoungGen      total 317440K, used 0K [0x0000011565a00000, 0x000001157f380000, 0x00000115a5a00000)
  eden space 296960K, 0% used [0x0000011565a00000,0x0000011565a00000,0x0000011577c00000)
  from space 20480K, 0% used [0x0000011577c00000,0x0000011577c00000,0x0000011579000000)
  to   space 22016K, 0% used [0x000001157de00000,0x000001157de00000,0x000001157f380000)
 ParOldGen       total 221696K, used 29856K [0x00000114e5a00000, 0x00000114f3280000, 0x0000011565a00000)
  object space 221696K, 13% used [0x00000114e5a00000,0x00000114e77281d0,0x00000114f3280000)
 Metaspace       used 55534K, capacity 58618K, committed 59028K, reserved 1099776K
  class space    used 7730K, capacity 8300K, committed 8448K, reserved 1048576K
}

Deoptimization events (10 events):
Event: 8.942 Thread 0x00000115f8192000 Uncommon trap: reason=unstable_if action=reinterpret pc=0x00000114d7bcff30 method=org.apache.commons.io.IOUtils.contentEquals(Ljava/io/InputStream;Ljava/io/InputStream;)Z @ 50
Event: 9.127 Thread 0x00000115f8192000 Uncommon trap: reason=unstable_if action=reinterpret pc=0x00000114d7c53a14 method=org.gradle.internal.file.DefaultFileHierarchySet$Node.isChildOfOrThis(Ljava/lang/String;I)Z @ 35
Event: 9.129 Thread 0x00000115f8192000 Uncommon trap: reason=unstable_if action=reinterpret pc=0x00000114d7bb4280 method=org.gradle.internal.snapshot.PathUtil.equalChars(CCLorg/gradle/internal/snapshot/CaseSensitivity;)Z @ 40
Event: 9.133 Thread 0x00000115f8192000 Uncommon trap: reason=unstable_if action=reinterpret pc=0x00000114d7b9f678 method=org.gradle.internal.file.DefaultFileHierarchySet$Node.isChildOfOrThis(Ljava/lang/String;I)Z @ 35
Event: 9.158 Thread 0x00000115f8192000 Uncommon trap: reason=unstable_if action=reinterpret pc=0x00000114d7a93eac method=java.util.TreeMap.put(Ljava/lang/Object;Ljava/lang/Object;)Ljava/lang/Object; @ 163
Event: 11.519 Thread 0x00000115f20d1000 Uncommon trap: reason=speculate_class_check action=maybe_recompile pc=0x00000114d7180ed0 method=java.util.AbstractList.listIterator()Ljava/util/ListIterator; @ 2
Event: 21.523 Thread 0x00000115f20d1000 Uncommon trap: reason=speculate_class_check action=maybe_recompile pc=0x00000114d7180ed0 method=java.util.AbstractList.listIterator()Ljava/util/ListIterator; @ 2
Event: 23.208 Thread 0x00000115f65eb000 Uncommon trap: reason=unstable_if action=reinterpret pc=0x00000114d7cc4458 method=org.gradle.internal.logging.text.AbstractLineChoppingStyledTextOutput$2.execute(Lorg/gradle/internal/logging/text/AbstractLineChoppingStyledTextOutput$StateContext;)V @ 30
Event: 23.208 Thread 0x00000115f65eb000 Uncommon trap: reason=unstable_if action=reinterpret pc=0x00000114d6a34484 method=org.gradle.internal.logging.text.AbstractLineChoppingStyledTextOutput$2.execute(Lorg/gradle/internal/logging/text/AbstractLineChoppingStyledTextOutput$StateContext;)V @ 30
Event: 23.208 Thread 0x00000115f65eb000 Uncommon trap: reason=unstable_if action=reinterpret pc=0x00000114d678a764 method=org.gradle.internal.logging.text.AbstractLineChoppingStyledTextOutput$2.execute(Lorg/gradle/internal/logging/text/AbstractLineChoppingStyledTextOutput$StateContext;)V @ 30

Classes redefined (0 events):
No events

Internal exceptions (10 events):
Event: 8.552 Thread 0x00000115f8192000 Exception <a 'java/lang/IncompatibleClassChangeError': Found class java.lang.Object, but interface was expected> (0x0000011566d7acd0) thrown at [C:\jenkins\workspace\8-2-build-windows-amd64-cygwin\jdk8u301\1513\hotspot\src\share\vm\interpreter\linkResolve
Event: 8.645 Thread 0x00000115f8192000 Exception <a 'java/lang/NoSuchMethodError': java.lang.Object.lambda$comparingByKey$bbdbfea9$1(Ljava/util/Map$Entry;Ljava/util/Map$Entry;)I> (0x000001156756fce0) thrown at [C:\jenkins\workspace\8-2-build-windows-amd64-cygwin\jdk8u301\1513\hotspot\src\share
Event: 8.662 Thread 0x00000115f21a1000 Exception <a 'java/lang/NoSuchMethodError': <clinit>> (0x0000011565e15f98) thrown at [C:\jenkins\workspace\8-2-build-windows-amd64-cygwin\jdk8u301\1513\hotspot\src\share\vm\prims\jni.cpp, line 1615]
Event: 8.664 Thread 0x00000115f21a1000 Exception <a 'java/lang/NoSuchMethodError': <clinit>> (0x000001156780d638) thrown at [C:\jenkins\workspace\8-2-build-windows-amd64-cygwin\jdk8u301\1513\hotspot\src\share\vm\prims\jni.cpp, line 1615]
Event: 8.664 Thread 0x00000115f21a1000 Exception <a 'java/lang/NoSuchMethodError': <clinit>> (0x000001156780f188) thrown at [C:\jenkins\workspace\8-2-build-windows-amd64-cygwin\jdk8u301\1513\hotspot\src\share\vm\prims\jni.cpp, line 1615]
Event: 8.664 Thread 0x00000115f21a1000 Exception <a 'java/lang/NoSuchMethodError': <clinit>> (0x0000011567811048) thrown at [C:\jenkins\workspace\8-2-build-windows-amd64-cygwin\jdk8u301\1513\hotspot\src\share\vm\prims\jni.cpp, line 1615]
Event: 8.665 Thread 0x00000115f21a1000 Implicit null exception at 0x00000114d6e360d1 to 0x00000114d6e36351
Event: 8.922 Thread 0x00000115f21a1000 Exception <a 'java/lang/NoSuchMethodError': <clinit>> (0x0000011567836c20) thrown at [C:\jenkins\workspace\8-2-build-windows-amd64-cygwin\jdk8u301\1513\hotspot\src\share\vm\prims\jni.cpp, line 1615]
Event: 8.946 Thread 0x00000115f8192000 Exception <a 'java/lang/NoSuchMethodError': java.lang.Object.lambda$happensBecause$0(Ljava/lang/String;)Ljava/lang/String;> (0x00000115683d6f60) thrown at [C:\jenkins\workspace\8-2-build-windows-amd64-cygwin\jdk8u301\1513\hotspot\src\share\vm\interpreter\
Event: 8.946 Thread 0x00000115f8192000 Exception <a 'java/lang/NoSuchMethodError': java.lang.Object.lambda$addPossibleSolution$3(Ljava/lang/String;)Ljava/lang/String;> (0x00000115683da2a8) thrown at [C:\jenkins\workspace\8-2-build-windows-amd64-cygwin\jdk8u301\1513\hotspot\src\share\vm\interpr

Events (10 events):
Event: 21.523 Thread 0x00000115f20d1000 DEOPT UNPACKING pc=0x00000114d6395843 sp=0x00000007b9bfeac8 mode 2
Event: 23.208 Thread 0x00000115f65eb000 Uncommon trap: trap_request=0xffffff65 fr.pc=0x00000114d7cc4458
Event: 23.208 Thread 0x00000115f65eb000 DEOPT PACKING pc=0x00000114d7cc4458 sp=0x00000007bebfe160
Event: 23.208 Thread 0x00000115f65eb000 DEOPT UNPACKING pc=0x00000114d6395843 sp=0x00000007bebfdfc0 mode 2
Event: 23.208 Thread 0x00000115f65eb000 Uncommon trap: trap_request=0xffffff65 fr.pc=0x00000114d6a34484
Event: 23.208 Thread 0x00000115f65eb000 DEOPT PACKING pc=0x00000114d6a34484 sp=0x00000007bebfe110
Event: 23.208 Thread 0x00000115f65eb000 DEOPT UNPACKING pc=0x00000114d6395843 sp=0x00000007bebfdfa8 mode 2
Event: 23.208 Thread 0x00000115f65eb000 Uncommon trap: trap_request=0xffffff65 fr.pc=0x00000114d678a764
Event: 23.208 Thread 0x00000115f65eb000 DEOPT PACKING pc=0x00000114d678a764 sp=0x00000007bebfe0b0
Event: 23.208 Thread 0x00000115f65eb000 DEOPT UNPACKING pc=0x00000114d6395843 sp=0x00000007bebfdfa8 mode 2


Dynamic libraries:
0x00007ff61eb10000 - 0x00007ff61eb57000 	C:\Program Files\Java\jdk1.8.0_301\bin\java.exe
0x00007ffca1570000 - 0x00007ffca1765000 	C:\Windows\SYSTEM32\ntdll.dll
0x00007ffc9f7b0000 - 0x00007ffc9f86e000 	C:\Windows\System32\KERNEL32.DLL
0x00007ffc9f100000 - 0x00007ffc9f3c8000 	C:\Windows\System32\KERNELBASE.dll
0x00007ffca07d0000 - 0x00007ffca087e000 	C:\Windows\System32\ADVAPI32.dll
0x00007ffc9f640000 - 0x00007ffc9f6de000 	C:\Windows\System32\msvcrt.dll
0x00007ffc9f9f0000 - 0x00007ffc9fa8c000 	C:\Windows\System32\sechost.dll
0x00007ffc9fab0000 - 0x00007ffc9fbd5000 	C:\Windows\System32\RPCRT4.dll
0x00007ffca0d60000 - 0x00007ffca0f01000 	C:\Windows\System32\USER32.dll
0x00007ffc9ed30000 - 0x00007ffc9ed52000 	C:\Windows\System32\win32u.dll
0x00007ffca0d30000 - 0x00007ffca0d5b000 	C:\Windows\System32\GDI32.dll
0x00007ffc9eff0000 - 0x00007ffc9f0fd000 	C:\Windows\System32\gdi32full.dll
0x00007ffc9f3d0000 - 0x00007ffc9f46d000 	C:\Windows\System32\msvcp_win.dll
0x00007ffc9eef0000 - 0x00007ffc9eff0000 	C:\Windows\System32\ucrtbase.dll
0x00007ffc903f0000 - 0x00007ffc9068a000 	C:\Windows\WinSxS\amd64_microsoft.windows.common-controls_6595b64144ccf1df_6.0.19041.1110_none_60b5254171f9507e\COMCTL32.dll
0x00007ffca0880000 - 0x00007ffca08b0000 	C:\Windows\System32\IMM32.DLL
0x00007ffc99d40000 - 0x00007ffc99d55000 	C:\Program Files\Java\jdk1.8.0_301\jre\bin\vcruntime140.dll
0x00007ffc97920000 - 0x00007ffc979bb000 	C:\Program Files\Java\jdk1.8.0_301\jre\bin\msvcp140.dll
0x00000000590f0000 - 0x0000000059950000 	C:\Program Files\Java\jdk1.8.0_301\jre\bin\server\jvm.dll
0x00007ffc9f7a0000 - 0x00007ffc9f7a8000 	C:\Windows\System32\PSAPI.DLL
0x00007ffc9b750000 - 0x00007ffc9b759000 	C:\Windows\SYSTEM32\WSOCK32.dll
0x00007ffc95f40000 - 0x00007ffc95f4a000 	C:\Windows\SYSTEM32\VERSION.dll
0x00007ffc943e0000 - 0x00007ffc94407000 	C:\Windows\SYSTEM32\WINMM.dll
0x00007ffca1310000 - 0x00007ffca137b000 	C:\Windows\System32\WS2_32.dll
0x00007ffc9cb90000 - 0x00007ffc9cba2000 	C:\Windows\SYSTEM32\kernel.appcore.dll
0x00007ffc99d70000 - 0x00007ffc99d80000 	C:\Program Files\Java\jdk1.8.0_301\jre\bin\verify.dll
0x00007ffc979f0000 - 0x00007ffc97a1b000 	C:\Program Files\Java\jdk1.8.0_301\jre\bin\java.dll
0x00007ffc93570000 - 0x00007ffc93588000 	C:\Program Files\Java\jdk1.8.0_301\jre\bin\zip.dll
0x00007ffca0080000 - 0x00007ffca07c4000 	C:\Windows\System32\SHELL32.dll
0x00007ffc9cd90000 - 0x00007ffc9d525000 	C:\Windows\SYSTEM32\windows.storage.dll
0x00007ffc9fd20000 - 0x00007ffca0075000 	C:\Windows\System32\combase.dll
0x00007ffc9e6d0000 - 0x00007ffc9e6fe000 	C:\Windows\SYSTEM32\Wldp.dll
0x00007ffc9f870000 - 0x00007ffc9f91d000 	C:\Windows\System32\SHCORE.dll
0x00007ffca1190000 - 0x00007ffca11e5000 	C:\Windows\System32\shlwapi.dll
0x00007ffc9ebc0000 - 0x00007ffc9ebdf000 	C:\Windows\SYSTEM32\profapi.dll
0x00007ffc91010000 - 0x00007ffc9102c000 	C:\Program Files\Java\jdk1.8.0_301\jre\bin\net.dll
0x00007ffc9e430000 - 0x00007ffc9e49a000 	C:\Windows\system32\mswsock.dll
0x00007ffc90fb0000 - 0x00007ffc90fc3000 	C:\Program Files\Java\jdk1.8.0_301\jre\bin\nio.dll
0x00007ffc97a20000 - 0x00007ffc97a47000 	C:\Users\pablo\.gradle\native\8bec1ad78214c89d9ad589b4d07fe93259594b29d510b10fafb7a158f7737e5d\windows-amd64\native-platform.dll
0x00007ffc794c0000 - 0x00007ffc795fd000 	C:\Users\pablo\.gradle\native\53dbd7edfb1c66fb8903c78663c9afc45aea4f116125fa6feffd364cf09443e8\windows-amd64\native-platform-file-events.dll
0x00007ffc97770000 - 0x00007ffc9777d000 	C:\Program Files\Java\jdk1.8.0_301\jre\bin\management.dll
0x00007ffc9e630000 - 0x00007ffc9e648000 	C:\Windows\SYSTEM32\CRYPTSP.dll
0x00007ffc9dd40000 - 0x00007ffc9dd74000 	C:\Windows\system32\rsaenh.dll
0x00007ffc9eec0000 - 0x00007ffc9eee7000 	C:\Windows\System32\bcrypt.dll
0x00007ffc9eb40000 - 0x00007ffc9eb6e000 	C:\Windows\SYSTEM32\USERENV.dll
0x00007ffc9f520000 - 0x00007ffc9f5a2000 	C:\Windows\System32\bcryptprimitives.dll
0x00007ffc9e620000 - 0x00007ffc9e62c000 	C:\Windows\SYSTEM32\CRYPTBASE.dll
0x00007ffc9e0d0000 - 0x00007ffc9e10b000 	C:\Windows\SYSTEM32\IPHLPAPI.DLL
0x00007ffc9f630000 - 0x00007ffc9f638000 	C:\Windows\System32\NSI.dll
0x00007ffc991c0000 - 0x00007ffc991d7000 	C:\Windows\SYSTEM32\dhcpcsvc6.DLL
0x00007ffc991a0000 - 0x00007ffc991bd000 	C:\Windows\SYSTEM32\dhcpcsvc.DLL
0x00007ffc9e120000 - 0x00007ffc9e1eb000 	C:\Windows\SYSTEM32\DNSAPI.dll
0x00007ffc87000000 - 0x00007ffc87024000 	C:\Program Files\Java\jdk1.8.0_301\jre\bin\sunec.dll
0x000000005bf80000 - 0x000000005bfa6000 	C:\Program Files\Bonjour\mdnsNSP.dll
0x00007ffc95f30000 - 0x00007ffc95f3a000 	C:\Windows\System32\rasadhlp.dll
0x00007ffc94ac0000 - 0x00007ffc94b3f000 	C:\Windows\System32\fwpuclnt.dll
0x00007ffc97570000 - 0x00007ffc9757d000 	C:\Program Files\Java\jdk1.8.0_301\jre\bin\sunmscapi.dll
0x00007ffc9ed60000 - 0x00007ffc9eeb6000 	C:\Windows\System32\CRYPT32.dll
0x00007ffc9e740000 - 0x00007ffc9e767000 	C:\Windows\SYSTEM32\ncrypt.dll
0x00007ffc9e700000 - 0x00007ffc9e73b000 	C:\Windows\SYSTEM32\NTASN1.dll
0x00007ffc9c4d0000 - 0x00007ffc9c560000 	C:\Windows\system32\apphelp.dll
0x00007ffc938e0000 - 0x00007ffc93ac4000 	C:\Windows\SYSTEM32\dbghelp.dll

VM Arguments:
jvm_args: -Xmx3G -Dfile.encoding=windows-1252 -Duser.country=US -Duser.language=en -Duser.variant 
java_command: org.gradle.launcher.daemon.bootstrap.GradleDaemon 7.1.1
java_class_path (initial): C:\Users\pablo\.gradle\wrapper\dists\gradle-7.1.1-bin\f29rtwfnc96ub43tt7p47zsru\gradle-7.1.1\lib\gradle-launcher-7.1.1.jar
Launcher Type: SUN_STANDARD

Environment Variables:
JAVA_HOME=C:\Program Files\Java\jdk1.8.0_301
PATH=C:\Program Files\Eclipse Adoptium\jdk-8.0.312.7-hotspot\bin;E:\Oculus\Support\oculus-runtime;C:\Program Files (x86)\Common Files\Oracle\Java\javapath;C:\Windows\system32;C:\Windows;C:\Windows\System32\Wbem;C:\Windows\System32\WindowsPowerShell\v1.0\;C:\Windows\System32\OpenSSH\;C:\Program Files\nodejs\;C:\Program Files (x86)\Microsoft SQL Server\150\DTS\Binn\;C:\Program Files\Azure Data Studio\bin;C:\Program Files\Microsoft SQL Server\Client SDK\ODBC\170\Tools\Binn\;C:\Program Files (x86)\Microsoft SQL Server\150\Tools\Binn\;C:\Program Files\Microsoft SQL Server\150\Tools\Binn\;C:\Program Files\Microsoft SQL Server\150\DTS\Binn\;C:\Users\pablo\.dnx\bin;C:\Program Files\Microsoft DNX\Dnvm\;C:\Program Files\Microsoft SQL Server\130\Tools\Binn\;C:\Program Files (x86)\NVIDIA Corporation\PhysX\Common;C:\Program Files\Java\jdk1.8.0_301\bin;C:\Program Files\Java\jdk-14.0.1\bin;C:\Program Files\Git\cmd;C:\Program Files\MySQL\MySQL Shell 8.0\bin\;C:\Users\pablo\AppData\Local\Programs\Python\Python39\Scripts\;C:\Users\pablo\AppData\Local\Programs\Python\Python39\;C:\Users\pablo\AppData\Local\Microsoft\WindowsApps;C:\Users\pablo\AppData\Local\Programs\Microsoft VS Code\bin;C:\Users\pablo\AppData\Roaming\npm;C:\Program Files\Azure Data Studio\bin;C:\Users\pablo\AppData\Local\GitHubDesktop\bin;E:\Program Files\JetBrains\IntelliJ IDEA Community Edition 2021.2\bin;;E:\Program Files\heroku\bin
USERNAME=pablo
OS=Windows_NT
PROCESSOR_IDENTIFIER=AMD64 Family 23 Model 8 Stepping 2, AuthenticAMD



---------------  S Y S T E M  ---------------

OS: Windows 10.0 , 64 bit Build 19041 (10.0.19041.1466)

CPU:total 16 (initial active 16) (16 cores per cpu, 1 threads per core) family 23 model 8 stepping 2, cmov, cx8, fxsr, mmx, sse, sse2, sse3, ssse3, sse4.1, sse4.2, popcnt, avx, avx2, aes, clmul, mmxext, 3dnowpref, lzcnt, sse4a, tsc, tscinvbit, tscinv, bmi1

Memory: 4k page, physical 16724200k(4538756k free), swap 17772776k(172k free)

vm_info: Java HotSpot(TM) 64-Bit Server VM (25.301-b09) for windows-amd64 JRE (1.8.0_301-b09), built on Jun  9 2021 06:46:21 by "java_re" with MS VC++ 15.9 (VS2017)

time: Sun Jan 23 21:25:35 2022
timezone: Montevideo Standard Time
elapsed time: 23.719227 seconds (0d 0h 0m 23s)

