#
# There is insufficient memory for the Java Runtime Environment to continue.
# Native memory allocation (malloc) failed to allocate 32744 bytes for ChunkPool::allocate
# Possible reasons:
#   The system is out of physical RAM or swap space
#   The process is running with CompressedOops enabled, and the Java Heap may be blocking the growth of the native heap
# Possible solutions:
#   Reduce memory load on the system
#   Increase physical memory or swap space
#   Check if swap backing store is full
#   Decrease Java heap size (-Xmx/-Xms)
#   Decrease number of Java threads
#   Decrease Java thread stack sizes (-Xss)
#   Set larger code cache with -XX:ReservedCodeCacheSize=
#   JVM is running with Zero Based Compressed Oops mode in which the Java heap is
#     placed in the first 32GB address space. The Java Heap base address is the
#     maximum limit for the native heap growth. Please use -XX:HeapBaseMinAddress
#     to set the Java Heap base and to place the Java Heap above 32GB virtual address.
# This output file may be truncated or incomplete.
#
#  Out of Memory Error (allocation.cpp:272), pid=8524, tid=0x0000000000002710
#
# JRE version: Java(TM) SE Runtime Environment (8.0_301-b09) (build 1.8.0_301-b09)
# Java VM: Java HotSpot(TM) 64-Bit Server VM (25.301-b09 mixed mode windows-amd64 compressed oops)
# Failed to write core dump. Minidumps are not enabled by default on client versions of Windows
#

---------------  T H R E A D  ---------------

Current thread (0x000001b9e7073800):  JavaThread "C2 CompilerThread3" daemon [_thread_in_native, id=10000, stack(0x0000001f3a300000,0x0000001f3a400000)]

Stack: [0x0000001f3a300000,0x0000001f3a400000]
Native frames: (J=compiled Java code, j=interpreted, Vv=VM code, C=native code)
V  [jvm.dll+0x32ed79]


Current CompileTask:
C2:  26921 9457       4       org.gradle.internal.logging.text.AbstractLineChoppingStyledTextOutput$1::execute (9 bytes)


---------------  P R O C E S S  ---------------

Java Threads: ( => current thread )
  0x000001b9f1e48000 JavaThread "Build operations Thread 16" [_thread_blocked, id=17116, stack(0x0000001f4a700000,0x0000001f4a800000)]
  0x000001b9f1e49800 JavaThread "Build operations Thread 15" [_thread_blocked, id=2152, stack(0x0000001f4a600000,0x0000001f4a700000)]
  0x000001b9f1e42000 JavaThread "Build operations Thread 14" [_thread_blocked, id=22336, stack(0x0000001f4a500000,0x0000001f4a600000)]
  0x000001b9f1e41800 JavaThread "Build operations Thread 13" [_thread_blocked, id=12968, stack(0x0000001f4a400000,0x0000001f4a500000)]
  0x000001b9f1e40800 JavaThread "Build operations Thread 12" [_thread_blocked, id=22412, stack(0x0000001f4a300000,0x0000001f4a400000)]
  0x000001b9f1e44800 JavaThread "Build operations Thread 11" [_thread_blocked, id=22240, stack(0x0000001f4a200000,0x0000001f4a300000)]
  0x000001b9f1e46000 JavaThread "Build operations Thread 10" [_thread_blocked, id=3060, stack(0x0000001f4a100000,0x0000001f4a200000)]
  0x000001b9f1e47800 JavaThread "Build operations Thread 9" [_thread_blocked, id=3000, stack(0x0000001f4a000000,0x0000001f4a100000)]
  0x000001b9f1e40000 JavaThread "Build operations Thread 8" [_thread_blocked, id=11796, stack(0x0000001f49f00000,0x0000001f4a000000)]
  0x000001b9f1e45000 JavaThread "Build operations Thread 7" [_thread_blocked, id=2592, stack(0x0000001f49e00000,0x0000001f49f00000)]
  0x000001b9f1525000 JavaThread "Build operations Thread 6" [_thread_blocked, id=17008, stack(0x0000001f49d00000,0x0000001f49e00000)]
  0x000001b9f1524800 JavaThread "Build operations Thread 5" [_thread_blocked, id=1196, stack(0x0000001f49c00000,0x0000001f49d00000)]
  0x000001b9f1526000 JavaThread "Build operations Thread 4" [_thread_blocked, id=15744, stack(0x0000001f49b00000,0x0000001f49c00000)]
  0x000001b9f1523800 JavaThread "Build operations Thread 3" [_thread_blocked, id=16712, stack(0x0000001f49a00000,0x0000001f49b00000)]
  0x000001b9f1523000 JavaThread "Build operations Thread 2" [_thread_blocked, id=21224, stack(0x0000001f49900000,0x0000001f49a00000)]
  0x000001b9f1521800 JavaThread "Build operations" [_thread_blocked, id=12756, stack(0x0000001f49800000,0x0000001f49900000)]
  0x000001b9f1522000 JavaThread "Cache worker for Java compile cache (C:\Users\pablo\.gradle\caches\7.1.1\javaCompile)" [_thread_blocked, id=18628, stack(0x0000001f49700000,0x0000001f49800000)]
  0x000001b9f151f000 JavaThread "Cache worker for execution history cache (C:\Users\pablo\Documents\Proyectos\Mods Minecraft\LoL Mod\.gradle\7.1.1\executionHistory)" [_thread_blocked, id=4852, stack(0x0000001f49600000,0x0000001f49700000)]
  0x000001b9f1520800 JavaThread "Execution worker for ':' Thread 15" [_thread_blocked, id=16492, stack(0x0000001f49500000,0x0000001f49600000)]
  0x000001b9f1520000 JavaThread "Execution worker for ':' Thread 14" [_thread_blocked, id=1960, stack(0x0000001f49400000,0x0000001f49500000)]
  0x000001b9f1517800 JavaThread "Execution worker for ':' Thread 13" [_thread_blocked, id=12680, stack(0x0000001f49300000,0x0000001f49400000)]
  0x000001b9f151d800 JavaThread "Execution worker for ':' Thread 12" [_thread_blocked, id=12936, stack(0x0000001f49200000,0x0000001f49300000)]
  0x000001b9f151d000 JavaThread "Execution worker for ':' Thread 11" [_thread_blocked, id=18716, stack(0x0000001f49100000,0x0000001f49200000)]
  0x000001b9f151b800 JavaThread "Execution worker for ':' Thread 10" [_thread_blocked, id=18212, stack(0x0000001f49000000,0x0000001f49100000)]
  0x000001b9f1518800 JavaThread "Execution worker for ':' Thread 9" [_thread_blocked, id=3360, stack(0x0000001f48f00000,0x0000001f49000000)]
  0x000001b9f151a800 JavaThread "Execution worker for ':' Thread 8" [_thread_blocked, id=16860, stack(0x0000001f48e00000,0x0000001f48f00000)]
  0x000001b9f151a000 JavaThread "Execution worker for ':' Thread 7" [_thread_blocked, id=15532, stack(0x0000001f48d00000,0x0000001f48e00000)]
  0x000001b9f151e800 JavaThread "Execution worker for ':' Thread 6" [_thread_blocked, id=12444, stack(0x0000001f48c00000,0x0000001f48d00000)]
  0x000001b9f151c000 JavaThread "Execution worker for ':' Thread 5" [_thread_blocked, id=19344, stack(0x0000001f48900000,0x0000001f48a00000)]
  0x000001b9f1517000 JavaThread "Execution worker for ':' Thread 4" [_thread_blocked, id=17832, stack(0x0000001f48800000,0x0000001f48900000)]
  0x000001b9f1519000 JavaThread "Execution worker for ':' Thread 3" [_thread_blocked, id=6212, stack(0x0000001f48700000,0x0000001f48800000)]
  0x000001b9e9836000 JavaThread "Execution worker for ':' Thread 2" [_thread_blocked, id=3648, stack(0x0000001f48600000,0x0000001f48700000)]
  0x000001b9e9834800 JavaThread "Execution worker for ':'" [_thread_blocked, id=4308, stack(0x0000001f48500000,0x0000001f48600000)]
  0x000001b9e983a800 JavaThread "Unconstrained build operations Thread 160" [_thread_blocked, id=16804, stack(0x0000001f48400000,0x0000001f48500000)]
  0x000001b9e9837000 JavaThread "Unconstrained build operations Thread 159" [_thread_blocked, id=20064, stack(0x0000001f48300000,0x0000001f48400000)]
  0x000001b9e9835800 JavaThread "Unconstrained build operations Thread 158" [_thread_blocked, id=12716, stack(0x0000001f48200000,0x0000001f48300000)]
  0x000001b9e9839000 JavaThread "Unconstrained build operations Thread 157" [_thread_blocked, id=952, stack(0x0000001f48100000,0x0000001f48200000)]
  0x000001b9e9834000 JavaThread "Unconstrained build operations Thread 156" [_thread_blocked, id=8312, stack(0x0000001f48000000,0x0000001f48100000)]
  0x000001b9e9838800 JavaThread "Unconstrained build operations Thread 155" [_thread_blocked, id=17064, stack(0x0000001f47f00000,0x0000001f48000000)]
  0x000001b9e9833000 JavaThread "Unconstrained build operations Thread 154" [_thread_blocked, id=15284, stack(0x0000001f47e00000,0x0000001f47f00000)]
  0x000001b9e9837800 JavaThread "Unconstrained build operations Thread 153" [_thread_blocked, id=16420, stack(0x0000001f47d00000,0x0000001f47e00000)]
  0x000001b9e983a000 JavaThread "Unconstrained build operations Thread 152" [_thread_blocked, id=8720, stack(0x0000001f47c00000,0x0000001f47d00000)]
  0x000001b9e982b800 JavaThread "Unconstrained build operations Thread 151" [_thread_blocked, id=21888, stack(0x0000001f47b00000,0x0000001f47c00000)]
  0x000001b9e9832800 JavaThread "Unconstrained build operations Thread 150" [_thread_blocked, id=17576, stack(0x0000001f47a00000,0x0000001f47b00000)]
  0x000001b9e982b000 JavaThread "Unconstrained build operations Thread 149" [_thread_blocked, id=12632, stack(0x0000001f47900000,0x0000001f47a00000)]
  0x000001b9e9831800 JavaThread "Unconstrained build operations Thread 148" [_thread_blocked, id=17580, stack(0x0000001f47800000,0x0000001f47900000)]
  0x000001b9e982f800 JavaThread "Unconstrained build operations Thread 147" [_thread_blocked, id=2776, stack(0x0000001f47700000,0x0000001f47800000)]
  0x000001b9e9831000 JavaThread "Unconstrained build operations Thread 146" [_thread_blocked, id=6896, stack(0x0000001f47600000,0x0000001f47700000)]
  0x000001b9e9830000 JavaThread "Unconstrained build operations Thread 145" [_thread_blocked, id=21116, stack(0x0000001f47500000,0x0000001f47600000)]
  0x000001b9e982e800 JavaThread "Unconstrained build operations Thread 144" [_thread_blocked, id=15932, stack(0x0000001f47400000,0x0000001f47500000)]
  0x000001b9e9827000 JavaThread "Unconstrained build operations Thread 143" [_thread_blocked, id=21816, stack(0x0000001f47300000,0x0000001f47400000)]
  0x000001b9e982e000 JavaThread "Unconstrained build operations Thread 142" [_thread_blocked, id=4636, stack(0x0000001f47200000,0x0000001f47300000)]
  0x000001b9e9826800 JavaThread "Unconstrained build operations Thread 141" [_thread_blocked, id=2024, stack(0x0000001f47100000,0x0000001f47200000)]
  0x000001b9e982c800 JavaThread "Unconstrained build operations Thread 140" [_thread_blocked, id=21252, stack(0x0000001f47000000,0x0000001f47100000)]
  0x000001b9e982a000 JavaThread "Unconstrained build operations Thread 139" [_thread_blocked, id=22184, stack(0x0000001f46f00000,0x0000001f47000000)]
  0x000001b9e982d000 JavaThread "Unconstrained build operations Thread 138" [_thread_blocked, id=14168, stack(0x0000001f46e00000,0x0000001f46f00000)]
  0x000001b9e9825800 JavaThread "Unconstrained build operations Thread 137" [_thread_blocked, id=14904, stack(0x0000001f46d00000,0x0000001f46e00000)]
  0x000001b9e9828800 JavaThread "Unconstrained build operations Thread 136" [_thread_blocked, id=13220, stack(0x0000001f46c00000,0x0000001f46d00000)]
  0x000001b9e9828000 JavaThread "Unconstrained build operations Thread 135" [_thread_blocked, id=10436, stack(0x0000001f46b00000,0x0000001f46c00000)]
  0x000001b9e9829800 JavaThread "Unconstrained build operations Thread 134" [_thread_blocked, id=10016, stack(0x0000001f46a00000,0x0000001f46b00000)]
  0x000001b9e981e000 JavaThread "Unconstrained build operations Thread 133" [_thread_blocked, id=17644, stack(0x0000001f46900000,0x0000001f46a00000)]
  0x000001b9e981f800 JavaThread "Unconstrained build operations Thread 132" [_thread_blocked, id=9552, stack(0x0000001f46800000,0x0000001f46900000)]
  0x000001b9e981f000 JavaThread "Unconstrained build operations Thread 131" [_thread_blocked, id=17148, stack(0x0000001f46700000,0x0000001f46800000)]
  0x000001b9e9820800 JavaThread "Unconstrained build operations Thread 130" [_thread_blocked, id=15900, stack(0x0000001f46600000,0x0000001f46700000)]
  0x000001b9e9825000 JavaThread "Unconstrained build operations Thread 129" [_thread_blocked, id=11312, stack(0x0000001f46500000,0x0000001f46600000)]
  0x000001b9e981d800 JavaThread "Unconstrained build operations Thread 128" [_thread_blocked, id=21728, stack(0x0000001f46400000,0x0000001f46500000)]
  0x000001b9e9821000 JavaThread "Unconstrained build operations Thread 127" [_thread_blocked, id=16520, stack(0x0000001f46300000,0x0000001f46400000)]
  0x000001b9e9824000 JavaThread "Unconstrained build operations Thread 126" [_thread_blocked, id=7248, stack(0x0000001f46200000,0x0000001f46300000)]
  0x000001b9e981c800 JavaThread "Unconstrained build operations Thread 125" [_thread_blocked, id=14584, stack(0x0000001f46100000,0x0000001f46200000)]
  0x000001b9e9823800 JavaThread "Unconstrained build operations Thread 124" [_thread_blocked, id=16992, stack(0x0000001f46000000,0x0000001f46100000)]
  0x000001b9e981c000 JavaThread "Unconstrained build operations Thread 123" [_thread_blocked, id=12080, stack(0x0000001f45f00000,0x0000001f46000000)]
  0x000001b9e9822800 JavaThread "Unconstrained build operations Thread 122" [_thread_blocked, id=5472, stack(0x0000001f45e00000,0x0000001f45f00000)]
  0x000001b9e9822000 JavaThread "Unconstrained build operations Thread 121" [_thread_blocked, id=2472, stack(0x0000001f45d00000,0x0000001f45e00000)]
  0x000001b9ef611000 JavaThread "Unconstrained build operations Thread 120" [_thread_blocked, id=2668, stack(0x0000001f45c00000,0x0000001f45d00000)]
  0x000001b9ef60f800 JavaThread "Unconstrained build operations Thread 119" [_thread_blocked, id=22416, stack(0x0000001f45b00000,0x0000001f45c00000)]
  0x000001b9ef610000 JavaThread "Unconstrained build operations Thread 118" [_thread_blocked, id=15416, stack(0x0000001f45a00000,0x0000001f45b00000)]
  0x000001b9ef60e800 JavaThread "Unconstrained build operations Thread 117" [_thread_blocked, id=20584, stack(0x0000001f45900000,0x0000001f45a00000)]
  0x000001b9ef60d000 JavaThread "Unconstrained build operations Thread 116" [_thread_blocked, id=22116, stack(0x0000001f45800000,0x0000001f45900000)]
  0x000001b9ef60c800 JavaThread "Unconstrained build operations Thread 115" [_thread_blocked, id=11008, stack(0x0000001f45700000,0x0000001f45800000)]
  0x000001b9ef60e000 JavaThread "Unconstrained build operations Thread 114" [_thread_blocked, id=7224, stack(0x0000001f45600000,0x0000001f45700000)]
  0x000001b9ef605000 JavaThread "Unconstrained build operations Thread 113" [_thread_blocked, id=5612, stack(0x0000001f45500000,0x0000001f45600000)]
  0x000001b9ef60b800 JavaThread "Unconstrained build operations Thread 112" [_thread_blocked, id=15428, stack(0x0000001f45400000,0x0000001f45500000)]
  0x000001b9ef604000 JavaThread "Unconstrained build operations Thread 111" [_thread_blocked, id=12552, stack(0x0000001f45300000,0x0000001f45400000)]
  0x000001b9ef60b000 JavaThread "Unconstrained build operations Thread 110" [_thread_blocked, id=7288, stack(0x0000001f45200000,0x0000001f45300000)]
  0x000001b9ef603800 JavaThread "Unconstrained build operations Thread 109" [_thread_blocked, id=22028, stack(0x0000001f45100000,0x0000001f45200000)]
  0x000001b9ef60a000 JavaThread "Unconstrained build operations Thread 108" [_thread_blocked, id=19688, stack(0x0000001f45000000,0x0000001f45100000)]
  0x000001b9ef602800 JavaThread "Unconstrained build operations Thread 107" [_thread_blocked, id=19696, stack(0x0000001f44f00000,0x0000001f45000000)]
  0x000001b9ef606800 JavaThread "Unconstrained build operations Thread 106" [_thread_blocked, id=16256, stack(0x0000001f44e00000,0x0000001f44f00000)]
  0x000001b9ef609800 JavaThread "Unconstrained build operations Thread 105" [_thread_blocked, id=9432, stack(0x0000001f44d00000,0x0000001f44e00000)]
  0x000001b9ef602000 JavaThread "Unconstrained build operations Thread 104" [_thread_blocked, id=4336, stack(0x0000001f44c00000,0x0000001f44d00000)]
  0x000001b9ef608800 JavaThread "Unconstrained build operations Thread 103" [_thread_blocked, id=18764, stack(0x0000001f44b00000,0x0000001f44c00000)]
  0x000001b9ef608000 JavaThread "Unconstrained build operations Thread 102" [_thread_blocked, id=300, stack(0x0000001f44a00000,0x0000001f44b00000)]
  0x000001b9ef605800 JavaThread "Unconstrained build operations Thread 101" [_thread_blocked, id=4040, stack(0x0000001f44900000,0x0000001f44a00000)]
  0x000001b9ef607000 JavaThread "Unconstrained build operations Thread 100" [_thread_blocked, id=12748, stack(0x0000001f44800000,0x0000001f44900000)]
  0x000001b9ec7ee000 JavaThread "Unconstrained build operations Thread 99" [_thread_blocked, id=17016, stack(0x0000001f44700000,0x0000001f44800000)]
  0x000001b9ec7f0800 JavaThread "Unconstrained build operations Thread 98" [_thread_blocked, id=14624, stack(0x0000001f44600000,0x0000001f44700000)]
  0x000001b9ec7eb000 JavaThread "Unconstrained build operations Thread 97" [_thread_blocked, id=20408, stack(0x0000001f44500000,0x0000001f44600000)]
  0x000001b9ec7ed800 JavaThread "Unconstrained build operations Thread 96" [_thread_blocked, id=17312, stack(0x0000001f44400000,0x0000001f44500000)]
  0x000001b9ec7ea800 JavaThread "Unconstrained build operations Thread 95" [_thread_blocked, id=17256, stack(0x0000001f44300000,0x0000001f44400000)]
  0x000001b9ec7e9800 JavaThread "Unconstrained build operations Thread 94" [_thread_blocked, id=14836, stack(0x0000001f44200000,0x0000001f44300000)]
  0x000001b9ec7e9000 JavaThread "Unconstrained build operations Thread 93" [_thread_blocked, id=16412, stack(0x0000001f44100000,0x0000001f44200000)]
  0x000001b9ec7ec000 JavaThread "Unconstrained build operations Thread 92" [_thread_blocked, id=15144, stack(0x0000001f44000000,0x0000001f44100000)]
  0x000001b9ec7ec800 JavaThread "Unconstrained build operations Thread 91" [_thread_blocked, id=11740, stack(0x0000001f43f00000,0x0000001f44000000)]
  0x000001b9ec7ef800 JavaThread "Unconstrained build operations Thread 90" [_thread_blocked, id=21052, stack(0x0000001f43e00000,0x0000001f43f00000)]
  0x000001b9ec7ef000 JavaThread "Unconstrained build operations Thread 89" [_thread_blocked, id=10916, stack(0x0000001f43d00000,0x0000001f43e00000)]
  0x000001b9ec7e1000 JavaThread "Unconstrained build operations Thread 88" [_thread_blocked, id=8820, stack(0x0000001f43c00000,0x0000001f43d00000)]
  0x000001b9ec7e5000 JavaThread "Unconstrained build operations Thread 87" [_thread_blocked, id=19292, stack(0x0000001f43b00000,0x0000001f43c00000)]
  0x000001b9ec7e4000 JavaThread "Unconstrained build operations Thread 86" [_thread_blocked, id=21992, stack(0x0000001f43a00000,0x0000001f43b00000)]
  0x000001b9ec7e8000 JavaThread "Unconstrained build operations Thread 85" [_thread_blocked, id=4644, stack(0x0000001f43900000,0x0000001f43a00000)]
  0x000001b9ec7e7000 JavaThread "Unconstrained build operations Thread 84" [_thread_blocked, id=4620, stack(0x0000001f43800000,0x0000001f43900000)]
  0x000001b9ec7e6800 JavaThread "Unconstrained build operations Thread 83" [_thread_blocked, id=17340, stack(0x0000001f43700000,0x0000001f43800000)]
  0x000001b9ec7e5800 JavaThread "Unconstrained build operations Thread 82" [_thread_blocked, id=5720, stack(0x0000001f43600000,0x0000001f43700000)]
  0x000001b9ec7e3800 JavaThread "Unconstrained build operations Thread 81" [_thread_blocked, id=3184, stack(0x0000001f43500000,0x0000001f43600000)]
  0x000001b9ec7e2000 JavaThread "Unconstrained build operations Thread 80" [_thread_blocked, id=18276, stack(0x0000001f43400000,0x0000001f43500000)]
  0x000001b9ec7e2800 JavaThread "Unconstrained build operations Thread 79" [_thread_blocked, id=1776, stack(0x0000001f43300000,0x0000001f43400000)]
  0x000001b9eaf92800 JavaThread "Unconstrained build operations Thread 78" [_thread_blocked, id=19916, stack(0x0000001f43200000,0x0000001f43300000)]
  0x000001b9eaf92000 JavaThread "Unconstrained build operations Thread 77" [_thread_blocked, id=9344, stack(0x0000001f43100000,0x0000001f43200000)]
  0x000001b9eaf96800 JavaThread "Unconstrained build operations Thread 76" [_thread_blocked, id=19724, stack(0x0000001f43000000,0x0000001f43100000)]
  0x000001b9eaf90800 JavaThread "Unconstrained build operations Thread 75" [_thread_blocked, id=22408, stack(0x0000001f42f00000,0x0000001f43000000)]
  0x000001b9eaf8f800 JavaThread "Unconstrained build operations Thread 74" [_thread_blocked, id=14488, stack(0x0000001f42e00000,0x0000001f42f00000)]
  0x000001b9eaf95800 JavaThread "Unconstrained build operations Thread 73" [_thread_blocked, id=12408, stack(0x0000001f42d00000,0x0000001f42e00000)]
  0x000001b9eaf94000 JavaThread "Unconstrained build operations Thread 72" [_thread_blocked, id=12132, stack(0x0000001f42c00000,0x0000001f42d00000)]
  0x000001b9eaf93800 JavaThread "Unconstrained build operations Thread 71" [_thread_blocked, id=11064, stack(0x0000001f42b00000,0x0000001f42c00000)]
  0x000001b9eaf91000 JavaThread "Unconstrained build operations Thread 70" [_thread_blocked, id=3356, stack(0x0000001f42a00000,0x0000001f42b00000)]
  0x000001b9eaf95000 JavaThread "Unconstrained build operations Thread 69" [_thread_blocked, id=12172, stack(0x0000001f42900000,0x0000001f42a00000)]
  0x000001b9eaf88000 JavaThread "Unconstrained build operations Thread 68" [_thread_blocked, id=12248, stack(0x0000001f42800000,0x0000001f42900000)]
  0x000001b9eaf8f000 JavaThread "Unconstrained build operations Thread 67" [_thread_blocked, id=14640, stack(0x0000001f42700000,0x0000001f42800000)]
  0x000001b9eaf87800 JavaThread "Unconstrained build operations Thread 66" [_thread_blocked, id=21648, stack(0x0000001f42600000,0x0000001f42700000)]
  0x000001b9eaf8e000 JavaThread "Unconstrained build operations Thread 65" [_thread_blocked, id=13224, stack(0x0000001f42500000,0x0000001f42600000)]
  0x000001b9eaf8c800 JavaThread "Unconstrained build operations Thread 64" [_thread_blocked, id=8848, stack(0x0000001f42400000,0x0000001f42500000)]
  0x000001b9eaf89000 JavaThread "Unconstrained build operations Thread 63" [_thread_blocked, id=1388, stack(0x0000001f42300000,0x0000001f42400000)]
  0x000001b9eaf89800 JavaThread "Unconstrained build operations Thread 62" [_thread_blocked, id=5388, stack(0x0000001f42200000,0x0000001f42300000)]
  0x000001b9eaf8b000 JavaThread "Unconstrained build operations Thread 61" [_thread_blocked, id=20856, stack(0x0000001f42100000,0x0000001f42200000)]
  0x000001b9eaf8c000 JavaThread "Unconstrained build operations Thread 60" [_thread_blocked, id=764, stack(0x0000001f42000000,0x0000001f42100000)]
  0x000001b9eaf8d800 JavaThread "Unconstrained build operations Thread 59" [_thread_blocked, id=17616, stack(0x0000001f41f00000,0x0000001f42000000)]
  0x000001b9eaf8a800 JavaThread "Unconstrained build operations Thread 58" [_thread_blocked, id=12044, stack(0x0000001f41e00000,0x0000001f41f00000)]
  0x000001b9ed069800 JavaThread "Unconstrained build operations Thread 57" [_thread_blocked, id=9356, stack(0x0000001f41d00000,0x0000001f41e00000)]
  0x000001b9ed068000 JavaThread "Unconstrained build operations Thread 56" [_thread_blocked, id=18008, stack(0x0000001f41c00000,0x0000001f41d00000)]
  0x000001b9ed067000 JavaThread "Unconstrained build operations Thread 55" [_thread_blocked, id=15116, stack(0x0000001f41b00000,0x0000001f41c00000)]
  0x000001b9ed068800 JavaThread "Unconstrained build operations Thread 54" [_thread_blocked, id=8360, stack(0x0000001f41a00000,0x0000001f41b00000)]
  0x000001b9ed06a000 JavaThread "Unconstrained build operations Thread 53" [_thread_blocked, id=2752, stack(0x0000001f41900000,0x0000001f41a00000)]
  0x000001b9ed06b000 JavaThread "Unconstrained build operations Thread 52" [_thread_blocked, id=5296, stack(0x0000001f41800000,0x0000001f41900000)]
  0x000001b9ed061000 JavaThread "Unconstrained build operations Thread 51" [_thread_blocked, id=11916, stack(0x0000001f41700000,0x0000001f41800000)]
  0x000001b9ed066800 JavaThread "Unconstrained build operations Thread 50" [_thread_blocked, id=20100, stack(0x0000001f41600000,0x0000001f41700000)]
  0x000001b9ed065800 JavaThread "Unconstrained build operations Thread 49" [_thread_blocked, id=15292, stack(0x0000001f41500000,0x0000001f41600000)]
  0x000001b9ed065000 JavaThread "Unconstrained build operations Thread 48" [_thread_blocked, id=5156, stack(0x0000001f41400000,0x0000001f41500000)]
  0x000001b9ed064000 JavaThread "Unconstrained build operations Thread 47" [_thread_blocked, id=13500, stack(0x0000001f41300000,0x0000001f41400000)]
  0x000001b9ed063800 JavaThread "Unconstrained build operations Thread 46" [_thread_blocked, id=4224, stack(0x0000001f41200000,0x0000001f41300000)]
  0x000001b9ed05c000 JavaThread "Unconstrained build operations Thread 45" [_thread_blocked, id=21216, stack(0x0000001f41100000,0x0000001f41200000)]
  0x000001b9ed060800 JavaThread "Unconstrained build operations Thread 44" [_thread_blocked, id=5512, stack(0x0000001f41000000,0x0000001f41100000)]
  0x000001b9ed05d800 JavaThread "Unconstrained build operations Thread 43" [_thread_blocked, id=12564, stack(0x0000001f40f00000,0x0000001f41000000)]
  0x000001b9ed05e000 JavaThread "Unconstrained build operations Thread 42" [_thread_blocked, id=9184, stack(0x0000001f40e00000,0x0000001f40f00000)]
  0x000001b9ed05f800 JavaThread "Unconstrained build operations Thread 41" [_thread_blocked, id=12576, stack(0x0000001f40d00000,0x0000001f40e00000)]
  0x000001b9ed062800 JavaThread "Unconstrained build operations Thread 40" [_thread_blocked, id=21096, stack(0x0000001f40c00000,0x0000001f40d00000)]
  0x000001b9ed05f000 JavaThread "Unconstrained build operations Thread 39" [_thread_blocked, id=15544, stack(0x0000001f40b00000,0x0000001f40c00000)]
  0x000001b9ed062000 JavaThread "Unconstrained build operations Thread 38" [_thread_blocked, id=9940, stack(0x0000001f40a00000,0x0000001f40b00000)]
  0x000001b9ed05c800 JavaThread "Unconstrained build operations Thread 37" [_thread_blocked, id=10812, stack(0x0000001f40900000,0x0000001f40a00000)]
  0x000001b9ef5ef800 JavaThread "Unconstrained build operations Thread 36" [_thread_blocked, id=9452, stack(0x0000001f40800000,0x0000001f40900000)]
  0x000001b9ef5f3000 JavaThread "Unconstrained build operations Thread 35" [_thread_blocked, id=2648, stack(0x0000001f40700000,0x0000001f40800000)]
  0x000001b9ef5ee800 JavaThread "Unconstrained build operations Thread 34" [_thread_blocked, id=18140, stack(0x0000001f40600000,0x0000001f40700000)]
  0x000001b9ef5f1800 JavaThread "Unconstrained build operations Thread 33" [_thread_blocked, id=18180, stack(0x0000001f40500000,0x0000001f40600000)]
  0x000001b9ef5f2800 JavaThread "Unconstrained build operations Thread 32" [_thread_blocked, id=2740, stack(0x0000001f40400000,0x0000001f40500000)]
  0x000001b9ef5f4000 JavaThread "Unconstrained build operations Thread 31" [_thread_blocked, id=6704, stack(0x0000001f40300000,0x0000001f40400000)]
  0x000001b9ef5f1000 JavaThread "Unconstrained build operations Thread 30" [_thread_blocked, id=16636, stack(0x0000001f40200000,0x0000001f40300000)]
  0x000001b9ef5f0000 JavaThread "Unconstrained build operations Thread 29" [_thread_blocked, id=21980, stack(0x0000001f40100000,0x0000001f40200000)]
  0x000001b9ef5e8800 JavaThread "Exec process Thread 3" [_thread_in_native, id=6820, stack(0x0000001f40000000,0x0000001f40100000)]
  0x000001b9ef5eb000 JavaThread "Exec process Thread 2" [_thread_in_native, id=17500, stack(0x0000001f3ff00000,0x0000001f40000000)]
  0x000001b9ef5e9800 JavaThread "Exec process" [_thread_in_native, id=12464, stack(0x0000001f3fe00000,0x0000001f3ff00000)]
  0x000001b9ef5ee000 JavaThread "ForkJoinPool.commonPool-worker-3" daemon [_thread_blocked, id=19432, stack(0x0000001f3fd00000,0x0000001f3fe00000)]
  0x000001b9ef5e6800 JavaThread "ForkJoinPool.commonPool-worker-8" daemon [_thread_blocked, id=12588, stack(0x0000001f3fc00000,0x0000001f3fd00000)]
  0x000001b9ef5ed000 JavaThread "ForkJoinPool.commonPool-worker-10" daemon [_thread_blocked, id=13120, stack(0x0000001f3fb00000,0x0000001f3fc00000)]
  0x000001b9ef5e5800 JavaThread "ForkJoinPool.commonPool-worker-1" daemon [_thread_blocked, id=17300, stack(0x0000001f3fa00000,0x0000001f3fb00000)]
  0x000001b9ef5e8000 JavaThread "ForkJoinPool.commonPool-worker-6" daemon [_thread_blocked, id=4132, stack(0x0000001f3f800000,0x0000001f3f900000)]
  0x000001b9ef5e5000 JavaThread "ForkJoinPool.commonPool-worker-13" daemon [_thread_blocked, id=19684, stack(0x0000001f3f700000,0x0000001f3f800000)]
  0x000001b9ef5eb800 JavaThread "ForkJoinPool.commonPool-worker-4" daemon [_thread_blocked, id=22136, stack(0x0000001f3f600000,0x0000001f3f700000)]
  0x000001b9ef5ea000 JavaThread "ForkJoinPool.commonPool-worker-11" daemon [_thread_blocked, id=10668, stack(0x0000001f3f500000,0x0000001f3f600000)]
  0x000001b9ed545000 JavaThread "ForkJoinPool.commonPool-worker-2" daemon [_thread_blocked, id=13080, stack(0x0000001f3f400000,0x0000001f3f500000)]
  0x000001b9ed541800 JavaThread "ForkJoinPool.commonPool-worker-9" daemon [_thread_blocked, id=15692, stack(0x0000001f3f300000,0x0000001f3f400000)]
  0x000001b9ed540800 JavaThread "Memory manager" [_thread_blocked, id=20196, stack(0x0000001f3f200000,0x0000001f3f300000)]
  0x000001b9ed543000 JavaThread "jar transforms Thread 16" [_thread_blocked, id=22268, stack(0x0000001f3f000000,0x0000001f3f100000)]
  0x000001b9ed538800 JavaThread "jar transforms Thread 15" [_thread_blocked, id=22516, stack(0x0000001f3ef00000,0x0000001f3f000000)]
  0x000001b9ed53e800 JavaThread "jar transforms Thread 14" [_thread_blocked, id=20040, stack(0x0000001f3ee00000,0x0000001f3ef00000)]
  0x000001b9ed53a000 JavaThread "jar transforms Thread 13" [_thread_blocked, id=2268, stack(0x0000001f3ed00000,0x0000001f3ee00000)]
  0x000001b9ed53b800 JavaThread "jar transforms Thread 12" [_thread_blocked, id=21820, stack(0x0000001f3ec00000,0x0000001f3ed00000)]
  0x000001b9ed53f000 JavaThread "jar transforms Thread 11" [_thread_blocked, id=8276, stack(0x0000001f3eb00000,0x0000001f3ec00000)]
  0x000001b9ed537800 JavaThread "jar transforms Thread 10" [_thread_blocked, id=19584, stack(0x0000001f3ea00000,0x0000001f3eb00000)]
  0x000001b9ed539000 JavaThread "jar transforms Thread 9" [_thread_blocked, id=8736, stack(0x0000001f3e900000,0x0000001f3ea00000)]
  0x000001b9ed53a800 JavaThread "jar transforms Thread 8" [_thread_blocked, id=11268, stack(0x0000001f3e800000,0x0000001f3e900000)]
  0x000001b9ed53d800 JavaThread "jar transforms Thread 7" [_thread_blocked, id=17868, stack(0x0000001f3e700000,0x0000001f3e800000)]
  0x000001b9ed537000 JavaThread "jar transforms Thread 6" [_thread_blocked, id=21328, stack(0x0000001f3e600000,0x0000001f3e700000)]
  0x000001b9ed53d000 JavaThread "Unconstrained build operations Thread 28" [_thread_blocked, id=11232, stack(0x0000001f3e500000,0x0000001f3e600000)]
  0x000001b9ed536000 JavaThread "Unconstrained build operations Thread 27" [_thread_blocked, id=20784, stack(0x0000001f3e400000,0x0000001f3e500000)]
  0x000001b9ed53c000 JavaThread "Unconstrained build operations Thread 26" [_thread_blocked, id=19152, stack(0x0000001f3e300000,0x0000001f3e400000)]
  0x000001b9ed1a7000 JavaThread "Unconstrained build operations Thread 25" [_thread_blocked, id=14832, stack(0x0000001f3e200000,0x0000001f3e300000)]
  0x000001b9ed1aa000 JavaThread "Unconstrained build operations Thread 24" [_thread_blocked, id=17828, stack(0x0000001f3e100000,0x0000001f3e200000)]
  0x000001b9ed1a8800 JavaThread "Unconstrained build operations Thread 23" [_thread_blocked, id=11228, stack(0x0000001f3e000000,0x0000001f3e100000)]
  0x000001b9ed1a9000 JavaThread "Unconstrained build operations Thread 22" [_thread_blocked, id=3944, stack(0x0000001f3df00000,0x0000001f3e000000)]
  0x000001b9ed1a0800 JavaThread "Unconstrained build operations Thread 21" [_thread_blocked, id=16876, stack(0x0000001f3de00000,0x0000001f3df00000)]
  0x000001b9ed1a7800 JavaThread "Unconstrained build operations Thread 20" [_thread_blocked, id=19812, stack(0x0000001f3dd00000,0x0000001f3de00000)]
  0x000001b9ed1a6000 JavaThread "Unconstrained build operations Thread 19" [_thread_blocked, id=3416, stack(0x0000001f3dc00000,0x0000001f3dd00000)]
  0x000001b9ed1a2000 JavaThread "Unconstrained build operations Thread 18" [_thread_blocked, id=16624, stack(0x0000001f3db00000,0x0000001f3dc00000)]
  0x000001b9ed1a3000 JavaThread "Unconstrained build operations Thread 17" [_thread_blocked, id=20528, stack(0x0000001f3da00000,0x0000001f3db00000)]
  0x000001b9ed1a4800 JavaThread "Unconstrained build operations Thread 16" [_thread_blocked, id=11612, stack(0x0000001f3d900000,0x0000001f3da00000)]
  0x000001b9ed1a0000 JavaThread "Unconstrained build operations Thread 15" [_thread_blocked, id=8704, stack(0x0000001f3d800000,0x0000001f3d900000)]
  0x000001b9ed1a5000 JavaThread "Unconstrained build operations Thread 14" [_thread_blocked, id=7696, stack(0x0000001f3d700000,0x0000001f3d800000)]
  0x000001b9ed19e800 JavaThread "Unconstrained build operations Thread 13" [_thread_blocked, id=19468, stack(0x0000001f3d600000,0x0000001f3d700000)]
  0x000001b9ed1a3800 JavaThread "Unconstrained build operations Thread 12" [_thread_blocked, id=6160, stack(0x0000001f3d500000,0x0000001f3d600000)]
  0x000001b9ed19a800 JavaThread "Unconstrained build operations Thread 11" [_thread_blocked, id=9212, stack(0x0000001f3d400000,0x0000001f3d500000)]
  0x000001b9ed19d800 JavaThread "Unconstrained build operations Thread 10" [_thread_blocked, id=4300, stack(0x0000001f3d300000,0x0000001f3d400000)]
  0x000001b9ed1a1800 JavaThread "Unconstrained build operations Thread 9" [_thread_blocked, id=13540, stack(0x0000001f3d200000,0x0000001f3d300000)]
  0x000001b9ed19c000 JavaThread "Unconstrained build operations Thread 8" [_thread_blocked, id=1328, stack(0x0000001f3d100000,0x0000001f3d200000)]
  0x000001b9ed19f000 JavaThread "Unconstrained build operations Thread 7" [_thread_blocked, id=16164, stack(0x0000001f3d000000,0x0000001f3d100000)]
  0x000001b9ed19d000 JavaThread "Unconstrained build operations Thread 6" [_thread_blocked, id=10852, stack(0x0000001f3cf00000,0x0000001f3d000000)]
  0x000001b9ed19b800 JavaThread "Unconstrained build operations Thread 5" [_thread_blocked, id=20684, stack(0x0000001f3ce00000,0x0000001f3cf00000)]
  0x000001b9e9815800 JavaThread "Unconstrained build operations Thread 4" [_thread_blocked, id=15764, stack(0x0000001f3cd00000,0x0000001f3ce00000)]
  0x000001b9e9818000 JavaThread "Unconstrained build operations Thread 3" [_thread_blocked, id=11732, stack(0x0000001f3cc00000,0x0000001f3cd00000)]
  0x000001b9e9819800 JavaThread "Unconstrained build operations Thread 2" [_thread_blocked, id=8804, stack(0x0000001f3cb00000,0x0000001f3cc00000)]
  0x000001b9e9817000 JavaThread "Unconstrained build operations" [_thread_blocked, id=1644, stack(0x0000001f3ca00000,0x0000001f3cb00000)]
  0x000001b9e981a000 JavaThread "Cache worker for Build Output Cleanup Cache (C:\Users\pablo\Documents\Proyectos\Mods Minecraft\LoL Mod\.gradle\buildOutputCleanup)" [_thread_blocked, id=6040, stack(0x0000001f3c900000,0x0000001f3ca00000)]
  0x000001b9e981b000 JavaThread "jar transforms Thread 5" [_thread_blocked, id=19780, stack(0x0000001f3c800000,0x0000001f3c900000)]
  0x000001b9e9818800 JavaThread "Cache worker for dependencies-accessors (C:\Users\pablo\Documents\Proyectos\Mods Minecraft\LoL Mod\.gradle\7.1.1\dependencies-accessors)" [_thread_blocked, id=12328, stack(0x0000001f3c700000,0x0000001f3c800000)]
  0x000001b9e980e000 JavaThread "jar transforms Thread 4" [_thread_blocked, id=17000, stack(0x0000001f3c600000,0x0000001f3c700000)]
  0x000001b9e9815000 JavaThread "jar transforms Thread 3" [_thread_blocked, id=6776, stack(0x0000001f3c500000,0x0000001f3c600000)]
  0x000001b9e9810800 JavaThread "Cache worker for file content cache (C:\Users\pablo\.gradle\caches\7.1.1\fileContent)" [_thread_blocked, id=22156, stack(0x0000001f3c400000,0x0000001f3c500000)]
  0x000001b9e980d800 JavaThread "jar transforms Thread 2" [_thread_blocked, id=6564, stack(0x0000001f3c300000,0x0000001f3c400000)]
  0x000001b9e9813800 JavaThread "jar transforms" [_thread_blocked, id=8228, stack(0x0000001f3c200000,0x0000001f3c300000)]
  0x000001b9e980c800 JavaThread "Cache worker for execution history cache (C:\Users\pablo\.gradle\caches\7.1.1\executionHistory)" [_thread_blocked, id=17960, stack(0x0000001f3c100000,0x0000001f3c200000)]
  0x000001b9e980c000 JavaThread "Cache worker for cache directory md-rule (C:\Users\pablo\.gradle\caches\7.1.1\md-rule)" [_thread_blocked, id=22396, stack(0x0000001f3c000000,0x0000001f3c100000)]
  0x000001b9e9812800 JavaThread "Cache worker for cache directory md-supplier (C:\Users\pablo\.gradle\caches\7.1.1\md-supplier)" [_thread_blocked, id=12704, stack(0x0000001f3bf00000,0x0000001f3c000000)]
  0x000001b9e980f800 JavaThread "Cache worker for checksums cache (C:\Users\pablo\Documents\Proyectos\Mods Minecraft\LoL Mod\.gradle\checksums)" [_thread_blocked, id=18992, stack(0x0000001f3be00000,0x0000001f3bf00000)]
  0x000001b9e980f000 JavaThread "File watcher consumer" daemon [_thread_blocked, id=18736, stack(0x0000001f3bd00000,0x0000001f3be00000)]
  0x000001b9e9812000 JavaThread "File watcher server" daemon [_thread_in_native, id=4016, stack(0x0000001f3bc00000,0x0000001f3bd00000)]
  0x000001b9e9811000 JavaThread "Cache worker for file hash cache (C:\Users\pablo\Documents\Proyectos\Mods Minecraft\LoL Mod\.gradle\7.1.1\fileHashes)" [_thread_blocked, id=13600, stack(0x0000001f3bb00000,0x0000001f3bc00000)]
  0x000001b9e70bf800 JavaThread "Cache worker for file hash cache (C:\Users\pablo\.gradle\caches\7.1.1\fileHashes)" [_thread_blocked, id=19532, stack(0x0000001f3ba00000,0x0000001f3bb00000)]
  0x000001b9e70c5800 JavaThread "File lock request listener" [_thread_in_native, id=9108, stack(0x0000001f3b900000,0x0000001f3ba00000)]
  0x000001b9e70c5000 JavaThread "Cache worker for journal cache (C:\Users\pablo\.gradle\caches\journal-1)" [_thread_blocked, id=16680, stack(0x0000001f3b800000,0x0000001f3b900000)]
  0x000001b9e8f39000 JavaThread "Daemon client event forwarder" [_thread_blocked, id=5188, stack(0x0000001f3b700000,0x0000001f3b800000)]
  0x000001b9e8f33800 JavaThread "Stdin handler" [_thread_blocked, id=9604, stack(0x0000001f3b600000,0x0000001f3b700000)]
  0x000001b9e8f24000 JavaThread "Asynchronous log dispatcher for DefaultDaemonConnection: socket connection from /127.0.0.1:52931 to /127.0.0.1:52932" [_thread_in_native, id=11452, stack(0x0000001f3b500000,0x0000001f3b600000)]
  0x000001b9e8f1e800 JavaThread "Daemon worker" [_thread_blocked, id=17808, stack(0x0000001f3b400000,0x0000001f3b500000)]
  0x000001b9e8f1c800 JavaThread "Cancel handler" [_thread_blocked, id=19528, stack(0x0000001f3b300000,0x0000001f3b400000)]
  0x000001b9e905b800 JavaThread "Handler for socket connection from /127.0.0.1:52931 to /127.0.0.1:52932" [_thread_in_native, id=14440, stack(0x0000001f3b200000,0x0000001f3b300000)]
  0x000001b9e9059000 JavaThread "Daemon" [_thread_blocked, id=10480, stack(0x0000001f3b100000,0x0000001f3b200000)]
  0x000001b9e8eb1800 JavaThread "Daemon periodic checks" [_thread_blocked, id=288, stack(0x0000001f3b000000,0x0000001f3b100000)]
  0x000001b9e8a17800 JavaThread "Incoming local TCP Connector on port 52931" [_thread_in_native, id=9828, stack(0x0000001f3af00000,0x0000001f3b000000)]
  0x000001b9e8e89800 JavaThread "Daemon health stats" [_thread_blocked, id=9320, stack(0x0000001f3ae00000,0x0000001f3af00000)]
  0x000001b9e715c000 JavaThread "Service Thread" daemon [_thread_blocked, id=15840, stack(0x0000001f3ac00000,0x0000001f3ad00000)]
  0x000001b9e70c4000 JavaThread "C1 CompilerThread11" daemon [_thread_blocked, id=21640, stack(0x0000001f3ab00000,0x0000001f3ac00000)]
  0x000001b9e70c3800 JavaThread "C1 CompilerThread10" daemon [_thread_blocked, id=5892, stack(0x0000001f3aa00000,0x0000001f3ab00000)]
  0x000001b9e70bf000 JavaThread "C1 CompilerThread9" daemon [_thread_blocked, id=2748, stack(0x0000001f3a900000,0x0000001f3aa00000)]
  0x000001b9e70c2000 JavaThread "C1 CompilerThread8" daemon [_thread_blocked, id=20156, stack(0x0000001f3a800000,0x0000001f3a900000)]
  0x000001b9e70c2800 JavaThread "C2 CompilerThread7" daemon [_thread_blocked, id=22112, stack(0x0000001f3a700000,0x0000001f3a800000)]
  0x000001b9e70c1000 JavaThread "C2 CompilerThread6" daemon [_thread_blocked, id=20996, stack(0x0000001f3a600000,0x0000001f3a700000)]
  0x000001b9e70ae000 JavaThread "C2 CompilerThread5" daemon [_thread_blocked, id=732, stack(0x0000001f3a500000,0x0000001f3a600000)]
  0x000001b9e707f000 JavaThread "C2 CompilerThread4" daemon [_thread_in_native, id=12784, stack(0x0000001f3a400000,0x0000001f3a500000)]
=>0x000001b9e7073800 JavaThread "C2 CompilerThread3" daemon [_thread_in_native, id=10000, stack(0x0000001f3a300000,0x0000001f3a400000)]
  0x000001b9e7072800 JavaThread "C2 CompilerThread2" daemon [_thread_blocked, id=15648, stack(0x0000001f3a200000,0x0000001f3a300000)]
  0x000001b9e706d800 JavaThread "C2 CompilerThread1" daemon [_thread_blocked, id=16708, stack(0x0000001f3a100000,0x0000001f3a200000)]
  0x000001b9e706a000 JavaThread "C2 CompilerThread0" daemon [_thread_blocked, id=10992, stack(0x0000001f3a000000,0x0000001f3a100000)]
  0x000001b9e7069000 JavaThread "Attach Listener" daemon [_thread_blocked, id=13620, stack(0x0000001f39f00000,0x0000001f3a000000)]
  0x000001b9e7064000 JavaThread "Signal Dispatcher" daemon [_thread_blocked, id=12708, stack(0x0000001f39e00000,0x0000001f39f00000)]
  0x000001b9e438e000 JavaThread "Finalizer" daemon [_thread_blocked, id=13124, stack(0x0000001f39d00000,0x0000001f39e00000)]
  0x000001b9e4385000 JavaThread "Reference Handler" daemon [_thread_blocked, id=6296, stack(0x0000001f39c00000,0x0000001f39d00000)]
  0x000001b9cbb42800 JavaThread "main" [_thread_blocked, id=13864, stack(0x0000001f38d00000,0x0000001f38e00000)]

Other Threads:
  0x000001b9e435e000 VMThread [stack: 0x0000001f39b00000,0x0000001f39c00000] [id=6112]
  0x000001b9e7142000 WatcherThread [stack: 0x0000001f3ad00000,0x0000001f3ae00000] [id=12292]

VM state:not at safepoint (normal execution)

VM Mutex/Monitor currently owned by a thread: None

heap address: 0x0000000700000000, size: 3072 MB, Compressed Oops mode: Zero based, Oop shift amount: 3
Narrow klass base: 0x0000000000000000, Narrow klass shift: 3
Compressed class space size: 1073741824 Address: 0x00000007c0000000

Heap:
 PSYoungGen      total 316416K, used 279161K [0x0000000780000000, 0x0000000799500000, 0x00000007c0000000)
  eden space 295936K, 94% used [0x0000000780000000,0x000000079109e608,0x0000000792100000)
  from space 20480K, 0% used [0x0000000792100000,0x0000000792100000,0x0000000793500000)
  to   space 21504K, 0% used [0x0000000798000000,0x0000000798000000,0x0000000799500000)
 ParOldGen       total 219136K, used 29723K [0x0000000700000000, 0x000000070d600000, 0x0000000780000000)
  object space 219136K, 13% used [0x0000000700000000,0x0000000701d06e28,0x000000070d600000)
 Metaspace       used 64803K, capacity 69024K, committed 69248K, reserved 1107968K
  class space    used 9027K, capacity 9771K, committed 9856K, reserved 1048576K

Card table byte_map: [0x000001b9dc840000,0x000001b9dce50000] byte_map_base: 0x000001b9d9040000

Marking Bits: (ParMarkBitMap*) 0x00000000598d7fe0
 Begin Bits: [0x000001b9dd250000, 0x000001b9e0250000)
 End Bits:   [0x000001b9e0250000, 0x000001b9e3250000)

Polling page: 0x000001b9cbca0000

CodeCache: size=245760Kb used=28904Kb max_used=29771Kb free=216855Kb
 bounds [0x000001b9cd480000, 0x000001b9cf1c0000, 0x000001b9dc480000]
 total_blobs=8948 nmethods=8106 adapters=751
 compilation: enabled

Compilation events (10 events):
Event: 26.895 Thread 0x000001b9e70c2000 nmethod 9454 0x000001b9cde27850 code [0x000001b9cde279e0, 0x000001b9cde27e58]
Event: 26.895 Thread 0x000001b9e70c2000 9456       3       org.gradle.internal.vfs.impl.DefaultSnapshotHierarchy$$Lambda$954/1624316704::get$Lambda (9 bytes)
Event: 26.895 Thread 0x000001b9e70c4000 nmethod 9455 0x000001b9cde9a990 code [0x000001b9cde9ab00, 0x000001b9cde9adf8]
Event: 26.895 Thread 0x000001b9e70c2000 nmethod 9456 0x000001b9ce82bf10 code [0x000001b9ce82c080, 0x000001b9ce82c2d8]
Event: 26.896 Thread 0x000001b9e70c3800 nmethod 9449 0x000001b9ce743110 code [0x000001b9ce743480, 0x000001b9ce745170]
Event: 26.917 Thread 0x000001b9e7073800 9457       4       org.gradle.internal.logging.text.AbstractLineChoppingStyledTextOutput$1::execute (9 bytes)
Event: 26.917 Thread 0x000001b9e706a000 9458       4       org.gradle.internal.logging.text.AbstractLineChoppingStyledTextOutput$1::execute (130 bytes)
Event: 26.917 Thread 0x000001b9e70ae000 9459       4       org.gradle.internal.logging.text.AbstractLineChoppingStyledTextOutput$2::execute (73 bytes)
Event: 26.917 Thread 0x000001b9e70c4000 9460       1       org.gradle.internal.operations.DefaultBuildOperationAncestryTracker::progress (1 bytes)
Event: 26.918 Thread 0x000001b9e70c4000 nmethod 9460 0x000001b9ce4f9fd0 code [0x000001b9ce4fa120, 0x000001b9ce4fa238]

GC Heap History (10 events):
Event: 3.182 GC heap before
{Heap before GC invocations=8 (full 2):
 PSYoungGen      total 220160K, used 7337K [0x0000000780000000, 0x000000078f380000, 0x00000007c0000000)
  eden space 204800K, 0% used [0x0000000780000000,0x0000000780000000,0x000000078c800000)
  from space 15360K, 47% used [0x000000078d700000,0x000000078de2a640,0x000000078e600000)
  to   space 15360K, 0% used [0x000000078c800000,0x000000078c800000,0x000000078d700000)
 ParOldGen       total 103424K, used 12704K [0x0000000700000000, 0x0000000706500000, 0x0000000780000000)
  object space 103424K, 12% used [0x0000000700000000,0x0000000700c68330,0x0000000706500000)
 Metaspace       used 33975K, capacity 35344K, committed 35416K, reserved 1079296K
  class space    used 4778K, capacity 5082K, committed 5120K, reserved 1048576K
Event: 3.206 GC heap after
Heap after GC invocations=8 (full 2):
 PSYoungGen      total 220160K, used 0K [0x0000000780000000, 0x000000078f380000, 0x00000007c0000000)
  eden space 204800K, 0% used [0x0000000780000000,0x0000000780000000,0x000000078c800000)
  from space 15360K, 0% used [0x000000078d700000,0x000000078d700000,0x000000078e600000)
  to   space 15360K, 0% used [0x000000078c800000,0x000000078c800000,0x000000078d700000)
 ParOldGen       total 153088K, used 14528K [0x0000000700000000, 0x0000000709580000, 0x0000000780000000)
  object space 153088K, 9% used [0x0000000700000000,0x0000000700e30340,0x0000000709580000)
 Metaspace       used 33975K, capacity 35344K, committed 35416K, reserved 1079296K
  class space    used 4778K, capacity 5082K, committed 5120K, reserved 1048576K
}
Event: 6.136 GC heap before
{Heap before GC invocations=9 (full 2):
 PSYoungGen      total 220160K, used 204800K [0x0000000780000000, 0x000000078f380000, 0x00000007c0000000)
  eden space 204800K, 100% used [0x0000000780000000,0x000000078c800000,0x000000078c800000)
  from space 15360K, 0% used [0x000000078d700000,0x000000078d700000,0x000000078e600000)
  to   space 15360K, 0% used [0x000000078c800000,0x000000078c800000,0x000000078d700000)
 ParOldGen       total 153088K, used 14528K [0x0000000700000000, 0x0000000709580000, 0x0000000780000000)
  object space 153088K, 9% used [0x0000000700000000,0x0000000700e30340,0x0000000709580000)
 Metaspace       used 46502K, capacity 48960K, committed 49024K, reserved 1091584K
  class space    used 6568K, capacity 7022K, committed 7040K, reserved 1048576K
Event: 6.146 GC heap after
Heap after GC invocations=9 (full 2):
 PSYoungGen      total 220160K, used 14733K [0x0000000780000000, 0x0000000794900000, 0x00000007c0000000)
  eden space 204800K, 0% used [0x0000000780000000,0x0000000780000000,0x000000078c800000)
  from space 15360K, 95% used [0x000000078c800000,0x000000078d663798,0x000000078d700000)
  to   space 16896K, 0% used [0x0000000793880000,0x0000000793880000,0x0000000794900000)
 ParOldGen       total 153088K, used 14536K [0x0000000700000000, 0x0000000709580000, 0x0000000780000000)
  object space 153088K, 9% used [0x0000000700000000,0x0000000700e32340,0x0000000709580000)
 Metaspace       used 46502K, capacity 48960K, committed 49024K, reserved 1091584K
  class space    used 6568K, capacity 7022K, committed 7040K, reserved 1048576K
}
Event: 7.943 GC heap before
{Heap before GC invocations=10 (full 2):
 PSYoungGen      total 220160K, used 219533K [0x0000000780000000, 0x0000000794900000, 0x00000007c0000000)
  eden space 204800K, 100% used [0x0000000780000000,0x000000078c800000,0x000000078c800000)
  from space 15360K, 95% used [0x000000078c800000,0x000000078d663798,0x000000078d700000)
  to   space 16896K, 0% used [0x0000000793880000,0x0000000793880000,0x0000000794900000)
 ParOldGen       total 153088K, used 14536K [0x0000000700000000, 0x0000000709580000, 0x0000000780000000)
  object space 153088K, 9% used [0x0000000700000000,0x0000000700e32340,0x0000000709580000)
 Metaspace       used 53907K, capacity 57162K, committed 57344K, reserved 1097728K
  class space    used 7610K, capacity 8192K, committed 8192K, reserved 1048576K
Event: 7.956 GC heap after
Heap after GC invocations=10 (full 2):
 PSYoungGen      total 311808K, used 16881K [0x0000000780000000, 0x0000000794900000, 0x00000007c0000000)
  eden space 294912K, 0% used [0x0000000780000000,0x0000000780000000,0x0000000792000000)
  from space 16896K, 99% used [0x0000000793880000,0x00000007948fc6d8,0x0000000794900000)
  to   space 20480K, 0% used [0x0000000792100000,0x0000000792100000,0x0000000793500000)
 ParOldGen       total 153088K, used 17253K [0x0000000700000000, 0x0000000709580000, 0x0000000780000000)
  object space 153088K, 11% used [0x0000000700000000,0x00000007010d9418,0x0000000709580000)
 Metaspace       used 53907K, capacity 57162K, committed 57344K, reserved 1097728K
  class space    used 7610K, capacity 8192K, committed 8192K, reserved 1048576K
}
Event: 8.681 GC heap before
{Heap before GC invocations=11 (full 2):
 PSYoungGen      total 311808K, used 181260K [0x0000000780000000, 0x0000000794900000, 0x00000007c0000000)
  eden space 294912K, 55% used [0x0000000780000000,0x000000078a086aa0,0x0000000792000000)
  from space 16896K, 99% used [0x0000000793880000,0x00000007948fc6d8,0x0000000794900000)
  to   space 20480K, 0% used [0x0000000792100000,0x0000000792100000,0x0000000793500000)
 ParOldGen       total 153088K, used 17253K [0x0000000700000000, 0x0000000709580000, 0x0000000780000000)
  object space 153088K, 11% used [0x0000000700000000,0x00000007010d9418,0x0000000709580000)
 Metaspace       used 55562K, capacity 58954K, committed 59028K, reserved 1099776K
  class space    used 7763K, capacity 8374K, committed 8448K, reserved 1048576K
Event: 8.691 GC heap after
Heap after GC invocations=11 (full 2):
 PSYoungGen      total 316416K, used 17189K [0x0000000780000000, 0x0000000799500000, 0x00000007c0000000)
  eden space 295936K, 0% used [0x0000000780000000,0x0000000780000000,0x0000000792100000)
  from space 20480K, 83% used [0x0000000792100000,0x00000007931c97e0,0x0000000793500000)
  to   space 21504K, 0% used [0x0000000798000000,0x0000000798000000,0x0000000799500000)
 ParOldGen       total 153088K, used 17269K [0x0000000700000000, 0x0000000709580000, 0x0000000780000000)
  object space 153088K, 11% used [0x0000000700000000,0x00000007010dd418,0x0000000709580000)
 Metaspace       used 55562K, capacity 58954K, committed 59028K, reserved 1099776K
  class space    used 7763K, capacity 8374K, committed 8448K, reserved 1048576K
}
Event: 8.691 GC heap before
{Heap before GC invocations=12 (full 3):
 PSYoungGen      total 316416K, used 17189K [0x0000000780000000, 0x0000000799500000, 0x00000007c0000000)
  eden space 295936K, 0% used [0x0000000780000000,0x0000000780000000,0x0000000792100000)
  from space 20480K, 83% used [0x0000000792100000,0x00000007931c97e0,0x0000000793500000)
  to   space 21504K, 0% used [0x0000000798000000,0x0000000798000000,0x0000000799500000)
 ParOldGen       total 153088K, used 17269K [0x0000000700000000, 0x0000000709580000, 0x0000000780000000)
  object space 153088K, 11% used [0x0000000700000000,0x00000007010dd418,0x0000000709580000)
 Metaspace       used 55562K, capacity 58954K, committed 59028K, reserved 1099776K
  class space    used 7763K, capacity 8374K, committed 8448K, reserved 1048576K
Event: 8.839 GC heap after
Heap after GC invocations=12 (full 3):
 PSYoungGen      total 316416K, used 0K [0x0000000780000000, 0x0000000799500000, 0x00000007c0000000)
  eden space 295936K, 0% used [0x0000000780000000,0x0000000780000000,0x0000000792100000)
  from space 20480K, 0% used [0x0000000792100000,0x0000000792100000,0x0000000793500000)
  to   space 21504K, 0% used [0x0000000798000000,0x0000000798000000,0x0000000799500000)
 ParOldGen       total 219136K, used 29723K [0x0000000700000000, 0x000000070d600000, 0x0000000780000000)
  object space 219136K, 13% used [0x0000000700000000,0x0000000701d06e28,0x000000070d600000)
 Metaspace       used 55404K, capacity 58420K, committed 59028K, reserved 1099776K
  class space    used 7713K, capacity 8285K, committed 8448K, reserved 1048576K
}

Deoptimization events (10 events):
Event: 10.429 Thread 0x000001b9e9834800 Uncommon trap: reason=unstable_if action=reinterpret pc=0x000001b9cf059ff4 method=org.apache.commons.io.IOUtils.contentEquals(Ljava/io/InputStream;Ljava/io/InputStream;)Z @ 50
Event: 10.649 Thread 0x000001b9f151b800 Uncommon trap: reason=unstable_if action=reinterpret pc=0x000001b9cf089df4 method=org.gradle.internal.file.DefaultFileHierarchySet$Node.isChildOfOrThis(Ljava/lang/String;I)Z @ 35
Event: 10.651 Thread 0x000001b9f151b800 Uncommon trap: reason=unstable_if action=reinterpret pc=0x000001b9cebf3c40 method=org.gradle.internal.snapshot.PathUtil.equalChars(CCLorg/gradle/internal/snapshot/CaseSensitivity;)Z @ 40
Event: 10.670 Thread 0x000001b9e9834800 Uncommon trap: reason=class_check action=maybe_recompile pc=0x000001b9cec70378 method=com.google.common.collect.AbstractIterator.tryToComputeNext()Z @ 9
Event: 10.690 Thread 0x000001b9e9834800 Uncommon trap: reason=unstable_if action=reinterpret pc=0x000001b9cd9a6728 method=java.util.TreeMap.put(Ljava/lang/Object;Ljava/lang/Object;)Ljava/lang/Object; @ 163
Event: 11.532 Thread 0x000001b9e8eb1800 Uncommon trap: reason=speculate_class_check action=maybe_recompile pc=0x000001b9ceb0f320 method=java.util.AbstractList.listIterator()Ljava/util/ListIterator; @ 2
Event: 21.525 Thread 0x000001b9e8eb1800 Uncommon trap: reason=speculate_class_check action=maybe_recompile pc=0x000001b9ceb0f320 method=java.util.AbstractList.listIterator()Ljava/util/ListIterator; @ 2
Event: 26.788 Thread 0x000001b9ef5e8800 Uncommon trap: reason=unstable_if action=reinterpret pc=0x000001b9cf155ac8 method=org.gradle.internal.logging.text.AbstractLineChoppingStyledTextOutput$2.execute(Lorg/gradle/internal/logging/text/AbstractLineChoppingStyledTextOutput$StateContext;)V @ 30
Event: 26.788 Thread 0x000001b9ef5e8800 Uncommon trap: reason=unstable_if action=reinterpret pc=0x000001b9cd9e7be4 method=org.gradle.internal.logging.text.AbstractLineChoppingStyledTextOutput$2.execute(Lorg/gradle/internal/logging/text/AbstractLineChoppingStyledTextOutput$StateContext;)V @ 30
Event: 26.788 Thread 0x000001b9ef5e8800 Uncommon trap: reason=unstable_if action=reinterpret pc=0x000001b9cdb271b8 method=org.gradle.internal.logging.text.AbstractLineChoppingStyledTextOutput$2.execute(Lorg/gradle/internal/logging/text/AbstractLineChoppingStyledTextOutput$StateContext;)V @ 30

Classes redefined (0 events):
No events

Internal exceptions (10 events):
Event: 9.858 Thread 0x000001b9e9834800 Exception <a 'java/io/FileNotFoundException'> (0x000000078a82cc80) thrown at [C:\jenkins\workspace\8-2-build-windows-amd64-cygwin\jdk8u301\1513\hotspot\src\share\vm\prims\jni.cpp, line 710]
Event: 10.350 Thread 0x000001b9e8f39000 Exception <a 'java/lang/NoSuchMethodError': <clinit>> (0x000000078004a1c0) thrown at [C:\jenkins\workspace\8-2-build-windows-amd64-cygwin\jdk8u301\1513\hotspot\src\share\vm\prims\jni.cpp, line 1615]
Event: 10.355 Thread 0x000001b9e8f39000 Exception <a 'java/lang/NoSuchMethodError': <clinit>> (0x000000078dfe7190) thrown at [C:\jenkins\workspace\8-2-build-windows-amd64-cygwin\jdk8u301\1513\hotspot\src\share\vm\prims\jni.cpp, line 1615]
Event: 10.355 Thread 0x000001b9e8f39000 Exception <a 'java/lang/NoSuchMethodError': <clinit>> (0x000000078dfe9568) thrown at [C:\jenkins\workspace\8-2-build-windows-amd64-cygwin\jdk8u301\1513\hotspot\src\share\vm\prims\jni.cpp, line 1615]
Event: 10.355 Thread 0x000001b9e8f39000 Exception <a 'java/lang/NoSuchMethodError': <clinit>> (0x000000078dfeaf78) thrown at [C:\jenkins\workspace\8-2-build-windows-amd64-cygwin\jdk8u301\1513\hotspot\src\share\vm\prims\jni.cpp, line 1615]
Event: 10.355 Thread 0x000001b9e8f39000 Exception <a 'java/lang/NoSuchMethodError': <clinit>> (0x000000078dfece38) thrown at [C:\jenkins\workspace\8-2-build-windows-amd64-cygwin\jdk8u301\1513\hotspot\src\share\vm\prims\jni.cpp, line 1615]
Event: 10.355 Thread 0x000001b9e8f39000 Implicit null exception at 0x000001b9cdf0f62a to 0x000001b9cdf0f8a1
Event: 10.357 Thread 0x000001b9e8f39000 Exception <a 'java/lang/NoSuchMethodError': <clinit>> (0x000000078e00b868) thrown at [C:\jenkins\workspace\8-2-build-windows-amd64-cygwin\jdk8u301\1513\hotspot\src\share\vm\prims\jni.cpp, line 1615]
Event: 10.434 Thread 0x000001b9f151b800 Exception <a 'java/lang/NoSuchMethodError': java.lang.Object.lambda$happensBecause$0(Ljava/lang/String;)Ljava/lang/String;> (0x000000078e405b10) thrown at [C:\jenkins\workspace\8-2-build-windows-amd64-cygwin\jdk8u301\1513\hotspot\src\share\vm\interpreter\
Event: 10.434 Thread 0x000001b9f151b800 Exception <a 'java/lang/NoSuchMethodError': java.lang.Object.lambda$addPossibleSolution$3(Ljava/lang/String;)Ljava/lang/String;> (0x000000078e408e58) thrown at [C:\jenkins\workspace\8-2-build-windows-amd64-cygwin\jdk8u301\1513\hotspot\src\share\vm\interpr

Events (10 events):
Event: 26.919 Thread 0x000001b9e70c4000 flushing nmethod 0x000001b9ced92c10
Event: 26.919 Thread 0x000001b9e70c4000 flushing nmethod 0x000001b9ced94010
Event: 26.919 Thread 0x000001b9e70c4000 flushing nmethod 0x000001b9ced94c10
Event: 26.919 Thread 0x000001b9e70c4000 flushing nmethod 0x000001b9ced94fd0
Event: 26.919 Thread 0x000001b9e70c4000 flushing nmethod 0x000001b9ced95950
Event: 26.919 Thread 0x000001b9e70c4000 flushing nmethod 0x000001b9ced96190
Event: 26.919 Thread 0x000001b9e70c4000 flushing nmethod 0x000001b9ced98310
Event: 26.919 Thread 0x000001b9e70c4000 flushing nmethod 0x000001b9ced9a350
Event: 26.919 Thread 0x000001b9e70c4000 flushing nmethod 0x000001b9ceda0150
Event: 26.919 Thread 0x000001b9e70c4000 flushing nmethod 0x000001b9ceda14d0


Dynamic libraries:
0x00007ff6f39c0000 - 0x00007ff6f3a07000 	C:\Program Files\Java\jdk1.8.0_301\bin\java.exe
0x00007ffca1570000 - 0x00007ffca1765000 	C:\Windows\SYSTEM32\ntdll.dll
0x00007ffc9f7b0000 - 0x00007ffc9f86e000 	C:\Windows\System32\KERNEL32.DLL
0x00007ffc9f100000 - 0x00007ffc9f3c8000 	C:\Windows\System32\KERNELBASE.dll
0x00007ffca07d0000 - 0x00007ffca087e000 	C:\Windows\System32\ADVAPI32.dll
0x00007ffc9f640000 - 0x00007ffc9f6de000 	C:\Windows\System32\msvcrt.dll
0x00007ffc9f9f0000 - 0x00007ffc9fa8c000 	C:\Windows\System32\sechost.dll
0x00007ffc9fab0000 - 0x00007ffc9fbd5000 	C:\Windows\System32\RPCRT4.dll
0x00007ffca0d60000 - 0x00007ffca0f01000 	C:\Windows\System32\USER32.dll
0x00007ffc9ed30000 - 0x00007ffc9ed52000 	C:\Windows\System32\win32u.dll
0x00007ffca0d30000 - 0x00007ffca0d5b000 	C:\Windows\System32\GDI32.dll
0x00007ffc9eff0000 - 0x00007ffc9f0fd000 	C:\Windows\System32\gdi32full.dll
0x00007ffc9f3d0000 - 0x00007ffc9f46d000 	C:\Windows\System32\msvcp_win.dll
0x00007ffc9eef0000 - 0x00007ffc9eff0000 	C:\Windows\System32\ucrtbase.dll
0x00007ffc903f0000 - 0x00007ffc9068a000 	C:\Windows\WinSxS\amd64_microsoft.windows.common-controls_6595b64144ccf1df_6.0.19041.1110_none_60b5254171f9507e\COMCTL32.dll
0x00007ffca0880000 - 0x00007ffca08b0000 	C:\Windows\System32\IMM32.DLL
0x00007ffc9c290000 - 0x00007ffc9c2a5000 	C:\Program Files\Java\jdk1.8.0_301\jre\bin\vcruntime140.dll
0x00007ffc65130000 - 0x00007ffc651cb000 	C:\Program Files\Java\jdk1.8.0_301\jre\bin\msvcp140.dll
0x00000000590f0000 - 0x0000000059950000 	C:\Program Files\Java\jdk1.8.0_301\jre\bin\server\jvm.dll
0x00007ffc9f7a0000 - 0x00007ffc9f7a8000 	C:\Windows\System32\PSAPI.DLL
0x00007ffc9a0b0000 - 0x00007ffc9a0b9000 	C:\Windows\SYSTEM32\WSOCK32.dll
0x00007ffc943e0000 - 0x00007ffc94407000 	C:\Windows\SYSTEM32\WINMM.dll
0x00007ffca1310000 - 0x00007ffca137b000 	C:\Windows\System32\WS2_32.dll
0x00007ffc95f40000 - 0x00007ffc95f4a000 	C:\Windows\SYSTEM32\VERSION.dll
0x00007ffc9cb90000 - 0x00007ffc9cba2000 	C:\Windows\SYSTEM32\kernel.appcore.dll
0x00007ffc99780000 - 0x00007ffc99790000 	C:\Program Files\Java\jdk1.8.0_301\jre\bin\verify.dll
0x00007ffc934c0000 - 0x00007ffc934eb000 	C:\Program Files\Java\jdk1.8.0_301\jre\bin\java.dll
0x00007ffc93480000 - 0x00007ffc93498000 	C:\Program Files\Java\jdk1.8.0_301\jre\bin\zip.dll
0x00007ffca0080000 - 0x00007ffca07c4000 	C:\Windows\System32\SHELL32.dll
0x00007ffc9cd90000 - 0x00007ffc9d525000 	C:\Windows\SYSTEM32\windows.storage.dll
0x00007ffc9fd20000 - 0x00007ffca0075000 	C:\Windows\System32\combase.dll
0x00007ffc9e6d0000 - 0x00007ffc9e6fe000 	C:\Windows\SYSTEM32\Wldp.dll
0x00007ffc9f870000 - 0x00007ffc9f91d000 	C:\Windows\System32\SHCORE.dll
0x00007ffca1190000 - 0x00007ffca11e5000 	C:\Windows\System32\shlwapi.dll
0x00007ffc9ebc0000 - 0x00007ffc9ebdf000 	C:\Windows\SYSTEM32\profapi.dll
0x00007ffc93420000 - 0x00007ffc9343c000 	C:\Program Files\Java\jdk1.8.0_301\jre\bin\net.dll
0x00007ffc9e430000 - 0x00007ffc9e49a000 	C:\Windows\system32\mswsock.dll
0x00007ffc89d40000 - 0x00007ffc89d53000 	C:\Program Files\Java\jdk1.8.0_301\jre\bin\nio.dll
0x00007ffc9c2b0000 - 0x00007ffc9c2d7000 	C:\Users\pablo\.gradle\native\8bec1ad78214c89d9ad589b4d07fe93259594b29d510b10fafb7a158f7737e5d\windows-amd64\native-platform.dll
0x00007ffc5d940000 - 0x00007ffc5da7d000 	C:\Users\pablo\.gradle\native\53dbd7edfb1c66fb8903c78663c9afc45aea4f116125fa6feffd364cf09443e8\windows-amd64\native-platform-file-events.dll
0x00007ffc994b0000 - 0x00007ffc994bd000 	C:\Program Files\Java\jdk1.8.0_301\jre\bin\management.dll
0x00007ffc9e630000 - 0x00007ffc9e648000 	C:\Windows\SYSTEM32\CRYPTSP.dll
0x00007ffc9dd40000 - 0x00007ffc9dd74000 	C:\Windows\system32\rsaenh.dll
0x00007ffc9eec0000 - 0x00007ffc9eee7000 	C:\Windows\System32\bcrypt.dll
0x00007ffc9eb40000 - 0x00007ffc9eb6e000 	C:\Windows\SYSTEM32\USERENV.dll
0x00007ffc9f520000 - 0x00007ffc9f5a2000 	C:\Windows\System32\bcryptprimitives.dll
0x00007ffc9e620000 - 0x00007ffc9e62c000 	C:\Windows\SYSTEM32\CRYPTBASE.dll
0x00007ffc9e0d0000 - 0x00007ffc9e10b000 	C:\Windows\SYSTEM32\IPHLPAPI.DLL
0x00007ffc9f630000 - 0x00007ffc9f638000 	C:\Windows\System32\NSI.dll
0x00007ffc991c0000 - 0x00007ffc991d7000 	C:\Windows\SYSTEM32\dhcpcsvc6.DLL
0x00007ffc991a0000 - 0x00007ffc991bd000 	C:\Windows\SYSTEM32\dhcpcsvc.DLL
0x00007ffc9e120000 - 0x00007ffc9e1eb000 	C:\Windows\SYSTEM32\DNSAPI.dll
0x00007ffc870e0000 - 0x00007ffc87104000 	C:\Program Files\Java\jdk1.8.0_301\jre\bin\sunec.dll
0x000000005bf80000 - 0x000000005bfa6000 	C:\Program Files\Bonjour\mdnsNSP.dll
0x00007ffc95f30000 - 0x00007ffc95f3a000 	C:\Windows\System32\rasadhlp.dll
0x00007ffc94ac0000 - 0x00007ffc94b3f000 	C:\Windows\System32\fwpuclnt.dll
0x00007ffc98b00000 - 0x00007ffc98b0d000 	C:\Program Files\Java\jdk1.8.0_301\jre\bin\sunmscapi.dll
0x00007ffc9ed60000 - 0x00007ffc9eeb6000 	C:\Windows\System32\CRYPT32.dll
0x00007ffc9e740000 - 0x00007ffc9e767000 	C:\Windows\SYSTEM32\ncrypt.dll
0x00007ffc9e700000 - 0x00007ffc9e73b000 	C:\Windows\SYSTEM32\NTASN1.dll
0x00007ffc9c4d0000 - 0x00007ffc9c560000 	C:\Windows\system32\apphelp.dll

VM Arguments:
jvm_args: -Xmx3G -Dfile.encoding=windows-1252 -Duser.country=US -Duser.language=en -Duser.variant 
java_command: org.gradle.launcher.daemon.bootstrap.GradleDaemon 7.1.1
java_class_path (initial): C:\Users\pablo\.gradle\wrapper\dists\gradle-7.1.1-bin\f29rtwfnc96ub43tt7p47zsru\gradle-7.1.1\lib\gradle-launcher-7.1.1.jar
Launcher Type: SUN_STANDARD

Environment Variables:
JAVA_HOME=C:\Program Files\Java\jdk1.8.0_301
PATH=C:\Program Files\Eclipse Adoptium\jdk-8.0.312.7-hotspot\bin;E:\Oculus\Support\oculus-runtime;C:\Program Files (x86)\Common Files\Oracle\Java\javapath;C:\Windows\system32;C:\Windows;C:\Windows\System32\Wbem;C:\Windows\System32\WindowsPowerShell\v1.0\;C:\Windows\System32\OpenSSH\;C:\Program Files\nodejs\;C:\Program Files (x86)\Microsoft SQL Server\150\DTS\Binn\;C:\Program Files\Azure Data Studio\bin;C:\Program Files\Microsoft SQL Server\Client SDK\ODBC\170\Tools\Binn\;C:\Program Files (x86)\Microsoft SQL Server\150\Tools\Binn\;C:\Program Files\Microsoft SQL Server\150\Tools\Binn\;C:\Program Files\Microsoft SQL Server\150\DTS\Binn\;C:\Users\pablo\.dnx\bin;C:\Program Files\Microsoft DNX\Dnvm\;C:\Program Files\Microsoft SQL Server\130\Tools\Binn\;C:\Program Files (x86)\NVIDIA Corporation\PhysX\Common;C:\Program Files\Java\jdk1.8.0_301\bin;C:\Program Files\Java\jdk-14.0.1\bin;C:\Program Files\Git\cmd;C:\Program Files\MySQL\MySQL Shell 8.0\bin\;C:\Users\pablo\AppData\Local\Programs\Python\Python39\Scripts\;C:\Users\pablo\AppData\Local\Programs\Python\Python39\;C:\Users\pablo\AppData\Local\Microsoft\WindowsApps;C:\Users\pablo\AppData\Local\Programs\Microsoft VS Code\bin;C:\Users\pablo\AppData\Roaming\npm;C:\Program Files\Azure Data Studio\bin;C:\Users\pablo\AppData\Local\GitHubDesktop\bin;E:\Program Files\JetBrains\IntelliJ IDEA Community Edition 2021.2\bin;;E:\Program Files\heroku\bin
USERNAME=pablo
OS=Windows_NT
PROCESSOR_IDENTIFIER=AMD64 Family 23 Model 8 Stepping 2, AuthenticAMD



---------------  S Y S T E M  ---------------

OS: Windows 10.0 , 64 bit Build 19041 (10.0.19041.1466)

CPU:total 16 (initial active 16) (16 cores per cpu, 1 threads per core) family 23 model 8 stepping 2, cmov, cx8, fxsr, mmx, sse, sse2, sse3, ssse3, sse4.1, sse4.2, popcnt, avx, avx2, aes, clmul, mmxext, 3dnowpref, lzcnt, sse4a, tsc, tscinvbit, tscinv, bmi1

Memory: 4k page, physical 16724200k(5194168k free), swap 17772776k(4120k free)

vm_info: Java HotSpot(TM) 64-Bit Server VM (25.301-b09) for windows-amd64 JRE (1.8.0_301-b09), built on Jun  9 2021 06:46:21 by "java_re" with MS VC++ 15.9 (VS2017)

time: Tue Jan 25 23:42:47 2022
timezone: Montevideo Standard Time
elapsed time: 26.943156 seconds (0d 0h 0m 26s)

